aaaaaaacdd
aaaaaaadcd
aaaaaaaddc
aaaaaacadd
aaaaaacdad
aaaaaacdda
aaaaaadacd
aaaaaadadc
aaaaaadcad
aaaaaadcda
aaaaaaddac
aaaaaaddca
aaaaacaadd
aaaaacadad
aaaaacadda
aaaaacdaad
aaaaacdada
aaaaacddaa
aaaaadaacd
aaaaadaadc
aaaaadacad
aaaaadacda
aaaaadadac
aaaaadadca
aaaaadcaad
aaaaadcada
aaaaadcdaa
aaaaaddaac
aaaaaddaca
aaaaaddcaa
aaaacaaadd
aaaacaadad
aaaacaadda
aaaacadaad
aaaacadada
aaaacaddaa
aaaacdaaad
aaaacdaada
aaaacdadaa
aaaacddaaa
aaaadaaacd
aaaadaaadc
aaaadaacad
aaaadaacda
aaaadaadac
aaaadaadca
aaaadacaad
aaaadacada
aaaadacdaa
aaaadadaac
aaaadadaca
aaaadadcaa
aaaadcaaad
aaaadcaada
aaaadcadaa
aaaadcdaaa
aaaaddaaac
aaaaddaaca
aaaaddacaa
aaaaddcaaa
aaacaaaadd
aaacaaadad
aaacaaadda
aaacaadaad
aaacaadada
aaacaaddaa
aaacadaaad
aaacadaada
aaacadadaa
aaacaddaaa
aaacdaaaad
aaacdaaada
aaacdaadaa
aaacdadaaa
aaacddaaaa
aaadaaaacd
aaadaaaadc
aaadaaacad
aaadaaacda
aaadaaadac
aaadaaadca
aaadaacaad
aaadaacada
aaadaacdaa
aaadaadaac
aaadaadaca
aaadaadcaa
aaadacaaad
aaadacaada
aaadacadaa
aaadacdaaa
aaadadaaac
aaadadaaca
aaadadacaa
aaadadcaaa
aaadcaaaad
aaadcaaada
aaadcaadaa
aaadcadaaa
aaadcdaaaa
aaaddaaaac
aaaddaaaca
aaaddaacaa
aaaddacaaa
aaaddcaaaa
aacaaaaadd
aacaaaadad
aacaaaadda
aacaaadaad
aacaaadada
aacaaaddaa
aacaadaaad
aacaadaada
aacaadadaa
aacaaddaaa
aacadaaaad
aacadaaada
aacadaadaa
aacadadaaa
aacaddaaaa
aacdaaaaad
aacdaaaada
aacdaaadaa
aacdaadaaa
aacdadaaaa
aacddaaaaa
aadaaaaacd
aadaaaaadc
aadaaaacad
aadaaaacda
aadaaaadac
aadaaaadca
aadaaacaad
aadaaacada
aadaaacdaa
aadaaadaac
aadaaadaca
aadaaadcaa
aadaacaaad
aadaacaada
aadaacadaa
aadaacdaaa
aadaadaaac
aadaadaaca
aadaadacaa
aadaadcaaa
aadacaaaad
aadacaaada
aadacaadaa
aadacadaaa
aadacdaaaa
aadadaaaac
aadadaaaca
aadadaacaa
aadadacaaa
aadadcaaaa
aadcaaaaad
aadcaaaada
aadcaaadaa
aadcaadaaa
aadcadaaaa
aadcdaaaaa
aaddaaaaac
aaddaaaaca
aaddaaacaa
aaddaacaaa
aaddacaaaa
aaddcaaaaa
acaaaaaadd
acaaaaadad
acaaaaadda
acaaaadaad
acaaaadada
acaaaaddaa
acaaadaaad
acaaadaada
acaaadadaa
acaaaddaaa
acaadaaaad
acaadaaada
acaadaadaa
acaadadaaa
acaaddaaaa
acadaaaaad
acadaaaada
acadaaadaa
acadaadaaa
acadadaaaa
acaddaaaaa
acdaaaaaad
acdaaaaada
acdaaaadaa
acdaaadaaa
acdaadaaaa
acdadaaaaa
acddaaaaaa
adaaaaaacd
adaaaaaadc
adaaaaacad
adaaaaacda
adaaaaadac
adaaaaadca
adaaaacaad
adaaaacada
adaaaacdaa
adaaaadaac
adaaaadaca
adaaaadcaa
adaaacaaad
adaaacaada
adaaacadaa
adaaacdaaa
adaaadaaac
adaaadaaca
adaaadacaa
adaaadcaaa
adaacaaaad
adaacaaada
adaacaadaa
adaacadaaa
adaacdaaaa
adaadaaaac
adaadaaaca
adaadaacaa
adaadacaaa
adaadcaaaa
adacaaaaad
adacaaaada
adacaaadaa
adacaadaaa
adacadaaaa
adacdaaaaa
adadaaaaac
adadaaaaca
adadaaacaa
adadaacaaa
adadacaaaa
adadcaaaaa
adcaaaaaad
adcaaaaada
adcaaaadaa
adcaaadaaa
adcaadaaaa
adcadaaaaa
adcdaaaaaa
addaaaaaac
addaaaaaca
addaaaacaa
addaaacaaa
addaacaaaa
addacaaaaa
addcaaaaaa
caaaaaaadd
caaaaaadad
caaaaaadda
caaaaadaad
caaaaadada
caaaaaddaa
caaaadaaad
caaaadaada
caaaadadaa
caaaaddaaa
caaadaaaad
caaadaaada
caaadaadaa
caaadadaaa
caaaddaaaa
caadaaaaad
caadaaaada
caadaaadaa
caadaadaaa
caadadaaaa
caaddaaaaa
cadaaaaaad
cadaaaaada
cadaaaadaa
cadaaadaaa
cadaadaaaa
cadadaaaaa
caddaaaaaa
cdaaaaaaad
cdaaaaaada
cdaaaaadaa
cdaaaadaaa
cdaaadaaaa
cdaadaaaaa
cdadaaaaaa
cddaaaaaaa
daaaaaaacd
daaaaaaadc
daaaaaacad
daaaaaacda
daaaaaadac
daaaaaadca
daaaaacaad
daaaaacada
daaaaacdaa
daaaaadaac
daaaaadaca
daaaaadcaa
daaaacaaad
daaaacaada
daaaacadaa
daaaacdaaa
daaaadaaac
daaaadaaca
daaaadacaa
daaaadcaaa
daaacaaaad
daaacaaada
daaacaadaa
daaacadaaa
daaacdaaaa
daaadaaaac
daaadaaaca
daaadaacaa
daaadacaaa
daaadcaaaa
daacaaaaad
daacaaaada
daacaaadaa
daacaadaaa
daacadaaaa
daacdaaaaa
daadaaaaac
daadaaaaca
daadaaacaa
daadaacaaa
daadacaaaa
daadcaaaaa
dacaaaaaad
dacaaaaada
dacaaaadaa
dacaaadaaa
dacaadaaaa
dacadaaaaa
dacdaaaaaa
dadaaaaaac
dadaaaaaca
dadaaaacaa
dadaaacaaa
dadaacaaaa
dadacaaaaa
dadcaaaaaa
dcaaaaaaad
dcaaaaaada
dcaaaaadaa
dcaaaadaaa
dcaaadaaaa
dcaadaaaaa
dcadaaaaaa
dcdaaaaaaa
ddaaaaaaac
ddaaaaaaca
ddaaaaacaa
ddaaaacaaa
ddaaacaaaa
ddaacaaaaa
ddacaaaaaa
ddcaaaaaaa
360
