abcddddd
abdcdddd
abddcddd
abdddcdd
abddddcd
abdddddc
acbddddd
acdbdddd
acddbddd
acdddbdd
acddddbd
acdddddb
adbcdddd
adbdcddd
adbddcdd
adbdddcd
adbddddc
adcbdddd
adcdbddd
adcddbdd
adcdddbd
adcddddb
addbcddd
addbdcdd
addbddcd
addbdddc
addcbddd
addcdbdd
addcddbd
addcdddb
adddbcdd
adddbdcd
adddbddc
adddcbdd
adddcdbd
adddcddb
addddbcd
addddbdc
addddcbd
addddcdb
adddddbc
adddddcb
bacddddd
badcdddd
baddcddd
badddcdd
baddddcd
badddddc
bcaddddd
bcdadddd
bcddaddd
bcdddadd
bcddddad
bcddddda
bdacdddd
bdadcddd
bdaddcdd
bdadddcd
bdaddddc
bdcadddd
bdcdaddd
bdcddadd
bdcdddad
bdcdddda
bddacddd
bddadcdd
bddaddcd
bddadddc
bddcaddd
bddcdadd
bddcddad
bddcddda
bdddacdd
bdddadcd
bdddaddc
bdddcadd
bdddcdad
bdddcdda
bddddacd
bddddadc
bddddcad
bddddcda
bdddddac
bdddddca
cabddddd
cadbdddd
caddbddd
cadddbdd
caddddbd
cadddddb
cbaddddd
cbdadddd
cbddaddd
cbdddadd
cbddddad
cbddddda
cdabdddd
cdadbddd
cdaddbdd
cdadddbd
cdaddddb
cdbadddd
cdbdaddd
cdbddadd
cdbdddad
cdbdddda
cddabddd
cddadbdd
cddaddbd
cddadddb
cddbaddd
cddbdadd
cddbddad
cddbddda
cdddabdd
cdddadbd
cdddaddb
cdddbadd
cdddbdad
cdddbdda
cddddabd
cddddadb
cddddbad
cddddbda
cdddddab
cdddddba
dabcdddd
dabdcddd
dabddcdd
dabdddcd
dabddddc
dacbdddd
dacdbddd
dacddbdd
dacdddbd
dacddddb
dadbcddd
dadbdcdd
dadbddcd
dadbdddc
dadcbddd
dadcdbdd
dadcddbd
dadcdddb
daddbcdd
daddbdcd
daddbddc
daddcbdd
daddcdbd
daddcddb
dadddbcd
dadddbdc
dadddcbd
dadddcdb
daddddbc
daddddcb
dbacdddd
dbadcddd
dbaddcdd
dbadddcd
dbaddddc
dbcadddd
dbcdaddd
dbcddadd
dbcdddad
dbcdddda
dbdacddd
dbdadcdd
dbdaddcd
dbdadddc
dbdcaddd
dbdcdadd
dbdcddad
dbdcddda
dbddacdd
dbddadcd
dbddaddc
dbddcadd
dbddcdad
dbddcdda
dbdddacd
dbdddadc
dbdddcad
dbdddcda
dbddddac
dbddddca
dcabdddd
dcadbddd
dcaddbdd
dcadddbd
dcaddddb
dcbadddd
dcbdaddd
dcbddadd
dcbdddad
dcbdddda
dcdabddd
dcdadbdd
dcdaddbd
dcdadddb
dcdbaddd
dcdbdadd
dcdbddad
dcdbddda
dcddabdd
dcddadbd
dcddaddb
dcddbadd
dcddbdad
dcddbdda
dcdddabd
dcdddadb
dcdddbad
dcdddbda
dcddddab
dcddddba
ddabcddd
ddabdcdd
ddabddcd
ddabdddc
ddacbddd
ddacdbdd
ddacddbd
ddacdddb
ddadbcdd
ddadbdcd
ddadbddc
ddadcbdd
ddadcdbd
ddadcddb
ddaddbcd
ddaddbdc
ddaddcbd
ddaddcdb
ddadddbc
ddadddcb
ddbacddd
ddbadcdd
ddbaddcd
ddbadddc
ddbcaddd
ddbcdadd
ddbcddad
ddbcddda
ddbdacdd
ddbdadcd
ddbdaddc
ddbdcadd
ddbdcdad
ddbdcdda
ddbddacd
ddbddadc
ddbddcad
ddbddcda
ddbdddac
ddbdddca
ddcabddd
ddcadbdd
ddcaddbd
ddcadddb
ddcbaddd
ddcbdadd
ddcbddad
ddcbddda
ddcdabdd
ddcdadbd
ddcdaddb
ddcdbadd
ddcdbdad
ddcdbdda
ddcddabd
ddcddadb
ddcddbad
ddcddbda
ddcdddab
ddcdddba
dddabcdd
dddabdcd
dddabddc
dddacbdd
dddacdbd
dddacddb
dddadbcd
dddadbdc
dddadcbd
dddadcdb
dddaddbc
dddaddcb
dddbacdd
dddbadcd
dddbaddc
dddbcadd
dddbcdad
dddbcdda
dddbdacd
dddbdadc
dddbdcad
dddbdcda
dddbddac
dddbddca
dddcabdd
dddcadbd
dddcaddb
dddcbadd
dddcbdad
dddcbdda
dddcdabd
dddcdadb
dddcdbad
dddcdbda
dddcddab
dddcddba
ddddabcd
ddddabdc
ddddacbd
ddddacdb
ddddadbc
ddddadcb
ddddbacd
ddddbadc
ddddbcad
ddddbcda
ddddbdac
ddddbdca
ddddcabd
ddddcadb
ddddcbad
ddddcbda
ddddcdab
ddddcdba
dddddabc
dddddacb
dddddbac
dddddbca
dddddcab
dddddcba
336
