aaccddee
aaccdede
aaccdeed
aaccedde
aacceded
aacceedd
aacdcdee
aacdcede
aacdceed
aacddcee
aacddece
aacddeec
aacdecde
aacdeced
aacdedce
aacdedec
aacdeecd
aacdeedc
aacecdde
aacecded
aacecedd
aacedcde
aacedced
aaceddce
aaceddec
aacedecd
aacededc
aaceecdd
aaceedcd
aaceeddc
aadccdee
aadccede
aadcceed
aadcdcee
aadcdece
aadcdeec
aadcecde
aadceced
aadcedce
aadcedec
aadceecd
aadceedc
aaddccee
aaddcece
aaddceec
aaddecce
aaddecec
aaddeecc
aadeccde
aadecced
aadecdce
aadecdec
aadececd
aadecedc
aadedcce
aadedcec
aadedecc
aadeeccd
aadeecdc
aadeedcc
aaeccdde
aaeccded
aaeccedd
aaecdcde
aaecdced
aaecddce
aaecddec
aaecdecd
aaecdedc
aaececdd
aaecedcd
aaeceddc
aaedccde
aaedcced
aaedcdce
aaedcdec
aaedcecd
aaedcedc
aaeddcce
aaeddcec
aaeddecc
aaedeccd
aaedecdc
aaededcc
aaeeccdd
aaeecdcd
aaeecddc
aaeedccd
aaeedcdc
aaeeddcc
acacddee
acacdede
acacdeed
acacedde
acaceded
acaceedd
acadcdee
acadcede
acadceed
acaddcee
acaddece
acaddeec
acadecde
acadeced
acadedce
acadedec
acadeecd
acadeedc
acaecdde
acaecded
acaecedd
acaedcde
acaedced
acaeddce
acaeddec
acaedecd
acaededc
acaeecdd
acaeedcd
acaeeddc
accaddee
accadede
accadeed
accaedde
accaeded
accaeedd
accdadee
accdaede
accdaeed
accddaee
accddeae
accddeea
accdeade
accdeaed
accdedae
accdedea
accdeead
accdeeda
acceadde
acceaded
acceaedd
accedade
accedaed
acceddae
acceddea
accedead
accededa
acceeadd
acceedad
acceedda
acdacdee
acdacede
acdaceed
acdadcee
acdadece
acdadeec
acdaecde
acdaeced
acdaedce
acdaedec
acdaeecd
acdaeedc
acdcadee
acdcaede
acdcaeed
acdcdaee
acdcdeae
acdcdeea
acdceade
acdceaed
acdcedae
acdcedea
acdceead
acdceeda
acddacee
acddaece
acddaeec
acddcaee
acddceae
acddceea
acddeace
acddeaec
acddecae
acddecea
acddeeac
acddeeca
acdeacde
acdeaced
acdeadce
acdeadec
acdeaecd
acdeaedc
acdecade
acdecaed
acdecdae
acdecdea
acdecead
acdeceda
acdedace
acdedaec
acdedcae
acdedcea
acdedeac
acdedeca
acdeeacd
acdeeadc
acdeecad
acdeecda
acdeedac
acdeedca
aceacdde
aceacded
aceacedd
aceadcde
aceadced
aceaddce
aceaddec
aceadecd
aceadedc
aceaecdd
aceaedcd
aceaeddc
acecadde
acecaded
acecaedd
acecdade
acecdaed
acecddae
acecddea
acecdead
acecdeda
aceceadd
acecedad
acecedda
acedacde
acedaced
acedadce
acedadec
acedaecd
acedaedc
acedcade
acedcaed
acedcdae
acedcdea
acedcead
acedceda
aceddace
aceddaec
aceddcae
aceddcea
aceddeac
aceddeca
acedeacd
acedeadc
acedecad
acedecda
acededac
acededca
aceeacdd
aceeadcd
aceeaddc
aceecadd
aceecdad
aceecdda
aceedacd
aceedadc
aceedcad
aceedcda
aceeddac
aceeddca
adaccdee
adaccede
adacceed
adacdcee
adacdece
adacdeec
adacecde
adaceced
adacedce
adacedec
adaceecd
adaceedc
adadccee
adadcece
adadceec
adadecce
adadecec
adadeecc
adaeccde
adaecced
adaecdce
adaecdec
adaececd
adaecedc
adaedcce
adaedcec
adaedecc
adaeeccd
adaeecdc
adaeedcc
adcacdee
adcacede
adcaceed
adcadcee
adcadece
adcadeec
adcaecde
adcaeced
adcaedce
adcaedec
adcaeecd
adcaeedc
adccadee
adccaede
adccaeed
adccdaee
adccdeae
adccdeea
adcceade
adcceaed
adccedae
adccedea
adcceead
adcceeda
adcdacee
adcdaece
adcdaeec
adcdcaee
adcdceae
adcdceea
adcdeace
adcdeaec
adcdecae
adcdecea
adcdeeac
adcdeeca
adceacde
adceaced
adceadce
adceadec
adceaecd
adceaedc
adcecade
adcecaed
adcecdae
adcecdea
adcecead
adceceda
adcedace
adcedaec
adcedcae
adcedcea
adcedeac
adcedeca
adceeacd
adceeadc
adceecad
adceecda
adceedac
adceedca
addaccee
addacece
addaceec
addaecce
addaecec
addaeecc
addcacee
addcaece
addcaeec
addccaee
addcceae
addcceea
addceace
addceaec
addcecae
addcecea
addceeac
addceeca
addeacce
addeacec
addeaecc
addecace
addecaec
addeccae
addeccea
addeceac
addececa
addeeacc
addeecac
addeecca
adeaccde
adeacced
adeacdce
adeacdec
adeacecd
adeacedc
adeadcce
adeadcec
adeadecc
adeaeccd
adeaecdc
adeaedcc
adecacde
adecaced
adecadce
adecadec
adecaecd
adecaedc
adeccade
adeccaed
adeccdae
adeccdea
adeccead
adecceda
adecdace
adecdaec
adecdcae
adecdcea
adecdeac
adecdeca
adeceacd
adeceadc
adececad
adececda
adecedac
adecedca
adedacce
adedacec
adedaecc
adedcace
adedcaec
adedccae
adedccea
adedceac
adedceca
adedeacc
adedecac
adedecca
adeeaccd
adeeacdc
adeeadcc
adeecacd
adeecadc
adeeccad
adeeccda
adeecdac
adeecdca
adeedacc
adeedcac
adeedcca
aeaccdde
aeaccded
aeaccedd
aeacdcde
aeacdced
aeacddce
aeacddec
aeacdecd
aeacdedc
aeacecdd
aeacedcd
aeaceddc
aeadccde
aeadcced
aeadcdce
aeadcdec
aeadcecd
aeadcedc
aeaddcce
aeaddcec
aeaddecc
aeadeccd
aeadecdc
aeadedcc
aeaeccdd
aeaecdcd
aeaecddc
aeaedccd
aeaedcdc
aeaeddcc
aecacdde
aecacded
aecacedd
aecadcde
aecadced
aecaddce
aecaddec
aecadecd
aecadedc
aecaecdd
aecaedcd
aecaeddc
aeccadde
aeccaded
aeccaedd
aeccdade
aeccdaed
aeccddae
aeccddea
aeccdead
aeccdeda
aecceadd
aeccedad
aeccedda
aecdacde
aecdaced
aecdadce
aecdadec
aecdaecd
aecdaedc
aecdcade
aecdcaed
aecdcdae
aecdcdea
aecdcead
aecdceda
aecddace
aecddaec
aecddcae
aecddcea
aecddeac
aecddeca
aecdeacd
aecdeadc
aecdecad
aecdecda
aecdedac
aecdedca
aeceacdd
aeceadcd
aeceaddc
aececadd
aececdad
aececdda
aecedacd
aecedadc
aecedcad
aecedcda
aeceddac
aeceddca
aedaccde
aedacced
aedacdce
aedacdec
aedacecd
aedacedc
aedadcce
aedadcec
aedadecc
aedaeccd
aedaecdc
aedaedcc
aedcacde
aedcaced
aedcadce
aedcadec
aedcaecd
aedcaedc
aedccade
aedccaed
aedccdae
aedccdea
aedccead
aedcceda
aedcdace
aedcdaec
aedcdcae
aedcdcea
aedcdeac
aedcdeca
aedceacd
aedceadc
aedcecad
aedcecda
aedcedac
aedcedca
aeddacce
aeddacec
aeddaecc
aeddcace
aeddcaec
aeddccae
aeddccea
aeddceac
aeddceca
aeddeacc
aeddecac
aeddecca
aedeaccd
aedeacdc
aedeadcc
aedecacd
aedecadc
aedeccad
aedeccda
aedecdac
aedecdca
aededacc
aededcac
aededcca
aeeaccdd
aeeacdcd
aeeacddc
aeeadccd
aeeadcdc
aeeaddcc
aeecacdd
aeecadcd
aeecaddc
aeeccadd
aeeccdad
aeeccdda
aeecdacd
aeecdadc
aeecdcad
aeecdcda
aeecddac
aeecddca
aeedaccd
aeedacdc
aeedadcc
aeedcacd
aeedcadc
aeedccad
aeedccda
aeedcdac
aeedcdca
aeeddacc
aeeddcac
aeeddcca
caacddee
caacdede
caacdeed
caacedde
caaceded
caaceedd
caadcdee
caadcede
caadceed
caaddcee
caaddece
caaddeec
caadecde
caadeced
caadedce
caadedec
caadeecd
caadeedc
caaecdde
caaecded
caaecedd
caaedcde
caaedced
caaeddce
caaeddec
caaedecd
caaededc
caaeecdd
caaeedcd
caaeeddc
cacaddee
cacadede
cacadeed
cacaedde
cacaeded
cacaeedd
cacdadee
cacdaede
cacdaeed
cacddaee
cacddeae
cacddeea
cacdeade
cacdeaed
cacdedae
cacdedea
cacdeead
cacdeeda
caceadde
caceaded
caceaedd
cacedade
cacedaed
caceddae
caceddea
cacedead
cacededa
caceeadd
caceedad
caceedda
cadacdee
cadacede
cadaceed
cadadcee
cadadece
cadadeec
cadaecde
cadaeced
cadaedce
cadaedec
cadaeecd
cadaeedc
cadcadee
cadcaede
cadcaeed
cadcdaee
cadcdeae
cadcdeea
cadceade
cadceaed
cadcedae
cadcedea
cadceead
cadceeda
caddacee
caddaece
caddaeec
caddcaee
caddceae
caddceea
caddeace
caddeaec
caddecae
caddecea
caddeeac
caddeeca
cadeacde
cadeaced
cadeadce
cadeadec
cadeaecd
cadeaedc
cadecade
cadecaed
cadecdae
cadecdea
cadecead
cadeceda
cadedace
cadedaec
cadedcae
cadedcea
cadedeac
cadedeca
cadeeacd
cadeeadc
cadeecad
cadeecda
cadeedac
cadeedca
caeacdde
caeacded
caeacedd
caeadcde
caeadced
caeaddce
caeaddec
caeadecd
caeadedc
caeaecdd
caeaedcd
caeaeddc
caecadde
caecaded
caecaedd
caecdade
caecdaed
caecddae
caecddea
caecdead
caecdeda
caeceadd
caecedad
caecedda
caedacde
caedaced
caedadce
caedadec
caedaecd
caedaedc
caedcade
caedcaed
caedcdae
caedcdea
caedcead
caedceda
caeddace
caeddaec
caeddcae
caeddcea
caeddeac
caeddeca
caedeacd
caedeadc
caedecad
caedecda
caededac
caededca
caeeacdd
caeeadcd
caeeaddc
caeecadd
caeecdad
caeecdda
caeedacd
caeedadc
caeedcad
caeedcda
caeeddac
caeeddca
ccaaddee
ccaadede
ccaadeed
ccaaedde
ccaaeded
ccaaeedd
ccadadee
ccadaede
ccadaeed
ccaddaee
ccaddeae
ccaddeea
ccadeade
ccadeaed
ccadedae
ccadedea
ccadeead
ccadeeda
ccaeadde
ccaeaded
ccaeaedd
ccaedade
ccaedaed
ccaeddae
ccaeddea
ccaedead
ccaededa
ccaeeadd
ccaeedad
ccaeedda
ccdaadee
ccdaaede
ccdaaeed
ccdadaee
ccdadeae
ccdadeea
ccdaeade
ccdaeaed
ccdaedae
ccdaedea
ccdaeead
ccdaeeda
ccddaaee
ccddaeae
ccddaeea
ccddeaae
ccddeaea
ccddeeaa
ccdeaade
ccdeaaed
ccdeadae
ccdeadea
ccdeaead
ccdeaeda
ccdedaae
ccdedaea
ccdedeaa
ccdeeaad
ccdeeada
ccdeedaa
cceaadde
cceaaded
cceaaedd
cceadade
cceadaed
cceaddae
cceaddea
cceadead
cceadeda
cceaeadd
cceaedad
cceaedda
ccedaade
ccedaaed
ccedadae
ccedadea
ccedaead
ccedaeda
cceddaae
cceddaea
cceddeaa
ccedeaad
ccedeada
ccededaa
cceeaadd
cceeadad
cceeadda
cceedaad
cceedada
cceeddaa
cdaacdee
cdaacede
cdaaceed
cdaadcee
cdaadece
cdaadeec
cdaaecde
cdaaeced
cdaaedce
cdaaedec
cdaaeecd
cdaaeedc
cdacadee
cdacaede
cdacaeed
cdacdaee
cdacdeae
cdacdeea
cdaceade
cdaceaed
cdacedae
cdacedea
cdaceead
cdaceeda
cdadacee
cdadaece
cdadaeec
cdadcaee
cdadceae
cdadceea
cdadeace
cdadeaec
cdadecae
cdadecea
cdadeeac
cdadeeca
cdaeacde
cdaeaced
cdaeadce
cdaeadec
cdaeaecd
cdaeaedc
cdaecade
cdaecaed
cdaecdae
cdaecdea
cdaecead
cdaeceda
cdaedace
cdaedaec
cdaedcae
cdaedcea
cdaedeac
cdaedeca
cdaeeacd
cdaeeadc
cdaeecad
cdaeecda
cdaeedac
cdaeedca
cdcaadee
cdcaaede
cdcaaeed
cdcadaee
cdcadeae
cdcadeea
cdcaeade
cdcaeaed
cdcaedae
cdcaedea
cdcaeead
cdcaeeda
cdcdaaee
cdcdaeae
cdcdaeea
cdcdeaae
cdcdeaea
cdcdeeaa
cdceaade
cdceaaed
cdceadae
cdceadea
cdceaead
cdceaeda
cdcedaae
cdcedaea
cdcedeaa
cdceeaad
cdceeada
cdceedaa
cddaacee
cddaaece
cddaaeec
cddacaee
cddaceae
cddaceea
cddaeace
cddaeaec
cddaecae
cddaecea
cddaeeac
cddaeeca
cddcaaee
cddcaeae
cddcaeea
cddceaae
cddceaea
cddceeaa
cddeaace
cddeaaec
cddeacae
cddeacea
cddeaeac
cddeaeca
cddecaae
cddecaea
cddeceaa
cddeeaac
cddeeaca
cddeecaa
cdeaacde
cdeaaced
cdeaadce
cdeaadec
cdeaaecd
cdeaaedc
cdeacade
cdeacaed
cdeacdae
cdeacdea
cdeacead
cdeaceda
cdeadace
cdeadaec
cdeadcae
cdeadcea
cdeadeac
cdeadeca
cdeaeacd
cdeaeadc
cdeaecad
cdeaecda
cdeaedac
cdeaedca
cdecaade
cdecaaed
cdecadae
cdecadea
cdecaead
cdecaeda
cdecdaae
cdecdaea
cdecdeaa
cdeceaad
cdeceada
cdecedaa
cdedaace
cdedaaec
cdedacae
cdedacea
cdedaeac
cdedaeca
cdedcaae
cdedcaea
cdedceaa
cdedeaac
cdedeaca
cdedecaa
cdeeaacd
cdeeaadc
cdeeacad
cdeeacda
cdeeadac
cdeeadca
cdeecaad
cdeecada
cdeecdaa
cdeedaac
cdeedaca
cdeedcaa
ceaacdde
ceaacded
ceaacedd
ceaadcde
ceaadced
ceaaddce
ceaaddec
ceaadecd
ceaadedc
ceaaecdd
ceaaedcd
ceaaeddc
ceacadde
ceacaded
ceacaedd
ceacdade
ceacdaed
ceacddae
ceacddea
ceacdead
ceacdeda
ceaceadd
ceacedad
ceacedda
ceadacde
ceadaced
ceadadce
ceadadec
ceadaecd
ceadaedc
ceadcade
ceadcaed
ceadcdae
ceadcdea
ceadcead
ceadceda
ceaddace
ceaddaec
ceaddcae
ceaddcea
ceaddeac
ceaddeca
ceadeacd
ceadeadc
ceadecad
ceadecda
ceadedac
ceadedca
ceaeacdd
ceaeadcd
ceaeaddc
ceaecadd
ceaecdad
ceaecdda
ceaedacd
ceaedadc
ceaedcad
ceaedcda
ceaeddac
ceaeddca
cecaadde
cecaaded
cecaaedd
cecadade
cecadaed
cecaddae
cecaddea
cecadead
cecadeda
cecaeadd
cecaedad
cecaedda
cecdaade
cecdaaed
cecdadae
cecdadea
cecdaead
cecdaeda
cecddaae
cecddaea
cecddeaa
cecdeaad
cecdeada
cecdedaa
ceceaadd
ceceadad
ceceadda
cecedaad
cecedada
ceceddaa
cedaacde
cedaaced
cedaadce
cedaadec
cedaaecd
cedaaedc
cedacade
cedacaed
cedacdae
cedacdea
cedacead
cedaceda
cedadace
cedadaec
cedadcae
cedadcea
cedadeac
cedadeca
cedaeacd
cedaeadc
cedaecad
cedaecda
cedaedac
cedaedca
cedcaade
cedcaaed
cedcadae
cedcadea
cedcaead
cedcaeda
cedcdaae
cedcdaea
cedcdeaa
cedceaad
cedceada
cedcedaa
ceddaace
ceddaaec
ceddacae
ceddacea
ceddaeac
ceddaeca
ceddcaae
ceddcaea
ceddceaa
ceddeaac
ceddeaca
ceddecaa
cedeaacd
cedeaadc
cedeacad
cedeacda
cedeadac
cedeadca
cedecaad
cedecada
cedecdaa
cededaac
cededaca
cededcaa
ceeaacdd
ceeaadcd
ceeaaddc
ceeacadd
ceeacdad
ceeacdda
ceeadacd
ceeadadc
ceeadcad
ceeadcda
ceeaddac
ceeaddca
ceecaadd
ceecadad
ceecadda
ceecdaad
ceecdada
ceecddaa
ceedaacd
ceedaadc
ceedacad
ceedacda
ceedadac
ceedadca
ceedcaad
ceedcada
ceedcdaa
ceeddaac
ceeddaca
ceeddcaa
daaccdee
daaccede
daacceed
daacdcee
daacdece
daacdeec
daacecde
daaceced
daacedce
daacedec
daaceecd
daaceedc
daadccee
daadcece
daadceec
daadecce
daadecec
daadeecc
daaeccde
daaecced
daaecdce
daaecdec
daaececd
daaecedc
daaedcce
daaedcec
daaedecc
daaeeccd
daaeecdc
daaeedcc
dacacdee
dacacede
dacaceed
dacadcee
dacadece
dacadeec
dacaecde
dacaeced
dacaedce
dacaedec
dacaeecd
dacaeedc
daccadee
daccaede
daccaeed
daccdaee
daccdeae
daccdeea
dacceade
dacceaed
daccedae
daccedea
dacceead
dacceeda
dacdacee
dacdaece
dacdaeec
dacdcaee
dacdceae
dacdceea
dacdeace
dacdeaec
dacdecae
dacdecea
dacdeeac
dacdeeca
daceacde
daceaced
daceadce
daceadec
daceaecd
daceaedc
dacecade
dacecaed
dacecdae
dacecdea
dacecead
daceceda
dacedace
dacedaec
dacedcae
dacedcea
dacedeac
dacedeca
daceeacd
daceeadc
daceecad
daceecda
daceedac
daceedca
dadaccee
dadacece
dadaceec
dadaecce
dadaecec
dadaeecc
dadcacee
dadcaece
dadcaeec
dadccaee
dadcceae
dadcceea
dadceace
dadceaec
dadcecae
dadcecea
dadceeac
dadceeca
dadeacce
dadeacec
dadeaecc
dadecace
dadecaec
dadeccae
dadeccea
dadeceac
dadececa
dadeeacc
dadeecac
dadeecca
daeaccde
daeacced
daeacdce
daeacdec
daeacecd
daeacedc
daeadcce
daeadcec
daeadecc
daeaeccd
daeaecdc
daeaedcc
daecacde
daecaced
daecadce
daecadec
daecaecd
daecaedc
daeccade
daeccaed
daeccdae
daeccdea
daeccead
daecceda
daecdace
daecdaec
daecdcae
daecdcea
daecdeac
daecdeca
daeceacd
daeceadc
daececad
daececda
daecedac
daecedca
daedacce
daedacec
daedaecc
daedcace
daedcaec
daedccae
daedccea
daedceac
daedceca
daedeacc
daedecac
daedecca
daeeaccd
daeeacdc
daeeadcc
daeecacd
daeecadc
daeeccad
daeeccda
daeecdac
daeecdca
daeedacc
daeedcac
daeedcca
dcaacdee
dcaacede
dcaaceed
dcaadcee
dcaadece
dcaadeec
dcaaecde
dcaaeced
dcaaedce
dcaaedec
dcaaeecd
dcaaeedc
dcacadee
dcacaede
dcacaeed
dcacdaee
dcacdeae
dcacdeea
dcaceade
dcaceaed
dcacedae
dcacedea
dcaceead
dcaceeda
dcadacee
dcadaece
dcadaeec
dcadcaee
dcadceae
dcadceea
dcadeace
dcadeaec
dcadecae
dcadecea
dcadeeac
dcadeeca
dcaeacde
dcaeaced
dcaeadce
dcaeadec
dcaeaecd
dcaeaedc
dcaecade
dcaecaed
dcaecdae
dcaecdea
dcaecead
dcaeceda
dcaedace
dcaedaec
dcaedcae
dcaedcea
dcaedeac
dcaedeca
dcaeeacd
dcaeeadc
dcaeecad
dcaeecda
dcaeedac
dcaeedca
dccaadee
dccaaede
dccaaeed
dccadaee
dccadeae
dccadeea
dccaeade
dccaeaed
dccaedae
dccaedea
dccaeead
dccaeeda
dccdaaee
dccdaeae
dccdaeea
dccdeaae
dccdeaea
dccdeeaa
dcceaade
dcceaaed
dcceadae
dcceadea
dcceaead
dcceaeda
dccedaae
dccedaea
dccedeaa
dcceeaad
dcceeada
dcceedaa
dcdaacee
dcdaaece
dcdaaeec
dcdacaee
dcdaceae
dcdaceea
dcdaeace
dcdaeaec
dcdaecae
dcdaecea
dcdaeeac
dcdaeeca
dcdcaaee
dcdcaeae
dcdcaeea
dcdceaae
dcdceaea
dcdceeaa
dcdeaace
dcdeaaec
dcdeacae
dcdeacea
dcdeaeac
dcdeaeca
dcdecaae
dcdecaea
dcdeceaa
dcdeeaac
dcdeeaca
dcdeecaa
dceaacde
dceaaced
dceaadce
dceaadec
dceaaecd
dceaaedc
dceacade
dceacaed
dceacdae
dceacdea
dceacead
dceaceda
dceadace
dceadaec
dceadcae
dceadcea
dceadeac
dceadeca
dceaeacd
dceaeadc
dceaecad
dceaecda
dceaedac
dceaedca
dcecaade
dcecaaed
dcecadae
dcecadea
dcecaead
dcecaeda
dcecdaae
dcecdaea
dcecdeaa
dceceaad
dceceada
dcecedaa
dcedaace
dcedaaec
dcedacae
dcedacea
dcedaeac
dcedaeca
dcedcaae
dcedcaea
dcedceaa
dcedeaac
dcedeaca
dcedecaa
dceeaacd
dceeaadc
dceeacad
dceeacda
dceeadac
dceeadca
dceecaad
dceecada
dceecdaa
dceedaac
dceedaca
dceedcaa
ddaaccee
ddaacece
ddaaceec
ddaaecce
ddaaecec
ddaaeecc
ddacacee
ddacaece
ddacaeec
ddaccaee
ddacceae
ddacceea
ddaceace
ddaceaec
ddacecae
ddacecea
ddaceeac
ddaceeca
ddaeacce
ddaeacec
ddaeaecc
ddaecace
ddaecaec
ddaeccae
ddaeccea
ddaeceac
ddaececa
ddaeeacc
ddaeecac
ddaeecca
ddcaacee
ddcaaece
ddcaaeec
ddcacaee
ddcaceae
ddcaceea
ddcaeace
ddcaeaec
ddcaecae
ddcaecea
ddcaeeac
ddcaeeca
ddccaaee
ddccaeae
ddccaeea
ddcceaae
ddcceaea
ddcceeaa
ddceaace
ddceaaec
ddceacae
ddceacea
ddceaeac
ddceaeca
ddcecaae
ddcecaea
ddceceaa
ddceeaac
ddceeaca
ddceecaa
ddeaacce
ddeaacec
ddeaaecc
ddeacace
ddeacaec
ddeaccae
ddeaccea
ddeaceac
ddeaceca
ddeaeacc
ddeaecac
ddeaecca
ddecaace
ddecaaec
ddecacae
ddecacea
ddecaeac
ddecaeca
ddeccaae
ddeccaea
ddecceaa
ddeceaac
ddeceaca
ddececaa
ddeeaacc
ddeeacac
ddeeacca
ddeecaac
ddeecaca
ddeeccaa
deaaccde
deaacced
deaacdce
deaacdec
deaacecd
deaacedc
deaadcce
deaadcec
deaadecc
deaaeccd
deaaecdc
deaaedcc
deacacde
deacaced
deacadce
deacadec
deacaecd
deacaedc
deaccade
deaccaed
deaccdae
deaccdea
deaccead
deacceda
deacdace
deacdaec
deacdcae
deacdcea
deacdeac
deacdeca
deaceacd
deaceadc
deacecad
deacecda
deacedac
deacedca
deadacce
deadacec
deadaecc
deadcace
deadcaec
deadccae
deadccea
deadceac
deadceca
deadeacc
deadecac
deadecca
deaeaccd
deaeacdc
deaeadcc
deaecacd
deaecadc
deaeccad
deaeccda
deaecdac
deaecdca
deaedacc
deaedcac
deaedcca
decaacde
decaaced
decaadce
decaadec
decaaecd
decaaedc
decacade
decacaed
decacdae
decacdea
decacead
decaceda
decadace
decadaec
decadcae
decadcea
decadeac
decadeca
decaeacd
decaeadc
decaecad
decaecda
decaedac
decaedca
deccaade
deccaaed
deccadae
deccadea
deccaead
deccaeda
deccdaae
deccdaea
deccdeaa
decceaad
decceada
deccedaa
decdaace
decdaaec
decdacae
decdacea
decdaeac
decdaeca
decdcaae
decdcaea
decdceaa
decdeaac
decdeaca
decdecaa
deceaacd
deceaadc
deceacad
deceacda
deceadac
deceadca
dececaad
dececada
dececdaa
decedaac
decedaca
decedcaa
dedaacce
dedaacec
dedaaecc
dedacace
dedacaec
dedaccae
dedaccea
dedaceac
dedaceca
dedaeacc
dedaecac
dedaecca
dedcaace
dedcaaec
dedcacae
dedcacea
dedcaeac
dedcaeca
dedccaae
dedccaea
dedcceaa
dedceaac
dedceaca
dedcecaa
dedeaacc
dedeacac
dedeacca
dedecaac
dedecaca
dedeccaa
deeaaccd
deeaacdc
deeaadcc
deeacacd
deeacadc
deeaccad
deeaccda
deeacdac
deeacdca
deeadacc
deeadcac
deeadcca
deecaacd
deecaadc
deecacad
deecacda
deecadac
deecadca
deeccaad
deeccada
deeccdaa
deecdaac
deecdaca
deecdcaa
deedaacc
deedacac
deedacca
deedcaac
deedcaca
deedccaa
eaaccdde
eaaccded
eaaccedd
eaacdcde
eaacdced
eaacddce
eaacddec
eaacdecd
eaacdedc
eaacecdd
eaacedcd
eaaceddc
eaadccde
eaadcced
eaadcdce
eaadcdec
eaadcecd
eaadcedc
eaaddcce
eaaddcec
eaaddecc
eaadeccd
eaadecdc
eaadedcc
eaaeccdd
eaaecdcd
eaaecddc
eaaedccd
eaaedcdc
eaaeddcc
eacacdde
eacacded
eacacedd
eacadcde
eacadced
eacaddce
eacaddec
eacadecd
eacadedc
eacaecdd
eacaedcd
eacaeddc
eaccadde
eaccaded
eaccaedd
eaccdade
eaccdaed
eaccddae
eaccddea
eaccdead
eaccdeda
eacceadd
eaccedad
eaccedda
eacdacde
eacdaced
eacdadce
eacdadec
eacdaecd
eacdaedc
eacdcade
eacdcaed
eacdcdae
eacdcdea
eacdcead
eacdceda
eacddace
eacddaec
eacddcae
eacddcea
eacddeac
eacddeca
eacdeacd
eacdeadc
eacdecad
eacdecda
eacdedac
eacdedca
eaceacdd
eaceadcd
eaceaddc
eacecadd
eacecdad
eacecdda
eacedacd
eacedadc
eacedcad
eacedcda
eaceddac
eaceddca
eadaccde
eadacced
eadacdce
eadacdec
eadacecd
eadacedc
eadadcce
eadadcec
eadadecc
eadaeccd
eadaecdc
eadaedcc
eadcacde
eadcaced
eadcadce
eadcadec
eadcaecd
eadcaedc
eadccade
eadccaed
eadccdae
eadccdea
eadccead
eadcceda
eadcdace
eadcdaec
eadcdcae
eadcdcea
eadcdeac
eadcdeca
eadceacd
eadceadc
eadcecad
eadcecda
eadcedac
eadcedca
eaddacce
eaddacec
eaddaecc
eaddcace
eaddcaec
eaddccae
eaddccea
eaddceac
eaddceca
eaddeacc
eaddecac
eaddecca
eadeaccd
eadeacdc
eadeadcc
eadecacd
eadecadc
eadeccad
eadeccda
eadecdac
eadecdca
eadedacc
eadedcac
eadedcca
eaeaccdd
eaeacdcd
eaeacddc
eaeadccd
eaeadcdc
eaeaddcc
eaecacdd
eaecadcd
eaecaddc
eaeccadd
eaeccdad
eaeccdda
eaecdacd
eaecdadc
eaecdcad
eaecdcda
eaecddac
eaecddca
eaedaccd
eaedacdc
eaedadcc
eaedcacd
eaedcadc
eaedccad
eaedccda
eaedcdac
eaedcdca
eaeddacc
eaeddcac
eaeddcca
ecaacdde
ecaacded
ecaacedd
ecaadcde
ecaadced
ecaaddce
ecaaddec
ecaadecd
ecaadedc
ecaaecdd
ecaaedcd
ecaaeddc
ecacadde
ecacaded
ecacaedd
ecacdade
ecacdaed
ecacddae
ecacddea
ecacdead
ecacdeda
ecaceadd
ecacedad
ecacedda
ecadacde
ecadaced
ecadadce
ecadadec
ecadaecd
ecadaedc
ecadcade
ecadcaed
ecadcdae
ecadcdea
ecadcead
ecadceda
ecaddace
ecaddaec
ecaddcae
ecaddcea
ecaddeac
ecaddeca
ecadeacd
ecadeadc
ecadecad
ecadecda
ecadedac
ecadedca
ecaeacdd
ecaeadcd
ecaeaddc
ecaecadd
ecaecdad
ecaecdda
ecaedacd
ecaedadc
ecaedcad
ecaedcda
ecaeddac
ecaeddca
eccaadde
eccaaded
eccaaedd
eccadade
eccadaed
eccaddae
eccaddea
eccadead
eccadeda
eccaeadd
eccaedad
eccaedda
eccdaade
eccdaaed
eccdadae
eccdadea
eccdaead
eccdaeda
eccddaae
eccddaea
eccddeaa
eccdeaad
eccdeada
eccdedaa
ecceaadd
ecceadad
ecceadda
eccedaad
eccedada
ecceddaa
ecdaacde
ecdaaced
ecdaadce
ecdaadec
ecdaaecd
ecdaaedc
ecdacade
ecdacaed
ecdacdae
ecdacdea
ecdacead
ecdaceda
ecdadace
ecdadaec
ecdadcae
ecdadcea
ecdadeac
ecdadeca
ecdaeacd
ecdaeadc
ecdaecad
ecdaecda
ecdaedac
ecdaedca
ecdcaade
ecdcaaed
ecdcadae
ecdcadea
ecdcaead
ecdcaeda
ecdcdaae
ecdcdaea
ecdcdeaa
ecdceaad
ecdceada
ecdcedaa
ecddaace
ecddaaec
ecddacae
ecddacea
ecddaeac
ecddaeca
ecddcaae
ecddcaea
ecddceaa
ecddeaac
ecddeaca
ecddecaa
ecdeaacd
ecdeaadc
ecdeacad
ecdeacda
ecdeadac
ecdeadca
ecdecaad
ecdecada
ecdecdaa
ecdedaac
ecdedaca
ecdedcaa
eceaacdd
eceaadcd
eceaaddc
eceacadd
eceacdad
eceacdda
eceadacd
eceadadc
eceadcad
eceadcda
eceaddac
eceaddca
ececaadd
ececadad
ececadda
ececdaad
ececdada
ececddaa
ecedaacd
ecedaadc
ecedacad
ecedacda
ecedadac
ecedadca
ecedcaad
ecedcada
ecedcdaa
eceddaac
eceddaca
eceddcaa
edaaccde
edaacced
edaacdce
edaacdec
edaacecd
edaacedc
edaadcce
edaadcec
edaadecc
edaaeccd
edaaecdc
edaaedcc
edacacde
edacaced
edacadce
edacadec
edacaecd
edacaedc
edaccade
edaccaed
edaccdae
edaccdea
edaccead
edacceda
edacdace
edacdaec
edacdcae
edacdcea
edacdeac
edacdeca
edaceacd
edaceadc
edacecad
edacecda
edacedac
edacedca
edadacce
edadacec
edadaecc
edadcace
edadcaec
edadccae
edadccea
edadceac
edadceca
edadeacc
edadecac
edadecca
edaeaccd
edaeacdc
edaeadcc
edaecacd
edaecadc
edaeccad
edaeccda
edaecdac
edaecdca
edaedacc
edaedcac
edaedcca
edcaacde
edcaaced
edcaadce
edcaadec
edcaaecd
edcaaedc
edcacade
edcacaed
edcacdae
edcacdea
edcacead
edcaceda
edcadace
edcadaec
edcadcae
edcadcea
edcadeac
edcadeca
edcaeacd
edcaeadc
edcaecad
edcaecda
edcaedac
edcaedca
edccaade
edccaaed
edccadae
edccadea
edccaead
edccaeda
edccdaae
edccdaea
edccdeaa
edcceaad
edcceada
edccedaa
edcdaace
edcdaaec
edcdacae
edcdacea
edcdaeac
edcdaeca
edcdcaae
edcdcaea
edcdceaa
edcdeaac
edcdeaca
edcdecaa
edceaacd
edceaadc
edceacad
edceacda
edceadac
edceadca
edcecaad
edcecada
edcecdaa
edcedaac
edcedaca
edcedcaa
eddaacce
eddaacec
eddaaecc
eddacace
eddacaec
eddaccae
eddaccea
eddaceac
eddaceca
eddaeacc
eddaecac
eddaecca
eddcaace
eddcaaec
eddcacae
eddcacea
eddcaeac
eddcaeca
eddccaae
eddccaea
eddcceaa
eddceaac
eddceaca
eddcecaa
eddeaacc
eddeacac
eddeacca
eddecaac
eddecaca
eddeccaa
edeaaccd
edeaacdc
edeaadcc
edeacacd
edeacadc
edeaccad
edeaccda
edeacdac
edeacdca
edeadacc
edeadcac
edeadcca
edecaacd
edecaadc
edecacad
edecacda
edecadac
edecadca
edeccaad
edeccada
edeccdaa
edecdaac
edecdaca
edecdcaa
ededaacc
ededacac
ededacca
ededcaac
ededcaca
ededccaa
eeaaccdd
eeaacdcd
eeaacddc
eeaadccd
eeaadcdc
eeaaddcc
eeacacdd
eeacadcd
eeacaddc
eeaccadd
eeaccdad
eeaccdda
eeacdacd
eeacdadc
eeacdcad
eeacdcda
eeacddac
eeacddca
eeadaccd
eeadacdc
eeadadcc
eeadcacd
eeadcadc
eeadccad
eeadccda
eeadcdac
eeadcdca
eeaddacc
eeaddcac
eeaddcca
eecaacdd
eecaadcd
eecaaddc
eecacadd
eecacdad
eecacdda
eecadacd
eecadadc
eecadcad
eecadcda
eecaddac
eecaddca
eeccaadd
eeccadad
eeccadda
eeccdaad
eeccdada
eeccddaa
eecdaacd
eecdaadc
eecdacad
eecdacda
eecdadac
eecdadca
eecdcaad
eecdcada
eecdcdaa
eecddaac
eecddaca
eecddcaa
eedaaccd
eedaacdc
eedaadcc
eedacacd
eedacadc
eedaccad
eedaccda
eedacdac
eedacdca
eedadacc
eedadcac
eedadcca
eedcaacd
eedcaadc
eedcacad
eedcacda
eedcadac
eedcadca
eedccaad
eedccada
eedccdaa
eedcdaac
eedcdaca
eedcdcaa
eeddaacc
eeddacac
eeddacca
eeddcaac
eeddcaca
eeddccaa
2520
