aaaadddeee
aaaaddedee
aaaaddeede
aaaaddeeed
aaaadeddee
aaaadedede
aaaadedeed
aaaadeedde
aaaadeeded
aaaadeeedd
aaaaedddee
aaaaeddede
aaaaeddeed
aaaaededde
aaaaededed
aaaaedeedd
aaaaeeddde
aaaaeedded
aaaaeededd
aaaaeeeddd
aaadaddeee
aaadadedee
aaadadeede
aaadadeeed
aaadaeddee
aaadaedede
aaadaedeed
aaadaeedde
aaadaeeded
aaadaeeedd
aaaddadeee
aaaddaedee
aaaddaeede
aaaddaeeed
aaadddaeee
aaadddeaee
aaadddeeae
aaadddeeea
aaaddeadee
aaaddeaede
aaaddeaeed
aaaddedaee
aaaddedeae
aaaddedeea
aaaddeeade
aaaddeeaed
aaaddeedae
aaaddeedea
aaaddeeead
aaaddeeeda
aaadeaddee
aaadeadede
aaadeadeed
aaadeaedde
aaadeaeded
aaadeaeedd
aaadedadee
aaadedaede
aaadedaeed
aaadeddaee
aaadeddeae
aaadeddeea
aaadedeade
aaadedeaed
aaadededae
aaadededea
aaadedeead
aaadedeeda
aaadeeadde
aaadeeaded
aaadeeaedd
aaadeedade
aaadeedaed
aaadeeddae
aaadeeddea
aaadeedead
aaadeededa
aaadeeeadd
aaadeeedad
aaadeeedda
aaaeadddee
aaaeaddede
aaaeaddeed
aaaeadedde
aaaeadeded
aaaeadeedd
aaaeaeddde
aaaeaedded
aaaeaededd
aaaeaeeddd
aaaedaddee
aaaedadede
aaaedadeed
aaaedaedde
aaaedaeded
aaaedaeedd
aaaeddadee
aaaeddaede
aaaeddaeed
aaaedddaee
aaaedddeae
aaaedddeea
aaaeddeade
aaaeddeaed
aaaeddedae
aaaeddedea
aaaeddeead
aaaeddeeda
aaaedeadde
aaaedeaded
aaaedeaedd
aaaededade
aaaededaed
aaaededdae
aaaededdea
aaaededead
aaaedededa
aaaedeeadd
aaaedeedad
aaaedeedda
aaaeeaddde
aaaeeadded
aaaeeadedd
aaaeeaeddd
aaaeedadde
aaaeedaded
aaaeedaedd
aaaeeddade
aaaeeddaed
aaaeedddae
aaaeedddea
aaaeeddead
aaaeeddeda
aaaeedeadd
aaaeededad
aaaeededda
aaaeeeaddd
aaaeeedadd
aaaeeeddad
aaaeeeddda
aadaaddeee
aadaadedee
aadaadeede
aadaadeeed
aadaaeddee
aadaaedede
aadaaedeed
aadaaeedde
aadaaeeded
aadaaeeedd
aadadadeee
aadadaedee
aadadaeede
aadadaeeed
aadaddaeee
aadaddeaee
aadaddeeae
aadaddeeea
aadadeadee
aadadeaede
aadadeaeed
aadadedaee
aadadedeae
aadadedeea
aadadeeade
aadadeeaed
aadadeedae
aadadeedea
aadadeeead
aadadeeeda
aadaeaddee
aadaeadede
aadaeadeed
aadaeaedde
aadaeaeded
aadaeaeedd
aadaedadee
aadaedaede
aadaedaeed
aadaeddaee
aadaeddeae
aadaeddeea
aadaedeade
aadaedeaed
aadaededae
aadaededea
aadaedeead
aadaedeeda
aadaeeadde
aadaeeaded
aadaeeaedd
aadaeedade
aadaeedaed
aadaeeddae
aadaeeddea
aadaeedead
aadaeededa
aadaeeeadd
aadaeeedad
aadaeeedda
aaddaadeee
aaddaaedee
aaddaaeede
aaddaaeeed
aaddadaeee
aaddadeaee
aaddadeeae
aaddadeeea
aaddaeadee
aaddaeaede
aaddaeaeed
aaddaedaee
aaddaedeae
aaddaedeea
aaddaeeade
aaddaeeaed
aaddaeedae
aaddaeedea
aaddaeeead
aaddaeeeda
aadddaaeee
aadddaeaee
aadddaeeae
aadddaeeea
aadddeaaee
aadddeaeae
aadddeaeea
aadddeeaae
aadddeeaea
aadddeeeaa
aaddeaadee
aaddeaaede
aaddeaaeed
aaddeadaee
aaddeadeae
aaddeadeea
aaddeaeade
aaddeaeaed
aaddeaedae
aaddeaedea
aaddeaeead
aaddeaeeda
aaddedaaee
aaddedaeae
aaddedaeea
aaddedeaae
aaddedeaea
aaddedeeaa
aaddeeaade
aaddeeaaed
aaddeeadae
aaddeeadea
aaddeeaead
aaddeeaeda
aaddeedaae
aaddeedaea
aaddeedeaa
aaddeeeaad
aaddeeeada
aaddeeedaa
aadeaaddee
aadeaadede
aadeaadeed
aadeaaedde
aadeaaeded
aadeaaeedd
aadeadadee
aadeadaede
aadeadaeed
aadeaddaee
aadeaddeae
aadeaddeea
aadeadeade
aadeadeaed
aadeadedae
aadeadedea
aadeadeead
aadeadeeda
aadeaeadde
aadeaeaded
aadeaeaedd
aadeaedade
aadeaedaed
aadeaeddae
aadeaeddea
aadeaedead
aadeaededa
aadeaeeadd
aadeaeedad
aadeaeedda
aadedaadee
aadedaaede
aadedaaeed
aadedadaee
aadedadeae
aadedadeea
aadedaeade
aadedaeaed
aadedaedae
aadedaedea
aadedaeead
aadedaeeda
aadeddaaee
aadeddaeae
aadeddaeea
aadeddeaae
aadeddeaea
aadeddeeaa
aadedeaade
aadedeaaed
aadedeadae
aadedeadea
aadedeaead
aadedeaeda
aadededaae
aadededaea
aadededeaa
aadedeeaad
aadedeeada
aadedeedaa
aadeeaadde
aadeeaaded
aadeeaaedd
aadeeadade
aadeeadaed
aadeeaddae
aadeeaddea
aadeeadead
aadeeadeda
aadeeaeadd
aadeeaedad
aadeeaedda
aadeedaade
aadeedaaed
aadeedadae
aadeedadea
aadeedaead
aadeedaeda
aadeeddaae
aadeeddaea
aadeeddeaa
aadeedeaad
aadeedeada
aadeededaa
aadeeeaadd
aadeeeadad
aadeeeadda
aadeeedaad
aadeeedada
aadeeeddaa
aaeaadddee
aaeaaddede
aaeaaddeed
aaeaadedde
aaeaadeded
aaeaadeedd
aaeaaeddde
aaeaaedded
aaeaaededd
aaeaaeeddd
aaeadaddee
aaeadadede
aaeadadeed
aaeadaedde
aaeadaeded
aaeadaeedd
aaeaddadee
aaeaddaede
aaeaddaeed
aaeadddaee
aaeadddeae
aaeadddeea
aaeaddeade
aaeaddeaed
aaeaddedae
aaeaddedea
aaeaddeead
aaeaddeeda
aaeadeadde
aaeadeaded
aaeadeaedd
aaeadedade
aaeadedaed
aaeadeddae
aaeadeddea
aaeadedead
aaeadededa
aaeadeeadd
aaeadeedad
aaeadeedda
aaeaeaddde
aaeaeadded
aaeaeadedd
aaeaeaeddd
aaeaedadde
aaeaedaded
aaeaedaedd
aaeaeddade
aaeaeddaed
aaeaedddae
aaeaedddea
aaeaeddead
aaeaeddeda
aaeaedeadd
aaeaededad
aaeaededda
aaeaeeaddd
aaeaeedadd
aaeaeeddad
aaeaeeddda
aaedaaddee
aaedaadede
aaedaadeed
aaedaaedde
aaedaaeded
aaedaaeedd
aaedadadee
aaedadaede
aaedadaeed
aaedaddaee
aaedaddeae
aaedaddeea
aaedadeade
aaedadeaed
aaedadedae
aaedadedea
aaedadeead
aaedadeeda
aaedaeadde
aaedaeaded
aaedaeaedd
aaedaedade
aaedaedaed
aaedaeddae
aaedaeddea
aaedaedead
aaedaededa
aaedaeeadd
aaedaeedad
aaedaeedda
aaeddaadee
aaeddaaede
aaeddaaeed
aaeddadaee
aaeddadeae
aaeddadeea
aaeddaeade
aaeddaeaed
aaeddaedae
aaeddaedea
aaeddaeead
aaeddaeeda
aaedddaaee
aaedddaeae
aaedddaeea
aaedddeaae
aaedddeaea
aaedddeeaa
aaeddeaade
aaeddeaaed
aaeddeadae
aaeddeadea
aaeddeaead
aaeddeaeda
aaeddedaae
aaeddedaea
aaeddedeaa
aaeddeeaad
aaeddeeada
aaeddeedaa
aaedeaadde
aaedeaaded
aaedeaaedd
aaedeadade
aaedeadaed
aaedeaddae
aaedeaddea
aaedeadead
aaedeadeda
aaedeaeadd
aaedeaedad
aaedeaedda
aaededaade
aaededaaed
aaededadae
aaededadea
aaededaead
aaededaeda
aaededdaae
aaededdaea
aaededdeaa
aaededeaad
aaededeada
aaedededaa
aaedeeaadd
aaedeeadad
aaedeeadda
aaedeedaad
aaedeedada
aaedeeddaa
aaeeaaddde
aaeeaadded
aaeeaadedd
aaeeaaeddd
aaeeadadde
aaeeadaded
aaeeadaedd
aaeeaddade
aaeeaddaed
aaeeadddae
aaeeadddea
aaeeaddead
aaeeaddeda
aaeeadeadd
aaeeadedad
aaeeadedda
aaeeaeaddd
aaeeaedadd
aaeeaeddad
aaeeaeddda
aaeedaadde
aaeedaaded
aaeedaaedd
aaeedadade
aaeedadaed
aaeedaddae
aaeedaddea
aaeedadead
aaeedadeda
aaeedaeadd
aaeedaedad
aaeedaedda
aaeeddaade
aaeeddaaed
aaeeddadae
aaeeddadea
aaeeddaead
aaeeddaeda
aaeedddaae
aaeedddaea
aaeedddeaa
aaeeddeaad
aaeeddeada
aaeeddedaa
aaeedeaadd
aaeedeadad
aaeedeadda
aaeededaad
aaeededada
aaeededdaa
aaeeeaaddd
aaeeeadadd
aaeeeaddad
aaeeeaddda
aaeeedaadd
aaeeedadad
aaeeedadda
aaeeeddaad
aaeeeddada
aaeeedddaa
adaaaddeee
adaaadedee
adaaadeede
adaaadeeed
adaaaeddee
adaaaedede
adaaaedeed
adaaaeedde
adaaaeeded
adaaaeeedd
adaadadeee
adaadaedee
adaadaeede
adaadaeeed
adaaddaeee
adaaddeaee
adaaddeeae
adaaddeeea
adaadeadee
adaadeaede
adaadeaeed
adaadedaee
adaadedeae
adaadedeea
adaadeeade
adaadeeaed
adaadeedae
adaadeedea
adaadeeead
adaadeeeda
adaaeaddee
adaaeadede
adaaeadeed
adaaeaedde
adaaeaeded
adaaeaeedd
adaaedadee
adaaedaede
adaaedaeed
adaaeddaee
adaaeddeae
adaaeddeea
adaaedeade
adaaedeaed
adaaededae
adaaededea
adaaedeead
adaaedeeda
adaaeeadde
adaaeeaded
adaaeeaedd
adaaeedade
adaaeedaed
adaaeeddae
adaaeeddea
adaaeedead
adaaeededa
adaaeeeadd
adaaeeedad
adaaeeedda
adadaadeee
adadaaedee
adadaaeede
adadaaeeed
adadadaeee
adadadeaee
adadadeeae
adadadeeea
adadaeadee
adadaeaede
adadaeaeed
adadaedaee
adadaedeae
adadaedeea
adadaeeade
adadaeeaed
adadaeedae
adadaeedea
adadaeeead
adadaeeeda
adaddaaeee
adaddaeaee
adaddaeeae
adaddaeeea
adaddeaaee
adaddeaeae
adaddeaeea
adaddeeaae
adaddeeaea
adaddeeeaa
adadeaadee
adadeaaede
adadeaaeed
adadeadaee
adadeadeae
adadeadeea
adadeaeade
adadeaeaed
adadeaedae
adadeaedea
adadeaeead
adadeaeeda
adadedaaee
adadedaeae
adadedaeea
adadedeaae
adadedeaea
adadedeeaa
adadeeaade
adadeeaaed
adadeeadae
adadeeadea
adadeeaead
adadeeaeda
adadeedaae
adadeedaea
adadeedeaa
adadeeeaad
adadeeeada
adadeeedaa
adaeaaddee
adaeaadede
adaeaadeed
adaeaaedde
adaeaaeded
adaeaaeedd
adaeadadee
adaeadaede
adaeadaeed
adaeaddaee
adaeaddeae
adaeaddeea
adaeadeade
adaeadeaed
adaeadedae
adaeadedea
adaeadeead
adaeadeeda
adaeaeadde
adaeaeaded
adaeaeaedd
adaeaedade
adaeaedaed
adaeaeddae
adaeaeddea
adaeaedead
adaeaededa
adaeaeeadd
adaeaeedad
adaeaeedda
adaedaadee
adaedaaede
adaedaaeed
adaedadaee
adaedadeae
adaedadeea
adaedaeade
adaedaeaed
adaedaedae
adaedaedea
adaedaeead
adaedaeeda
adaeddaaee
adaeddaeae
adaeddaeea
adaeddeaae
adaeddeaea
adaeddeeaa
adaedeaade
adaedeaaed
adaedeadae
adaedeadea
adaedeaead
adaedeaeda
adaededaae
adaededaea
adaededeaa
adaedeeaad
adaedeeada
adaedeedaa
adaeeaadde
adaeeaaded
adaeeaaedd
adaeeadade
adaeeadaed
adaeeaddae
adaeeaddea
adaeeadead
adaeeadeda
adaeeaeadd
adaeeaedad
adaeeaedda
adaeedaade
adaeedaaed
adaeedadae
adaeedadea
adaeedaead
adaeedaeda
adaeeddaae
adaeeddaea
adaeeddeaa
adaeedeaad
adaeedeada
adaeededaa
adaeeeaadd
adaeeeadad
adaeeeadda
adaeeedaad
adaeeedada
adaeeeddaa
addaaadeee
addaaaedee
addaaaeede
addaaaeeed
addaadaeee
addaadeaee
addaadeeae
addaadeeea
addaaeadee
addaaeaede
addaaeaeed
addaaedaee
addaaedeae
addaaedeea
addaaeeade
addaaeeaed
addaaeedae
addaaeedea
addaaeeead
addaaeeeda
addadaaeee
addadaeaee
addadaeeae
addadaeeea
addadeaaee
addadeaeae
addadeaeea
addadeeaae
addadeeaea
addadeeeaa
addaeaadee
addaeaaede
addaeaaeed
addaeadaee
addaeadeae
addaeadeea
addaeaeade
addaeaeaed
addaeaedae
addaeaedea
addaeaeead
addaeaeeda
addaedaaee
addaedaeae
addaedaeea
addaedeaae
addaedeaea
addaedeeaa
addaeeaade
addaeeaaed
addaeeadae
addaeeadea
addaeeaead
addaeeaeda
addaeedaae
addaeedaea
addaeedeaa
addaeeeaad
addaeeeada
addaeeedaa
adddaaaeee
adddaaeaee
adddaaeeae
adddaaeeea
adddaeaaee
adddaeaeae
adddaeaeea
adddaeeaae
adddaeeaea
adddaeeeaa
adddeaaaee
adddeaaeae
adddeaaeea
adddeaeaae
adddeaeaea
adddeaeeaa
adddeeaaae
adddeeaaea
adddeeaeaa
adddeeeaaa
addeaaadee
addeaaaede
addeaaaeed
addeaadaee
addeaadeae
addeaadeea
addeaaeade
addeaaeaed
addeaaedae
addeaaedea
addeaaeead
addeaaeeda
addeadaaee
addeadaeae
addeadaeea
addeadeaae
addeadeaea
addeadeeaa
addeaeaade
addeaeaaed
addeaeadae
addeaeadea
addeaeaead
addeaeaeda
addeaedaae
addeaedaea
addeaedeaa
addeaeeaad
addeaeeada
addeaeedaa
addedaaaee
addedaaeae
addedaaeea
addedaeaae
addedaeaea
addedaeeaa
addedeaaae
addedeaaea
addedeaeaa
addedeeaaa
addeeaaade
addeeaaaed
addeeaadae
addeeaadea
addeeaaead
addeeaaeda
addeeadaae
addeeadaea
addeeadeaa
addeeaeaad
addeeaeada
addeeaedaa
addeedaaae
addeedaaea
addeedaeaa
addeedeaaa
addeeeaaad
addeeeaada
addeeeadaa
addeeedaaa
adeaaaddee
adeaaadede
adeaaadeed
adeaaaedde
adeaaaeded
adeaaaeedd
adeaadadee
adeaadaede
adeaadaeed
adeaaddaee
adeaaddeae
adeaaddeea
adeaadeade
adeaadeaed
adeaadedae
adeaadedea
adeaadeead
adeaadeeda
adeaaeadde
adeaaeaded
adeaaeaedd
adeaaedade
adeaaedaed
adeaaeddae
adeaaeddea
adeaaedead
adeaaededa
adeaaeeadd
adeaaeedad
adeaaeedda
adeadaadee
adeadaaede
adeadaaeed
adeadadaee
adeadadeae
adeadadeea
adeadaeade
adeadaeaed
adeadaedae
adeadaedea
adeadaeead
adeadaeeda
adeaddaaee
adeaddaeae
adeaddaeea
adeaddeaae
adeaddeaea
adeaddeeaa
adeadeaade
adeadeaaed
adeadeadae
adeadeadea
adeadeaead
adeadeaeda
adeadedaae
adeadedaea
adeadedeaa
adeadeeaad
adeadeeada
adeadeedaa
adeaeaadde
adeaeaaded
adeaeaaedd
adeaeadade
adeaeadaed
adeaeaddae
adeaeaddea
adeaeadead
adeaeadeda
adeaeaeadd
adeaeaedad
adeaeaedda
adeaedaade
adeaedaaed
adeaedadae
adeaedadea
adeaedaead
adeaedaeda
adeaeddaae
adeaeddaea
adeaeddeaa
adeaedeaad
adeaedeada
adeaededaa
adeaeeaadd
adeaeeadad
adeaeeadda
adeaeedaad
adeaeedada
adeaeeddaa
adedaaadee
adedaaaede
adedaaaeed
adedaadaee
adedaadeae
adedaadeea
adedaaeade
adedaaeaed
adedaaedae
adedaaedea
adedaaeead
adedaaeeda
adedadaaee
adedadaeae
adedadaeea
adedadeaae
adedadeaea
adedadeeaa
adedaeaade
adedaeaaed
adedaeadae
adedaeadea
adedaeaead
adedaeaeda
adedaedaae
adedaedaea
adedaedeaa
adedaeeaad
adedaeeada
adedaeedaa
adeddaaaee
adeddaaeae
adeddaaeea
adeddaeaae
adeddaeaea
adeddaeeaa
adeddeaaae
adeddeaaea
adeddeaeaa
adeddeeaaa
adedeaaade
adedeaaaed
adedeaadae
adedeaadea
adedeaaead
adedeaaeda
adedeadaae
adedeadaea
adedeadeaa
adedeaeaad
adedeaeada
adedeaedaa
adededaaae
adededaaea
adededaeaa
adededeaaa
adedeeaaad
adedeeaada
adedeeadaa
adedeedaaa
adeeaaadde
adeeaaaded
adeeaaaedd
adeeaadade
adeeaadaed
adeeaaddae
adeeaaddea
adeeaadead
adeeaadeda
adeeaaeadd
adeeaaedad
adeeaaedda
adeeadaade
adeeadaaed
adeeadadae
adeeadadea
adeeadaead
adeeadaeda
adeeaddaae
adeeaddaea
adeeaddeaa
adeeadeaad
adeeadeada
adeeadedaa
adeeaeaadd
adeeaeadad
adeeaeadda
adeeaedaad
adeeaedada
adeeaeddaa
adeedaaade
adeedaaaed
adeedaadae
adeedaadea
adeedaaead
adeedaaeda
adeedadaae
adeedadaea
adeedadeaa
adeedaeaad
adeedaeada
adeedaedaa
adeeddaaae
adeeddaaea
adeeddaeaa
adeeddeaaa
adeedeaaad
adeedeaada
adeedeadaa
adeededaaa
adeeeaaadd
adeeeaadad
adeeeaadda
adeeeadaad
adeeeadada
adeeeaddaa
adeeedaaad
adeeedaada
adeeedadaa
adeeeddaaa
aeaaadddee
aeaaaddede
aeaaaddeed
aeaaadedde
aeaaadeded
aeaaadeedd
aeaaaeddde
aeaaaedded
aeaaaededd
aeaaaeeddd
aeaadaddee
aeaadadede
aeaadadeed
aeaadaedde
aeaadaeded
aeaadaeedd
aeaaddadee
aeaaddaede
aeaaddaeed
aeaadddaee
aeaadddeae
aeaadddeea
aeaaddeade
aeaaddeaed
aeaaddedae
aeaaddedea
aeaaddeead
aeaaddeeda
aeaadeadde
aeaadeaded
aeaadeaedd
aeaadedade
aeaadedaed
aeaadeddae
aeaadeddea
aeaadedead
aeaadededa
aeaadeeadd
aeaadeedad
aeaadeedda
aeaaeaddde
aeaaeadded
aeaaeadedd
aeaaeaeddd
aeaaedadde
aeaaedaded
aeaaedaedd
aeaaeddade
aeaaeddaed
aeaaedddae
aeaaedddea
aeaaeddead
aeaaeddeda
aeaaedeadd
aeaaededad
aeaaededda
aeaaeeaddd
aeaaeedadd
aeaaeeddad
aeaaeeddda
aeadaaddee
aeadaadede
aeadaadeed
aeadaaedde
aeadaaeded
aeadaaeedd
aeadadadee
aeadadaede
aeadadaeed
aeadaddaee
aeadaddeae
aeadaddeea
aeadadeade
aeadadeaed
aeadadedae
aeadadedea
aeadadeead
aeadadeeda
aeadaeadde
aeadaeaded
aeadaeaedd
aeadaedade
aeadaedaed
aeadaeddae
aeadaeddea
aeadaedead
aeadaededa
aeadaeeadd
aeadaeedad
aeadaeedda
aeaddaadee
aeaddaaede
aeaddaaeed
aeaddadaee
aeaddadeae
aeaddadeea
aeaddaeade
aeaddaeaed
aeaddaedae
aeaddaedea
aeaddaeead
aeaddaeeda
aeadddaaee
aeadddaeae
aeadddaeea
aeadddeaae
aeadddeaea
aeadddeeaa
aeaddeaade
aeaddeaaed
aeaddeadae
aeaddeadea
aeaddeaead
aeaddeaeda
aeaddedaae
aeaddedaea
aeaddedeaa
aeaddeeaad
aeaddeeada
aeaddeedaa
aeadeaadde
aeadeaaded
aeadeaaedd
aeadeadade
aeadeadaed
aeadeaddae
aeadeaddea
aeadeadead
aeadeadeda
aeadeaeadd
aeadeaedad
aeadeaedda
aeadedaade
aeadedaaed
aeadedadae
aeadedadea
aeadedaead
aeadedaeda
aeadeddaae
aeadeddaea
aeadeddeaa
aeadedeaad
aeadedeada
aeadededaa
aeadeeaadd
aeadeeadad
aeadeeadda
aeadeedaad
aeadeedada
aeadeeddaa
aeaeaaddde
aeaeaadded
aeaeaadedd
aeaeaaeddd
aeaeadadde
aeaeadaded
aeaeadaedd
aeaeaddade
aeaeaddaed
aeaeadddae
aeaeadddea
aeaeaddead
aeaeaddeda
aeaeadeadd
aeaeadedad
aeaeadedda
aeaeaeaddd
aeaeaedadd
aeaeaeddad
aeaeaeddda
aeaedaadde
aeaedaaded
aeaedaaedd
aeaedadade
aeaedadaed
aeaedaddae
aeaedaddea
aeaedadead
aeaedadeda
aeaedaeadd
aeaedaedad
aeaedaedda
aeaeddaade
aeaeddaaed
aeaeddadae
aeaeddadea
aeaeddaead
aeaeddaeda
aeaedddaae
aeaedddaea
aeaedddeaa
aeaeddeaad
aeaeddeada
aeaeddedaa
aeaedeaadd
aeaedeadad
aeaedeadda
aeaededaad
aeaededada
aeaededdaa
aeaeeaaddd
aeaeeadadd
aeaeeaddad
aeaeeaddda
aeaeedaadd
aeaeedadad
aeaeedadda
aeaeeddaad
aeaeeddada
aeaeedddaa
aedaaaddee
aedaaadede
aedaaadeed
aedaaaedde
aedaaaeded
aedaaaeedd
aedaadadee
aedaadaede
aedaadaeed
aedaaddaee
aedaaddeae
aedaaddeea
aedaadeade
aedaadeaed
aedaadedae
aedaadedea
aedaadeead
aedaadeeda
aedaaeadde
aedaaeaded
aedaaeaedd
aedaaedade
aedaaedaed
aedaaeddae
aedaaeddea
aedaaedead
aedaaededa
aedaaeeadd
aedaaeedad
aedaaeedda
aedadaadee
aedadaaede
aedadaaeed
aedadadaee
aedadadeae
aedadadeea
aedadaeade
aedadaeaed
aedadaedae
aedadaedea
aedadaeead
aedadaeeda
aedaddaaee
aedaddaeae
aedaddaeea
aedaddeaae
aedaddeaea
aedaddeeaa
aedadeaade
aedadeaaed
aedadeadae
aedadeadea
aedadeaead
aedadeaeda
aedadedaae
aedadedaea
aedadedeaa
aedadeeaad
aedadeeada
aedadeedaa
aedaeaadde
aedaeaaded
aedaeaaedd
aedaeadade
aedaeadaed
aedaeaddae
aedaeaddea
aedaeadead
aedaeadeda
aedaeaeadd
aedaeaedad
aedaeaedda
aedaedaade
aedaedaaed
aedaedadae
aedaedadea
aedaedaead
aedaedaeda
aedaeddaae
aedaeddaea
aedaeddeaa
aedaedeaad
aedaedeada
aedaededaa
aedaeeaadd
aedaeeadad
aedaeeadda
aedaeedaad
aedaeedada
aedaeeddaa
aeddaaadee
aeddaaaede
aeddaaaeed
aeddaadaee
aeddaadeae
aeddaadeea
aeddaaeade
aeddaaeaed
aeddaaedae
aeddaaedea
aeddaaeead
aeddaaeeda
aeddadaaee
aeddadaeae
aeddadaeea
aeddadeaae
aeddadeaea
aeddadeeaa
aeddaeaade
aeddaeaaed
aeddaeadae
aeddaeadea
aeddaeaead
aeddaeaeda
aeddaedaae
aeddaedaea
aeddaedeaa
aeddaeeaad
aeddaeeada
aeddaeedaa
aedddaaaee
aedddaaeae
aedddaaeea
aedddaeaae
aedddaeaea
aedddaeeaa
aedddeaaae
aedddeaaea
aedddeaeaa
aedddeeaaa
aeddeaaade
aeddeaaaed
aeddeaadae
aeddeaadea
aeddeaaead
aeddeaaeda
aeddeadaae
aeddeadaea
aeddeadeaa
aeddeaeaad
aeddeaeada
aeddeaedaa
aeddedaaae
aeddedaaea
aeddedaeaa
aeddedeaaa
aeddeeaaad
aeddeeaada
aeddeeadaa
aeddeedaaa
aedeaaadde
aedeaaaded
aedeaaaedd
aedeaadade
aedeaadaed
aedeaaddae
aedeaaddea
aedeaadead
aedeaadeda
aedeaaeadd
aedeaaedad
aedeaaedda
aedeadaade
aedeadaaed
aedeadadae
aedeadadea
aedeadaead
aedeadaeda
aedeaddaae
aedeaddaea
aedeaddeaa
aedeadeaad
aedeadeada
aedeadedaa
aedeaeaadd
aedeaeadad
aedeaeadda
aedeaedaad
aedeaedada
aedeaeddaa
aededaaade
aededaaaed
aededaadae
aededaadea
aededaaead
aededaaeda
aededadaae
aededadaea
aededadeaa
aededaeaad
aededaeada
aededaedaa
aededdaaae
aededdaaea
aededdaeaa
aededdeaaa
aededeaaad
aededeaada
aededeadaa
aedededaaa
aedeeaaadd
aedeeaadad
aedeeaadda
aedeeadaad
aedeeadada
aedeeaddaa
aedeedaaad
aedeedaada
aedeedadaa
aedeeddaaa
aeeaaaddde
aeeaaadded
aeeaaadedd
aeeaaaeddd
aeeaadadde
aeeaadaded
aeeaadaedd
aeeaaddade
aeeaaddaed
aeeaadddae
aeeaadddea
aeeaaddead
aeeaaddeda
aeeaadeadd
aeeaadedad
aeeaadedda
aeeaaeaddd
aeeaaedadd
aeeaaeddad
aeeaaeddda
aeeadaadde
aeeadaaded
aeeadaaedd
aeeadadade
aeeadadaed
aeeadaddae
aeeadaddea
aeeadadead
aeeadadeda
aeeadaeadd
aeeadaedad
aeeadaedda
aeeaddaade
aeeaddaaed
aeeaddadae
aeeaddadea
aeeaddaead
aeeaddaeda
aeeadddaae
aeeadddaea
aeeadddeaa
aeeaddeaad
aeeaddeada
aeeaddedaa
aeeadeaadd
aeeadeadad
aeeadeadda
aeeadedaad
aeeadedada
aeeadeddaa
aeeaeaaddd
aeeaeadadd
aeeaeaddad
aeeaeaddda
aeeaedaadd
aeeaedadad
aeeaedadda
aeeaeddaad
aeeaeddada
aeeaedddaa
aeedaaadde
aeedaaaded
aeedaaaedd
aeedaadade
aeedaadaed
aeedaaddae
aeedaaddea
aeedaadead
aeedaadeda
aeedaaeadd
aeedaaedad
aeedaaedda
aeedadaade
aeedadaaed
aeedadadae
aeedadadea
aeedadaead
aeedadaeda
aeedaddaae
aeedaddaea
aeedaddeaa
aeedadeaad
aeedadeada
aeedadedaa
aeedaeaadd
aeedaeadad
aeedaeadda
aeedaedaad
aeedaedada
aeedaeddaa
aeeddaaade
aeeddaaaed
aeeddaadae
aeeddaadea
aeeddaaead
aeeddaaeda
aeeddadaae
aeeddadaea
aeeddadeaa
aeeddaeaad
aeeddaeada
aeeddaedaa
aeedddaaae
aeedddaaea
aeedddaeaa
aeedddeaaa
aeeddeaaad
aeeddeaada
aeeddeadaa
aeeddedaaa
aeedeaaadd
aeedeaadad
aeedeaadda
aeedeadaad
aeedeadada
aeedeaddaa
aeededaaad
aeededaada
aeededadaa
aeededdaaa
aeeeaaaddd
aeeeaadadd
aeeeaaddad
aeeeaaddda
aeeeadaadd
aeeeadadad
aeeeadadda
aeeeaddaad
aeeeaddada
aeeeadddaa
aeeedaaadd
aeeedaadad
aeeedaadda
aeeedadaad
aeeedadada
aeeedaddaa
aeeeddaaad
aeeeddaada
aeeeddadaa
aeeedddaaa
daaaaddeee
daaaadedee
daaaadeede
daaaadeeed
daaaaeddee
daaaaedede
daaaaedeed
daaaaeedde
daaaaeeded
daaaaeeedd
daaadadeee
daaadaedee
daaadaeede
daaadaeeed
daaaddaeee
daaaddeaee
daaaddeeae
daaaddeeea
daaadeadee
daaadeaede
daaadeaeed
daaadedaee
daaadedeae
daaadedeea
daaadeeade
daaadeeaed
daaadeedae
daaadeedea
daaadeeead
daaadeeeda
daaaeaddee
daaaeadede
daaaeadeed
daaaeaedde
daaaeaeded
daaaeaeedd
daaaedadee
daaaedaede
daaaedaeed
daaaeddaee
daaaeddeae
daaaeddeea
daaaedeade
daaaedeaed
daaaededae
daaaededea
daaaedeead
daaaedeeda
daaaeeadde
daaaeeaded
daaaeeaedd
daaaeedade
daaaeedaed
daaaeeddae
daaaeeddea
daaaeedead
daaaeededa
daaaeeeadd
daaaeeedad
daaaeeedda
daadaadeee
daadaaedee
daadaaeede
daadaaeeed
daadadaeee
daadadeaee
daadadeeae
daadadeeea
daadaeadee
daadaeaede
daadaeaeed
daadaedaee
daadaedeae
daadaedeea
daadaeeade
daadaeeaed
daadaeedae
daadaeedea
daadaeeead
daadaeeeda
daaddaaeee
daaddaeaee
daaddaeeae
daaddaeeea
daaddeaaee
daaddeaeae
daaddeaeea
daaddeeaae
daaddeeaea
daaddeeeaa
daadeaadee
daadeaaede
daadeaaeed
daadeadaee
daadeadeae
daadeadeea
daadeaeade
daadeaeaed
daadeaedae
daadeaedea
daadeaeead
daadeaeeda
daadedaaee
daadedaeae
daadedaeea
daadedeaae
daadedeaea
daadedeeaa
daadeeaade
daadeeaaed
daadeeadae
daadeeadea
daadeeaead
daadeeaeda
daadeedaae
daadeedaea
daadeedeaa
daadeeeaad
daadeeeada
daadeeedaa
daaeaaddee
daaeaadede
daaeaadeed
daaeaaedde
daaeaaeded
daaeaaeedd
daaeadadee
daaeadaede
daaeadaeed
daaeaddaee
daaeaddeae
daaeaddeea
daaeadeade
daaeadeaed
daaeadedae
daaeadedea
daaeadeead
daaeadeeda
daaeaeadde
daaeaeaded
daaeaeaedd
daaeaedade
daaeaedaed
daaeaeddae
daaeaeddea
daaeaedead
daaeaededa
daaeaeeadd
daaeaeedad
daaeaeedda
daaedaadee
daaedaaede
daaedaaeed
daaedadaee
daaedadeae
daaedadeea
daaedaeade
daaedaeaed
daaedaedae
daaedaedea
daaedaeead
daaedaeeda
daaeddaaee
daaeddaeae
daaeddaeea
daaeddeaae
daaeddeaea
daaeddeeaa
daaedeaade
daaedeaaed
daaedeadae
daaedeadea
daaedeaead
daaedeaeda
daaededaae
daaededaea
daaededeaa
daaedeeaad
daaedeeada
daaedeedaa
daaeeaadde
daaeeaaded
daaeeaaedd
daaeeadade
daaeeadaed
daaeeaddae
daaeeaddea
daaeeadead
daaeeadeda
daaeeaeadd
daaeeaedad
daaeeaedda
daaeedaade
daaeedaaed
daaeedadae
daaeedadea
daaeedaead
daaeedaeda
daaeeddaae
daaeeddaea
daaeeddeaa
daaeedeaad
daaeedeada
daaeededaa
daaeeeaadd
daaeeeadad
daaeeeadda
daaeeedaad
daaeeedada
daaeeeddaa
dadaaadeee
dadaaaedee
dadaaaeede
dadaaaeeed
dadaadaeee
dadaadeaee
dadaadeeae
dadaadeeea
dadaaeadee
dadaaeaede
dadaaeaeed
dadaaedaee
dadaaedeae
dadaaedeea
dadaaeeade
dadaaeeaed
dadaaeedae
dadaaeedea
dadaaeeead
dadaaeeeda
dadadaaeee
dadadaeaee
dadadaeeae
dadadaeeea
dadadeaaee
dadadeaeae
dadadeaeea
dadadeeaae
dadadeeaea
dadadeeeaa
dadaeaadee
dadaeaaede
dadaeaaeed
dadaeadaee
dadaeadeae
dadaeadeea
dadaeaeade
dadaeaeaed
dadaeaedae
dadaeaedea
dadaeaeead
dadaeaeeda
dadaedaaee
dadaedaeae
dadaedaeea
dadaedeaae
dadaedeaea
dadaedeeaa
dadaeeaade
dadaeeaaed
dadaeeadae
dadaeeadea
dadaeeaead
dadaeeaeda
dadaeedaae
dadaeedaea
dadaeedeaa
dadaeeeaad
dadaeeeada
dadaeeedaa
daddaaaeee
daddaaeaee
daddaaeeae
daddaaeeea
daddaeaaee
daddaeaeae
daddaeaeea
daddaeeaae
daddaeeaea
daddaeeeaa
daddeaaaee
daddeaaeae
daddeaaeea
daddeaeaae
daddeaeaea
daddeaeeaa
daddeeaaae
daddeeaaea
daddeeaeaa
daddeeeaaa
dadeaaadee
dadeaaaede
dadeaaaeed
dadeaadaee
dadeaadeae
dadeaadeea
dadeaaeade
dadeaaeaed
dadeaaedae
dadeaaedea
dadeaaeead
dadeaaeeda
dadeadaaee
dadeadaeae
dadeadaeea
dadeadeaae
dadeadeaea
dadeadeeaa
dadeaeaade
dadeaeaaed
dadeaeadae
dadeaeadea
dadeaeaead
dadeaeaeda
dadeaedaae
dadeaedaea
dadeaedeaa
dadeaeeaad
dadeaeeada
dadeaeedaa
dadedaaaee
dadedaaeae
dadedaaeea
dadedaeaae
dadedaeaea
dadedaeeaa
dadedeaaae
dadedeaaea
dadedeaeaa
dadedeeaaa
dadeeaaade
dadeeaaaed
dadeeaadae
dadeeaadea
dadeeaaead
dadeeaaeda
dadeeadaae
dadeeadaea
dadeeadeaa
dadeeaeaad
dadeeaeada
dadeeaedaa
dadeedaaae
dadeedaaea
dadeedaeaa
dadeedeaaa
dadeeeaaad
dadeeeaada
dadeeeadaa
dadeeedaaa
daeaaaddee
daeaaadede
daeaaadeed
daeaaaedde
daeaaaeded
daeaaaeedd
daeaadadee
daeaadaede
daeaadaeed
daeaaddaee
daeaaddeae
daeaaddeea
daeaadeade
daeaadeaed
daeaadedae
daeaadedea
daeaadeead
daeaadeeda
daeaaeadde
daeaaeaded
daeaaeaedd
daeaaedade
daeaaedaed
daeaaeddae
daeaaeddea
daeaaedead
daeaaededa
daeaaeeadd
daeaaeedad
daeaaeedda
daeadaadee
daeadaaede
daeadaaeed
daeadadaee
daeadadeae
daeadadeea
daeadaeade
daeadaeaed
daeadaedae
daeadaedea
daeadaeead
daeadaeeda
daeaddaaee
daeaddaeae
daeaddaeea
daeaddeaae
daeaddeaea
daeaddeeaa
daeadeaade
daeadeaaed
daeadeadae
daeadeadea
daeadeaead
daeadeaeda
daeadedaae
daeadedaea
daeadedeaa
daeadeeaad
daeadeeada
daeadeedaa
daeaeaadde
daeaeaaded
daeaeaaedd
daeaeadade
daeaeadaed
daeaeaddae
daeaeaddea
daeaeadead
daeaeadeda
daeaeaeadd
daeaeaedad
daeaeaedda
daeaedaade
daeaedaaed
daeaedadae
daeaedadea
daeaedaead
daeaedaeda
daeaeddaae
daeaeddaea
daeaeddeaa
daeaedeaad
daeaedeada
daeaededaa
daeaeeaadd
daeaeeadad
daeaeeadda
daeaeedaad
daeaeedada
daeaeeddaa
daedaaadee
daedaaaede
daedaaaeed
daedaadaee
daedaadeae
daedaadeea
daedaaeade
daedaaeaed
daedaaedae
daedaaedea
daedaaeead
daedaaeeda
daedadaaee
daedadaeae
daedadaeea
daedadeaae
daedadeaea
daedadeeaa
daedaeaade
daedaeaaed
daedaeadae
daedaeadea
daedaeaead
daedaeaeda
daedaedaae
daedaedaea
daedaedeaa
daedaeeaad
daedaeeada
daedaeedaa
daeddaaaee
daeddaaeae
daeddaaeea
daeddaeaae
daeddaeaea
daeddaeeaa
daeddeaaae
daeddeaaea
daeddeaeaa
daeddeeaaa
daedeaaade
daedeaaaed
daedeaadae
daedeaadea
daedeaaead
daedeaaeda
daedeadaae
daedeadaea
daedeadeaa
daedeaeaad
daedeaeada
daedeaedaa
daededaaae
daededaaea
daededaeaa
daededeaaa
daedeeaaad
daedeeaada
daedeeadaa
daedeedaaa
daeeaaadde
daeeaaaded
daeeaaaedd
daeeaadade
daeeaadaed
daeeaaddae
daeeaaddea
daeeaadead
daeeaadeda
daeeaaeadd
daeeaaedad
daeeaaedda
daeeadaade
daeeadaaed
daeeadadae
daeeadadea
daeeadaead
daeeadaeda
daeeaddaae
daeeaddaea
daeeaddeaa
daeeadeaad
daeeadeada
daeeadedaa
daeeaeaadd
daeeaeadad
daeeaeadda
daeeaedaad
daeeaedada
daeeaeddaa
daeedaaade
daeedaaaed
daeedaadae
daeedaadea
daeedaaead
daeedaaeda
daeedadaae
daeedadaea
daeedadeaa
daeedaeaad
daeedaeada
daeedaedaa
daeeddaaae
daeeddaaea
daeeddaeaa
daeeddeaaa
daeedeaaad
daeedeaada
daeedeadaa
daeededaaa
daeeeaaadd
daeeeaadad
daeeeaadda
daeeeadaad
daeeeadada
daeeeaddaa
daeeedaaad
daeeedaada
daeeedadaa
daeeeddaaa
ddaaaadeee
ddaaaaedee
ddaaaaeede
ddaaaaeeed
ddaaadaeee
ddaaadeaee
ddaaadeeae
ddaaadeeea
ddaaaeadee
ddaaaeaede
ddaaaeaeed
ddaaaedaee
ddaaaedeae
ddaaaedeea
ddaaaeeade
ddaaaeeaed
ddaaaeedae
ddaaaeedea
ddaaaeeead
ddaaaeeeda
ddaadaaeee
ddaadaeaee
ddaadaeeae
ddaadaeeea
ddaadeaaee
ddaadeaeae
ddaadeaeea
ddaadeeaae
ddaadeeaea
ddaadeeeaa
ddaaeaadee
ddaaeaaede
ddaaeaaeed
ddaaeadaee
ddaaeadeae
ddaaeadeea
ddaaeaeade
ddaaeaeaed
ddaaeaedae
ddaaeaedea
ddaaeaeead
ddaaeaeeda
ddaaedaaee
ddaaedaeae
ddaaedaeea
ddaaedeaae
ddaaedeaea
ddaaedeeaa
ddaaeeaade
ddaaeeaaed
ddaaeeadae
ddaaeeadea
ddaaeeaead
ddaaeeaeda
ddaaeedaae
ddaaeedaea
ddaaeedeaa
ddaaeeeaad
ddaaeeeada
ddaaeeedaa
ddadaaaeee
ddadaaeaee
ddadaaeeae
ddadaaeeea
ddadaeaaee
ddadaeaeae
ddadaeaeea
ddadaeeaae
ddadaeeaea
ddadaeeeaa
ddadeaaaee
ddadeaaeae
ddadeaaeea
ddadeaeaae
ddadeaeaea
ddadeaeeaa
ddadeeaaae
ddadeeaaea
ddadeeaeaa
ddadeeeaaa
ddaeaaadee
ddaeaaaede
ddaeaaaeed
ddaeaadaee
ddaeaadeae
ddaeaadeea
ddaeaaeade
ddaeaaeaed
ddaeaaedae
ddaeaaedea
ddaeaaeead
ddaeaaeeda
ddaeadaaee
ddaeadaeae
ddaeadaeea
ddaeadeaae
ddaeadeaea
ddaeadeeaa
ddaeaeaade
ddaeaeaaed
ddaeaeadae
ddaeaeadea
ddaeaeaead
ddaeaeaeda
ddaeaedaae
ddaeaedaea
ddaeaedeaa
ddaeaeeaad
ddaeaeeada
ddaeaeedaa
ddaedaaaee
ddaedaaeae
ddaedaaeea
ddaedaeaae
ddaedaeaea
ddaedaeeaa
ddaedeaaae
ddaedeaaea
ddaedeaeaa
ddaedeeaaa
ddaeeaaade
ddaeeaaaed
ddaeeaadae
ddaeeaadea
ddaeeaaead
ddaeeaaeda
ddaeeadaae
ddaeeadaea
ddaeeadeaa
ddaeeaeaad
ddaeeaeada
ddaeeaedaa
ddaeedaaae
ddaeedaaea
ddaeedaeaa
ddaeedeaaa
ddaeeeaaad
ddaeeeaada
ddaeeeadaa
ddaeeedaaa
dddaaaaeee
dddaaaeaee
dddaaaeeae
dddaaaeeea
dddaaeaaee
dddaaeaeae
dddaaeaeea
dddaaeeaae
dddaaeeaea
dddaaeeeaa
dddaeaaaee
dddaeaaeae
dddaeaaeea
dddaeaeaae
dddaeaeaea
dddaeaeeaa
dddaeeaaae
dddaeeaaea
dddaeeaeaa
dddaeeeaaa
dddeaaaaee
dddeaaaeae
dddeaaaeea
dddeaaeaae
dddeaaeaea
dddeaaeeaa
dddeaeaaae
dddeaeaaea
dddeaeaeaa
dddeaeeaaa
dddeeaaaae
dddeeaaaea
dddeeaaeaa
dddeeaeaaa
dddeeeaaaa
ddeaaaadee
ddeaaaaede
ddeaaaaeed
ddeaaadaee
ddeaaadeae
ddeaaadeea
ddeaaaeade
ddeaaaeaed
ddeaaaedae
ddeaaaedea
ddeaaaeead
ddeaaaeeda
ddeaadaaee
ddeaadaeae
ddeaadaeea
ddeaadeaae
ddeaadeaea
ddeaadeeaa
ddeaaeaade
ddeaaeaaed
ddeaaeadae
ddeaaeadea
ddeaaeaead
ddeaaeaeda
ddeaaedaae
ddeaaedaea
ddeaaedeaa
ddeaaeeaad
ddeaaeeada
ddeaaeedaa
ddeadaaaee
ddeadaaeae
ddeadaaeea
ddeadaeaae
ddeadaeaea
ddeadaeeaa
ddeadeaaae
ddeadeaaea
ddeadeaeaa
ddeadeeaaa
ddeaeaaade
ddeaeaaaed
ddeaeaadae
ddeaeaadea
ddeaeaaead
ddeaeaaeda
ddeaeadaae
ddeaeadaea
ddeaeadeaa
ddeaeaeaad
ddeaeaeada
ddeaeaedaa
ddeaedaaae
ddeaedaaea
ddeaedaeaa
ddeaedeaaa
ddeaeeaaad
ddeaeeaada
ddeaeeadaa
ddeaeedaaa
ddedaaaaee
ddedaaaeae
ddedaaaeea
ddedaaeaae
ddedaaeaea
ddedaaeeaa
ddedaeaaae
ddedaeaaea
ddedaeaeaa
ddedaeeaaa
ddedeaaaae
ddedeaaaea
ddedeaaeaa
ddedeaeaaa
ddedeeaaaa
ddeeaaaade
ddeeaaaaed
ddeeaaadae
ddeeaaadea
ddeeaaaead
ddeeaaaeda
ddeeaadaae
ddeeaadaea
ddeeaadeaa
ddeeaaeaad
ddeeaaeada
ddeeaaedaa
ddeeadaaae
ddeeadaaea
ddeeadaeaa
ddeeadeaaa
ddeeaeaaad
ddeeaeaada
ddeeaeadaa
ddeeaedaaa
ddeedaaaae
ddeedaaaea
ddeedaaeaa
ddeedaeaaa
ddeedeaaaa
ddeeeaaaad
ddeeeaaada
ddeeeaadaa
ddeeeadaaa
ddeeedaaaa
deaaaaddee
deaaaadede
deaaaadeed
deaaaaedde
deaaaaeded
deaaaaeedd
deaaadadee
deaaadaede
deaaadaeed
deaaaddaee
deaaaddeae
deaaaddeea
deaaadeade
deaaadeaed
deaaadedae
deaaadedea
deaaadeead
deaaadeeda
deaaaeadde
deaaaeaded
deaaaeaedd
deaaaedade
deaaaedaed
deaaaeddae
deaaaeddea
deaaaedead
deaaaededa
deaaaeeadd
deaaaeedad
deaaaeedda
deaadaadee
deaadaaede
deaadaaeed
deaadadaee
deaadadeae
deaadadeea
deaadaeade
deaadaeaed
deaadaedae
deaadaedea
deaadaeead
deaadaeeda
deaaddaaee
deaaddaeae
deaaddaeea
deaaddeaae
deaaddeaea
deaaddeeaa
deaadeaade
deaadeaaed
deaadeadae
deaadeadea
deaadeaead
deaadeaeda
deaadedaae
deaadedaea
deaadedeaa
deaadeeaad
deaadeeada
deaadeedaa
deaaeaadde
deaaeaaded
deaaeaaedd
deaaeadade
deaaeadaed
deaaeaddae
deaaeaddea
deaaeadead
deaaeadeda
deaaeaeadd
deaaeaedad
deaaeaedda
deaaedaade
deaaedaaed
deaaedadae
deaaedadea
deaaedaead
deaaedaeda
deaaeddaae
deaaeddaea
deaaeddeaa
deaaedeaad
deaaedeada
deaaededaa
deaaeeaadd
deaaeeadad
deaaeeadda
deaaeedaad
deaaeedada
deaaeeddaa
deadaaadee
deadaaaede
deadaaaeed
deadaadaee
deadaadeae
deadaadeea
deadaaeade
deadaaeaed
deadaaedae
deadaaedea
deadaaeead
deadaaeeda
deadadaaee
deadadaeae
deadadaeea
deadadeaae
deadadeaea
deadadeeaa
deadaeaade
deadaeaaed
deadaeadae
deadaeadea
deadaeaead
deadaeaeda
deadaedaae
deadaedaea
deadaedeaa
deadaeeaad
deadaeeada
deadaeedaa
deaddaaaee
deaddaaeae
deaddaaeea
deaddaeaae
deaddaeaea
deaddaeeaa
deaddeaaae
deaddeaaea
deaddeaeaa
deaddeeaaa
deadeaaade
deadeaaaed
deadeaadae
deadeaadea
deadeaaead
deadeaaeda
deadeadaae
deadeadaea
deadeadeaa
deadeaeaad
deadeaeada
deadeaedaa
deadedaaae
deadedaaea
deadedaeaa
deadedeaaa
deadeeaaad
deadeeaada
deadeeadaa
deadeedaaa
deaeaaadde
deaeaaaded
deaeaaaedd
deaeaadade
deaeaadaed
deaeaaddae
deaeaaddea
deaeaadead
deaeaadeda
deaeaaeadd
deaeaaedad
deaeaaedda
deaeadaade
deaeadaaed
deaeadadae
deaeadadea
deaeadaead
deaeadaeda
deaeaddaae
deaeaddaea
deaeaddeaa
deaeadeaad
deaeadeada
deaeadedaa
deaeaeaadd
deaeaeadad
deaeaeadda
deaeaedaad
deaeaedada
deaeaeddaa
deaedaaade
deaedaaaed
deaedaadae
deaedaadea
deaedaaead
deaedaaeda
deaedadaae
deaedadaea
deaedadeaa
deaedaeaad
deaedaeada
deaedaedaa
deaeddaaae
deaeddaaea
deaeddaeaa
deaeddeaaa
deaedeaaad
deaedeaada
deaedeadaa
deaededaaa
deaeeaaadd
deaeeaadad
deaeeaadda
deaeeadaad
deaeeadada
deaeeaddaa
deaeedaaad
deaeedaada
deaeedadaa
deaeeddaaa
dedaaaadee
dedaaaaede
dedaaaaeed
dedaaadaee
dedaaadeae
dedaaadeea
dedaaaeade
dedaaaeaed
dedaaaedae
dedaaaedea
dedaaaeead
dedaaaeeda
dedaadaaee
dedaadaeae
dedaadaeea
dedaadeaae
dedaadeaea
dedaadeeaa
dedaaeaade
dedaaeaaed
dedaaeadae
dedaaeadea
dedaaeaead
dedaaeaeda
dedaaedaae
dedaaedaea
dedaaedeaa
dedaaeeaad
dedaaeeada
dedaaeedaa
dedadaaaee
dedadaaeae
dedadaaeea
dedadaeaae
dedadaeaea
dedadaeeaa
dedadeaaae
dedadeaaea
dedadeaeaa
dedadeeaaa
dedaeaaade
dedaeaaaed
dedaeaadae
dedaeaadea
dedaeaaead
dedaeaaeda
dedaeadaae
dedaeadaea
dedaeadeaa
dedaeaeaad
dedaeaeada
dedaeaedaa
dedaedaaae
dedaedaaea
dedaedaeaa
dedaedeaaa
dedaeeaaad
dedaeeaada
dedaeeadaa
dedaeedaaa
deddaaaaee
deddaaaeae
deddaaaeea
deddaaeaae
deddaaeaea
deddaaeeaa
deddaeaaae
deddaeaaea
deddaeaeaa
deddaeeaaa
deddeaaaae
deddeaaaea
deddeaaeaa
deddeaeaaa
deddeeaaaa
dedeaaaade
dedeaaaaed
dedeaaadae
dedeaaadea
dedeaaaead
dedeaaaeda
dedeaadaae
dedeaadaea
dedeaadeaa
dedeaaeaad
dedeaaeada
dedeaaedaa
dedeadaaae
dedeadaaea
dedeadaeaa
dedeadeaaa
dedeaeaaad
dedeaeaada
dedeaeadaa
dedeaedaaa
dededaaaae
dededaaaea
dededaaeaa
dededaeaaa
dededeaaaa
dedeeaaaad
dedeeaaada
dedeeaadaa
dedeeadaaa
dedeedaaaa
deeaaaadde
deeaaaaded
deeaaaaedd
deeaaadade
deeaaadaed
deeaaaddae
deeaaaddea
deeaaadead
deeaaadeda
deeaaaeadd
deeaaaedad
deeaaaedda
deeaadaade
deeaadaaed
deeaadadae
deeaadadea
deeaadaead
deeaadaeda
deeaaddaae
deeaaddaea
deeaaddeaa
deeaadeaad
deeaadeada
deeaadedaa
deeaaeaadd
deeaaeadad
deeaaeadda
deeaaedaad
deeaaedada
deeaaeddaa
deeadaaade
deeadaaaed
deeadaadae
deeadaadea
deeadaaead
deeadaaeda
deeadadaae
deeadadaea
deeadadeaa
deeadaeaad
deeadaeada
deeadaedaa
deeaddaaae
deeaddaaea
deeaddaeaa
deeaddeaaa
deeadeaaad
deeadeaada
deeadeadaa
deeadedaaa
deeaeaaadd
deeaeaadad
deeaeaadda
deeaeadaad
deeaeadada
deeaeaddaa
deeaedaaad
deeaedaada
deeaedadaa
deeaeddaaa
deedaaaade
deedaaaaed
deedaaadae
deedaaadea
deedaaaead
deedaaaeda
deedaadaae
deedaadaea
deedaadeaa
deedaaeaad
deedaaeada
deedaaedaa
deedadaaae
deedadaaea
deedadaeaa
deedadeaaa
deedaeaaad
deedaeaada
deedaeadaa
deedaedaaa
deeddaaaae
deeddaaaea
deeddaaeaa
deeddaeaaa
deeddeaaaa
deedeaaaad
deedeaaada
deedeaadaa
deedeadaaa
deededaaaa
deeeaaaadd
deeeaaadad
deeeaaadda
deeeaadaad
deeeaadada
deeeaaddaa
deeeadaaad
deeeadaada
deeeadadaa
deeeaddaaa
deeedaaaad
deeedaaada
deeedaadaa
deeedadaaa
deeeddaaaa
eaaaadddee
eaaaaddede
eaaaaddeed
eaaaadedde
eaaaadeded
eaaaadeedd
eaaaaeddde
eaaaaedded
eaaaaededd
eaaaaeeddd
eaaadaddee
eaaadadede
eaaadadeed
eaaadaedde
eaaadaeded
eaaadaeedd
eaaaddadee
eaaaddaede
eaaaddaeed
eaaadddaee
eaaadddeae
eaaadddeea
eaaaddeade
eaaaddeaed
eaaaddedae
eaaaddedea
eaaaddeead
eaaaddeeda
eaaadeadde
eaaadeaded
eaaadeaedd
eaaadedade
eaaadedaed
eaaadeddae
eaaadeddea
eaaadedead
eaaadededa
eaaadeeadd
eaaadeedad
eaaadeedda
eaaaeaddde
eaaaeadded
eaaaeadedd
eaaaeaeddd
eaaaedadde
eaaaedaded
eaaaedaedd
eaaaeddade
eaaaeddaed
eaaaedddae
eaaaedddea
eaaaeddead
eaaaeddeda
eaaaedeadd
eaaaededad
eaaaededda
eaaaeeaddd
eaaaeedadd
eaaaeeddad
eaaaeeddda
eaadaaddee
eaadaadede
eaadaadeed
eaadaaedde
eaadaaeded
eaadaaeedd
eaadadadee
eaadadaede
eaadadaeed
eaadaddaee
eaadaddeae
eaadaddeea
eaadadeade
eaadadeaed
eaadadedae
eaadadedea
eaadadeead
eaadadeeda
eaadaeadde
eaadaeaded
eaadaeaedd
eaadaedade
eaadaedaed
eaadaeddae
eaadaeddea
eaadaedead
eaadaededa
eaadaeeadd
eaadaeedad
eaadaeedda
eaaddaadee
eaaddaaede
eaaddaaeed
eaaddadaee
eaaddadeae
eaaddadeea
eaaddaeade
eaaddaeaed
eaaddaedae
eaaddaedea
eaaddaeead
eaaddaeeda
eaadddaaee
eaadddaeae
eaadddaeea
eaadddeaae
eaadddeaea
eaadddeeaa
eaaddeaade
eaaddeaaed
eaaddeadae
eaaddeadea
eaaddeaead
eaaddeaeda
eaaddedaae
eaaddedaea
eaaddedeaa
eaaddeeaad
eaaddeeada
eaaddeedaa
eaadeaadde
eaadeaaded
eaadeaaedd
eaadeadade
eaadeadaed
eaadeaddae
eaadeaddea
eaadeadead
eaadeadeda
eaadeaeadd
eaadeaedad
eaadeaedda
eaadedaade
eaadedaaed
eaadedadae
eaadedadea
eaadedaead
eaadedaeda
eaadeddaae
eaadeddaea
eaadeddeaa
eaadedeaad
eaadedeada
eaadededaa
eaadeeaadd
eaadeeadad
eaadeeadda
eaadeedaad
eaadeedada
eaadeeddaa
eaaeaaddde
eaaeaadded
eaaeaadedd
eaaeaaeddd
eaaeadadde
eaaeadaded
eaaeadaedd
eaaeaddade
eaaeaddaed
eaaeadddae
eaaeadddea
eaaeaddead
eaaeaddeda
eaaeadeadd
eaaeadedad
eaaeadedda
eaaeaeaddd
eaaeaedadd
eaaeaeddad
eaaeaeddda
eaaedaadde
eaaedaaded
eaaedaaedd
eaaedadade
eaaedadaed
eaaedaddae
eaaedaddea
eaaedadead
eaaedadeda
eaaedaeadd
eaaedaedad
eaaedaedda
eaaeddaade
eaaeddaaed
eaaeddadae
eaaeddadea
eaaeddaead
eaaeddaeda
eaaedddaae
eaaedddaea
eaaedddeaa
eaaeddeaad
eaaeddeada
eaaeddedaa
eaaedeaadd
eaaedeadad
eaaedeadda
eaaededaad
eaaededada
eaaededdaa
eaaeeaaddd
eaaeeadadd
eaaeeaddad
eaaeeaddda
eaaeedaadd
eaaeedadad
eaaeedadda
eaaeeddaad
eaaeeddada
eaaeedddaa
eadaaaddee
eadaaadede
eadaaadeed
eadaaaedde
eadaaaeded
eadaaaeedd
eadaadadee
eadaadaede
eadaadaeed
eadaaddaee
eadaaddeae
eadaaddeea
eadaadeade
eadaadeaed
eadaadedae
eadaadedea
eadaadeead
eadaadeeda
eadaaeadde
eadaaeaded
eadaaeaedd
eadaaedade
eadaaedaed
eadaaeddae
eadaaeddea
eadaaedead
eadaaededa
eadaaeeadd
eadaaeedad
eadaaeedda
eadadaadee
eadadaaede
eadadaaeed
eadadadaee
eadadadeae
eadadadeea
eadadaeade
eadadaeaed
eadadaedae
eadadaedea
eadadaeead
eadadaeeda
eadaddaaee
eadaddaeae
eadaddaeea
eadaddeaae
eadaddeaea
eadaddeeaa
eadadeaade
eadadeaaed
eadadeadae
eadadeadea
eadadeaead
eadadeaeda
eadadedaae
eadadedaea
eadadedeaa
eadadeeaad
eadadeeada
eadadeedaa
eadaeaadde
eadaeaaded
eadaeaaedd
eadaeadade
eadaeadaed
eadaeaddae
eadaeaddea
eadaeadead
eadaeadeda
eadaeaeadd
eadaeaedad
eadaeaedda
eadaedaade
eadaedaaed
eadaedadae
eadaedadea
eadaedaead
eadaedaeda
eadaeddaae
eadaeddaea
eadaeddeaa
eadaedeaad
eadaedeada
eadaededaa
eadaeeaadd
eadaeeadad
eadaeeadda
eadaeedaad
eadaeedada
eadaeeddaa
eaddaaadee
eaddaaaede
eaddaaaeed
eaddaadaee
eaddaadeae
eaddaadeea
eaddaaeade
eaddaaeaed
eaddaaedae
eaddaaedea
eaddaaeead
eaddaaeeda
eaddadaaee
eaddadaeae
eaddadaeea
eaddadeaae
eaddadeaea
eaddadeeaa
eaddaeaade
eaddaeaaed
eaddaeadae
eaddaeadea
eaddaeaead
eaddaeaeda
eaddaedaae
eaddaedaea
eaddaedeaa
eaddaeeaad
eaddaeeada
eaddaeedaa
eadddaaaee
eadddaaeae
eadddaaeea
eadddaeaae
eadddaeaea
eadddaeeaa
eadddeaaae
eadddeaaea
eadddeaeaa
eadddeeaaa
eaddeaaade
eaddeaaaed
eaddeaadae
eaddeaadea
eaddeaaead
eaddeaaeda
eaddeadaae
eaddeadaea
eaddeadeaa
eaddeaeaad
eaddeaeada
eaddeaedaa
eaddedaaae
eaddedaaea
eaddedaeaa
eaddedeaaa
eaddeeaaad
eaddeeaada
eaddeeadaa
eaddeedaaa
eadeaaadde
eadeaaaded
eadeaaaedd
eadeaadade
eadeaadaed
eadeaaddae
eadeaaddea
eadeaadead
eadeaadeda
eadeaaeadd
eadeaaedad
eadeaaedda
eadeadaade
eadeadaaed
eadeadadae
eadeadadea
eadeadaead
eadeadaeda
eadeaddaae
eadeaddaea
eadeaddeaa
eadeadeaad
eadeadeada
eadeadedaa
eadeaeaadd
eadeaeadad
eadeaeadda
eadeaedaad
eadeaedada
eadeaeddaa
eadedaaade
eadedaaaed
eadedaadae
eadedaadea
eadedaaead
eadedaaeda
eadedadaae
eadedadaea
eadedadeaa
eadedaeaad
eadedaeada
eadedaedaa
eadeddaaae
eadeddaaea
eadeddaeaa
eadeddeaaa
eadedeaaad
eadedeaada
eadedeadaa
eadededaaa
eadeeaaadd
eadeeaadad
eadeeaadda
eadeeadaad
eadeeadada
eadeeaddaa
eadeedaaad
eadeedaada
eadeedadaa
eadeeddaaa
eaeaaaddde
eaeaaadded
eaeaaadedd
eaeaaaeddd
eaeaadadde
eaeaadaded
eaeaadaedd
eaeaaddade
eaeaaddaed
eaeaadddae
eaeaadddea
eaeaaddead
eaeaaddeda
eaeaadeadd
eaeaadedad
eaeaadedda
eaeaaeaddd
eaeaaedadd
eaeaaeddad
eaeaaeddda
eaeadaadde
eaeadaaded
eaeadaaedd
eaeadadade
eaeadadaed
eaeadaddae
eaeadaddea
eaeadadead
eaeadadeda
eaeadaeadd
eaeadaedad
eaeadaedda
eaeaddaade
eaeaddaaed
eaeaddadae
eaeaddadea
eaeaddaead
eaeaddaeda
eaeadddaae
eaeadddaea
eaeadddeaa
eaeaddeaad
eaeaddeada
eaeaddedaa
eaeadeaadd
eaeadeadad
eaeadeadda
eaeadedaad
eaeadedada
eaeadeddaa
eaeaeaaddd
eaeaeadadd
eaeaeaddad
eaeaeaddda
eaeaedaadd
eaeaedadad
eaeaedadda
eaeaeddaad
eaeaeddada
eaeaedddaa
eaedaaadde
eaedaaaded
eaedaaaedd
eaedaadade
eaedaadaed
eaedaaddae
eaedaaddea
eaedaadead
eaedaadeda
eaedaaeadd
eaedaaedad
eaedaaedda
eaedadaade
eaedadaaed
eaedadadae
eaedadadea
eaedadaead
eaedadaeda
eaedaddaae
eaedaddaea
eaedaddeaa
eaedadeaad
eaedadeada
eaedadedaa
eaedaeaadd
eaedaeadad
eaedaeadda
eaedaedaad
eaedaedada
eaedaeddaa
eaeddaaade
eaeddaaaed
eaeddaadae
eaeddaadea
eaeddaaead
eaeddaaeda
eaeddadaae
eaeddadaea
eaeddadeaa
eaeddaeaad
eaeddaeada
eaeddaedaa
eaedddaaae
eaedddaaea
eaedddaeaa
eaedddeaaa
eaeddeaaad
eaeddeaada
eaeddeadaa
eaeddedaaa
eaedeaaadd
eaedeaadad
eaedeaadda
eaedeadaad
eaedeadada
eaedeaddaa
eaededaaad
eaededaada
eaededadaa
eaededdaaa
eaeeaaaddd
eaeeaadadd
eaeeaaddad
eaeeaaddda
eaeeadaadd
eaeeadadad
eaeeadadda
eaeeaddaad
eaeeaddada
eaeeadddaa
eaeedaaadd
eaeedaadad
eaeedaadda
eaeedadaad
eaeedadada
eaeedaddaa
eaeeddaaad
eaeeddaada
eaeeddadaa
eaeedddaaa
edaaaaddee
edaaaadede
edaaaadeed
edaaaaedde
edaaaaeded
edaaaaeedd
edaaadadee
edaaadaede
edaaadaeed
edaaaddaee
edaaaddeae
edaaaddeea
edaaadeade
edaaadeaed
edaaadedae
edaaadedea
edaaadeead
edaaadeeda
edaaaeadde
edaaaeaded
edaaaeaedd
edaaaedade
edaaaedaed
edaaaeddae
edaaaeddea
edaaaedead
edaaaededa
edaaaeeadd
edaaaeedad
edaaaeedda
edaadaadee
edaadaaede
edaadaaeed
edaadadaee
edaadadeae
edaadadeea
edaadaeade
edaadaeaed
edaadaedae
edaadaedea
edaadaeead
edaadaeeda
edaaddaaee
edaaddaeae
edaaddaeea
edaaddeaae
edaaddeaea
edaaddeeaa
edaadeaade
edaadeaaed
edaadeadae
edaadeadea
edaadeaead
edaadeaeda
edaadedaae
edaadedaea
edaadedeaa
edaadeeaad
edaadeeada
edaadeedaa
edaaeaadde
edaaeaaded
edaaeaaedd
edaaeadade
edaaeadaed
edaaeaddae
edaaeaddea
edaaeadead
edaaeadeda
edaaeaeadd
edaaeaedad
edaaeaedda
edaaedaade
edaaedaaed
edaaedadae
edaaedadea
edaaedaead
edaaedaeda
edaaeddaae
edaaeddaea
edaaeddeaa
edaaedeaad
edaaedeada
edaaededaa
edaaeeaadd
edaaeeadad
edaaeeadda
edaaeedaad
edaaeedada
edaaeeddaa
edadaaadee
edadaaaede
edadaaaeed
edadaadaee
edadaadeae
edadaadeea
edadaaeade
edadaaeaed
edadaaedae
edadaaedea
edadaaeead
edadaaeeda
edadadaaee
edadadaeae
edadadaeea
edadadeaae
edadadeaea
edadadeeaa
edadaeaade
edadaeaaed
edadaeadae
edadaeadea
edadaeaead
edadaeaeda
edadaedaae
edadaedaea
edadaedeaa
edadaeeaad
edadaeeada
edadaeedaa
edaddaaaee
edaddaaeae
edaddaaeea
edaddaeaae
edaddaeaea
edaddaeeaa
edaddeaaae
edaddeaaea
edaddeaeaa
edaddeeaaa
edadeaaade
edadeaaaed
edadeaadae
edadeaadea
edadeaaead
edadeaaeda
edadeadaae
edadeadaea
edadeadeaa
edadeaeaad
edadeaeada
edadeaedaa
edadedaaae
edadedaaea
edadedaeaa
edadedeaaa
edadeeaaad
edadeeaada
edadeeadaa
edadeedaaa
edaeaaadde
edaeaaaded
edaeaaaedd
edaeaadade
edaeaadaed
edaeaaddae
edaeaaddea
edaeaadead
edaeaadeda
edaeaaeadd
edaeaaedad
edaeaaedda
edaeadaade
edaeadaaed
edaeadadae
edaeadadea
edaeadaead
edaeadaeda
edaeaddaae
edaeaddaea
edaeaddeaa
edaeadeaad
edaeadeada
edaeadedaa
edaeaeaadd
edaeaeadad
edaeaeadda
edaeaedaad
edaeaedada
edaeaeddaa
edaedaaade
edaedaaaed
edaedaadae
edaedaadea
edaedaaead
edaedaaeda
edaedadaae
edaedadaea
edaedadeaa
edaedaeaad
edaedaeada
edaedaedaa
edaeddaaae
edaeddaaea
edaeddaeaa
edaeddeaaa
edaedeaaad
edaedeaada
edaedeadaa
edaededaaa
edaeeaaadd
edaeeaadad
edaeeaadda
edaeeadaad
edaeeadada
edaeeaddaa
edaeedaaad
edaeedaada
edaeedadaa
edaeeddaaa
eddaaaadee
eddaaaaede
eddaaaaeed
eddaaadaee
eddaaadeae
eddaaadeea
eddaaaeade
eddaaaeaed
eddaaaedae
eddaaaedea
eddaaaeead
eddaaaeeda
eddaadaaee
eddaadaeae
eddaadaeea
eddaadeaae
eddaadeaea
eddaadeeaa
eddaaeaade
eddaaeaaed
eddaaeadae
eddaaeadea
eddaaeaead
eddaaeaeda
eddaaedaae
eddaaedaea
eddaaedeaa
eddaaeeaad
eddaaeeada
eddaaeedaa
eddadaaaee
eddadaaeae
eddadaaeea
eddadaeaae
eddadaeaea
eddadaeeaa
eddadeaaae
eddadeaaea
eddadeaeaa
eddadeeaaa
eddaeaaade
eddaeaaaed
eddaeaadae
eddaeaadea
eddaeaaead
eddaeaaeda
eddaeadaae
eddaeadaea
eddaeadeaa
eddaeaeaad
eddaeaeada
eddaeaedaa
eddaedaaae
eddaedaaea
eddaedaeaa
eddaedeaaa
eddaeeaaad
eddaeeaada
eddaeeadaa
eddaeedaaa
edddaaaaee
edddaaaeae
edddaaaeea
edddaaeaae
edddaaeaea
edddaaeeaa
edddaeaaae
edddaeaaea
edddaeaeaa
edddaeeaaa
edddeaaaae
edddeaaaea
edddeaaeaa
edddeaeaaa
edddeeaaaa
eddeaaaade
eddeaaaaed
eddeaaadae
eddeaaadea
eddeaaaead
eddeaaaeda
eddeaadaae
eddeaadaea
eddeaadeaa
eddeaaeaad
eddeaaeada
eddeaaedaa
eddeadaaae
eddeadaaea
eddeadaeaa
eddeadeaaa
eddeaeaaad
eddeaeaada
eddeaeadaa
eddeaedaaa
eddedaaaae
eddedaaaea
eddedaaeaa
eddedaeaaa
eddedeaaaa
eddeeaaaad
eddeeaaada
eddeeaadaa
eddeeadaaa
eddeedaaaa
edeaaaadde
edeaaaaded
edeaaaaedd
edeaaadade
edeaaadaed
edeaaaddae
edeaaaddea
edeaaadead
edeaaadeda
edeaaaeadd
edeaaaedad
edeaaaedda
edeaadaade
edeaadaaed
edeaadadae
edeaadadea
edeaadaead
edeaadaeda
edeaaddaae
edeaaddaea
edeaaddeaa
edeaadeaad
edeaadeada
edeaadedaa
edeaaeaadd
edeaaeadad
edeaaeadda
edeaaedaad
edeaaedada
edeaaeddaa
edeadaaade
edeadaaaed
edeadaadae
edeadaadea
edeadaaead
edeadaaeda
edeadadaae
edeadadaea
edeadadeaa
edeadaeaad
edeadaeada
edeadaedaa
edeaddaaae
edeaddaaea
edeaddaeaa
edeaddeaaa
edeadeaaad
edeadeaada
edeadeadaa
edeadedaaa
edeaeaaadd
edeaeaadad
edeaeaadda
edeaeadaad
edeaeadada
edeaeaddaa
edeaedaaad
edeaedaada
edeaedadaa
edeaeddaaa
ededaaaade
ededaaaaed
ededaaadae
ededaaadea
ededaaaead
ededaaaeda
ededaadaae
ededaadaea
ededaadeaa
ededaaeaad
ededaaeada
ededaaedaa
ededadaaae
ededadaaea
ededadaeaa
ededadeaaa
ededaeaaad
ededaeaada
ededaeadaa
ededaedaaa
ededdaaaae
ededdaaaea
ededdaaeaa
ededdaeaaa
ededdeaaaa
ededeaaaad
ededeaaada
ededeaadaa
ededeadaaa
edededaaaa
edeeaaaadd
edeeaaadad
edeeaaadda
edeeaadaad
edeeaadada
edeeaaddaa
edeeadaaad
edeeadaada
edeeadadaa
edeeaddaaa
edeedaaaad
edeedaaada
edeedaadaa
edeedadaaa
edeeddaaaa
eeaaaaddde
eeaaaadded
eeaaaadedd
eeaaaaeddd
eeaaadadde
eeaaadaded
eeaaadaedd
eeaaaddade
eeaaaddaed
eeaaadddae
eeaaadddea
eeaaaddead
eeaaaddeda
eeaaadeadd
eeaaadedad
eeaaadedda
eeaaaeaddd
eeaaaedadd
eeaaaeddad
eeaaaeddda
eeaadaadde
eeaadaaded
eeaadaaedd
eeaadadade
eeaadadaed
eeaadaddae
eeaadaddea
eeaadadead
eeaadadeda
eeaadaeadd
eeaadaedad
eeaadaedda
eeaaddaade
eeaaddaaed
eeaaddadae
eeaaddadea
eeaaddaead
eeaaddaeda
eeaadddaae
eeaadddaea
eeaadddeaa
eeaaddeaad
eeaaddeada
eeaaddedaa
eeaadeaadd
eeaadeadad
eeaadeadda
eeaadedaad
eeaadedada
eeaadeddaa
eeaaeaaddd
eeaaeadadd
eeaaeaddad
eeaaeaddda
eeaaedaadd
eeaaedadad
eeaaedadda
eeaaeddaad
eeaaeddada
eeaaedddaa
eeadaaadde
eeadaaaded
eeadaaaedd
eeadaadade
eeadaadaed
eeadaaddae
eeadaaddea
eeadaadead
eeadaadeda
eeadaaeadd
eeadaaedad
eeadaaedda
eeadadaade
eeadadaaed
eeadadadae
eeadadadea
eeadadaead
eeadadaeda
eeadaddaae
eeadaddaea
eeadaddeaa
eeadadeaad
eeadadeada
eeadadedaa
eeadaeaadd
eeadaeadad
eeadaeadda
eeadaedaad
eeadaedada
eeadaeddaa
eeaddaaade
eeaddaaaed
eeaddaadae
eeaddaadea
eeaddaaead
eeaddaaeda
eeaddadaae
eeaddadaea
eeaddadeaa
eeaddaeaad
eeaddaeada
eeaddaedaa
eeadddaaae
eeadddaaea
eeadddaeaa
eeadddeaaa
eeaddeaaad
eeaddeaada
eeaddeadaa
eeaddedaaa
eeadeaaadd
eeadeaadad
eeadeaadda
eeadeadaad
eeadeadada
eeadeaddaa
eeadedaaad
eeadedaada
eeadedadaa
eeadeddaaa
eeaeaaaddd
eeaeaadadd
eeaeaaddad
eeaeaaddda
eeaeadaadd
eeaeadadad
eeaeadadda
eeaeaddaad
eeaeaddada
eeaeadddaa
eeaedaaadd
eeaedaadad
eeaedaadda
eeaedadaad
eeaedadada
eeaedaddaa
eeaeddaaad
eeaeddaada
eeaeddadaa
eeaedddaaa
eedaaaadde
eedaaaaded
eedaaaaedd
eedaaadade
eedaaadaed
eedaaaddae
eedaaaddea
eedaaadead
eedaaadeda
eedaaaeadd
eedaaaedad
eedaaaedda
eedaadaade
eedaadaaed
eedaadadae
eedaadadea
eedaadaead
eedaadaeda
eedaaddaae
eedaaddaea
eedaaddeaa
eedaadeaad
eedaadeada
eedaadedaa
eedaaeaadd
eedaaeadad
eedaaeadda
eedaaedaad
eedaaedada
eedaaeddaa
eedadaaade
eedadaaaed
eedadaadae
eedadaadea
eedadaaead
eedadaaeda
eedadadaae
eedadadaea
eedadadeaa
eedadaeaad
eedadaeada
eedadaedaa
eedaddaaae
eedaddaaea
eedaddaeaa
eedaddeaaa
eedadeaaad
eedadeaada
eedadeadaa
eedadedaaa
eedaeaaadd
eedaeaadad
eedaeaadda
eedaeadaad
eedaeadada
eedaeaddaa
eedaedaaad
eedaedaada
eedaedadaa
eedaeddaaa
eeddaaaade
eeddaaaaed
eeddaaadae
eeddaaadea
eeddaaaead
eeddaaaeda
eeddaadaae
eeddaadaea
eeddaadeaa
eeddaaeaad
eeddaaeada
eeddaaedaa
eeddadaaae
eeddadaaea
eeddadaeaa
eeddadeaaa
eeddaeaaad
eeddaeaada
eeddaeadaa
eeddaedaaa
eedddaaaae
eedddaaaea
eedddaaeaa
eedddaeaaa
eedddeaaaa
eeddeaaaad
eeddeaaada
eeddeaadaa
eeddeadaaa
eeddedaaaa
eedeaaaadd
eedeaaadad
eedeaaadda
eedeaadaad
eedeaadada
eedeaaddaa
eedeadaaad
eedeadaada
eedeadadaa
eedeaddaaa
eededaaaad
eededaaada
eededaadaa
eededadaaa
eededdaaaa
eeeaaaaddd
eeeaaadadd
eeeaaaddad
eeeaaaddda
eeeaadaadd
eeeaadadad
eeeaadadda
eeeaaddaad
eeeaaddada
eeeaadddaa
eeeadaaadd
eeeadaadad
eeeadaadda
eeeadadaad
eeeadadada
eeeadaddaa
eeeaddaaad
eeeaddaada
eeeaddadaa
eeeadddaaa
eeedaaaadd
eeedaaadad
eeedaaadda
eeedaadaad
eeedaadada
eeedaaddaa
eeedadaaad
eeedadaada
eeedadadaa
eeedaddaaa
eeeddaaaad
eeeddaaada
eeeddaadaa
eeeddadaaa
eeedddaaaa
4200
