aaaaaaaaaaaaaaaaaacc
aaaaaaaaaaaaaaaaacac
aaaaaaaaaaaaaaaaacca
aaaaaaaaaaaaaaaacaac
aaaaaaaaaaaaaaaacaca
aaaaaaaaaaaaaaaaccaa
aaaaaaaaaaaaaaacaaac
aaaaaaaaaaaaaaacaaca
aaaaaaaaaaaaaaacacaa
aaaaaaaaaaaaaaaccaaa
aaaaaaaaaaaaaacaaaac
aaaaaaaaaaaaaacaaaca
aaaaaaaaaaaaaacaacaa
aaaaaaaaaaaaaacacaaa
aaaaaaaaaaaaaaccaaaa
aaaaaaaaaaaaacaaaaac
aaaaaaaaaaaaacaaaaca
aaaaaaaaaaaaacaaacaa
aaaaaaaaaaaaacaacaaa
aaaaaaaaaaaaacacaaaa
aaaaaaaaaaaaaccaaaaa
aaaaaaaaaaaacaaaaaac
aaaaaaaaaaaacaaaaaca
aaaaaaaaaaaacaaaacaa
aaaaaaaaaaaacaaacaaa
aaaaaaaaaaaacaacaaaa
aaaaaaaaaaaacacaaaaa
aaaaaaaaaaaaccaaaaaa
aaaaaaaaaaacaaaaaaac
aaaaaaaaaaacaaaaaaca
aaaaaaaaaaacaaaaacaa
aaaaaaaaaaacaaaacaaa
aaaaaaaaaaacaaacaaaa
aaaaaaaaaaacaacaaaaa
aaaaaaaaaaacacaaaaaa
aaaaaaaaaaaccaaaaaaa
aaaaaaaaaacaaaaaaaac
aaaaaaaaaacaaaaaaaca
aaaaaaaaaacaaaaaacaa
aaaaaaaaaacaaaaacaaa
aaaaaaaaaacaaaacaaaa
aaaaaaaaaacaaacaaaaa
aaaaaaaaaacaacaaaaaa
aaaaaaaaaacacaaaaaaa
aaaaaaaaaaccaaaaaaaa
aaaaaaaaacaaaaaaaaac
aaaaaaaaacaaaaaaaaca
aaaaaaaaacaaaaaaacaa
aaaaaaaaacaaaaaacaaa
aaaaaaaaacaaaaacaaaa
aaaaaaaaacaaaacaaaaa
aaaaaaaaacaaacaaaaaa
aaaaaaaaacaacaaaaaaa
aaaaaaaaacacaaaaaaaa
aaaaaaaaaccaaaaaaaaa
aaaaaaaacaaaaaaaaaac
aaaaaaaacaaaaaaaaaca
aaaaaaaacaaaaaaaacaa
aaaaaaaacaaaaaaacaaa
aaaaaaaacaaaaaacaaaa
aaaaaaaacaaaaacaaaaa
aaaaaaaacaaaacaaaaaa
aaaaaaaacaaacaaaaaaa
aaaaaaaacaacaaaaaaaa
aaaaaaaacacaaaaaaaaa
aaaaaaaaccaaaaaaaaaa
aaaaaaacaaaaaaaaaaac
aaaaaaacaaaaaaaaaaca
aaaaaaacaaaaaaaaacaa
aaaaaaacaaaaaaaacaaa
aaaaaaacaaaaaaacaaaa
aaaaaaacaaaaaacaaaaa
aaaaaaacaaaaacaaaaaa
aaaaaaacaaaacaaaaaaa
aaaaaaacaaacaaaaaaaa
aaaaaaacaacaaaaaaaaa
aaaaaaacacaaaaaaaaaa
aaaaaaaccaaaaaaaaaaa
aaaaaacaaaaaaaaaaaac
aaaaaacaaaaaaaaaaaca
aaaaaacaaaaaaaaaacaa
aaaaaacaaaaaaaaacaaa
aaaaaacaaaaaaaacaaaa
aaaaaacaaaaaaacaaaaa
aaaaaacaaaaaacaaaaaa
aaaaaacaaaaacaaaaaaa
aaaaaacaaaacaaaaaaaa
aaaaaacaaacaaaaaaaaa
aaaaaacaacaaaaaaaaaa
aaaaaacacaaaaaaaaaaa
aaaaaaccaaaaaaaaaaaa
aaaaacaaaaaaaaaaaaac
aaaaacaaaaaaaaaaaaca
aaaaacaaaaaaaaaaacaa
aaaaacaaaaaaaaaacaaa
aaaaacaaaaaaaaacaaaa
aaaaacaaaaaaaacaaaaa
aaaaacaaaaaaacaaaaaa
aaaaacaaaaaacaaaaaaa
aaaaacaaaaacaaaaaaaa
aaaaacaaaacaaaaaaaaa
aaaaacaaacaaaaaaaaaa
aaaaacaacaaaaaaaaaaa
aaaaacacaaaaaaaaaaaa
aaaaaccaaaaaaaaaaaaa
aaaacaaaaaaaaaaaaaac
aaaacaaaaaaaaaaaaaca
aaaacaaaaaaaaaaaacaa
aaaacaaaaaaaaaaacaaa
aaaacaaaaaaaaaacaaaa
aaaacaaaaaaaaacaaaaa
aaaacaaaaaaaacaaaaaa
aaaacaaaaaaacaaaaaaa
aaaacaaaaaacaaaaaaaa
aaaacaaaaacaaaaaaaaa
aaaacaaaacaaaaaaaaaa
aaaacaaacaaaaaaaaaaa
aaaacaacaaaaaaaaaaaa
aaaacacaaaaaaaaaaaaa
aaaaccaaaaaaaaaaaaaa
aaacaaaaaaaaaaaaaaac
aaacaaaaaaaaaaaaaaca
aaacaaaaaaaaaaaaacaa
aaacaaaaaaaaaaaacaaa
aaacaaaaaaaaaaacaaaa
aaacaaaaaaaaaacaaaaa
aaacaaaaaaaaacaaaaaa
aaacaaaaaaaacaaaaaaa
aaacaaaaaaacaaaaaaaa
aaacaaaaaacaaaaaaaaa
aaacaaaaacaaaaaaaaaa
aaacaaaacaaaaaaaaaaa
aaacaaacaaaaaaaaaaaa
aaacaacaaaaaaaaaaaaa
aaacacaaaaaaaaaaaaaa
aaaccaaaaaaaaaaaaaaa
aacaaaaaaaaaaaaaaaac
aacaaaaaaaaaaaaaaaca
aacaaaaaaaaaaaaaacaa
aacaaaaaaaaaaaaacaaa
aacaaaaaaaaaaaacaaaa
aacaaaaaaaaaaacaaaaa
aacaaaaaaaaaacaaaaaa
aacaaaaaaaaacaaaaaaa
aacaaaaaaaacaaaaaaaa
aacaaaaaaacaaaaaaaaa
aacaaaaaacaaaaaaaaaa
aacaaaaacaaaaaaaaaaa
aacaaaacaaaaaaaaaaaa
aacaaacaaaaaaaaaaaaa
aacaacaaaaaaaaaaaaaa
aacacaaaaaaaaaaaaaaa
aaccaaaaaaaaaaaaaaaa
acaaaaaaaaaaaaaaaaac
acaaaaaaaaaaaaaaaaca
acaaaaaaaaaaaaaaacaa
acaaaaaaaaaaaaaacaaa
acaaaaaaaaaaaaacaaaa
acaaaaaaaaaaaacaaaaa
acaaaaaaaaaaacaaaaaa
acaaaaaaaaaacaaaaaaa
acaaaaaaaaacaaaaaaaa
acaaaaaaaacaaaaaaaaa
acaaaaaaacaaaaaaaaaa
acaaaaaacaaaaaaaaaaa
acaaaaacaaaaaaaaaaaa
acaaaacaaaaaaaaaaaaa
acaaacaaaaaaaaaaaaaa
acaacaaaaaaaaaaaaaaa
acacaaaaaaaaaaaaaaaa
accaaaaaaaaaaaaaaaaa
caaaaaaaaaaaaaaaaaac
caaaaaaaaaaaaaaaaaca
caaaaaaaaaaaaaaaacaa
caaaaaaaaaaaaaaacaaa
caaaaaaaaaaaaaacaaaa
caaaaaaaaaaaaacaaaaa
caaaaaaaaaaaacaaaaaa
caaaaaaaaaaacaaaaaaa
caaaaaaaaaacaaaaaaaa
caaaaaaaaacaaaaaaaaa
caaaaaaaacaaaaaaaaaa
caaaaaaacaaaaaaaaaaa
caaaaaacaaaaaaaaaaaa
caaaaacaaaaaaaaaaaaa
caaaacaaaaaaaaaaaaaa
caaacaaaaaaaaaaaaaaa
caacaaaaaaaaaaaaaaaa
cacaaaaaaaaaaaaaaaaa
ccaaaaaaaaaaaaaaaaaa
190
