3154 30466
6738 30947
1334 31376
8964 30664
361 31461
1430 31453
53 32764
146 32657
613 32506
75 32557
666 32389
348 32331
530 32471
833 32719
698 32686
826 32677
424 32621
484 32444
893 32261
906 32145
555 32094
990 32053
289 32652
304 32701
225 32736
250 32612
435 32621
462 32618
592 32570
138 32668
565 32499
846 32488
617 32301
940 32715
71 32271
658 32240
679 32200
142 32702
39 32389
485 32517
502 32371
521 32176
259 32125
456 32702
522 32106
8 32501
121 32097
628 32091
655 32046
661 32628
423 32482
153 32521
452 32471
101 32405
692 32190
201 32143
581 32655
734 32057
269 32530
553 32050
429 32036
744 32707
377 32182
259 32361
67 32629
83 32313
471 32666
20 32514
397 32235
137 32692
403 32647
35 32177
527 32174
650 32169
731 32128
751 32048
773 32046
31 32485
139 32020
369 32759
403 32589
568 32705
468 32684
437 32364
573 32487
12 32759
391 32302
528 32271
99 32212
129 32659
88 32490
9 32606
216 32737
253 32537
333 32606
378 32353
440 32692
444 32315
85 32670
70 32735
