1605 32303
755 31871
827 31781
361 32493
413 32577
0 32430
480 32686
76 32415
511 32587
589 32395
678 32359
774 32337
0 32741
25 32664
100 32588
393 32486
352 32477
604 32470
267 32559
323 32338
359 32754
430 32576
103 32333
275 32730
54 32430
331 32273
123 32261
431 32682
460 32472
500 32455
384 32309
433 32271
561 32515
546 32232
66 32728
230 32433
472 32204
572 32189
431 32593
609 32458
627 32162
641 32155
653 32151
13 32762
27 32656
138 32381
200 32741
239 32727
315 32714
335 32712
357 32703
386 32659
401 32364
416 32349
75 32707
151 32313
390 32307
62 32459
460 32282
374 32256
471 32264
182 32589
486 32448
5 32617
2 32544
38 32378
82 32388
282 32255
332 32437
374 32203
498 32201
498 32189
258 32347
104 32333
498 32179
499 32738
161 32520
465 32607
455 32498
523 32758
528 32668
536 32649
570 32644
586 32732
9 32516
15 32527
165 32179
162 32632
190 32204
364 32580
22 32178
496 32523
587 32170
595 32154
543 32151
607 32406
143 32372
115 32149
138 32148
17 32143
242 32143
287 32198
48 32288
49 32473
100 32698
127 32678
143 32522
96 32426
131 32368
189 32321
170 32445
56 32501
167 32317
296 32315
140 32516
327 32312
345 32306
39 32194
346 32308
17 32446
294 32691
353 32577
115 32695
216 32481
14 32475
303 32207
304 32193
354 32181
326 32278
363 32145
344 32197
145 32137
144 32591
224 32688
379 32689
239 32582
284 32610
308 32476
385 32135
476 32281
391 32134
225 32525
58 32503
164 32134
239 32255
290 32568
167 32137
338 32129
431 32450
493 32445
336 32127
490 32359
131 32126
518 32124
521 32705
533 32550
550 32112
556 32109
4 32098
353 32500
460 32438
92 32767
557 32666
563 32530
295 32449
455 32723
459 32393
569 32318
579 32094
269 32094
418 32093
442 32087
513 32086
586 32207
604 32087
498 32508
324 32530
457 32080
593 32471
349 32751
613 32543
614 32424
538 32546
619 32080
628 32080
629 32490
105 32602
652 32606
653 32495
193 32492
394 32462
460 32426
321 32675
186 32423
536 32710
612 32377
617 32341
79 32455
272 32710
333 32328
507 32617
32 32410
199 32350
568 32315
405 32311
520 32206
540 32174
152 32574
355 32316
371 32240
136 32682
53 32537
231 32501
426 32368
493 32692
622 32413
478 32716
95 32681
620 32584
560 32698
50 32487
144 32574
10 32758
193 32663
380 32570
393 32528
266 32520
297 32480
421 32443
431 32344
457 32163
403 32122
561 32496
107 32098
582 32117
237 32418
548 32388
156 32180
110 32095
214 32084
430 32075
511 32718
595 32716
368 32693
243 32545
377 32493
306 32738
467 32610
517 32397
281 32737
601 32399
56 32295
8 32401
103 32605
120 32348
156 32567
175 32529
351 32419
354 32358
343 32327
51 32237
405 32228
43 32642
258 32546
328 32265
416 32221
444 32191
485 32329
74 32171
74 32247
37 32117
249 32512
282 32175
320 32118
49 32218
431 32699
504 32607
512 32333
585 32074
198 32541
249 32073
586 32072
295 32633
608 32433
183 32671
617 32208
395 32070
622 32070
413 32288
221 32069
415 32065
435 32062
373 32690
506 32305
558 32740
559 32326
626 32639
629 32367
642 32359
645 32304
650 32577
654 32557
439 32497
618 32261
82 32419
87 32538
175 32461
273 32302
12 32277
164 32229
464 32507
494 32193
584 32479
230 32169
637 32107
23 32453
654 32326
16 32700
224 32448
201 32505
258 32409
639 32495
655 32369
43 32695
192 32651
281 32388
516 32262
62 32101
38 32267
137 32364
202 32650
297 32089
254 32570
425 32668
438 32091
474 32184
549 32087
105 32647
137 32546
200 32312
396 32187
52 32173
386 32354
412 32270
524 32082
567 32079
632 32078
656 32067
657 32648
26 32209
190 32767
140 32562
105 32429
263 32386
365 32307
410 32570
379 32296
431 32601
434 32296
561 32591
173 32284
127 32269
32 32178
454 32185
241 32688
289 32504
97 32481
346 32317
405 32178
453 32152
584 32757
658 32383
28 32706
215 32115
11 32619
433 32598
524 32128
659 32766
190 32709
660 32527
662 32203
72 32341
316 32293
324 32112
416 32575
49 32617
99 32525
522 32477
660 32412
100 32403
88 32460
52 32424
184 32155
397 32073
415 32066
467 32432
511 32533
97 32612
10 32241
169 32212
297 32344
214 32244
250 32481
309 32318
444 32150
535 32108
70 32248
506 32105
268 32155
345 32061
286 32748
354 32347
20 32690
458 32677
508 32634
153 32750
236 32616
466 32541
531 32481
539 32405
316 32368
88 32283
233 32349
382 32312
558 32193
489 32747
418 32709
76 32705
567 32746
580 32606
308 32591
215 32725
45 32641
138 32658
257 32518
430 32634
589 32762
619 32491
479 32474
12 32447
214 32720
551 32671
333 32633
468 32439
584 32437
623 32429
227 32380
636 32378
641 32373
642 32732
357 32660
153 32709
300 32706
311 32719
45 32474
121 32321
149 32320
447 32490
479 32309
79 32599
132 32565
102 32441
114 32295
437 32569
465 32596
178 32295
51 32269
102 32258
125 32663
454 32454
476 32404
107 32430
23 32536
342 32476
512 32624
192 32274
573 32735
53 32622
267 32599
65 32615
378 32552
257 32471
574 32756
121 32427
492 32672
142 32528
211 32373
97 32479
45 32327
176 32743
261 32648
118 32321
282 32305
286 32296
313 32295
371 32288
132 32507
327 32282
416 32596
82 32273
478 32266
519 32239
549 32643
182 32283
193 32226
531 32675
366 32429
549 32621
261 32714
99 32428
158 32404
461 32672
327 32649
505 32350
522 32316
593 32280
555 32248
601 32227
36 32211
187 32555
301 32473
438 32206
549 32181
489 32172
83 32170
95 32157
113 32156
576 32152
609 32150
611 32659
82 32588
90 32542
95 32555
216 32496
198 32745
212 32508
339 32478
433 32665
28 32345
465 32150
408 32203
161 32148
559 32222
612 32540
443 32454
519 32180
163 32281
187 32756
224 32571
385 32740
402 32642
393 32712
513 32555
557 32529
417 32394
589 32386
83 32654
620 32432
621 32324
442 32240
627 32326
629 32251
632 32613
459 32327
634 32327
639 32229
639 32226
632 32757
385 32720
642 32507
9 32622
622 32441
206 32686
0 32143
215 32536
537 32509
643 32441
643 32559
643 32292
197 32464
199 32355
446 32346
608 32351
51 32310
217 32722
260 32626
75 32589
374 32143
56 32142
627 32134
327 32131
648 32130
84 32130
101 32226
18 32589
148 32126
361 32124
144 32264
301 32663
427 32767
437 32730
437 32555
496 32368
228 32568
581 32743
131 32517
204 32391
633 32348
418 32283
650 32647
652 32279
166 32290
151 32282
292 32277
190 32632
26 32601
348 32574
270 32570
227 32384
330 32314
465 32550
147 32466
112 32257
497 32213
343 32760
478 32701
245 32649
414 32444
215 32418
237 32189
534 32182
538 32181
384 32166
595 32489
599 32436
614 32436
648 32675
663 32632
456 32571
144 32530
663 32128
160 32630
220 32124
287 32121
17 32120
262 32119
184 32390
84 32118
234 32118
265 32112
296 32112
408 32735
167 32111
592 32111
611 32109
665 32095
665 32087
387 32080
226 32079
532 32078
561 32741
622 32185
449 32631
666 32481
199 32565
666 32334
271 32157
236 32621
382 32409
214 32408
440 32318
176 32505
332 32367
484 32621
387 32524
605 32748
608 32487
655 32629
553 32145
259 32490
667 32352
668 32692
669 32690
670 32473
390 32271
560 32262
670 32280
673 32569
331 32184
674 32181
190 32749
40 32357
71 32148
303 32125
509 32666
265 32550
540 32530
178 32511
603 32477
387 32416
333 32687
360 32372
461 32313
531 32275
340 32763
34 32644
338 32755
350 32541
460 32534
539 32508
566 32550
248 32479
238 32475
475 32457
601 32432
636 32267
179 32246
648 32240
659 32198
665 32179
671 32162
255 32501
533 32138
250 32123
552 32122
75 32753
106 32674
456 32465
674 32422
427 32677
473 32449
674 32449
676 32753
49 32650
123 32585
90 32626
294 32556
409 32529
653 32506
224 32747
261 32655
318 32537
324 32735
87 32410
261 32338
384 32243
508 32678
127 32747
308 32675
370 32638
527 32623
535 32611
591 32600
667 32465
268 32199
676 32194
676 32176
103 32657
677 32434
677 32301
679 32680
680 32287
536 32437
539 32239
633 32743
342 32160
27 32124
25 32120
122 32120
499 32357
125 32687
81 32667
569 32655
593 32601
610 32744
71 32648
98 32596
196 32564
231 32745
368 32529
114 32600
66 32479
133 32467
323 32434
442 32354
448 32571
420 32342
403 32323
465 32286
351 32418
526 32759
565 32471
403 32766
458 32587
144 32414
451 32396
479 32364
314 32590
429 32712
524 32289
582 32283
67 32653
284 32278
149 32275
347 32255
313 32700
346 32444
239 32219
430 32489
161 32666
388 32571
560 32757
593 32462
600 32761
614 32296
4 32267
288 32239
620 32174
621 32139
623 32758
524 32688
0 32765
21 32754
373 32131
604 32119
621 32391
623 32503
629 32436
605 32391
650 32226
18 32184
192 32115
67 32490
30 32551
144 32543
350 32368
351 32571
389 32358
392 32514
472 32667
526 32536
551 32355
556 32304
224 32723
233 32300
562 32314
606 32329
645 32282
139 32749
182 32687
438 32639
122 32620
282 32569
289 32609
316 32531
216 32501
276 32636
166 32633
309 32479
323 32460
474 32334
508 32312
8 32279
14 32489
198 32472
515 32658
610 32722
619 32622
336 32720
341 32603
636 32711
637 32589
110 32746
389 32552
27 32434
59 32432
82 32430
190 32417
203 32391
215 32381
243 32672
329 32660
180 32356
372 32343
507 32691
211 32670
162 32583
292 32548
414 32574
70 32414
525 32586
103 32385
253 32340
469 32340
551 32335
512 32556
564 32343
110 32330
65 32660
188 32369
197 32330
103 32524
324 32389
77 32322
16 32753
202 32387
172 32631
221 32530
291 32374
301 32579
341 32678
370 32616
372 32353
378 32432
420 32389
104 32459
129 32749
155 32321
368 32292
400 32283
450 32567
505 32270
514 32267
517 32264
77 32598
572 32262
78 32259
430 32255
448 32255
520 32242
608 32233
176 32660
206 32666
432 32226
311 32226
310 32764
442 32664
327 32655
176 32614
227 32614
271 32627
182 32586
298 32667
416 32577
11 32712
202 32577
251 32551
465 32457
486 32411
486 32659
240 32732
506 32399
517 32392
473 32356
603 32349
440 32345
618 32260
268 32247
620 32237
637 32219
640 32213
642 32599
649 32557
213 32206
656 32205
658 32193
406 32187
303 32183
589 32745
659 32441
236 32172
286 32683
343 32400
357 32170
375 32369
446 32160
52 32259
358 32162
122 32754
379 32442
170 32708
319 32654
237 32708
122 32707
299 32478
153 32663
67 32660
317 32552
232 32298
387 32220
439 32210
455 32194
458 32152
469 32148
173 32147
364 32588
492 32687
68 32453
232 32751
8 32764
355 32591
111 32683
492 32585
468 32580
528 32543
40 32528
628 32509
664 32470
672 32359
427 32328
682 32288
29 32335
408 32611
683 32476
89 32752
302 32278
683 32273
685 32269
132 32231
411 32168
171 32722
438 32183
114 32361
366 32758
306 32181
293 32158
504 32650
60 32681
282 32537
312 32234
20 32185
353 32443
355 32490
349 32418
305 32278
552 32171
209 32767
160 32689
172 32286
97 32270
175 32214
206 32186
222 32147
66 32739
235 32575
241 32756
226 32500
272 32528
293 32748
375 32703
383 32712
64 32590
83 32640
426 32749
455 32585
491 32575
480 32566
622 32430
542 32401
451 32766
142 32341
70 32726
317 32624
354 32338
22 32601
165 32581
193 32326
107 32316
296 32695
397 32271
41 32617
312 32650
318 32523
425 32518
130 32701
354 32560
459 32609
474 32499
569 32506
591 32498
456 32710
133 32440
479 32405
160 32615
308 32693
202 32640
360 32470
291 32672
446 32429
445 32426
451 32389
595 32703
110 32480
141 32610
306 32524
471 32762
410 32744
477 32642
235 32500
108 32752
558 32470
595 32440
596 32417
618 32412
627 32403
628 32383
255 32767
333 32360
424 32330
115 32327
547 32320
374 32722
467 32309
147 32298
549 32294
8 32642
394 32502
346 32492
482 32447
579 32348
604 32453
167 32440
147 32679
168 32281
414 32590
454 32266
116 32259
461 32508
5 32633
57 32549
100 32513
85 32561
55 32423
174 32734
183 32455
222 32396
299 32308
348 32306
11 32283
240 32426
259 32276
372 32272
376 32259
388 32259
115 32698
400 32615
421 32463
229 32691
387 32643
425 32463
471 32395
349 32359
482 32294
53 32763
89 32507
42 32289
483 32530
54 32316
362 32357
345 32268
168 32376
357 32539
113 32315
560 32764
576 32247
584 32237
158 32336
99 32360
347 32260
131 32532
140 32224
394 32223
441 32222
345 32621
74 32552
408 32316
434 32222
549 32307
559 32219
604 32495
616 32496
562 32753
620 32556
94 32742
366 32544
141 32680
173 32331
497 32391
431 32508
221 32692
352 32553
588 32531
543 32581
409 32463
535 32377
131 32407
352 32261
426 32493
524 32230
128 32686
624 32736
626 32583
632 32733
642 32744
110 32676
465 32612
642 32659
308 32713
155 32651
283 32569
430 32490
512 32744
227 32608
644 32601
350 32567
116 32593
648 32481
650 32582
509 32472
243 32462
396 32446
439 32429
223 32639
653 32730
654 32633
237 32578
473 32514
99 32759
89 32492
428 32426
81 32713
177 32624
79 32553
104 32487
167 32402
146 32725
100 32572
189 32479
94 32376
197 32372
206 32366
512 32430
293 32349
103 32667
148 32681
512 32568
106 32424
101 32453
138 32424
86 32388
338 32710
391 32341
9 32630
69 32336
276 32331
133 32488
399 32397
522 32671
564 32329
569 32683
599 32326
354 32643
383 32490
512 32317
320 32288
631 32275
147 32727
24 32701
175 32625
194 32480
69 32303
280 32524
274 32268
383 32235
524 32232
32 32220
417 32588
99 32583
330 32242
538 32213
601 32598
608 32689
636 32321
299 32446
435 32747
640 32577
654 32444
320 32506
415 32237
355 32211
472 32225
473 32668
285 32523
452 32209
529 32318
281 32208
657 32205
659 32204
131 32482
143 32649
552 32608
142 32535
255 32526
499 32504
16 32502
18 32657
93 32672
112 32466
86 32380
215 32305
251 32519
253 32748
275 32690
320 32657
330 32691
157 32683
230 32655
110 32587
359 32531
364 32205
402 32204
453 32406
44 32224
134 32745
346 32602
416 32696
98 32575
348 32196
44 32722
196 32665
247 32593
473 32520
513 32598
531 32328
540 32215
552 32682
557 32556
581 32369
583 32213
252 32206
344 32745
363 32196
402 32746
528 32611
597 32196
486 32193
90 32190
423 32188
593 32182
137 32692
109 32449
227 32300
289 32573
226 32664
297 32443
290 32451
309 32442
24 32227
339 32573
350 32558
395 32182
464 32181
476 32178
13 32766
272 32504
334 32598
96 32386
186 32393
87 32561
407 32648
47 32759
192 32721
226 32563
238 32549
271 32417
476 32382
143 32377
479 32663
116 32280
483 32278
3 32256
128 32227
190 32177
197 32463
231 32322
302 32706
377 32176
384 32176
460 32353
491 32503
46 32513
97 32749
225 32376
25 32366
300 32636
376 32356
231 32344
447 32336
58 32694
107 32665
493 32662
220 32172
23 32704
116 32638
270 32679
372 32591
532 32721
78 32620
199 32526
258 32718
360 32752
42 32520
372 32666
21 32446
397 32421
419 32351
317 32318
84 32318
421 32302
514 32197
374 32281
204 32512
70 32644
43 32481
64 32379
219 32433
549 32389
432 32667
105 32638
142 32316
251 32238
88 32234
204 32211
259 32585
322 32247
426 32238
497 32611
273 32574
558 32716
265 32630
566 32505
570 32474
571 32488
146 32657
157 32747
468 32465
593 32621
606 32457
442 32525
168 32482
519 32366
536 32315
168 32611
2 32651
36 32541
173 32270
209 32727
309 32373
366 32294
410 32254
585 32240
591 32470
298 32700
592 32455
289 32240
329 32206
159 32192
42 32451
462 32359
210 32191
618 32190
238 32489
478 32447
563 32186
69 32696
136 32562
136 32542
132 32756
185 32512
346 32452
133 32421
437 32372
4 32360
32 32308
551 32631
566 32346
581 32269
341 32658
247 32186
621 32477
160 32185
92 32401
0 32669
117 32603
286 32588
535 32581
622 32565
50 32760
446 32440
93 32747
446 32746
458 32570
528 32722
109 32390
213 32369
208 32327
462 32705
559 32669
577 32307
629 32288
421 32276
179 32765
206 32717
18 32397
358 32445
20 32371
594 32304
628 32261
11 32623
348 32235
637 32740
278 32394
640 32235
641 32229
641 32222
643 32181
643 32174
588 32169
647 32168
649 32709
652 32243
148 32167
237 32167
12 32166
619 32655
150 32166
653 32166
656 32750
172 32165
188 32619
383 32476
133 32453
495 32673
526 32602
262 32439
549 32319
81 32236
87 32388
41 32515
138 32165
250 32194
379 32164
412 32164
367 32162
125 32159
321 32159
184 32192
201 32400
227 32335
250 32161
328 32535
442 32158
29 32648
335 32278
364 32257
447 32567
581 32179
586 32631
589 32596
625 32483
627 32157
658 32157
254 32156
87 32156
200 32665
384 32246
427 32623
600 32534
502 32659
660 32597
660 32537
662 32220
501 32727
663 32177
664 32445
665 32170
665 32577
31 32736
194 32692
666 32670
669 32553
169 32565
672 32549
674 32405
125 32367
674 32290
674 32465
676 32311
679 32280
423 32257
680 32287
428 32166
680 32156
681 32156
368 32154
682 32617
684 32457
52 32151
66 32151
361 32150
641 32576
653 32149
669 32149
684 32182
685 32167
86 32671
206 32567
639 32148
12 32147
22 32468
74 32450
93 32226
98 32758
389 32433
403 32219
259 32146
26 32312
272 32146
288 32146
429 32696
82 32389
289 32399
477 32353
486 32621
490 32540
503 32515
38 32602
94 32706
139 32306
510 32675
531 32205
612 32555
633 32348
685 32155
524 32388
285 32357
0 32273
143 32755
434 32432
84 32766
124 32744
401 32360
114 32300
204 32516
228 32631
231 32690
320 32425
360 32399
458 32478
526 32462
74 32395
80 32353
183 32342
546 32314
411 32720
148 32570
54 32534
83 32499
3 32674
260 32539
260 32640
167 32385
271 32287
311 32641
330 32271
163 32460
335 32345
34 32655
338 32427
347 32699
178 32266
14 32255
192 32755
70 32730
329 32639
195 32555
408 32372
322 32252
197 32363
210 32249
445 32229
453 32653
362 32594
465 32767
313 32548
413 32415
433 32370
1 32673
349 32634
27 32579
311 32413
76 32408
468 32680
472 32386
494 32257
32 32200
84 32194
498 32169
523 32168
440 32311
418 32167
473 32145
8 32560
498 32435
507 32551
525 32349
540 32722
233 32321
195 32172
212 32695
91 32553
253 32197
166 32145
326 32560
96 32215
495 32143
346 32141
351 32583
463 32453
510 32653
515 32331
210 32429
443 32302
532 32559
370 32646
107 32665
539 32579
556 32574
561 32553
63 32736
240 32536
240 32415
72 32397
298 32393
155 32594
294 32688
309 32442
119 32403
256 32391
322 32662
335 32381
121 32372
355 32612
386 32299
434 32299
394 32546
157 32538
541 32415
561 32730
568 32706
392 32352
445 32618
384 32337
546 32325
409 32291
516 32237
571 32230
108 32212
119 32393
375 32597
260 32339
461 32194
534 32192
572 32710
575 32692
38 32526
586 32484
450 32670
590 32628
326 32755
67 32452
359 32421
157 32607
442 32537
126 32394
229 32347
201 32177
106 32174
185 32684
327 32165
454 32364
508 32162
132 32337
166 32764
241 32454
92 32209
209 32704
308 32304
251 32496
347 32526
434 32311
435 32276
39 32690
184 32648
473 32541
167 32516
487 32760
363 32512
505 32467
507 32369
260 32478
274 32280
449 32701
509 32693
562 32591
144 32521
140 32575
566 32507
573 32755
576 32554
589 32326
76 32600
35 32491
591 32597
162 32586
5 32567
7 32440
21 32395
109 32549
314 32374
290 32500
330 32475
336 32323
351 32273
289 32464
454 32532
504 32255
598 32558
351 32439
140 32211
68 32210
190 32565
158 32529
601 32412
523 32347
605 32306
377 32422
553 32596
563 32200
183 32428
592 32464
606 32396
204 32758
524 32671
143 32547
25 32499
328 32353
331 32194
589 32452
295 32441
328 32431
35 32280
277 32611
416 32212
471 32644
413 32425
592 32358
604 32180
605 32365
123 32713
1 32520
270 32666
609 32728
240 32491
510 32643
110 32175
308 32175
511 32292
589 32659
607 32570
277 32714
556 32409
69 32397
52 32482
174 32766
157 32521
272 32382
337 32346
354 32402
512 32267
91 32253
152 32161
498 32156
79 32767
379 32395
456 32746
526 32655
527 32150
216 32147
577 32141
392 32692
581 32139
193 32148
347 32641
598 32139
468 32340
611 32410
611 32138
288 32157
559 32138
611 32719
614 32138
524 32636
231 32431
367 32377
466 32593
293 32681
473 32746
514 32592
578 32716
614 32583
599 32523
618 32426
623 32455
491 32410
411 32234
624 32138
476 32759
484 32151
546 32341
89 32159
67 32137
188 32137
236 32136
338 32136
396 32140
624 32206
613 32662
281 32697
620 32483
624 32418
33 32135
424 32135
626 32135
298 32507
325 32134
332 32133
346 32133
505 32132
540 32131
17 32628
627 32330
271 32317
628 32131
629 32130
633 32151
633 32128
636 32127
204 32123
462 32502
66 32707
554 32533
603 32440
645 32424
440 32454
646 32560
126 32509
646 32552
654 32582
343 32455
347 32416
664 32606
664 32386
280 32347
483 32343
665 32696
146 32552
395 32359
71 32339
645 32331
469 32653
668 32393
86 32330
674 32404
199 32355
278 32276
302 32266
460 32572
243 32651
550 32340
617 32245
675 32507
675 32325
677 32233
610 32442
410 32227
258 32213
254 32506
133 32685
428 32174
350 32723
355 32401
242 32674
31 32367
145 32321
443 32524
456 32468
214 32689
86 32694
277 32354
421 32234
48 32214
330 32523
337 32718
350 32642
365 32633
432 32691
265 32620
21 32509
483 32422
153 32686
237 32752
511 32504
354 32206
404 32523
66 32561
180 32478
199 32537
464 32425
513 32191
484 32477
55 32737
57 32711
4 32641
128 32335
276 32250
390 32193
472 32191
516 32187
545 32371
459 32178
403 32148
224 32422
282 32765
297 32618
102 32649
299 32622
369 32387
444 32351
56 32756
512 32537
247 32612
51 32442
370 32702
524 32684
124 32633
325 32578
74 32550
173 32447
229 32393
261 32343
397 32310
320 32373
125 32531
406 32482
544 32509
296 32491
289 32383
398 32292
164 32692
409 32223
360 32211
422 32199
357 32169
445 32673
446 32477
472 32147
211 32277
498 32146
514 32141
544 32139
489 32676
548 32731
549 32603
549 32517
240 32472
208 32417
280 32384
457 32364
519 32490
553 32343
566 32338
187 32415
261 32679
467 32389
567 32341
579 32478
253 32349
583 32335
216 32316
594 32308
595 32300
236 32298
332 32518
389 32256
28 32536
306 32279
131 32216
594 32669
601 32168
608 32603
230 32162
408 32148
191 32526
390 32258
14 32672
328 32264
108 32254
173 32169
406 32165
423 32544
211 32295
423 32681
104 32272
310 32705
450 32235
494 32571
233 32764
323 32641
250 32544
95 32420
312 32378
494 32709
499 32496
502 32407
63 32379
85 32393
123 32354
158 32551
223 32490
215 32763
249 32294
300 32731
199 32721
321 32666
526 32510
407 32342
18 32640
538 32733
558 32292
600 32440
609 32355
610 32307
231 32291
344 32286
53 32283
579 32273
27 32270
149 32715
258 32263
613 32544
265 32425
334 32626
461 32383
508 32198
611 32244
267 32195
347 32353
349 32218
383 32278
386 32526
626 32149
82 32386
352 32288
630 32553
632 32505
634 32371
223 32554
475 32472
73 32147
19 32596
564 32188
635 32446
636 32299
6 32759
265 32350
107 32146
638 32641
120 32533
59 32455
164 32441
263 32369
486 32536
591 32633
646 32345
3 32353
240 32339
651 32432
514 32145
125 32144
642 32377
258 32163
189 32138
211 32138
391 32276
75 32740
148 32609
68 32438
209 32317
414 32137
453 32736
628 32706
290 32136
632 32133
256 32610
9 32745
78 32764
44 32575
314 32433
483 32699
617 32524
233 32606
127 32740
417 32311
16 32653
477 32246
142 32441
530 32144
373 32438
474 32445
519 32524
174 32537
185 32436
331 32351
286 32568
259 32636
313 32752
405 32731
528 32716
544 32680
601 32587
91 32580
264 32657
280 32530
287 32509
348 32474
190 32477
249 32455
291 32412
82 32366
392 32546
469 32465
497 32699
539 32460
483 32283
593 32282
614 32646
623 32640
332 32268
632 32267
344 32248
638 32242
59 32651
354 32633
287 32232
430 32219
475 32212
546 32212
637 32760
655 32647
16 32204
61 32669
36 32729
104 32666
110 32539
243 32577
87 32534
223 32759
97 32613
372 32595
170 32698
297 32468
404 32426
72 32400
67 32494
311 32484
280 32367
79 32309
338 32404
126 32281
416 32191
205 32177
273 32177
431 32577
145 32754
196 32493
249 32471
66 32375
152 32268
411 32511
300 32405
449 32162
535 32152
260 32142
450 32591
271 32502
337 32281
341 32621
540 32563
76 32759
578 32511
627 32650
632 32449
642 32338
650 32256
59 32521
67 32449
356 32461
410 32470
539 32758
366 32638
233 32379
263 32589
426 32368
470 32348
402 32263
660 32254
661 32421
661 32243
411 32714
145 32569
205 32293
222 32185
256 32183
395 32297
391 32445
472 32506
291 32347
192 32165
292 32459
373 32230
517 32648
606 32621
429 32163
515 32374
612 32670
614 32282
666 32257
667 32141
667 32141
235 32611
390 32140
667 32126
389 32122
218 32691
37 32222
265 32132
145 32653
408 32647
670 32425
366 32121
604 32676
601 32736
674 32430
111 32463
270 32442
485 32410
148 32684
674 32594
676 32500
323 32455
139 32735
538 32467
429 32450
157 32442
677 32512
678 32381
678 32708
560 32465
679 32682
246 32766
292 32638
396 32707
595 32610
679 32540
635 32618
32 32588
68 32689
74 32468
176 32719
186 32570
252 32592
254 32467
299 32667
310 32466
52 32736
66 32533
66 32376
146 32314
321 32499
162 32428
445 32404
65 32359
290 32311
432 32599
363 32567
460 32687
500 32763
39 32667
454 32655
513 32655
476 32665
309 32552
501 32497
85 32488
511 32399
517 32420
125 32387
383 32361
526 32736
535 32603
177 32702
259 32355
69 32351
552 32333
41 32639
54 32523
285 32640
139 32316
197 32350
410 32290
429 32598
506 32331
25 32288
571 32285
586 32285
346 32698
586 32642
1 32564
166 32276
243 32766
193 32534
354 32374
356 32736
321 32347
68 32335
416 32275
192 32698
239 32648
132 32392
252 32687
360 32345
147 32732
427 32720
467 32647
478 32300
490 32356
537 32275
428 32441
326 32273
588 32550
591 32468
598 32390
171 32477
135 32269
373 32266
491 32264
592 32258
404 32256
7 32255
98 32255
448 32739
602 32757
604 32637
615 32245
263 32585
93 32341
329 32560
36 32337
110 32328
199 32684
267 32260
111 32595
295 32240
454 32235
69 32228
271 32637
153 32686
432 32574
466 32464
486 32426
513 32365
485 32622
556 32292
183 32616
219 32264
244 32228
141 32225
414 32374
479 32222
484 32252
304 32219
503 32188
569 32727
587 32413
601 32585
60 32308
608 32232
1 32516
62 32304
20 32611
42 32273
595 32183
9 32178
238 32172
620 32171
24 32350
496 32492
59 32746
130 32652
414 32591
530 32281
74 32539
391 32608
2 32589
485 32362
489 32277
546 32499
152 32353
562 32609
601 32271
604 32437
626 32550
626 32669
224 32506
635 32687
141 32438
260 32380
100 32512
448 32376
309 32336
410 32659
188 32711
493 32426
569 32301
636 32286
644 32263
320 32240
644 32306
195 32225
81 32249
361 32196
120 32194
388 32188
392 32171
453 32552
495 32305
520 32256
410 32170
205 32167
645 32167
655 32357
659 32164
671 32654
100 32491
424 32265
680 32265
7 32332
300 32730
532 32672
164 32741
566 32446
53 32733
610 32723
436 32664
103 32600
122 32569
163 32414
321 32397
340 32397
428 32347
241 32645
446 32583
476 32704
342 32656
523 32329
51 32308
487 32272
555 32520
13 32403
144 32410
229 32642
421 32322
153 32235
4 32235
48 32229
494 32427
513 32197
214 32185
560 32351
293 32583
78 32517
278 32435
493 32585
539 32707
20 32668
356 32457
392 32375
442 32298
544 32209
37 32672
95 32575
479 32411
604 32576
611 32450
623 32385
650 32372
22 32529
216 32290
680 32245
682 32180
682 32168
683 32156
684 32155
645 32155
684 32555
685 32153
686 32271
686 32153
260 32168
380 32224
333 32252
686 32732
687 32629
687 32592
687 32598
604 32614
687 32756
687 32591
149 32504
121 32541
156 32431
369 32610
687 32411
688 32374
688 32252
494 32334
393 32210
23 32703
92 32655
470 32453
363 32352
488 32334
529 32658
83 32495
307 32604
331 32248
415 32308
537 32226
340 32299
358 32147
63 32145
550 32745
688 32545
689 32744
689 32400
689 32144
28 32675
141 32418
424 32131
256 32642
381 32465
149 32732
532 32152
428 32130
49 32595
80 32685
102 32608
112 32399
126 32351
193 32318
456 32314
519 32714
250 32683
26 32698
44 32500
23 32257
342 32206
179 32148
404 32625
245 32202
491 32129
178 32284
540 32724
104 32559
548 32370
332 32351
553 32316
578 32241
581 32753
584 32448
585 32408
60 32209
624 32425
153 32209
209 32593
271 32290
629 32453
645 32167
673 32127
687 32127
689 32126
689 32694
550 32664
220 32575
665 32749
689 32728
207 32724
376 32660
358 32701
82 32567
396 32541
570 32528
13 32751
354 32575
204 32584
613 32539
397 32650
503 32508
155 32482
327 32452
97 32438
48 32668
595 32488
599 32679
602 32570
603 32431
188 32422
308 32419
25 32402
413 32396
488 32761
519 32750
37 32425
233 32494
356 32396
529 32380
44 32619
203 32701
2 32376
248 32352
298 32336
359 32318
487 32673
316 32452
244 32287
507 32278
77 32697
183 32690
96 32732
242 32386
394 32433
435 32352
377 32469
475 32381
440 32424
108 32310
271 32448
3 32652
287 32310
398 32609
530 32441
554 32416
555 32430
97 32275
66 32603
528 32260
17 32259
228 32250
30 32239
67 32375
163 32362
533 32225
566 32681
576 32646
377 32386
412 32386
581 32665
479 32651
79 32505
595 32372
599 32219
293 32215
420 32214
580 32656
229 32637
90 32596
259 32599
392 32366
360 32350
433 32572
318 32569
347 32293
442 32585
539 32504
560 32339
262 32726
599 32432
59 32337
617 32231
55 32643
63 32312
92 32220
381 32719
475 32695
574 32208
629 32688
231 32201
84 32720
450 32453
629 32562
635 32219
636 32535
305 32706
176 32574
393 32668
393 32659
239 32628
489 32579
296 32570
565 32422
569 32386
15 32358
50 32639
78 32355
232 32644
260 32419
571 32379
32 32490
315 32335
258 32461
507 32283
48 32268
451 32267
240 32762
263 32489
558 32358
134 32248
563 32240
620 32751
620 32723
160 32632
644 32598
645 32577
117 32739
469 32684
490 32512
190 32767
390 32411
601 32405
618 32647
41 32331
220 32619
227 32533
258 32306
404 32514
415 32717
15 32535
502 32733
584 32522
460 32418
593 32360
623 32665
236 32744
30 32568
481 32301
626 32462
647 32596
663 32298
663 32295
101 32285
639 32268
662 32295
664 32360
665 32587
677 32381
595 32577
221 32524
341 32494
255 32399
382 32446
46 32225
309 32220
491 32218
244 32216
557 32212
678 32204
312 32555
599 32189
678 32183
414 32743
315 32664
530 32313
688 32713
60 32688
152 32630
526 32493
163 32728
423 32537
171 32714
261 32525
499 32438
56 32697
582 32448
150 32423
169 32605
600 32614
213 32592
255 32363
495 32399
604 32491
309 32350
329 32316
574 32548
609 32272
613 32265
316 32265
639 32682
385 32646
665 32711
667 32661
167 32564
478 32234
638 32230
368 32484
334 32689
516 32632
517 32437
473 32485
688 32540
138 32387
166 32315
440 32314
287 32545
59 32275
363 32252
459 32391
500 32503
125 32295
533 32234
550 32639
152 32630
312 32708
371 32435
408 32388
430 32721
439 32218
171 32199
521 32182
542 32766
600 32626
179 32668
21 32764
108 32527
373 32602
176 32503
388 32398
149 32733
467 32359
473 32694
418 32605
277 32618
145 32469
92 32515
99 32452
473 32332
510 32314
53 32292
567 32279
6 32272
66 32671
501 32737
575 32518
139 32638
280 32681
584 32534
589 32450
102 32308
610 32741
191 32387
447 32286
621 32267
221 32632
177 32240
242 32251
434 32236
505 32527
9 32592
386 32556
589 32489
204 32371
133 32279
204 32364
637 32651
657 32258
558 32233
689 32610
110 32238
689 32227
236 32217
689 32734
690 32729
690 32409
232 32669
440 32589
563 32397
497 32392
690 32734
220 32729
690 32323
19 32320
68 32631
245 32296
475 32521
152 32767
213 32672
471 32736
691 32289
159 32220
411 32215
498 32305
258 32341
226 32460
227 32406
265 32187
537 32272
261 32181
650 32351
657 32178
685 32534
425 32175
28 32550
593 32173
60 32750
503 32176
344 32649
558 32171
57 32169
41 32660
559 32663
625 32162
676 32160
637 32633
691 32418
413 32362
324 32354
263 32659
691 32273
691 32703
622 32480
261 32161
691 32158
691 32578
212 32163
614 32585
213 32577
63 32476
98 32637
0 32643
114 32431
205 32720
272 32709
257 32490
276 32375
11 32658
182 32344
291 32342
342 32436
454 32395
478 32579
480 32338
184 32577
482 32308
146 32508
377 32590
458 32384
82 32241
122 32232
381 32213
432 32634
485 32316
315 32439
21 32725
370 32280
91 32209
387 32209
466 32204
549 32601
405 32722
553 32419
244 32511
310 32259
309 32476
451 32370
529 32358
175 32596
29 32539
66 32446
218 32666
537 32631
418 32508
550 32427
575 32414
224 32469
73 32370
79 32357
373 32354
81 32717
426 32590
486 32510
363 32338
522 32329
577 32255
588 32253
603 32240
18 32693
621 32234
114 32693
327 32581
623 32427
625 32303
123 32752
538 32203
49 32400
104 32328
169 32328
327 32354
339 32203
0 32193
1 32717
339 32696
367 32556
191 32688
231 32706
376 32680
451 32550
403 32373
384 32369
25 32751
201 32559
494 32766
1 32649
561 32610
631 32542
637 32368
644 32713
34 32365
205 32520
249 32693
281 32633
280 32457
200 32552
406 32554
528 32328
579 32320
143 32748
193 32403
135 32301
76 32283
38 32283
53 32759
54 32234
53 32177
132 32255
135 32177
192 32171
211 32158
295 32157
363 32382
379 32614
387 32515
435 32157
447 32155
485 32663
352 32535
177 32382
9 32749
260 32764
497 32712
497 32699
465 32429
533 32329
607 32408
613 32700
399 32767
526 32342
306 32554
512 32551
75 32543
197 32339
230 32316
12 32749
67 32352
161 32215
272 32628
358 32257
442 32244
448 32479
74 32273
492 32218
495 32174
533 32512
297 32647
422 32387
30 32262
362 32163
497 32493
377 32662
192 32461
211 32686
14 32730
39 32653
232 32427
79 32324
147 32306
344 32260
388 32252
471 32535
475 32209
494 32208
19 32175
210 32360
286 32151
511 32147
530 32313
536 32668
220 32417
346 32293
417 32316
542 32246
350 32146
184 32661
549 32145
559 32145
563 32142
455 32432
200 32419
293 32597
344 32563
136 32605
168 32141
354 32141
333 32528
451 32498
475 32176
499 32294
541 32180
345 32139
573 32292
593 32591
595 32150
121 32139
381 32138
389 32138
420 32735
146 32554
597 32376
18 32733
362 32676
607 32592
609 32383
410 32427
212 32271
614 32562
43 32308
245 32190
234 32186
334 32162
481 32142
616 32137
617 32136
259 32351
255 32184
617 32268
618 32537
622 32135
83 32514
627 32265
633 32698
558 32746
175 32681
244 32503
363 32370
366 32539
104 32384
249 32354
387 32462
458 32320
148 32227
499 32203
530 32194
52 32578
54 32323
110 32315
562 32249
606 32619
22 32481
136 32700
229 32584
354 32430
531 32728
222 32405
223 32349
633 32202
8 32627
297 32593
552 32389
72 32576
20 32160
137 32135
220 32134
274 32686
355 32395
398 32628
81 32690
41 32474
43 32362
216 32261
165 32231
41 32170
123 32416
160 32624
308 32545
356 32441
369 32156
370 32535
50 32372
191 32312
363 32306
444 32711
405 32653
461 32275
465 32356
523 32497
569 32287
606 32191
635 32479
635 32168
523 32571
645 32405
4 32127
107 32312
650 32361
469 32322
211 32721
313 32732
301 32474
330 32254
500 32126
532 32666
104 32746
200 32655
377 32647
391 32393
97 32701
129 32752
357 32584
99 32698
469 32384
544 32335
136 32322
96 32275
235 32486
209 32567
43 32623
293 32341
545 32246
645 32548
652 32211
447 32478
455 32203
416 32661
485 32733
526 32693
497 32494
328 32452
82 32581
240 32295
249 32304
366 32285
490 32138
124 32136
286 32124
391 32166
400 32367
57 32646
165 32366
73 32732
218 32675
280 32659
422 32382
94 32337
410 32228
493 32183
508 32618
513 32138
166 32534
258 32127
521 32676
558 32652
569 32418
147 32522
124 32590
250 32372
434 32368
562 32310
54 32692
57 32597
149 32468
334 32468
491 32162
74 32254
263 32551
376 32123
116 32390
183 32122
242 32715
386 32392
401 32260
185 32740
218 32564
440 32318
489 32195
537 32585
303 32350
558 32560
572 32426
120 32141
133 32712
204 32313
138 32578
266 32216
288 32186
163 32343
300 32140
323 32599
69 32503
27 32522
373 32427
409 32230
139 32203
328 32122
455 32186
459 32649
349 32539
47 32767
268 32738
46 32731
218 32570
66 32488
84 32336
364 32419
470 32320
487 32199
69 32128
27 32746
409 32121
491 32121
21 32647
221 32158
269 32578
305 32155
403 32402
444 32557
46 32263
432 32167
492 32154
573 32141
578 32120
578 32120
11 32645
72 32120
350 32120
468 32573
581 32213
538 32120
208 32568
231 32687
582 32648
588 32586
341 32329
524 32329
563 32283
601 32323
603 32278
65 32523
261 32271
128 32704
87 32644
128 32416
179 32410
182 32279
266 32272
267 32396
282 32735
42 32568
121 32709
284 32560
354 32543
0 32679
38 32638
363 32704
157 32529
336 32456
364 32717
58 32742
340 32727
26 32629
47 32484
153 32760
279 32557
138 32447
408 32419
22 32604
281 32393
373 32380
345 32485
374 32438
389 32368
243 32358
410 32350
29 32341
133 32331
323 32719
482 32327
124 32715
115 32319
25 32315
176 32644
222 32369
236 32305
346 32298
382 32283
491 32704
445 32684
515 32450
64 32424
528 32410
154 32586
30 32340
65 32332
79 32268
194 32249
375 32249
535 32233
129 32349
193 32341
313 32228
361 32733
551 32394
9 32224
423 32483
553 32673
223 32649
208 32641
128 32580
92 32452
172 32406
284 32722
239 32517
543 32331
592 32309
30 32350
594 32217
595 32430
61 32707
129 32357
250 32210
428 32650
491 32208
167 32204
595 32570
599 32510
39 32312
133 32710
264 32199
207 32552
235 32194
331 32708
30 32549
403 32494
556 32484
604 32203
12 32349
60 32735
231 32477
210 32464
471 32404
232 32657
507 32394
517 32382
264 32712
253 32705
578 32735
607 32319
610 32289
331 32560
610 32549
614 32185
617 32281
618 32182
45 32696
535 32554
254 32564
395 32482
150 32765
400 32727
243 32412
271 32685
334 32647
423 32681
163 32719
204 32517
222 32555
34 32495
201 32380
256 32377
247 32653
433 32356
473 32319
567 32446
6 32637
621 32319
555 32315
141 32301
214 32294
498 32269
623 32540
368 32423
627 32179
100 32161
390 32376
265 32260
307 32622
372 32521
15 32503
461 32303
28 32382
57 32550
469 32267
1 32482
372 32631
398 32299
549 32265
557 32638
569 32755
628 32554
628 32747
628 32202
634 32748
641 32167
644 32147
272 32341
475 32270
497 32184
189 32708
394 32765
402 32400
570 32752
328 32277
198 32732
370 32720
71 32758
113 32698
362 32694
429 32702
485 32693
460 32687
555 32758
582 32595
619 32592
619 32447
110 32409
630 32351
645 32330
298 32488
222 32343
16 32759
72 32430
194 32387
255 32636
86 32673
152 32709
263 32617
14 32430
288 32384
306 32350
355 32337
371 32334
248 32293
218 32229
388 32213
421 32666
168 32689
134 32594
176 32716
21 32529
209 32182
26 32699
42 32696
263 32472
336 32606
378 32639
177 32647
361 32540
8 32427
463 32460
328 32742
388 32631
83 32719
104 32719
311 32641
380 32656
266 32437
456 32690
459 32436
186 32420
480 32414
480 32279
219 32223
493 32218
516 32176
528 32684
531 32689
532 32601
461 32664
528 32598
270 32679
149 32594
25 32567
453 32443
561 32486
578 32336
579 32333
75 32589
165 32713
202 32592
111 32293
323 32293
413 32618
94 32348
162 32323
103 32760
27 32536
188 32420
178 32322
249 32473
134 32320
160 32665
314 32743
115 32564
19 32503
121 32445
134 32355
204 32281
234 32279
368 32273
404 32257
416 32252
418 32211
434 32210
458 32209
483 32654
283 32707
487 32659
65 32592
286 32531
432 32512
389 32411
454 32257
525 32537
545 32338
1 32494
558 32200
379 32746
49 32582
203 32364
153 32332
129 32691
242 32655
322 32627
349 32535
221 32752
40 32533
87 32558
178 32405
190 32391
76 32338
236 32274
304 32709
123 32289
361 32620
435 32244
37 32699
7 32180
477 32654
479 32591
534 32552
560 32506
572 32470
103 32434
263 32536
186 32473
231 32636
316 32261
582 32458
583 32176
326 32546
569 32255
296 32762
362 32345
367 32245
506 32189
591 32175
594 32174
330 32168
122 32521
175 32704
236 32586
303 32350
22 32337
369 32166
417 32759
160 32714
257 32765
519 32713
595 32545
605 32377
613 32257
109 32165
185 32163
129 32235
294 32537
483 32153
185 32151
310 32694
85 32650
412 32658
471 32611
79 32539
39 32621
95 32553
61 32449
168 32393
62 32382
231 32284
31 32630
235 32284
100 32231
263 32216
311 32512
26 32212
376 32737
144 32649
407 32499
470 32255
473 32194
7 32363
354 32288
101 32163
116 32147
493 32145
509 32143
510 32141
478 32589
229 32504
253 32618
13 32496
406 32658
483 32386
42 32447
44 32607
76 32730
223 32728
281 32707
438 32644
437 32624
472 32555
514 32551
515 32405
516 32689
536 32290
598 32358
47 32604
52 32766
73 32477
3 32671
134 32563
220 32452
1 32655
297 32479
12 32386
27 32358
21 32668
303 32321
377 32301
379 32432
403 32754
4 32604
406 32600
469 32589
510 32482
534 32276
46 32347
176 32271
198 32702
291 32268
342 32258
202 32244
344 32242
321 32625
200 32243
288 32241
482 32264
491 32220
538 32219
205 32208
587 32500
587 32236
621 32199
621 32700
148 32188
339 32730
472 32461
154 32168
509 32766
119 32140
483 32138
194 32137
377 32137
17 32700
286 32480
134 32639
336 32465
245 32584
353 32701
327 32702
358 32555
30 32627
73 32523
278 32504
319 32504
405 32483
456 32411
165 32381
61 32591
62 32439
177 32533
182 32423
243 32375
471 32368
497 32729
563 32461
73 32752
27 32360
16 32629
40 32603
188 32599
353 32311
477 32726
563 32466
136 32336
329 32272
556 32260
577 32420
290 32541
590 32243
595 32239
541 32316
66 32234
123 32227
172 32209
355 32161
106 32176
371 32521
300 32601
311 32697
401 32709
476 32687
602 32364
614 32168
60 32366
622 32436
624 32390
630 32149
630 32667
175 32262
348 32299
434 32145
88 32134
415 32132
595 32131
292 32461
436 32278
85 32197
633 32718
637 32558
397 32483
580 32452
639 32451
41 32756
423 32416
499 32571
115 32378
598 32742
644 32311
646 32601
102 32232
130 32328
440 32262
141 32213
174 32149
292 32626
375 32584
544 32130
338 32353
9 32643
438 32184
615 32680
4 32130
213 32130
295 32268
297 32129
339 32129
107 32126
292 32246
23 32126
340 32718
263 32562
233 32124
351 32613
359 32537
409 32763
256 32755
353 32750
416 32734
419 32545
107 32517
287 32471
375 32122
366 32727
307 32511
70 32505
168 32408
207 32646
345 32438
73 32378
224 32350
248 32621
155 32314
320 32261
356 32213
455 32162
466 32148
481 32126
236 32122
484 32429
486 32364
103 32163
499 32119
383 32292
394 32248
535 32441
551 32426
282 32718
137 32714
84 32167
9 32461
69 32651
83 32433
88 32404
243 32159
85 32325
109 32119
303 32119
307 32119
342 32119
380 32119
120 32118
82 32533
17 32711
72 32628
417 32557
418 32677
435 32727
435 32522
27 32471
462 32221
264 32736
321 32530
463 32637
469 32752
493 32450
371 32438
566 32310
322 32309
97 32210
557 32199
56 32191
246 32167
225 32634
375 32634
572 32401
264 32324
413 32285
573 32176
580 32708
181 32674
6 32481
13 32286
288 32732
236 32286
326 32162
348 32212
34 32563
177 32157
8 32374
91 32718
113 32254
297 32118
367 32304
265 32117
135 32492
187 32117
246 32610
66 32264
400 32116
413 32116
419 32116
443 32116
210 32578
99 32620
445 32383
30 32194
143 32116
396 32116
432 32116
450 32115
462 32115
115 32115
253 32474
167 32618
93 32436
301 32115
344 32115
487 32114
276 32114
531 32741
156 32593
2 32114
4 32114
127 32746
179 32354
399 32611
128 32393
354 32288
352 32683
394 32422
409 32298
47 32211
25 32756
2 32613
287 32549
287 32675
326 32634
206 32529
465 32193
483 32159
486 32437
508 32297
545 32623
547 32151
553 32129
556 32760
143 32597
286 32441
369 32225
272 32268
373 32164
167 32185
176 32134
288 32575
394 32126
472 32284
486 32125
15 32728
105 32649
503 32703
531 32527
204 32497
63 32732
118 32285
93 32229
324 32656
364 32272
262 32454
90 32531
93 32319
189 32201
344 32370
159 32400
130 32525
371 32272
391 32650
421 32139
511 32468
36 32555
13 32644
21 32636
33 32605
147 32348
180 32638
195 32749
231 32537
304 32615
3 32505
77 32664
177 32609
73 32666
172 32718
196 32575
206 32533
281 32724
342 32439
213 32678
115 32491
174 32460
217 32420
405 32402
422 32392
513 32348
6 32591
336 32477
227 32307
33 32601
73 32476
11 32495
234 32512
320 32404
353 32577
204 32545
296 32496
83 32648
359 32741
241 32744
292 32584
330 32510
335 32563
364 32593
412 32718
24 32489
61 32488
454 32734
359 32722
479 32491
63 32740
160 32392
14 32364
16 32335
86 32302
193 32301
252 32295
465 32277
364 32541
481 32439
483 32406
493 32272
76 32384
137 32424
411 32338
200 32509
337 32630
516 32496
90 32314
189 32269
484 32264
530 32262
278 32278
438 32259
531 32256
538 32241
143 32379
485 32182
79 32265
99 32675
180 32532
50 32722
123 32300
286 32707
522 32719
452 32692
532 32603
261 32579
479 32538
540 32586
542 32486
552 32577
557 32511
251 32600
562 32346
565 32248
567 32647
146 32519
458 32495
571 32333
550 32719
223 32441
571 32319
573 32199
147 32616
348 32501
133 32479
290 32236
101 32686
280 32626
99 32633
264 32700
343 32748
397 32525
435 32695
461 32718
119 32703
358 32670
451 32611
469 32561
500 32502
62 32647
465 32614
102 32428
517 32400
80 32356
357 32352
485 32343
540 32748
412 32754
582 32684
583 32604
583 32328
552 32738
585 32237
586 32708
588 32234
589 32572
589 32605
591 32522
101 32424
138 32508
593 32413
594 32226
27 32346
192 32465
275 32222
301 32214
39 32278
380 32205
428 32520
73 32321
101 32203
463 32177
550 32173
512 32428
566 32398
321 32506
250 32269
399 32173
574 32208
132 32169
87 32643
208 32754
233 32237
347 32530
349 32162
174 32354
275 32158
366 32389
431 32370
559 32155
584 32151
448 32491
589 32148
20 32146
326 32141
502 32572
595 32138
182 32138
600 32285
4 32660
577 32386
92 32669
202 32613
532 32721
188 32553
257 32522
97 32491
58 32481
506 32386
607 32380
341 32344
170 32275
95 32219
88 32177
236 32710
394 32378
102 32297
27 32387
432 32270
453 32609
541 32132
282 32130
468 32128
143 32128
309 32600
329 32745
543 32687
208 32367
224 32525
62 32349
112 32263
93 32212
287 32160
199 32676
23 32410
58 32404
107 32701
182 32670
271 32698
288 32643
401 32530
504 32450
123 32714
554 32653
435 32418
577 32557
592 32464
594 32403
461 32403
610 32356
15 32669
478 32330
613 32305
328 32302
334 32416
617 32245
90 32644
618 32327
461 32577
159 32284
538 32425
612 32572
384 32524
392 32407
619 32322
139 32762
527 32765
622 32711
314 32358
576 32295
524 32718
560 32423
622 32734
622 32706
623 32705
192 32697
55 32644
239 32334
449 32308
515 32640
624 32437
425 32747
178 32689
545 32744
625 32723
627 32554
9 32502
65 32420
158 32527
200 32461
234 32418
413 32355
481 32449
31 32395
104 32688
431 32591
472 32373
44 32346
139 32612
283 32563
549 32455
577 32582
627 32309
628 32292
632 32279
34 32278
316 32232
126 32222
118 32748
505 32594
167 32476
48 32213
331 32616
380 32378
166 32201
176 32181
268 32179
434 32170
277 32484
201 32445
465 32153
209 32147
47 32665
481 32369
487 32127
523 32209
539 32369
415 32708
464 32693
521 32357
15 32748
154 32437
192 32435
247 32320
351 32739
547 32244
595 32127
228 32706
179 32681
77 32312
104 32496
358 32261
383 32603
19 32512
367 32579
443 32544
337 32678
390 32429
475 32305
2 32671
442 32460
485 32267
110 32210
331 32204
341 32175
105 32148
146 32139
248 32123
437 32565
434 32123
443 32456
455 32198
260 32119
493 32119
498 32117
92 32765
238 32340
213 32339
365 32331
465 32205
161 32758
247 32691
425 32225
513 32173
528 32363
551 32116
594 32445
607 32513
526 32407
534 32351
608 32258
633 32145
555 32128
73 32114
10 32530
181 32472
54 32415
248 32114
71 32114
206 32114
272 32113
512 32113
50 32386
302 32541
325 32720
341 32538
91 32298
374 32294
156 32347
481 32234
504 32414
576 32460
584 32206
455 32582
69 32462
19 32596
258 32365
2 32731
376 32377
159 32296
394 32724
402 32196
217 32584
258 32191
413 32619
69 32496
118 32414
359 32452
384 32740
104 32600
415 32375
360 32635
419 32422
460 32317
482 32283
515 32271
392 32198
544 32165
548 32716
391 32656
557 32555
230 32545
197 32319
597 32256
630 32118
634 32113
52 32255
108 32401
485 32113
162 32112
89 32652
402 32592
518 32362
10 32112
272 32112
262 32356
444 32674
547 32596
4 32382
70 32311
155 32112
636 32112
637 32111
639 32571
641 32532
240 32394
36 32111
310 32111
111 32111
283 32654
44 32589
156 32574
183 32553
234 32395
239 32530
295 32110
315 32403
114 32110
323 32515
421 32456
436 32694
310 32497
360 32159
406 32110
123 32184
332 32715
446 32478
490 32469
56 32340
494 32643
511 32599
526 32754
40 32299
70 32742
281 32600
410 32572
213 32544
444 32690
497 32531
100 32574
133 32398
384 32391
537 32388
561 32280
35 32278
285 32387
537 32268
29 32625
210 32562
258 32518
39 32481
365 32469
419 32644
458 32543
367 32468
483 32257
532 32719
555 32673
556 32224
563 32563
16 32561
117 32718
171 32701
57 32602
400 32337
530 32218
563 32471
576 32711
214 32604
305 32546
251 32543
25 32491
243 32446
10 32564
204 32394
147 32611
233 32221
264 32217
304 32205
352 32187
365 32626
231 32644
32 32635
383 32579
420 32575
305 32569
23 32767
306 32579
423 32534
440 32648
456 32767
41 32516
21 32451
31 32584
125 32440
120 32288
160 32278
84 32541
173 32413
189 32368
238 32361
258 32333
289 32755
105 32651
365 32628
361 32614
474 32577
474 32532
499 32521
230 32610
46 32611
278 32435
521 32683
525 32665
526 32613
553 32612
563 32721
68 32697
368 32687
568 32565
581 32404
584 32728
584 32368
268 32357
59 32718
597 32286
598 32266
620 32234
624 32331
630 32216
38 32207
186 32182
439 32499
412 32383
122 32409
627 32246
635 32199
636 32171
222 32168
638 32694
642 32167
199 32731
206 32357
379 32551
374 32503
94 32439
428 32718
385 32396
465 32300
247 32200
643 32161
645 32158
57 32652
324 32570
151 32604
234 32585
264 32517
287 32454
535 32451
160 32734
193 32438
645 32284
646 32248
646 32228
95 32313
205 32582
590 32191
647 32614
171 32379
647 32243
648 32307
648 32191
214 32158
398 32156
426 32721
510 32456
648 32308
456 32436
354 32643
476 32405
172 32281
282 32263
68 32207
119 32650
93 32241
283 32332
316 32207
343 32201
347 32169
158 32556
319 32160
450 32693
648 32155
139 32627
506 32597
17 32591
533 32546
389 32469
584 32317
18 32282
54 32615
35 32473
143 32593
403 32584
128 32521
440 32521
553 32371
163 32591
27 32285
532 32509
623 32207
648 32410
13 32401
121 32508
483 32188
19 32182
49 32154
376 32477
119 32674
177 32652
65 32766
113 32637
48 32540
229 32508
250 32493
104 32709
268 32681
75 32656
170 32503
189 32557
276 32397
290 32340
296 32695
297 32326
317 32378
111 32321
377 32663
390 32623
392 32296
429 32285
434 32269
382 32700
272 32757
332 32525
48 32590
107 32240
473 32513
540 32237
222 32222
576 32714
342 32466
451 32733
601 32504
610 32572
57 32743
513 32629
614 32417
619 32286
21 32593
25 32634
247 32656
416 32513
449 32293
549 32280
560 32545
476 32202
162 32196
115 32188
89 32630
2 32257
106 32176
559 32600
25 32519
185 32370
200 32707
156 32670
258 32639
301 32502
304 32754
331 32656
351 32476
381 32737
564 32464
122 32504
207 32621
372 32610
403 32421
16 32419
450 32369
496 32365
450 32350
184 32565
512 32517
565 32293
417 32630
565 32256
42 32254
44 32608
520 32564
309 32202
467 32210
555 32492
94 32725
18 32623
115 32479
213 32494
315 32540
21 32733
73 32421
365 32358
495 32745
447 32370
492 32344
509 32573
106 32761
352 32571
382 32389
509 32526
23 32766
25 32382
321 32271
529 32259
49 32253
44 32685
161 32519
341 32509
460 32477
540 32656
133 32455
540 32405
544 32238
304 32310
135 32222
232 32515
25 32659
105 32483
137 32461
163 32421
40 32420
188 32695
17 32716
56 32717
250 32433
298 32652
362 32647
372 32763
455 32434
129 32338
276 32324
51 32316
477 32225
546 32618
351 32274
