3084 29355
304 32544
132 32510
205 32425
603 32138
563 32050
617 32014
709 31930
485 31851
684 32528
979 32113
1124 32677
1131 32224
245 32581
759 32297
630 32171
767 32505
1162 32145
189 31911
398 32407
608 32599
691 32524
4 32662
24 32592
58 32661
168 32514
362 32487
606 32476
653 32358
146 32350
594 32679
351 32327
305 32523
421 32581
647 32533
165 32749
212 32569
216 32418
693 32380
72 32420
57 32364
227 32706
90 32624
237 32407
190 32633
90 32652
77 32525
137 32340
47 32304
148 32295
260 32555
213 32277
268 32362
297 32268
366 32262
371 32306
383 32719
387 32643
388 32403
418 32724
253 32382
420 32482
154 32341
326 32322
470 32252
45 32663
162 32632
497 32537
145 32237
528 32226
37 32207
90 32197
25 32184
177 32173
407 32152
23 32172
508 32146
84 32610
415 32464
141 32632
199 32505
28 32532
377 32764
509 32667
552 32432
558 32341
531 32579
567 32210
583 32184
437 32586
15 32143
597 32215
100 32289
462 32538
304 32454
398 32654
610 32453
610 32597
618 32404
529 32492
1 32480
345 32502
374 32735
415 32581
464 32479
282 32748
501 32467
551 32367
317 32756
625 32692
630 32535
167 32480
636 32351
640 32325
371 32232
301 32293
363 32522
431 32713
115 32565
220 32689
68 32650
475 32642
480 32525
587 32493
434 32249
141 32621
222 32762
410 32737
627 32345
172 32395
524 32243
20 32226
660 32210
303 32646
217 32610
271 32696
241 32544
416 32317
23 32253
468 32232
612 32199
179 32152
564 32377
478 32428
205 32147
257 32140
149 32138
334 32136
434 32122
259 32300
535 32120
212 32498
215 32691
516 32657
573 32373
294 32323
595 32524
602 32711
667 32579
42 32579
276 32636
395 32480
431 32720
499 32562
30 32327
43 32301
139 32295
176 32480
193 32280
149 32619
219 32279
333 32709
257 32541
319 32533
356 32326
476 32474
482 32321
384 32236
406 32181
277 32554
179 32380
366 32747
506 32516
460 32699
364 32738
549 32429
182 32425
98 32739
360 32518
397 32300
583 32570
460 32333
343 32446
590 32656
246 32557
377 32556
545 32555
279 32641
80 32421
337 32672
340 32737
65 32556
228 32689
229 32651
59 32554
327 32427
200 32419
107 32379
102 32625
286 32688
335 32586
37 32736
431 32526
25 32742
138 32727
451 32681
516 32680
560 32673
562 32668
591 32656
605 32505
45 32593
610 32636
617 32620
139 32593
56 32483
263 32417
110 32671
424 32426
586 32395
194 32365
160 32345
533 32339
575 32476
629 32331
635 32694
182 32641
241 32616
429 32333
629 32371
24 32541
90 32502
109 32716
367 32763
367 32592
433 32495
479 32733
620 32457
74 32501
458 32326
485 32325
492 32315
636 32366
315 32341
607 32648
639 32310
59 32301
240 32283
215 32267
194 32534
156 32346
197 32267
299 32265
90 32668
647 32604
169 32264
478 32245
653 32236
654 32535
667 32235
111 32222
266 32213
151 32253
374 32211
71 32570
387 32206
555 32203
588 32197
306 32279
622 32226
672 32196
673 32195
573 32193
674 32191
230 32737
670 32485
285 32183
675 32628
73 32177
613 32168
677 32156
681 32156
684 32148
685 32146
109 32545
182 32155
207 32660
38 32134
89 32219
333 32127
365 32125
33 32546
513 32498
540 32718
561 32151
576 32120
573 32759
127 32585
607 32517
609 32416
686 32387
686 32495
236 32439
395 32375
460 32657
6 32540
510 32700
543 32403
49 32764
115 32748
251 32706
295 32519
174 32727
318 32504
397 32412
19 32356
418 32711
433 32604
79 32497
229 32413
289 32382
537 32351
549 32338
570 32353
107 32325
252 32678
318 32661
118 32603
256 32443
373 32744
66 32420
61 32670
130 32346
278 32340
397 32506
102 32617
101 32715
78 32611
312 32488
461 32312
128 32662
423 32439
466 32383
74 32717
112 32664
154 32687
315 32653
158 32629
370 32594
381 32549
288 32494
387 32486
447 32473
170 32708
475 32626
6 32509
481 32369
0 32751
272 32698
34 32664
406 32349
415 32335
489 32305
157 32286
77 32282
194 32282
117 32519
253 32353
218 32273
334 32695
237 32261
492 32261
512 32255
552 32216
552 32210
566 32194
19 32322
238 32615
36 32721
275 32601
25 32533
244 32482
264 32631
501 32747
262 32428
548 32640
476 32544
55 32313
440 32294
211 32382
560 32589
568 32280
569 32565
357 32264
566 32583
79 32671
569 32507
578 32499
586 32336
587 32223
592 32193
599 32188
11 32219
54 32285
306 32547
342 32507
43 32163
118 32157
134 32551
145 32146
156 32146
460 32145
556 32645
602 32138
534 32223
138 32137
607 32130
610 32233
32 32129
142 32663
612 32620
616 32606
559 32292
618 32461
304 32304
624 32264
40 32298
133 32370
50 32728
418 32625
29 32512
291 32495
269 32402
446 32515
455 32522
466 32360
492 32515
617 32665
493 32663
629 32338
632 32442
191 32327
637 32669
87 32302
215 32704
21 32402
648 32399
650 32441
650 32347
379 32306
13 32414
378 32498
652 32362
659 32289
663 32449
666 32640
574 32318
669 32615
197 32353
9 32245
41 32243
363 32690
521 32412
197 32546
260 32392
258 32573
263 32383
308 32316
371 32241
507 32618
535 32226
308 32543
628 32183
654 32171
676 32590
682 32162
684 32571
244 32240
44 32377
42 32218
315 32144
235 32343
96 32644
355 32550
45 32373
170 32487
293 32745
354 32506
459 32350
490 32297
22 32522
194 32260
50 32250
126 32161
502 32155
466 32651
605 32261
52 32620
6 32144
222 32242
304 32358
176 32141
162 32136
438 32674
461 32711
484 32474
521 32424
614 32663
35 32502
302 32725
618 32661
410 32549
425 32392
377 32536
627 32392
263 32564
631 32382
646 32364
665 32132
686 32129
377 32666
226 32332
50 32314
494 32685
688 32549
95 32214
241 32210
342 32203
361 32200
334 32392
153 32751
421 32566
366 32373
461 32181
533 32127
563 32127
564 32649
389 32121
474 32325
583 32120
169 32632
228 32623
601 32120
619 32120
460 32703
486 32493
81 32463
546 32459
630 32287
48 32685
90 32569
175 32560
292 32510
427 32652
543 32604
344 32458
154 32647
135 32762
272 32533
362 32511
148 32442
149 32743
230 32374
244 32679
15 32657
109 32630
184 32741
275 32550
172 32468
261 32694
318 32430
395 32300
235 32259
494 32646
555 32404
207 32629
300 32296
562 32725
83 32704
358 32654
441 32630
550 32734
564 32665
296 32620
570 32440
571 32648
80 32434
289 32416
6 32704
68 32404
164 32395
260 32395
50 32743
303 32449
423 32363
452 32356
186 32746
380 32296
461 32292
339 32487
308 32301
192 32274
146 32486
175 32437
134 32389
289 32261
184 32261
115 32277
233 32237
257 32232
348 32746
465 32622
449 32661
481 32346
369 32322
427 32540
504 32287
510 32228
381 32585
504 32469
280 32222
531 32215
476 32767
30 32338
136 32667
170 32496
360 32251
534 32199
539 32616
542 32197
311 32245
373 32187
401 32603
506 32234
303 32182
395 32759
549 32692
181 32617
275 32508
304 32638
386 32427
572 32717
578 32668
96 32309
403 32296
587 32223
351 32188
110 32184
475 32277
10 32392
135 32595
48 32330
125 32277
286 32231
579 32429
596 32296
38 32371
331 32177
315 32754
491 32484
71 32198
134 32388
24 32567
411 32169
441 32163
504 32157
436 32154
349 32146
85 32742
219 32698
96 32250
469 32260
515 32216
521 32356
558 32159
558 32650
230 32679
236 32735
313 32454
108 32637
401 32731
475 32433
476 32729
503 32303
234 32410
419 32432
9 32527
217 32751
447 32617
516 32545
347 32520
63 32689
118 32634
467 32484
15 32431
229 32473
231 32377
256 32331
335 32645
496 32287
106 32245
250 32501
302 32233
181 32579
328 32552
312 32396
362 32503
517 32287
545 32593
568 32412
41 32204
147 32760
600 32624
616 32605
392 32503
624 32444
393 32299
131 32179
233 32559
277 32175
292 32167
324 32407
153 32646
47 32740
227 32682
196 32318
151 32281
314 32668
327 32403
369 32720
22 32630
39 32622
152 32473
163 32270
119 32166
206 32763
387 32709
409 32443
421 32393
435 32425
436 32344
436 32393
478 32269
541 32324
567 32255
70 32241
590 32223
599 32600
625 32657
626 32169
626 32158
47 32628
342 32449
565 32277
627 32332
629 32158
304 32182
490 32416
517 32164
630 32472
631 32549
634 32735
279 32766
490 32345
309 32163
635 32652
637 32622
280 32547
639 32158
186 32676
640 32339
641 32744
644 32174
645 32165
121 32639
227 32413
451 32374
168 32505
645 32724
176 32589
401 32324
506 32338
383 32240
607 32512
607 32240
646 32371
8 32637
652 32411
653 32366
514 32334
609 32469
269 32350
278 32209
92 32701
122 32751
144 32699
289 32229
360 32405
407 32543
433 32202
357 32197
404 32672
11 32238
512 32723
597 32691
621 32342
140 32237
402 32749
440 32703
554 32451
572 32428
636 32318
636 32275
651 32188
201 32760
565 32585
575 32568
610 32289
10 32714
334 32657
412 32575
194 32710
253 32679
15 32560
303 32351
451 32185
375 32153
617 32151
406 32402
352 32558
241 32468
28 32251
260 32222
262 32427
300 32161
328 32534
413 32412
66 32709
127 32554
141 32587
444 32218
521 32681
524 32437
221 32226
257 32221
432 32146
610 32223
614 32139
17 32757
635 32643
642 32134
655 32233
655 32696
350 32735
655 32688
134 32282
439 32641
226 32321
87 32339
289 32639
443 32508
232 32463
4 32402
121 32591
367 32374
101 32603
455 32581
10 32478
590 32506
102 32293
466 32286
613 32236
655 32233
295 32208
304 32654
668 32613
66 32196
105 32643
109 32757
372 32301
177 32451
443 32390
443 32290
168 32490
451 32405
473 32231
235 32542
363 32194
45 32457
226 32677
86 32536
160 32318
127 32537
262 32695
313 32144
321 32413
353 32309
104 32365
352 32176
383 32193
153 32133
529 32132
172 32131
155 32476
15 32658
455 32443
180 32433
121 32693
253 32434
205 32427
413 32733
294 32638
373 32719
380 32688
402 32660
157 32653
3 32633
424 32340
257 32762
304 32341
365 32423
471 32739
324 32720
1 32619
106 32698
9 32612
373 32556
85 32507
383 32481
385 32481
446 32745
532 32734
556 32440
515 32626
559 32330
445 32305
311 32723
289 32301
363 32272
401 32242
444 32765
59 32744
28 32694
82 32518
329 32322
500 32226
180 32687
171 32443
274 32591
144 32654
424 32604
501 32515
155 32501
541 32750
33 32640
96 32530
279 32437
563 32312
568 32307
318 32280
307 32477
570 32300
384 32501
162 32484
360 32594
346 32746
511 32353
573 32679
125 32348
576 32454
106 32711
242 32754
405 32667
405 32597
586 32529
452 32744
280 32605
341 32573
395 32528
414 32490
566 32480
592 32671
602 32714
280 32733
34 32576
82 32732
149 32725
238 32674
448 32580
499 32480
