11571 20637
172 32482
253 31644
777 32756
640 32465
353 32681
153 32655
205 32584
237 32515
449 32434
464 32166
535 31856
13 31981
104 32403
57 32745
261 32642
36 32329
265 32304
304 32029
416 32402
167 32020
451 32017
454 32697
386 32156
56 32694
474 32621
192 32653
181 32734
210 32657
239 32600
378 32339
37 32029
490 31992
42 32586
528 32411
96 32203
180 32559
300 32583
266 32495
126 32493
69 32577
437 32480
554 32437
557 32152
269 32226
270 32150
99 32681
375 32190
410 32755
459 32419
533 32300
162 32557
69 32124
318 32302
351 32082
236 32504
286 32081
327 32049
357 32715
473 32344
547 32275
164 32208
550 32368
260 32490
338 32626
460 32299
466 32703
574 32536
99 32505
525 32497
586 32482
199 32605
105 32459
89 32431
85 32340
125 32694
211 32246
168 32459
357 32410
407 32242
421 32148
414 32485
443 32424
19 32217
313 32111
286 32211
467 32123
538 32665
153 32691
126 32617
268 32454
255 32411
331 32671
381 32117
71 32567
15 32561
32 32103
76 32098
95 32092
389 32716
514 32383
190 32085
505 32045
266 32632
299 32538
543 32066
548 32496
125 32551
210 32760
548 32412
586 32190
267 32693
483 32143
512 32058
110 32764
602 32039
603 32039
611 32288
325 32170
427 32419
453 32193
633 32251
594 32029
633 32377
641 32027
642 32373
645 32026
19 32056
345 32735
652 32607
414 32440
402 32308
74 32707
426 32368
518 32119
32 32397
329 32361
228 32334
13 32725
451 32679
475 32500
12 32491
520 32424
619 32418
637 32572
63 32593
167 32386
269 32322
639 32313
211 32255
189 32564
33 32175
211 32464
244 32159
410 32565
564 32597
283 32739
191 32598
206 32751
437 32433
264 32517
655 32448
675 32369
693 32174
443 32078
48 32676
139 32562
252 32075
254 32688
0 32535
203 32430
370 32460
564 32389
366 32306
381 32506
493 32595
153 32463
105 32440
274 32733
424 32737
455 32676
582 32451
165 32437
598 32322
404 32315
628 32315
353 32358
203 32243
395 32572
430 32346
416 32403
5 32689
92 32207
430 32533
515 32392
596 32342
630 32456
37 32449
240 32655
369 32221
378 32207
113 32186
118 32160
384 32153
125 32697
367 32563
459 32150
31 32346
331 32601
387 32124
494 32115
539 32203
648 32101
30 32096
88 32080
22 32677
96 32634
175 32593
304 32071
393 32070
392 32062
450 32052
495 32351
194 32750
613 32441
26 32649
167 32610
359 32493
471 32763
87 32205
414 32197
649 32713
655 32044
661 32510
671 32313
567 32745
672 32361
691 32302
697 32302
707 32298
713 32176
37 32571
714 32469
186 32229
23 32113
192 32347
130 32107
355 32766
51 32753
399 32649
413 32637
428 32533
32 32742
124 32679
265 32619
346 32691
427 32638
174 32518
197 32706
499 32495
573 32476
322 32418
582 32672
555 32439
617 32658
191 32387
328 32371
335 32330
402 32321
664 32301
678 32289
683 32609
718 32280
720 32684
315 32274
450 32256
721 32407
721 32700
723 32289
723 32251
727 32244
728 32218
471 32730
737 32498
433 32429
185 32214
374 32262
187 32170
582 32104
356 32218
375 32500
243 32645
340 32099
531 32667
277 32278
350 32222
532 32725
535 32646
575 32457
604 32455
231 32545
496 32388
618 32309
620 32564
299 32535
150 32426
117 32414
492 32330
647 32312
99 32221
314 32757
440 32679
501 32561
608 32722
96 32556
519 32638
143 32635
649 32687
652 32691
666 32530
51 32410
327 32481
313 32496
290 32549
75 32360
543 32341
527 32694
584 32678
649 32474
681 32544
375 32388
391 32705
685 32336
184 32327
731 32313
461 32313
628 32719
266 32303
437 32293
696 32283
82 32580
431 32692
53 32579
102 32680
102 32767
330 32581
333 32571
415 32473
311 32368
170 32275
457 32580
152 32587
201 32749
342 32273
288 32630
419 32408
469 32554
14 32763
174 32399
176 32367
290 32343
69 32551
225 32263
388 32603
429 32258
445 32252
473 32251
480 32243
387 32230
191 32763
348 32212
564 32618
38 32483
92 32474
405 32571
561 32704
514 32677
571 32341
575 32285
577 32234
579 32206
258 32659
443 32362
116 32365
580 32355
331 32308
211 32198
194 32198
131 32188
207 32283
246 32601
362 32184
453 32616
54 32598
123 32617
189 32164
320 32162
265 32725
299 32691
425 32554
198 32451
201 32516
256 32683
404 32551
394 32595
260 32448
505 32257
567 32234
139 32616
535 32571
603 32325
434 32244
302 32763
610 32304
626 32226
258 32224
657 32222
669 32196
448 32162
524 32486
436 32667
90 32185
521 32146
595 32124
673 32117
698 32116
700 32114
19 32499
33 32108
49 32280
411 32108
479 32475
481 32418
608 32705
624 32717
659 32646
715 32430
20 32556
240 32661
328 32611
365 32683
375 32605
9 32720
561 32513
552 32686
85 32591
581 32499
600 32412
308 32410
377 32443
235 32410
481 32337
433 32321
2 32540
305 32519
601 32355
618 32243
628 32235
630 32226
186 32552
87 32713
405 32216
200 32458
268 32174
389 32463
53 32446
187 32164
411 32750
436 32603
526 32587
87 32374
127 32260
62 32122
331 32103
608 32677
617 32593
55 32498
654 32477
667 32426
431 32330
717 32231
734 32223
738 32223
338 32209
413 32189
347 32102
229 32396
297 32222
272 32700
188 32233
612 32102
63 32515
739 32658
563 32665
21 32471
742 32430
742 32256
743 32235
745 32206
745 32101
53 32413
375 32550
437 32429
168 32311
424 32195
482 32638
124 32613
523 32266
561 32099
415 32098
126 32671
81 32545
194 32363
28 32664
277 32237
51 32708
71 32757
412 32659
545 32097
595 32090
519 32675
499 32071
35 32594
67 32528
370 32349
115 32491
512 32304
560 32101
589 32306
75 32553
144 32478
164 32370
420 32124
25 32067
220 32065
292 32353
31 32171
219 32160
368 32149
399 32131
414 32108
430 32072
219 32234
250 32571
466 32622
470 32483
483 32067
518 32065
563 32685
140 32414
575 32425
296 32299
409 32148
435 32637
463 32200
484 32063
10 32470
98 32325
58 32707
70 32669
508 32155
445 32484
478 32461
52 32197
100 32095
194 32635
458 32284
516 32095
578 32060
392 32331
587 32579
349 32413
598 32243
602 32161
606 32139
433 32442
457 32237
627 32086
633 32059
349 32405
639 32718
660 32473
674 32371
412 32477
582 32473
486 32449
571 32753
636 32499
589 32352
674 32238
267 32467
159 32215
316 32163
676 32125
679 32418
688 32752
117 32727
690 32715
177 32508
691 32402
692 32106
697 32102
55 32066
250 32057
317 32053
203 32573
571 32244
93 32305
279 32642
406 32418
513 32694
530 32635
371 32570
569 32698
120 32403
241 32351
214 32411
345 32349
197 32340
148 32315
358 32704
33 32415
212 32366
383 32282
18 32263
59 32417
111 32539
273 32237
360 32220
528 32182
206 32176
534 32666
635 32609
667 32591
683 32516
31 32365
45 32419
80 32759
66 32584
150 32504
129 32721
138 32519
182 32377
190 32229
122 32744
242 32718
271 32652
179 32524
71 32723
102 32460
6 32582
114 32751
138 32575
228 32513
238 32474
310 32425
351 32403
395 32472
402 32497
405 32533
418 32498
77 32392
359 32300
235 32636
203 32384
435 32365
42 32735
448 32256
307 32749
462 32391
217 32336
470 32313
480 32601
76 32293
44 32428
78 32234
250 32225
24 32224
39 32289
21 32219
45 32214
133 32214
277 32201
18 32175
288 32715
353 32625
99 32523
98 32449
208 32678
305 32570
62 32399
35 32484
314 32419
344 32506
353 32264
374 32761
418 32663
228 32616
204 32460
167 32453
52 32312
240 32748
432 32553
444 32679
482 32722
492 32631
510 32625
122 32535
228 32479
517 32270
490 32482
530 32294
28 32253
494 32245
531 32377
352 32213
146 32169
539 32156
19 32403
551 32155
477 32715
556 32155
502 32581
186 32595
565 32480
53 32502
207 32748
387 32681
470 32213
473 32152
297 32766
514 32691
93 32662
338 32550
515 32380
378 32735
524 32410
567 32473
299 32388
21 32339
265 32352
280 32282
309 32603
576 32267
523 32504
57 32537
176 32396
237 32614
218 32622
220 32534
310 32640
9 32630
514 32654
537 32712
576 32545
80 32539
308 32335
341 32313
7 32486
212 32467
171 32727
245 32303
249 32241
347 32495
445 32227
384 32615
354 32528
476 32222
568 32665
587 32365
588 32183
100 32701
220 32581
263 32282
293 32255
353 32222
86 32160
284 32160
309 32611
111 32533
270 32330
213 32159
268 32147
403 32146
410 32531
431 32463
312 32580
346 32518
451 32165
541 32441
7 32240
590 32566
20 32146
253 32139
599 32137
354 32711
605 32330
223 32328
577 32135
395 32134
98 32132
221 32132
606 32404
138 32615
155 32384
469 32345
281 32260
66 32717
425 32412
442 32361
493 32288
555 32253
323 32646
618 32247
619 32202
627 32436
107 32185
627 32185
71 32736
6 32749
80 32706
185 32539
237 32577
81 32513
90 32561
217 32479
396 32456
426 32400
548 32216
612 32207
627 32300
629 32188
24 32671
310 32533
379 32345
400 32187
404 32720
606 32402
38 32328
630 32746
637 32415
247 32408
637 32185
341 32282
639 32172
268 32325
334 32223
279 32714
71 32709
337 32636
465 32467
129 32304
158 32551
253 32721
31 32530
503 32390
518 32307
193 32519
316 32302
448 32651
18 32536
241 32369
160 32289
32 32256
173 32213
308 32158
42 32156
98 32465
436 32146
48 32314
457 32241
139 32232
343 32408
44 32453
412 32202
534 32142
333 32238
332 32248
400 32250
515 32639
527 32696
596 32231
598 32132
59 32127
216 32421
278 32316
280 32599
199 32137
308 32141
399 32697
500 32488
575 32263
489 32125
602 32123
626 32123
131 32501
147 32626
284 32367
550 32249
640 32119
281 32388
120 32304
293 32110
176 32552
69 32545
312 32222
352 32160
422 32593
308 32360
70 32108
93 32706
43 32381
381 32134
51 32698
437 32707
611 32460
642 32107
644 32105
649 32143
372 32609
427 32528
64 32482
467 32244
656 32242
288 32102
27 32696
534 32534
285 32643
542 32465
365 32612
545 32440
653 32355
658 32301
274 32718
659 32585
15 32631
282 32519
244 32487
1 32718
250 32707
305 32707
133 32346
349 32602
380 32326
435 32317
45 32296
61 32199
71 32560
447 32599
462 32381
468 32266
514 32527
529 32253
544 32191
335 32644
74 32640
588 32622
626 32533
34 32448
80 32408
31 32562
200 32369
77 32626
58 32726
85 32661
86 32549
107 32176
209 32174
281 32165
314 32649
347 32604
132 32525
156 32626
185 32507
388 32351
445 32350
456 32540
282 32690
535 32639
613 32244
101 32424
165 32401
217 32376
622 32584
628 32351
628 32323
263 32688
484 32458
310 32293
557 32202
565 32170
639 32149
74 32147
315 32527
469 32708
238 32662
370 32507
377 32466
475 32504
441 32410
532 32691
364 32752
579 32232
613 32139
372 32495
372 32454
657 32255
659 32615
666 32480
433 32246
667 32718
332 32686
244 32623
355 32587
482 32422
202 32692
343 32159
398 32580
642 32680
214 32412
646 32745
390 32566
180 32357
37 32301
221 32145
167 32362
265 32665
462 32513
512 32442
72 32662
114 32346
169 32260
15 32616
654 32577
662 32411
668 32329
38 32555
177 32471
14 32601
202 32440
219 32264
266 32149
366 32721
219 32643
113 32721
329 32380
231 32231
419 32207
44 32137
406 32730
169 32484
344 32368
486 32124
596 32189
443 32718
72 32679
157 32677
269 32629
345 32629
266 32629
67 32620
352 32558
365 32524
136 32477
427 32470
463 32455
208 32428
90 32396
575 32356
36 32688
587 32535
588 32352
165 32552
595 32261
598 32564
415 32605
620 32687
607 32685
278 32654
262 32571
474 32603
629 32542
636 32390
319 32716
169 32386
419 32257
646 32217
49 32605
131 32598
487 32202
405 32512
667 32436
668 32273
23 32438
670 32287
671 32175
672 32133
672 32326
636 32316
673 32184
383 32127
181 32719
414 32693
4 32560
446 32550
541 32504
62 32560
6 32661
252 32761
254 32754
23 32688
307 32494
136 32369
352 32639
479 32455
76 32270
548 32604
656 32251
517 32228
70 32622
435 32174
482 32121
141 32120
438 32118
477 32118
477 32137
591 32114
9 32690
253 32557
281 32632
284 32682
355 32491
2 32702
82 32169
95 32147
142 32110
323 32673
454 32699
348 32624
191 32509
106 32506
478 32441
480 32393
403 32689
498 32684
518 32675
553 32470
574 32387
230 32350
260 32393
587 32337
32 32702
600 32712
94 32542
650 32446
253 32366
250 32658
654 32618
675 32705
164 32343
679 32324
230 32551
309 32350
681 32307
546 32499
227 32307
304 32285
372 32270
592 32255
33 32235
646 32230
263 32549
65 32223
329 32455
377 32212
507 32211
546 32517
649 32201
663 32169
681 32166
134 32583
410 32554
112 32541
681 32467
544 32340
684 32282
189 32282
164 32272
236 32269
17 32269
272 32169
370 32392
354 32625
491 32546
490 32360
221 32167
565 32621
685 32165
685 32160
116 32161
434 32142
396 32671
495 32724
499 32681
65 32527
93 32590
202 32541
68 32637
150 32740
464 32704
534 32513
560 32393
620 32370
85 32413
119 32657
419 32675
385 32389
97 32435
308 32354
368 32335
371 32334
66 32354
268 32305
325 32303
9 32296
470 32743
53 32620
53 32428
144 32757
248 32261
31 32251
280 32432
39 32503
390 32500
51 32394
292 32617
407 32258
469 32233
484 32716
79 32535
121 32362
137 32482
205 32232
61 32404
275 32322
139 32215
418 32189
465 32185
499 32183
56 32159
444 32146
489 32137
296 32662
531 32686
0 32609
64 32650
71 32708
116 32667
145 32463
245 32721
313 32339
34 32765
340 32327
361 32279
433 32272
146 32414
196 32262
408 32330
288 32536
483 32331
62 32243
208 32206
239 32188
527 32173
538 32171
547 32417
549 32168
2 32469
518 32739
562 32156
142 32137
14 32135
370 32133
551 32133
388 32187
108 32129
136 32129
225 32127
255 32643
382 32439
544 32686
598 32123
51 32459
187 32729
282 32673
294 32242
401 32242
1 32109
124 32459
71 32349
426 32106
179 32105
444 32104
269 32652
8 32739
33 32733
518 32760
595 32732
260 32591
426 32344
612 32326
162 32103
367 32103
623 32100
30 32718
626 32604
349 32376
457 32344
348 32657
596 32307
503 32259
232 32594
68 32487
185 32622
354 32607
23 32380
75 32374
524 32409
634 32355
490 32333
634 32268
230 32283
200 32481
412 32254
259 32474
263 32468
221 32627
526 32363
18 32289
158 32265
206 32222
277 32216
327 32582
371 32368
406 32201
617 32469
142 32765
622 32577
296 32765
456 32425
189 32415
519 32373
85 32345
89 32533
81 32335
125 32279
155 32279
191 32148
427 32138
183 32631
443 32736
498 32658
511 32401
642 32389
645 32417
115 32371
650 32350
650 32203
460 32665
658 32622
218 32474
450 32460
584 32300
658 32297
659 32611
259 32453
172 32715
296 32401
455 32283
672 32242
425 32230
624 32686
34 32153
529 32516
682 32458
200 32403
193 32548
44 32228
572 32135
684 32281
687 32229
688 32124
688 32118
7 32135
598 32115
647 32732
449 32727
661 32740
73 32446
82 32413
136 32472
613 32098
115 32699
285 32644
319 32098
382 32140
328 32576
414 32097
417 32096
679 32096
181 32338
689 32095
299 32134
584 32184
690 32095
692 32093
694 32600
526 32447
583 32430
695 32091
21 32091
240 32090
208 32089
662 32088
75 32209
198 32739
208 32633
234 32555
521 32358
319 32209
427 32528
299 32735
115 32724
121 32513
86 32633
167 32609
196 32190
126 32707
326 32247
348 32284
395 32531
450 32101
538 32587
61 32529
585 32619
601 32707
42 32596
70 32418
393 32271
467 32201
513 32144
453 32191
580 32130
163 32533
258 32105
312 32104
416 32087
242 32631
150 32642
238 32556
241 32443
5 32425
405 32424
513 32372
108 32639
124 32536
311 32398
187 32436
277 32484
475 32425
364 32491
484 32411
541 32682
36 32664
92 32666
570 32627
309 32418
598 32377
602 32368
604 32366
557 32751
636 32680
652 32643
653 32571
97 32548
379 32363
662 32667
203 32670
19 32611
58 32600
134 32381
269 32375
401 32738
421 32351
141 32729
43 32473
469 32752
486 32297
486 32297
280 32291
507 32283
511 32282
151 32662
534 32543
547 32329
107 32308
141 32359
179 32285
104 32549
513 32679
140 32493
167 32420
11 32369
49 32363
10 32420
185 32431
256 32329
489 32317
568 32292
18 32292
29 32306
140 32734
141 32672
179 32610
78 32534
108 32665
214 32516
234 32414
417 32395
433 32393
490 32334
493 32281
289 32236
497 32235
25 32460
543 32235
568 32231
110 32225
577 32483
220 32636
91 32660
169 32216
148 32400
279 32213
317 32676
377 32205
502 32200
206 32384
588 32191
354 32636
501 32660
583 32619
598 32183
605 32179
197 32201
105 32620
167 32715
180 32250
266 32172
211 32172
297 32360
235 32231
150 32268
222 32744
255 32534
45 32499
249 32473
308 32496
312 32427
58 32725
112 32423
400 32409
410 32494
414 32346
468 32177
544 32167
602 32156
102 32502
607 32302
347 32692
394 32657
409 32718
601 32604
13 32217
55 32282
163 32753
289 32233
335 32217
329 32191
364 32705
54 32717
102 32759
179 32692
172 32541
214 32504
259 32461
6 32525
89 32693
212 32643
94 32725
147 32627
57 32573
326 32747
399 32527
256 32734
402 32698
9 32672
121 32674
280 32766
241 32573
246 32535
291 32627
330 32523
338 32434
471 32386
153 32325
508 32320
432 32299
41 32726
567 32244
570 32715
573 32409
577 32496
90 32200
581 32194
124 32275
582 32179
30 32655
121 32160
70 32742
172 32673
179 32725
238 32634
242 32516
269 32511
13 32348
312 32538
327 32421
518 32303
538 32155
560 32151
582 32741
582 32148
586 32147
616 32147
602 32472
617 32145
622 32395
377 32716
157 32430
204 32564
229 32662
287 32382
324 32288
387 32254
27 32474
156 32650
242 32722
143 32428
217 32356
220 32350
105 32337
425 32621
163 32422
214 32321
23 32680
233 32201
313 32196
472 32732
507 32716
526 32651
179 32717
341 32641
0 32614
459 32613
566 32536
610 32706
359 32638
619 32353
624 32333
14 32692
44 32504
170 32679
184 32540
187 32691
209 32651
267 32606
356 32432
86 32408
365 32389
105 32683
158 32468
410 32444
429 32371
501 32341
563 32295
563 32288
563 32283
574 32263
626 32248
217 32222
218 32599
594 32333
628 32716
629 32222
637 32618
276 32318
79 32208
419 32189
134 32170
639 32336
238 32749
643 32758
424 32528
647 32164
463 32156
647 32151
269 32143
491 32140
647 32701
649 32248
612 32491
441 32379
237 32595
653 32317
246 32308
656 32637
250 32658
345 32623
268 32567
446 32477
585 32473
214 32587
80 32517
278 32374
278 32365
470 32522
143 32395
299 32301
321 32609
47 32550
172 32138
380 32136
447 32590
32 32683
510 32134
480 32613
534 32132
550 32130
549 32622
578 32128
578 32128
459 32458
607 32127
48 32281
280 32610
17 32520
53 32732
72 32523
115 32207
186 32402
323 32124
346 32574
426 32459
455 32209
15 32279
449 32569
484 32652
235 32209
507 32124
4 32559
288 32229
301 32510
473 32646
490 32521
537 32460
221 32719
576 32374
302 32757
143 32737
78 32517
189 32299
336 32722
391 32698
430 32655
594 32568
14 32588
611 32444
62 32322
220 32302
45 32218
357 32671
543 32464
23 32597
50 32736
111 32530
137 32313
167 32257
194 32184
422 32693
538 32759
48 32740
152 32634
289 32522
625 32757
635 32696
647 32491
203 32468
655 32373
410 32287
150 32675
223 32388
528 32167
242 32698
12 32163
217 32730
372 32177
535 32170
488 32154
188 32144
587 32135
174 32134
54 32527
219 32121
435 32119
496 32168
502 32430
579 32292
483 32255
658 32405
664 32119
231 32333
664 32114
165 32308
237 32110
154 32126
212 32105
43 32103
140 32550
190 32124
280 32103
301 32103
311 32101
322 32099
355 32389
62 32487
211 32592
378 32098
395 32446
123 32751
293 32534
75 32226
363 32177
479 32185
483 32161
2 32490
36 32758
128 32400
219 32343
168 32179
273 32132
494 32116
332 32102
414 32403
494 32677
524 32759
51 32633
84 32655
92 32625
46 32682
111 32558
57 32538
137 32535
127 32527
252 32508
298 32499
13 32752
105 32752
183 32422
270 32405
64 32387
34 32732
411 32375
424 32448
441 32755
288 32443
452 32412
520 32390
0 32359
145 32600
338 32352
531 32348
380 32337
416 32748
327 32432
34 32543
25 32324
96 32417
292 32313
292 32706
218 32742
16 32678
54 32761
149 32646
160 32306
204 32761
336 32753
416 32607
420 32603
0 32662
163 32494
400 32767
14 32523
325 32684
482 32488
79 32303
527 32301
545 32296
17 32679
413 32280
548 32262
173 32260
139 32258
409 32256
151 32217
549 32196
551 32193
461 32179
555 32167
560 32519
187 32356
560 32308
568 32218
569 32171
217 32318
289 32668
90 32167
213 32749
529 32160
566 32287
201 32157
217 32457
44 32486
98 32411
206 32250
389 32569
415 32390
28 32490
259 32488
406 32679
572 32593
269 32620
297 32601
327 32501
323 32473
393 32292
488 32705
120 32658
464 32515
496 32420
575 32351
587 32327
592 32282
47 32281
52 32230
592 32197
274 32320
123 32162
594 32303
597 32151
598 32278
610 32289
438 32147
4 32204
616 32145
629 32138
630 32133
634 32351
132 32660
242 32546
371 32667
377 32260
462 32411
271 32129
610 32628
360 32668
232 32609
436 32671
465 32547
478 32449
235 32330
36 32749
179 32681
74 32194
219 32726
360 32701
293 32437
258 32476
283 32390
286 32356
265 32644
86 32468
321 32395
331 32159
364 32508
151 32131
171 32301
175 32532
52 32643
285 32229
366 32176
99 32721
395 32174
417 32120
477 32675
496 32647
1 32462
2 32379
201 32684
450 32349
463 32304
501 32283
90 32458
141 32239
163 32141
326 32133
251 32520
506 32455
388 32764
461 32704
509 32327
519 32306
523 32278
558 32204
609 32741
628 32479
541 32119
60 32393
106 32727
138 32623
41 32337
17 32630
334 32322
433 32708
449 32757
163 32704
285 32518
320 32417
131 32677
432 32613
566 32315
604 32310
632 32289
467 32287
61 32563
116 32421
74 32336
636 32514
366 32589
454 32598
85 32556
36 32712
389 32684
160 32517
158 32428
237 32633
368 32401
494 32363
528 32299
305 32275
591 32260
81 32238
124 32209
318 32199
457 32203
557 32504
260 32188
583 32715
215 32532
511 32367
599 32308
637 32296
645 32195
646 32324
209 32183
382 32177
59 32170
204 32169
8 32645
198 32194
208 32159
193 32561
277 32151
141 32586
366 32466
415 32197
146 32410
459 32608
278 32639
70 32615
163 32554
516 32475
530 32444
181 32757
67 32385
263 32288
433 32264
534 32145
539 32139
580 32137
122 32461
153 32453
10 32429
61 32270
28 32207
222 32203
426 32130
22 32125
420 32118
127 32116
449 32112
507 32110
553 32108
590 32161
636 32485
546 32117
150 32500
225 32491
362 32753
502 32410
287 32746
359 32685
428 32673
649 32472
27 32711
14 32351
24 32271
36 32419
71 32354
81 32538
161 32158
184 32133
260 32106
263 32104
313 32708
322 32689
433 32338
437 32507
60 32527
191 32468
156 32679
62 32635
192 32651
174 32400
201 32383
223 32706
226 32342
295 32321
389 32261
59 32759
413 32398
446 32390
31 32358
286 32310
446 32533
480 32240
93 32284
209 32721
493 32705
498 32667
33 32518
98 32517
500 32430
28 32265
445 32198
13 32192
234 32251
341 32428
405 32191
412 32556
471 32190
506 32466
521 32691
527 32666
413 32559
484 32685
490 32736
552 32575
8 32546
552 32601
79 32477
94 32434
122 32730
179 32429
200 32419
227 32315
269 32280
293 32220
320 32219
565 32267
154 32185
441 32170
567 32169
563 32155
160 32436
117 32496
111 32538
166 32505
232 32509
97 32458
426 32402
438 32369
87 32340
585 32494
164 32320
361 32458
415 32208
438 32740
605 32454
179 32445
612 32471
127 32499
385 32443
411 32371
472 32256
494 32255
25 32706
221 32654
302 32653
469 32574
506 32449
335 32663
367 32640
340 32477
357 32434
166 32353
378 32321
244 32316
187 32505
132 32657
309 32291
332 32560
390 32375
392 32288
286 32313
401 32254
536 32251
610 32335
613 32655
322 32484
66 32450
367 32292
292 32728
320 32757
278 32492
406 32282
514 32270
341 32754
248 32244
121 32592
333 32435
484 32242
494 32704
76 32542
229 32193
609 32185
629 32176
357 32448
82 32661
174 32690
427 32599
35 32662
94 32560
229 32750
8 32588
74 32519
99 32725
347 32553
383 32662
248 32518
392 32750
89 32670
238 32690
265 32756
283 32564
288 32469
275 32709
334 32602
429 32455
465 32660
463 32396
122 32559
512 32641
349 32576
369 32379
542 32300
556 32754
565 32448
100 32299
187 32302
567 32720
13 32263
328 32253
625 32208
183 32381
589 32206
628 32202
631 32536
632 32696
634 32486
645 32336
647 32255
648 32184
649 32545
225 32586
290 32384
115 32336
126 32183
222 32172
275 32528
280 32500
55 32315
29 32490
369 32487
379 32651
64 32711
118 32517
394 32719
414 32428
135 32637
260 32244
157 32700
35 32638
185 32561
294 32509
328 32537
430 32648
433 32485
297 32681
454 32505
202 32476
14 32523
234 32748
259 32643
273 32611
477 32469
159 32606
273 32741
194 32726
413 32452
111 32444
433 32427
177 32409
67 32405
117 32378
294 32375
156 32353
356 32472
442 32337
491 32332
211 32755
503 32620
505 32578
79 32530
507 32321
73 32698
518 32267
466 32264
292 32249
128 32550
448 32537
66 32248
190 32299
449 32242
457 32240
261 32237
32 32181
124 32287
347 32549
439 32490
519 32241
530 32215
534 32492
14 32209
81 32715
205 32767
74 32764
7 32597
345 32453
466 32265
526 32581
550 32336
552 32301
446 32670
233 32536
573 32337
317 32470
156 32482
393 32283
579 32589
579 32226
376 32640
163 32662
581 32254
610 32192
116 32172
195 32682
297 32580
298 32625
330 32619
224 32470
36 32421
152 32537
188 32384
210 32703
238 32354
479 32390
390 32454
570 32392
40 32313
227 32738
201 32736
196 32277
327 32185
20 32376
393 32553
369 32724
333 32207
417 32628
0 32758
198 32642
377 32434
15 32558
320 32506
196 32627
427 32402
454 32392
498 32387
34 32384
572 32370
580 32318
612 32167
626 32165
627 32197
45 32700
287 32753
425 32164
630 32161
632 32160
29 32160
635 32419
607 32340
10 32335
373 32673
616 32324
219 32269
423 32423
80 32333
339 32155
171 32528
622 32153
523 32552
637 32542
97 32607
246 32513
627 32458
84 32417
643 32315
647 32296
378 32229
648 32152
377 32151
525 32501
652 32150
653 32148
321 32723
159 32689
482 32147
654 32296
16 32714
26 32309
143 32234
219 32560
11 32627
91 32592
207 32696
240 32650
80 32760
361 32705
31 32727
44 32642
205 32493
96 32398
251 32370
294 32348
375 32310
402 32474
476 32255
269 32459
484 32568
268 32308
536 32378
546 32431
39 32558
132 32509
405 32342
431 32239
222 32208
235 32181
271 32179
36 32522
139 32501
151 32176
72 32317
481 32755
433 32391
195 32258
201 32367
509 32474
549 32361
264 32195
46 32172
358 32163
448 32138
577 32387
582 32666
598 32137
602 32615
389 32537
626 32739
635 32596
244 32711
225 32647
75 32407
164 32371
421 32564
431 32171
494 32160
283 32137
638 32740
277 32417
565 32578
645 32446
119 32651
379 32331
405 32134
355 32133
655 32500
657 32132
125 32566
47 32447
657 32714
659 32703
122 32577
184 32197
241 32231
365 32692
660 32643
6 32618
89 32567
417 32314
529 32152
618 32139
187 32131
242 32128
288 32127
599 32725
152 32231
173 32201
465 32127
485 32420
79 32572
489 32126
176 32297
652 32125
664 32124
124 32485
666 32122
666 32121
666 32602
666 32677
503 32430
491 32418
583 32480
666 32410
167 32385
666 32306
668 32143
52 32120
668 32119
669 32117
27 32380
170 32759
496 32131
478 32603
259 32558
548 32730
588 32630
332 32495
580 32425
605 32743
669 32410
625 32403
143 32394
669 32332
74 32320
133 32693
98 32537
171 32299
284 32270
322 32193
270 32766
427 32157
445 32141
18 32703
226 32539
488 32657
519 32443
238 32494
355 32160
542 32583
50 32731
96 32450
262 32247
288 32181
484 32556
384 32574
500 32159
564 32139
599 32137
514 32678
640 32128
645 32127
151 32523
404 32494
437 32120
492 32116
335 32185
437 32713
506 32274
546 32452
575 32115
645 32115
276 32115
103 32605
482 32165
643 32509
658 32750
667 32708
1 32429
325 32113
120 32666
669 32648
165 32709
295 32227
669 32712
671 32573
673 32413
643 32252
674 32189
675 32139
671 32583
586 32679
598 32548
628 32178
549 32113
456 32688
74 32645
341 32422
193 32293
297 32253
454 32581
173 32674
253 32461
602 32604
73 32427
156 32421
246 32612
379 32548
407 32390
460 32767
185 32378
541 32601
559 32346
592 32268
636 32265
675 32211
359 32141
144 32140
333 32112
215 32151
625 32111
675 32111
676 32496
46 32156
212 32109
264 32109
398 32109
511 32109
677 32320
678 32103
185 32526
324 32103
465 32325
677 32099
457 32564
140 32735
367 32730
576 32514
443 32270
84 32579
243 32248
36 32741
195 32196
212 32098
537 32098
398 32702
186 32701
12 32675
88 32665
63 32465
341 32390
389 32306
245 32263
8 32754
98 32659
464 32545
548 32369
567 32260
581 32305
150 32762
278 32578
586 32513
598 32445
624 32267
241 32248
615 32229
79 32672
413 32659
315 32514
635 32500
649 32379
653 32206
426 32200
678 32679
679 32234
146 32636
305 32356
508 32720
33 32498
130 32665
213 32654
290 32584
464 32751
534 32446
24 32318
385 32249
451 32235
322 32727
490 32277
543 32182
596 32685
416 32755
162 32661
193 32534
33 32530
215 32527
241 32500
261 32688
164 32463
301 32370
318 32355
106 32657
302 32760
325 32640
168 32560
402 32486
214 32557
470 32314
471 32306
137 32491
20 32300
394 32262
478 32693
43 32270
131 32261
440 32254
502 32247
444 32425
513 32241
527 32712
91 32495
261 32369
310 32259
537 32210
573 32208
63 32206
451 32341
260 32199
275 32180
267 32759
216 32178
555 32147
545 32253
588 32139
557 32138
62 32766
313 32126
302 32580
28 32403
317 32715
442 32388
491 32304
590 32447
340 32284
203 32257
448 32738
427 32238
597 32234
607 32168
643 32364
648 32215
266 32653
533 32163
34 32713
173 32701
456 32625
218 32585
15 32529
3 32620
112 32570
292 32553
100 32545
55 32495
105 32471
17 32385
236 32313
163 32285
191 32454
98 32428
343 32427
400 32185
121 32174
21 32154
272 32115
137 32217
222 32654
49 32202
153 32615
268 32586
283 32519
149 32750
216 32182
369 32139
398 32403
411 32177
423 32114
349 32698
117 32747
346 32520
428 32253
447 32248
451 32230
488 32621
498 32463
520 32199
528 32137
544 32671
413 32114
537 32114
555 32113
216 32121
495 32109
56 32586
70 32568
129 32312
464 32669
451 32696
522 32537
548 32112
178 32278
550 32133
563 32613
579 32107
226 32104
407 32724
436 32228
442 32502
231 32372
307 32302
383 32540
545 32184
616 32664
629 32177
630 32160
634 32130
535 32517
282 32327
635 32117
35 32746
239 32104
264 32098
327 32160
394 32504
50 32097
500 32096
515 32095
635 32464
165 32367
3 32478
366 32391
401 32635
531 32305
651 32095
359 32710
46 32188
88 32507
280 32410
164 32118
221 32596
348 32395
350 32250
436 32093
35 32093
310 32736
473 32368
488 32192
522 32093
640 32353
205 32092
505 32092
657 32367
111 32434
396 32582
446 32126
1 32118
107 32258
330 32094
481 32494
110 32655
98 32617
217 32527
127 32447
219 32453
287 32376
268 32299
97 32442
167 32555
292 32307
376 32401
446 32323
150 32709
329 32640
487 32287
487 32259
40 32389
353 32615
496 32401
175 32263
553 32163
427 32681
48 32622
574 32290
586 32154
652 32151
321 32243
176 32149
552 32674
481 32502
652 32439
137 32295
613 32348
584 32169
658 32429
227 32165
502 32467
242 32405
402 32258
600 32196
291 32480
318 32278
4 32148
321 32350
381 32144
358 32324
419 32657
566 32142
578 32127
637 32684
660 32497
300 32288
326 32111
663 32562
136 32145
91 32098
101 32091
291 32429
45 32234
71 32347
313 32107
144 32599
183 32673
23 32593
119 32397
412 32318
454 32247
602 32387
380 32698
604 32140
56 32579
75 32358
162 32247
351 32240
537 32151
266 32115
33 32299
40 32113
99 32090
285 32092
250 32116
289 32090
309 32090
421 32089
39 32433
94 32678
107 32334
395 32089
589 32089
608 32750
654 32445
221 32391
131 32732
275 32713
295 32599
48 32591
350 32582
320 32624
195 32608
367 32345
265 32447
98 32291
307 32279
298 32720
405 32604
398 32732
429 32461
435 32456
38 32755
103 32380
451 32707
130 32652
66 32648
359 32631
453 32627
191 32680
487 32593
92 32641
492 32529
519 32418
280 32378
447 32376
117 32193
391 32625
183 32634
285 32518
271 32216
114 32507
288 32647
383 32393
476 32635
521 32458
147 32453
410 32752
428 32727
73 32712
195 32705
48 32687
245 32667
262 32691
427 32499
429 32750
466 32460
79 32597
173 32484
213 32266
42 32430
172 32373
332 32487
196 32613
454 32421
486 32498
515 32655
522 32439
531 32248
26 32551
401 32243
424 32283
543 32229
573 32225
580 32215
627 32201
96 32549
633 32549
6 32738
428 32355
642 32301
204 32455
293 32511
141 32512
353 32476
418 32761
148 32614
648 32537
152 32505
615 32406
338 32340
631 32268
659 32238
661 32225
665 32220
577 32189
667 32677
672 32666
532 32660
673 32176
675 32590
677 32699
472 32664
8 32372
7 32330
115 32174
531 32697
139 32161
644 32160
92 32518
571 32364
624 32150
678 32568
568 32504
679 32733
282 32603
19 32666
298 32532
679 32739
679 32625
6 32454
150 32273
676 32254
438 32344
92 32161
680 32159
389 32149
680 32149
29 32143
5 32320
276 32580
346 32253
597 32140
196 32485
352 32366
438 32140
27 32364
34 32367
288 32702
101 32626
361 32530
131 32357
132 32502
351 32349
231 32695
371 32703
303 32479
224 32374
421 32558
676 32304
680 32737
165 32292
261 32260
629 32238
680 32399
642 32536
680 32520
28 32424
680 32396
498 32544
681 32360
170 32241
173 32609
324 32567
377 32611
439 32666
681 32578
30 32517
283 32484
527 32433
582 32449
165 32366
368 32550
102 32334
430 32312
498 32293
111 32282
532 32378
578 32262
174 32542
512 32661
644 32756
480 32539
174 32425
288 32331
306 32245
451 32223
466 32421
71 32656
181 32187
217 32565
324 32565
189 32291
211 32184
48 32505
158 32318
178 32250
269 32192
303 32183
247 32180
313 32171
326 32170
343 32422
375 32168
420 32709
380 32468
179 32743
425 32497
432 32600
191 32402
241 32409
294 32366
136 32514
393 32440
160 32657
429 32362
384 32287
343 32180
433 32179
120 32167
305 32765
116 32739
105 32709
336 32513
345 32379
446 32232
449 32442
456 32166
465 32166
479 32159
220 32612
286 32144
431 32546
480 32692
13 32351
211 32139
432 32528
264 32605
314 32405
482 32247
379 32527
496 32138
138 32138
271 32137
498 32651
228 32647
307 32587
499 32586
153 32566
397 32555
528 32517
458 32598
475 32630
534 32574
567 32645
295 32543
572 32612
146 32556
574 32469
580 32667
580 32447
530 32509
124 32595
486 32562
477 32526
580 32415
584 32385
544 32338
268 32434
442 32548
571 32506
590 32440
593 32326
292 32254
455 32240
519 32234
185 32229
182 32755
378 32282
167 32223
149 32222
302 32676
155 32541
13 32477
235 32463
379 32442
381 32565
550 32469
554 32379
182 32502
74 32262
274 32714
350 32709
338 32736
403 32641
215 32628
442 32766
529 32584
551 32520
596 32428
606 32302
559 32630
291 32549
10 32571
140 32717
153 32438
458 32294
595 32750
475 32589
66 32534
599 32407
235 32750
377 32469
379 32659
66 32324
118 32394
123 32591
178 32295
455 32299
434 32487
11 32355
164 32272
226 32266
236 32296
245 32257
314 32253
417 32251
476 32239
486 32209
490 32313
86 32580
494 32271
380 32187
537 32169
43 32272
203 32754
206 32416
464 32411
465 32657
280 32396
521 32329
238 32349
259 32333
538 32301
559 32597
315 32403
568 32259
579 32168
579 32572
403 32167
580 32310
592 32166
284 32165
615 32162
618 32143
618 32139
623 32137
157 32629
336 32473
372 32137
66 32419
196 32301
597 32245
611 32293
627 32136
61 32135
629 32602
122 32755
630 32544
634 32134
638 32133
295 32131
323 32143
68 32223
90 32128
300 32125
204 32138
585 32671
639 32121
183 32121
652 32120
656 32114
657 32114
663 32114
42 32740
143 32678
528 32265
663 32325
69 32615
212 32737
3 32725
478 32547
158 32741
237 32448
270 32755
311 32269
348 32241
383 32620
403 32449
408 32205
127 32182
440 32175
551 32416
561 32265
95 32150
141 32140
484 32140
503 32556
460 32652
626 32371
567 32317
190 32599
643 32761
332 32732
305 32577
608 32566
138 32727
196 32528
204 32529
230 32515
351 32441
305 32388
661 32221
264 32114
664 32111
150 32111
551 32109
605 32602
664 32591
665 32498
667 32314
668 32106
456 32753
669 32594
296 32479
347 32327
483 32274
519 32181
578 32411
593 32580
376 32216
587 32105
649 32103
115 32742
209 32103
378 32185
672 32160
675 32674
251 32563
676 32571
676 32526
679 32218
681 32102
321 32572
6 32551
70 32568
215 32516
359 32457
84 32422
169 32381
211 32256
184 32620
405 32605
455 32595
524 32304
525 32686
436 32298
523 32165
607 32547
204 32210
295 32121
473 32102
483 32102
113 32498
328 32574
17 32444
104 32667
211 32651
123 32613
328 32714
231 32761
8 32554
390 32617
425 32516
433 32730
109 32470
470 32499
483 32453
173 32427
489 32708
25 32371
555 32643
206 32563
391 32553
581 32319
116 32311
283 32295
325 32728
592 32500
51 32498
612 32232
62 32757
596 32450
270 32185
402 32185
435 32132
514 32112
453 32709
613 32593
14 32583
122 32107
228 32102
129 32101
251 32550
373 32199
271 32323
12 32522
104 32520
118 32437
363 32438
474 32396
535 32615
537 32595
87 32424
145 32373
0 32363
160 32668
150 32374
22 32364
171 32511
15 32660
33 32573
183 32492
53 32443
310 32352
316 32583
73 32524
162 32628
135 32300
204 32651
322 32288
354 32281
389 32280
431 32565
162 32481
389 32598
80 32275
127 32501
444 32254
172 32411
475 32626
4 32425
486 32386
9 32476
446 32239
65 32440
57 32584
140 32368
136 32303
216 32239
86 32236
193 32736
355 32729
312 32635
411 32231
493 32221
33 32748
96 32677
105 32395
70 32564
165 32381
193 32356
206 32753
389 32677
203 32405
387 32350
505 32277
527 32221
538 32212
6 32733
305 32705
113 32598
0 32693
40 32588
294 32678
378 32579
403 32749
51 32519
5 32505
64 32436
54 32576
253 32427
393 32417
401 32393
421 32216
433 32208
464 32204
31 32588
106 32472
155 32412
288 32232
68 32192
295 32191
299 32144
162 32145
120 32129
200 32116
307 32324
331 32101
480 32655
490 32099
534 32098
82 32249
106 32096
167 32096
430 32666
537 32095
169 32378
376 32095
417 32095
547 32094
112 32471
7 32715
98 32656
117 32270
134 32189
548 32093
553 32092
557 32181
344 32089
557 32715
560 32591
93 32552
137 32546
190 32545
242 32492
274 32475
303 32388
572 32564
537 32371
497 32654
575 32592
577 32331
509 32317
513 32671
584 32664
149 32566
153 32528
348 32526
584 32311
586 32267
346 32480
587 32222
589 32561
43 32311
102 32180
157 32165
227 32751
388 32452
368 32379
346 32444
41 32506
58 32342
368 32403
460 32645
499 32737
512 32665
519 32666
535 32559
562 32558
428 32486
567 32403
345 32326
69 32391
388 32461
106 32605
311 32554
433 32299
2 32279
280 32708
183 32250
292 32224
385 32204
87 32360
95 32346
146 32192
465 32346
493 32748
380 32737
42 32666
1 32606
112 32726
447 32523
532 32139
550 32107
576 32099
224 32099
583 32098
592 32094
440 32089
598 32089
602 32648
175 32564
603 32382
371 32696
608 32536
608 32088
151 32088
283 32087
446 32271
502 32589
162 32531
22 32511
128 32319
420 32630
488 32296
610 32609
610 32422
613 32283
559 32211
24 32562
621 32178
626 32140
261 32525
475 32123
17 32602
107 32605
85 32105
133 32099
197 32086
255 32086
267 32086
207 32580
8 32564
76 32532
202 32754
168 32554
215 32534
218 32704
254 32369
54 32700
53 32666
179 32338
309 32238
339 32380
61 32229
280 32506
64 32371
344 32175
364 32151
371 32116
401 32086
422 32438
150 32085
461 32085
465 32084
367 32456
483 32464
493 32358
508 32384
512 32084
15 32084
295 32612
301 32484
292 32666
25 32504
383 32467
524 32568
529 32199
557 32382
561 32095
355 32601
594 32574
145 32558
92 32541
333 32410
335 32707
403 32569
27 32515
205 32408
45 32467
54 32311
310 32596
316 32302
363 32571
245 32494
350 32469
509 32234
507 32230
557 32603
501 32201
103 32198
282 32442
613 32763
184 32560
133 32440
424 32417
77 32659
243 32579
435 32675
480 32664
89 32679
20 32684
39 32630
354 32563
438 32555
41 32661
74 32546
134 32519
174 32490
195 32417
123 32396
196 32627
141 32610
204 32585
309 32364
362 32362
188 32335
336 32327
364 32274
448 32267
477 32258
479 32282
70 32255
335 32628
505 32542
331 32716
540 32251
544 32228
97 32498
200 32326
552 32671
471 32217
233 32211
555 32211
285 32762
584 32204
66 32201
41 32198
201 32691
406 32511
476 32651
142 32467
316 32413
516 32357
607 32746
530 32760
609 32616
190 32366
256 32350
40 32301
145 32267
107 32181
504 32177
226 32170
318 32311
44 32730
230 32164
293 32162
69 32560
136 32265
195 32654
254 32181
60 32617
45 32595
232 32387
337 32370
358 32158
476 32153
484 32152
6 32635
425 32655
491 32491
214 32761
228 32444
311 32427
63 32340
37 32312
502 32143
192 32718
205 32624
250 32508
265 32437
455 32614
67 32613
200 32353
58 32344
259 32298
354 32192
384 32168
481 32138
506 32133
216 32231
79 32131
13 32411
40 32126
286 32554
365 32195
467 32116
513 32230
310 32112
515 32439
351 32733
335 32636
511 32597
217 32512
61 32727
344 32490
33 32485
138 32618
396 32574
519 32459
44 32599
336 32439
218 32727
177 32704
166 32672
524 32607
106 32630
143 32721
249 32675
136 32766
166 32677
235 32654
265 32629
268 32429
224 32713
60 32620
332 32404
336 32384
354 32334
52 32333
352 32663
370 32661
427 32706
431 32542
2 32324
64 32316
234 32751
117 32502
269 32586
360 32546
417 32543
66 32476
308 32413
424 32524
428 32340
363 32311
153 32609
233 32672
331 32385
404 32296
387 32296
119 32688
70 32294
140 32287
208 32702
477 32534
134 32280
160 32243
245 32590
423 32234
470 32323
335 32696
382 32643
258 32227
512 32732
517 32384
526 32384
528 32228
10 32219
52 32208
34 32196
459 32714
235 32195
140 32178
230 32423
247 32349
367 32366
48 32473
104 32482
397 32176
431 32650
472 32167
515 32162
72 32153
69 32150
78 32149
243 32147
349 32128
413 32125
507 32744
423 32719
529 32390
543 32649
548 32617
322 32344
433 32576
549 32632
356 32572
169 32527
551 32361
555 32320
124 32301
29 32767
20 32267
69 32245
125 32625
215 32583
187 32721
230 32592
240 32593
232 32515
275 32368
423 32362
556 32430
562 32264
564 32402
571 32741
577 32403
578 32513
578 32752
579 32619
237 32605
582 32581
583 32488
587 32660
11 32543
451 32610
546 32520
556 32443
595 32418
343 32652
136 32653
199 32402
48 32589
50 32590
321 32355
170 32373
503 32281
54 32261
150 32254
158 32488
202 32466
27 32518
48 32678
125 32650
170 32505
93 32452
235 32445
241 32420
20 32659
64 32717
168 32608
49 32498
65 32596
222 32688
173 32627
138 32543
263 32672
291 32675
312 32562
296 32639
215 32757
334 32614
283 32535
337 32521
341 32498
380 32658
386 32492
18 32509
296 32510
182 32566
275 32469
387 32443
151 32532
406 32627
408 32485
410 32454
153 32408
311 32393
432 32682
432 32638
419 32587
454 32374
201 32368
478 32348
487 32343
227 32342
384 32339
16 32325
263 32306
270 32484
349 32298
175 32282
503 32621
517 32696
247 32611
518 32435
170 32416
395 32398
295 32339
62 32746
368 32414
371 32336
323 32336
395 32277
331 32742
370 32264
164 32263
447 32250
493 32225
541 32356
547 32225
548 32221
572 32673
116 32551
565 32231
597 32220
598 32211
598 32603
599 32685
600 32441
42 32404
395 32603
198 32760
241 32549
314 32506
601 32382
180 32700
604 32298
71 32731
340 32457
411 32210
29 32495
195 32557
257 32342
52 32370
159 32204
341 32195
355 32725
441 32402
335 32371
208 32645
217 32567
123 32453
147 32439
232 32186
92 32291
166 32363
242 32557
332 32180
10 32487
382 32175
432 32173
518 32163
389 32160
225 32154
178 32197
405 32164
451 32149
520 32145
172 32680
419 32669
186 32564
321 32494
116 32409
92 32735
116 32568
188 32144
4 32416
47 32170
509 32144
184 32142
541 32432
216 32142
81 32290
189 32160
30 32589
311 32304
488 32301
477 32521
58 32253
306 32605
109 32667
317 32396
299 32329
365 32198
424 32142
97 32734
450 32484
174 32430
452 32327
494 32429
320 32767
495 32429
306 32311
537 32248
324 32471
487 32404
327 32764
216 32707
435 32354
69 32423
169 32353
3 32197
71 32189
71 32637
128 32533
129 32471
244 32224
245 32722
363 32711
370 32745
141 32739
108 32673
124 32601
159 32758
132 32688
142 32510
200 32591
203 32745
217 32501
320 32498
83 32495
322 32418
352 32350
376 32300
402 32280
217 32754
324 32295
411 32666
424 32609
443 32275
296 32270
439 32651
467 32259
470 32216
104 32733
210 32442
279 32716
110 32634
232 32385
347 32365
213 32506
70 32504
1 32446
11 32375
152 32433
223 32339
84 32671
166 32262
242 32278
244 32184
257 32165
220 32671
3 32159
265 32315
287 32267
315 32530
55 32251
166 32158
11 32157
66 32528
324 32502
24 32760
74 32733
203 32732
262 32410
304 32321
199 32754
331 32335
349 32319
4 32608
191 32441
216 32306
360 32291
382 32168
396 32151
82 32282
27 32187
127 32283
60 32174
135 32265
235 32494
244 32149
302 32148
360 32147
395 32135
395 32243
407 32133
413 32130
444 32130
299 32126
439 32317
412 32673
454 32508
465 32750
471 32752
263 32725
483 32609
299 32448
150 32443
189 32384
369 32762
488 32331
494 32313
202 32685
153 32677
494 32478
26 32330
72 32618
14 32246
171 32289
271 32469
277 32356
179 32245
421 32705
438 32507
364 32480
450 32328
490 32289
496 32239
509 32237
73 32398
171 32227
510 32220
515 32570
520 32568
363 32470
477 32331
30 32191
520 32547
152 32261
326 32674
485 32257
325 32186
405 32184
524 32719
44 32504
525 32165
129 32527
207 32351
186 32356
216 32287
48 32259
98 32253
498 32174
529 32163
544 32160
192 32716
249 32651
292 32125
234 32549
223 32123
317 32275
338 32506
46 32744
181 32498
189 32301
203 32256
194 32237
394 32123
488 32123
211 32167
224 32264
491 32384
508 32737
547 32756
548 32595
553 32530
557 32364
284 32596
562 32661
440 32471
325 32485
501 32572
38 32610
57 32608
527 32650
236 32583
566 32580
94 32474
507 32746
379 32464
495 32646
566 32718
53 32593
57 32677
221 32579
15 32756
266 32450
482 32614
567 32430
237 32410
570 32407
570 32745
520 32699
572 32446
573 32401
580 32358
583 32321
247 32677
260 32356
97 32314
44 32482
54 32459
8 32306
200 32297
180 32277
100 32629
115 32562
176 32556
243 32496
342 32667
520 32695
522 32759
424 32635
456 32666
147 32704
41 32496
529 32408
586 32380
589 32289
34 32725
192 32521
260 32722
214 32355
415 32275
590 32585
129 32711
164 32600
258 32570
276 32739
435 32502
437 32491
507 32637
568 32624
591 32558
83 32709
593 32337
231 32506
55 32425
190 32615
595 32334
596 32320
596 32271
72 32265
599 32650
602 32381
299 32575
105 32388
62 32232
604 32230
51 32557
525 32269
606 32228
182 32226
320 32219
607 32697
607 32216
451 32680
77 32216
19 32205
96 32203
494 32203
600 32195
180 32195
166 32385
71 32361
563 32194
324 32182
546 32608
607 32451
607 32402
20 32619
3 32584
189 32575
37 32600
271 32703
158 32690
589 32575
608 32529
242 32537
57 32534
116 32515
316 32494
576 32417
608 32306
312 32520
504 32179
609 32321
247 32674
429 32611
290 32470
43 32460
462 32454
612 32438
613 32284
560 32238
412 32174
151 32169
42 32164
128 32420
613 32162
317 32602
339 32431
407 32491
26 32494
334 32265
446 32508
476 32346
496 32639
537 32237
70 32598
71 32552
247 32459
252 32618
356 32661
369 32490
55 32713
114 32617
182 32510
55 32367
184 32370
87 32330
92 32302
194 32265
55 32713
247 32678
56 32220
274 32171
275 32280
315 32160
326 32157
414 32157
428 32156
489 32610
493 32498
495 32193
495 32155
340 32150
329 32536
496 32145
7 32761
305 32261
510 32141
173 32747
189 32587
463 32535
521 32496
474 32472
61 32457
163 32465
303 32413
482 32349
455 32717
268 32686
210 32395
425 32284
459 32277
493 32649
43 32659
286 32552
506 32494
560 32535
282 32464
48 32526
406 32474
47 32705
568 32747
571 32459
269 32683
574 32369
386 32611
397 32578
48 32758
490 32404
19 32382
18 32273
52 32273
141 32266
162 32344
211 32590
1 32248
7 32548
254 32540
81 32762
173 32762
281 32724
310 32688
349 32610
77 32737
75 32728
156 32528
136 32761
222 32470
285 32679
357 32459
4 32452
129 32726
379 32715
406 32641
415 32384
431 32371
466 32295
444 32706
189 32416
174 32636
150 32521
201 32660
295 32504
378 32336
454 32314
487 32234
498 32711
505 32568
319 32227
526 32225
8 32737
531 32224
534 32223
362 32438
392 32401
320 32304
227 32222
12 32764
292 32758
393 32604
360 32322
402 32309
452 32635
454 32579
484 32643
57 32619
190 32577
490 32381
509 32637
83 32511
87 32399
191 32283
87 32271
345 32596
313 32485
19 32625
352 32578
284 32267
414 32256
438 32254
473 32229
15 32440
302 32226
511 32569
520 32210
104 32683
553 32505
555 32381
559 32192
12 32664
361 32188
562 32187
100 32483
50 32175
151 32223
522 32173
231 32546
498 32172
103 32171
425 32168
106 32166
586 32639
588 32741
590 32549
420 32762
122 32485
538 32618
568 32552
68 32476
105 32697
430 32517
588 32746
590 32621
91 32673
186 32545
444 32722
316 32720
57 32564
334 32471
73 32336
5 32662
91 32311
116 32727
331 32418
33 32352
33 32270
186 32264
206 32631
303 32576
232 32291
75 32258
282 32228
260 32200
188 32189
227 32249
351 32188
355 32745
415 32191
417 32188
428 32744
201 32187
130 32307
199 32174
221 32589
450 32291
505 32241
71 32698
517 32220
522 32177
555 32166
502 32165
551 32163
6 32732
12 32589
249 32564
60 32469
563 32388
564 32407
218 32340
33 32321
369 32722
436 32340
523 32293
578 32287
589 32163
525 32611
495 32263
525 32572
81 32437
592 32424
594 32378
595 32370
597 32189
201 32212
608 32426
611 32271
153 32161
612 32156
100 32188
184 32175
272 32145
312 32661
16 32144
321 32704
328 32142
364 32367
19 32361
192 32159
245 32532
364 32234
93 32142
367 32142
352 32140
41 32661
122 32458
237 32138
0 32219
231 32365
375 32696
473 32326
92 32607
541 32138
559 32221
241 32137
435 32134
438 32133
141 32130
146 32129
2 32164
499 32129
426 32572
458 32616
365 32745
559 32602
594 32517
469 32602
449 32472
150 32493
485 32404
539 32378
164 32412
177 32757
9 32313
82 32300
184 32288
213 32270
296 32254
542 32240
346 32532
179 32260
311 32257
368 32675
519 32608
548 32236
555 32199
362 32342
113 32196
411 32379
572 32590
612 32747
531 32292
612 32126
613 32546
615 32123
269 32745
163 32595
327 32519
338 32533
82 32503
199 32696
216 32462
206 32289
128 32564
413 32561
413 32404
205 32660
376 32733
394 32690
399 32495
372 32723
97 32766
439 32683
461 32683
1 32525
83 32430
358 32417
81 32477
423 32276
461 32259
259 32249
355 32229
473 32576
489 32174
447 32742
167 32655
131 32664
123 32614
155 32589
297 32738
77 32629
500 32538
543 32536
108 32440
241 32725
253 32426
569 32394
7 32241
78 32599
98 32533
23 32487
153 32346
61 32400
217 32291
274 32333
293 32369
303 32714
335 32722
91 32637
289 32539
355 32388
128 32315
138 32428
340 32242
356 32231
91 32763
404 32481
362 32336
446 32311
314 32758
169 32737
175 32498
91 32609
240 32514
120 32627
216 32340
245 32428
409 32246
410 32224
81 32212
296 32668
359 32738
469 32278
475 32207
480 32547
279 32206
196 32486
308 32422
523 32544
367 32694
121 32479
239 32643
254 32643
264 32711
60 32638
144 32615
63 32565
173 32421
110 32370
256 32353
288 32340
331 32425
331 32724
391 32325
481 32380
481 32253
243 32495
427 32249
7 32728
436 32658
511 32655
536 32233
465 32706
536 32226
538 32221
136 32761
463 32397
378 32385
209 32205
54 32382
285 32212
16 32201
43 32200
188 32195
104 32311
192 32195
117 32485
219 32285
305 32664
379 32484
514 32388
330 32233
365 32194
240 32213
230 32479
103 32589
388 32522
478 32718
403 32520
496 32400
545 32300
568 32205
178 32754
480 32465
48 32736
143 32679
12 32327
331 32277
332 32446
352 32299
153 32221
0 32215
188 32742
412 32189
101 32545
427 32596
457 32554
531 32434
372 32687
546 32249
142 32715
558 32179
570 32177
206 32175
301 32456
576 32173
577 32320
127 32700
201 32652
227 32621
119 32568
230 32400
183 32357
243 32595
543 32337
128 32298
141 32245
289 32695
278 32171
319 32643
356 32642
413 32507
494 32398
580 32332
572 32679
512 32301
107 32357
434 32657
584 32349
589 32167
599 32635
279 32166
18 32160
339 32602
500 32602
94 32361
507 32360
339 32349
570 32178
189 32159
476 32535
600 32157
33 32156
113 32491
389 32488
108 32526
349 32622
500 32570
170 32548
69 32514
170 32562
228 32501
368 32401
375 32441
527 32357
27 32560
264 32338
434 32613
77 32623
213 32455
265 32642
449 32553
295 32376
146 32354
523 32507
585 32578
346 32351
600 32259
6 32222
603 32191
614 32152
616 32151
617 32612
47 32410
205 32146
86 32435
66 32142
32 32737
214 32457
28 32398
241 32141
316 32141
351 32172
56 32761
408 32567
23 32394
125 32351
203 32300
271 32139
386 32616
415 32379
158 32580
282 32215
365 32339
156 32243
236 32233
316 32136
432 32136
115 32666
241 32546
296 32130
0 32726
35 32657
59 32652
135 32570
243 32127
117 32665
292 32628
292 32351
53 32294
179 32257
258 32137
309 32125
180 32122
171 32185
221 32588
372 32612
408 32577
170 32122
411 32734
434 32121
489 32121
183 32119
489 32177
225 32119
500 32119
244 32180
506 32386
520 32118
435 32671
15 32614
533 32502
535 32118
539 32118
79 32207
171 32680
20 32582
26 32516
95 32764
10 32474
157 32643
207 32631
251 32554
254 32530
365 32527
317 32465
407 32421
407 32349
399 32320
422 32350
433 32315
446 32665
454 32631
491 32571
497 32433
14 32287
120 32253
293 32188
468 32118
174 32642
218 32693
265 32682
109 32558
31 32764
81 32688
240 32710
105 32611
424 32613
472 32568
493 32529
512 32645
459 32528
518 32654
528 32714
257 32610
540 32526
545 32473
547 32343
68 32341
209 32694
212 32559
265 32519
407 32423
555 32319
555 32290
557 32274
200 32238
211 32627
234 32484
445 32350
484 32229
558 32186
561 32183
140 32550
276 32583
452 32762
554 32654
550 32422
367 32396
228 32749
74 32375
368 32353
73 32191
102 32188
525 32643
100 32589
283 32415
82 32286
114 32214
10 32472
86 32485
8 32427
461 32421
464 32345
167 32209
30 32754
438 32595
468 32175
502 32512
446 32349
307 32440
535 32331
136 32162
506 32721
551 32332
171 32473
539 32315
565 32728
350 32751
565 32726
565 32722
53 32699
76 32641
568 32632
273 32739
569 32625
327 32687
572 32662
76 32586
505 32494
573 32446
199 32405
574 32403
2 32367
576 32350
16 32329
586 32320
153 32597
533 32287
272 32560
289 32689
388 32699
135 32259
158 32218
174 32466
265 32592
15 32667
32 32269
164 32710
227 32657
267 32642
318 32263
158 32227
173 32395
166 32232
450 32212
453 32684
142 32660
55 32749
193 32586
193 32564
465 32739
470 32679
116 32608
108 32518
495 32382
513 32351
536 32336
546 32314
547 32697
580 32279
598 32263
282 32264
243 32534
403 32256
231 32245
443 32631
257 32541
303 32318
74 32613
131 32733
204 32724
389 32478
412 32435
500 32292
562 32199
599 32415
608 32422
231 32375
115 32750
2 32746
204 32729
164 32671
11 32606
197 32549
27 32525
271 32578
315 32696
317 32748
323 32514
445 32761
451 32498
431 32624
318 32434
129 32654
518 32459
170 32566
106 32511
383 32625
556 32425
541 32361
558 32337
396 32314
578 32312
303 32609
306 32350
284 32312
347 32281
379 32279
424 32596
140 32468
271 32268
61 32691
67 32284
100 32743
128 32396
110 32750
128 32535
189 32536
253 32187
59 32352
150 32666
21 32322
260 32282
268 32558
315 32531
341 32592
348 32209
357 32331
398 32181
27 32678
221 32179
322 32349
409 32315
413 32450
183 32178
247 32647
432 32395
452 32175
462 32174
465 32721
435 32555
149 32174
335 32515
488 32314
149 32171
492 32170
511 32160
476 32483
531 32156
170 32154
267 32152
272 32759
54 32445
65 32373
270 32309
261 32288
271 32502
313 32151
351 32149
360 32145
81 32622
15 32321
373 32134
159 32760
438 32739
444 32736
450 32534
509 32698
350 32662
514 32134
265 32131
439 32130
29 32766
479 32754
40 32543
55 32767
281 32610
407 32119
466 32551
220 32118
377 32605
27 32118
42 32635
118 32129
80 32692
209 32542
1 32463
16 32706
318 32584
35 32751
116 32536
421 32544
143 32153
264 32143
328 32306
415 32308
326 32124
14 32117
325 32188
28 32117
108 32117
120 32705
178 32754
259 32744
416 32501
235 32357
446 32668
452 32240
284 32336
422 32157
428 32439
455 32664
479 32404
484 32119
498 32699
21 32732
331 32640
135 32503
376 32244
157 32196
413 32156
425 32116
339 32628
135 32760
343 32513
293 32617
34 32720
71 32496
246 32730
152 32503
326 32659
401 32440
280 32659
439 32708
98 32729
265 32556
456 32590
221 32462
446 32543
487 32646
131 32676
27 32458
59 32438
78 32411
138 32399
240 32673
17 32698
272 32433
293 32379
412 32367
464 32553
501 32443
505 32729
509 32421
321 32725
433 32406
82 32730
309 32518
108 32363
520 32340
30 32597
525 32420
526 32414
14 32338
114 32739
174 32751
188 32625
193 32576
221 32364
284 32624
78 32735
358 32507
102 32327
153 32308
378 32307
461 32366
484 32330
34 32639
77 32459
210 32305
289 32270
99 32270
34 32728
22 32715
318 32622
490 32610
515 32256
528 32206
529 32200
435 32373
133 32698
189 32678
73 32672
132 32558
368 32385
432 32250
472 32196
516 32193
11 32653
252 32498
435 32472
463 32188
372 32180
218 32760
516 32419
447 32324
391 32752
537 32472
537 32229
506 32172
547 32658
557 32170
222 32167
418 32165
558 32415
208 32389
561 32308
144 32658
358 32538
553 32581
174 32412
564 32399
301 32468
565 32298
495 32220
244 32735
202 32712
560 32680
176 32764
394 32702
555 32678
566 32655
567 32592
569 32565
207 32466
211 32359
158 32407
73 32584
157 32312
212 32696
81 32296
266 32581
8 32667
258 32466
288 32365
322 32291
406 32270
229 32402
415 32263
515 32261
562 32182
570 32181
571 32607
574 32554
577 32392
578 32370
579 32205
182 32333
89 32562
224 32508
16 32649
41 32258
355 32259
256 32725
321 32742
82 32559
88 32498
401 32424
13 32619
98 32578
255 32407
378 32388
407 32374
472 32705
511 32741
28 32355
512 32243
75 32236
156 32226
188 32223
541 32322
582 32203
330 32172
9 32188
297 32187
389 32170
107 32169
585 32161
586 32160
371 32605
511 32457
590 32391
590 32534
115 32681
4 32650
518 32503
591 32542
591 32424
82 32677
143 32605
338 32579
592 32422
128 32156
593 32154
596 32427
247 32153
597 32152
603 32690
162 32557
165 32652
179 32548
197 32662
246 32644
434 32434
584 32713
607 32405
608 32651
609 32590
105 32393
307 32337
521 32337
506 32322
609 32156
609 32147
310 32161
252 32532
425 32306
464 32459
524 32302
576 32763
324 32602
598 32466
614 32478
527 32626
257 32765
339 32713
478 32761
562 32681
38 32697
118 32629
327 32605
200 32527
81 32717
285 32444
429 32708
7 32554
18 32497
13 32391
5 32320
435 32315
226 32572
133 32616
296 32308
352 32239
467 32239
551 32236
614 32235
243 32182
36 32528
42 32423
235 32234
563 32154
115 32639
112 32482
95 32146
495 32143
478 32342
431 32156
583 32627
598 32143
598 32201
76 32604
493 32690
616 32674
617 32558
618 32608
502 32563
184 32614
256 32655
376 32703
618 32659
121 32541
261 32535
618 32655
341 32557
618 32743
394 32549
619 32745
619 32457
188 32596
619 32441
16 32658
619 32368
269 32724
594 32360
598 32352
620 32338
97 32300
347 32572
571 32656
591 32642
620 32519
615 32427
621 32334
621 32418
134 32690
207 32649
113 32276
100 32274
122 32269
274 32451
322 32407
199 32607
367 32747
380 32367
146 32431
154 32365
192 32364
252 32352
310 32449
315 32309
382 32671
472 32559
18 32315
229 32459
477 32644
483 32643
194 32544
488 32271
516 32258
516 32586
553 32445
20 32722
316 32402
152 32394
14 32718
170 32385
185 32696
14 32414
51 32251
103 32358
94 32660
126 32230
184 32219
201 32212
107 32577
222 32753
236 32558
272 32201
334 32545
25 32576
361 32726
385 32527
59 32384
42 32201
59 32197
418 32604
426 32369
344 32279
187 32390
276 32602
84 32615
235 32274
419 32229
445 32193
65 32666
258 32186
398 32307
449 32634
173 32629
325 32617
391 32205
263 32179
128 32179
468 32173
171 32764
214 32670
338 32446
4 32171
47 32167
157 32664
294 32520
100 32466
204 32570
74 32476
305 32575
320 32531
324 32524
334 32425
5 32710
46 32560
344 32356
364 32267
489 32166
14 32711
467 32228
141 32164
495 32603
512 32162
516 32161
47 32461
69 32395
161 32711
197 32666
23 32152
225 32143
238 32415
371 32331
518 32661
503 32458
532 32157
378 32141
521 32224
222 32635
179 32615
189 32412
210 32191
280 32359
339 32140
45 32527
60 32497
223 32637
86 32709
241 32586
259 32456
92 32647
231 32349
432 32668
177 32506
36 32591
239 32480
250 32314
128 32663
353 32286
434 32650
278 32607
453 32213
460 32721
497 32542
331 32468
527 32458
538 32329
297 32555
43 32528
133 32259
365 32201
18 32373
487 32161
147 32315
543 32152
549 32237
556 32171
560 32751
561 32737
161 32676
40 32746
78 32643
119 32561
149 32504
293 32495
398 32345
415 32281
577 32261
578 32552
224 32744
567 32617
583 32248
584 32140
582 32139
262 32340
361 32553
196 32693
252 32708
81 32686
440 32659
528 32583
18 32436
42 32590
115 32558
203 32548
242 32693
288 32397
482 32614
534 32392
153 32389
176 32416
546 32350
558 32344
567 32271
585 32701
587 32756
350 32704
284 32590
228 32420
8 32680
396 32658
111 32268
469 32263
58 32419
116 32516
151 32754
257 32372
317 32449
515 32727
80 32282
237 32747
388 32244
588 32555
557 32247
588 32410
41 32241
223 32375
300 32235
72 32464
73 32767
177 32554
317 32737
487 32416
489 32375
173 32630
583 32610
120 32559
90 32512
89 32460
110 32519
269 32740
363 32681
432 32715
589 32620
595 32553
411 32438
453 32438
256 32491
272 32557
334 32524
475 32507
301 32687
540 32516
5 32511
208 32430
49 32420
252 32413
260 32412
526 32761
533 32552
555 32536
559 32523
597 32408
601 32421
603 32402
72 32395
196 32342
239 32339
27 32327
84 32314
376 32300
509 32565
548 32596
608 32488
609 32285
311 32317
374 32355
529 32276
465 32251
3 32714
570 32243
280 32746
220 32739
321 32667
610 32430
223 32603
227 32681
288 32519
341 32406
445 32345
504 32338
517 32283
56 32416
469 32214
182 32663
366 32714
89 32212
495 32604
532 32211
589 32210
597 32201
156 32201
366 32198
610 32369
356 32194
612 32641
616 32627
617 32523
184 32539
245 32365
255 32342
280 32340
185 32316
351 32680
375 32602
409 32191
432 32191
121 32506
437 32374
273 32186
497 32183
558 32182
621 32350
309 32175
290 32457
622 32175
135 32672
622 32174
623 32170
469 32282
226 32479
167 32212
460 32170
494 32151
523 32147
580 32701
623 32612
624 32705
624 32606
625 32526
625 32498
190 32494
274 32472
418 32464
169 32716
180 32683
406 32637
477 32656
625 32592
164 32681
218 32732
6 32531
80 32529
428 32453
625 32727
626 32571
47 32403
109 32350
2 32555
264 32406
464 32750
528 32426
416 32383
600 32372
391 32552
244 32721
626 32672
479 32682
65 32738
426 32665
34 32710
31 32590
170 32716
348 32583
353 32715
460 32549
516 32424
451 32500
519 32474
128 32403
365 32421
379 32560
488 32518
21 32355
96 32762
217 32689
56 32682
500 32538
45 32346
396 32335
122 32399
239 32299
410 32292
371 32353
245 32619
193 32550
272 32366
321 32640
322 32480
348 32462
384 32434
388 32670
444 32598
446 32441
466 32425
489 32439
508 32361
43 32354
532 32700
544 32357
546 32713
203 32474
365 32750
45 32666
357 32340
503 32304
351 32653
359 32286
550 32273
554 32271
91 32578
27 32302
167 32319
570 32254
57 32239
35 32654
379 32620
403 32531
209 32347
343 32320
558 32233
589 32232
590 32321
605 32225
484 32210
397 32282
622 32395
626 32461
230 32698
442 32679
197 32468
325 32430
627 32453
627 32286
627 32211
627 32204
143 32533
627 32204
427 32190
627 32306
301 32470
561 32534
628 32414
245 32385
335 32257
140 32569
49 32679
311 32240
395 32516
29 32436
458 32549
489 32405
528 32188
533 32612
120 32185
156 32440
119 32422
129 32568
189 32312
76 32213
309 32269
217 32182
55 32375
166 32683
182 32548
241 32633
203 32279
288 32203
328 32702
357 32689
441 32641
469 32598
538 32453
562 32594
579 32407
175 32388
584 32226
432 32737
563 32616
318 32512
600 32498
608 32389
614 32193
138 32180
128 32599
268 32722
411 32470
50 32485
620 32505
28 32422
0 32402
114 32742
270 32732
394 32364
619 32514
628 32336
628 32325
628 32297
573 32577
628 32571
628 32487
629 32293
629 32366
629 32557
156 32760
178 32352
124 32621
185 32273
329 32268
331 32532
184 32668
468 32512
489 32499
423 32443
164 32325
104 32245
77 32520
325 32427
252 32741
552 32300
379 32229
577 32213
580 32476
238 32632
28 32404
248 32212
500 32196
591 32174
611 32173
476 32368
237 32329
495 32621
244 32294
629 32356
629 32319
213 32532
414 32712
563 32676
592 32654
15 32273
113 32602
305 32669
303 32448
163 32606
179 32600
611 32456
21 32385
39 32415
612 32720
629 32628
629 32410
630 32585
630 32576
630 32692
630 32406
197 32765
249 32404
27 32371
150 32547
158 32501
276 32453
423 32281
423 32645
442 32219
424 32188
458 32184
464 32719
101 32656
397 32706
125 32648
171 32484
84 32531
260 32448
270 32343
274 32321
346 32614
102 32503
91 32484
296 32264
374 32335
500 32327
338 32263
523 32177
528 32254
419 32656
533 32515
546 32173
550 32362
12 32170
275 32167
227 32166
217 32433
482 32375
562 32362
567 32708
587 32442
589 32718
46 32423
630 32651
630 32390
630 32326
44 32706
369 32659
413 32656
289 32358
445 32292
548 32245
631 32469
631 32231
631 32212
631 32200
631 32185
18 32531
58 32556
195 32600
25 32427
90 32389
211 32221
426 32347
436 32644
420 32162
439 32160
267 32256
173 32587
212 32578
354 32472
202 32458
49 32327
91 32447
218 32478
101 32160
265 32578
99 32213
343 32159
361 32156
569 32155
572 32155
510 32411
595 32578
96 32625
237 32621
106 32552
344 32735
370 32733
389 32712
413 32648
419 32638
319 32582
292 32536
439 32531
604 32524
615 32457
631 32448
631 32458
632 32426
632 32750
632 32424
317 32399
596 32654
161 32437
291 32359
388 32355
409 32304
521 32302
231 32302
258 32746
28 32756
235 32297
487 32286
532 32283
312 32723
158 32470
316 32263
340 32260
365 32244
481 32387
298 32335
310 32757
463 32656
99 32310
535 32429
611 32391
620 32714
632 32614
391 32728
426 32374
243 32350
498 32308
584 32237
285 32449
36 32236
402 32634
408 32230
484 32228
292 32527
600 32211
375 32424
374 32652
40 32191
454 32189
478 32179
632 32651
22 32747
456 32447
69 32462
632 32355
30 32311
403 32755
445 32670
241 32282
632 32244
633 32216
633 32173
237 32732
633 32691
452 32342
633 32346
520 32658
525 32476
633 32240
633 32163
634 32159
634 32156
635 32154
294 32623
544 32263
100 32739
294 32178
29 32152
24 32444
257 32675
29 32651
293 32207
148 32393
153 32653
388 32273
340 32292
396 32156
28 32187
72 32149
121 32148
301 32726
334 32764
163 32714
376 32590
151 32476
406 32430
431 32391
481 32148
505 32147
542 32144
229 32630
550 32695
499 32620
205 32507
217 32144
230 32423
222 32756
312 32310
355 32143
422 32142
39 32140
305 32137
5 32460
92 32137
182 32692
116 32527
24 32643
132 32505
209 32137
393 32172
77 32587
424 32468
35 32621
305 32389
72 32340
358 32291
415 32440
146 32248
430 32232
70 32580
48 32637
139 32285
252 32198
6 32677
304 32145
148 32691
202 32519
45 32538
330 32597
415 32687
32 32512
368 32565
227 32523
418 32764
434 32732
70 32503
409 32438
467 32408
470 32292
471 32135
473 32652
476 32656
117 32135
206 32134
497 32132
268 32132
415 32132
499 32621
531 32378
543 32258
1 32432
110 32198
433 32565
61 32150
286 32710
349 32695
421 32655
347 32563
453 32614
110 32410
31 32687
189 32410
477 32324
143 32279
23 32379
223 32683
208 32767
124 32660
276 32646
359 32624
377 32500
401 32488
50 32382
176 32370
288 32259
347 32636
257 32314
267 32230
212 32647
262 32198
331 32197
124 32531
413 32150
420 32522
360 32390
422 32374
469 32351
473 32662
164 32331
482 32427
211 32518
539 32328
0 32664
182 32325
129 32549
382 32425
464 32290
150 32271
83 32261
205 32253
167 32420
260 32231
325 32501
477 32222
499 32570
78 32209
530 32589
544 32199
435 32198
545 32184
559 32147
564 32559
428 32399
565 32306
395 32188
436 32156
533 32247
361 32216
201 32142
413 32131
541 32131
213 32128
290 32396
296 32227
318 32128
20 32507
63 32270
95 32127
122 32340
5 32300
266 32127
577 32267
577 32643
578 32492
345 32231
280 32664
72 32636
146 32438
215 32300
241 32727
486 32250
126 32220
336 32127
544 32126
583 32626
590 32568
217 32514
117 32455
214 32395
337 32293
371 32527
292 32751
497 32654
616 32489
627 32440
63 32489
630 32285
635 32706
612 32621
636 32237
67 32308
210 32228
387 32171
636 32159
636 32763
636 32286
636 32444
636 32145
18 32708
137 32756
172 32601
229 32682
36 32603
405 32567
20 32539
122 32433
47 32738
122 32388
124 32264
197 32757
348 32643
387 32582
403 32193
231 32126
427 32525
319 32728
37 32695
78 32678
115 32396
4 32496
45 32461
92 32287
155 32484
14 32472
279 32743
10 32631
311 32690
428 32601
440 32697
84 32746
442 32395
36 32679
106 32688
166 32767
166 32746
459 32702
535 32671
594 32616
627 32607
155 32591
329 32487
390 32456
197 32446
127 32592
58 32382
106 32708
247 32374
325 32336
348 32483
379 32607
374 32323
123 32549
345 32514
502 32745
147 32648
172 32637
313 32686
357 32743
486 32555
491 32425
10 32632
84 32750
136 32756
161 32642
234 32625
437 32613
174 32435
448 32696
519 32667
520 32540
141 32490
232 32472
171 32451
243 32374
242 32340
260 32303
323 32297
410 32690
84 32274
245 32767
339 32581
23 32503
102 32727
196 32419
26 32385
298 32366
88 32293
256 32260
425 32684
443 32477
488 32258
511 32232
514 32228
107 32530
515 32224
535 32499
81 32263
568 32238
568 32564
509 32704
571 32614
600 32545
622 32386
626 32223
209 32428
169 32732
244 32689
63 32591
307 32350
16 32218
336 32735
219 32325
156 32261
360 32218
561 32762
25 32404
154 32621
317 32547
613 32367
77 32211
445 32206
294 32205
580 32185
629 32185
477 32711
134 32587
36 32182
101 32242
228 32181
248 32752
212 32293
278 32606
144 32212
167 32177
394 32758
357 32281
475 32161
10 32149
392 32135
136 32143
444 32436
465 32418
183 32232
284 32131
485 32126
340 32680
346 32445
160 32519
215 32231
9 32622
93 32215
363 32654
373 32702
384 32548
438 32530
55 32513
67 32513
267 32765
280 32483
90 32299
240 32523
90 32281
294 32330
168 32741
489 32258
406 32219
532 32215
127 32667
71 32504
130 32743
446 32725
102 32544
29 32409
95 32405
75 32285
296 32710
414 32640
380 32624
482 32759
494 32676
555 32640
557 32563
576 32561
582 32543
41 32347
238 32282
347 32247
592 32207
83 32181
531 32641
249 32464
82 32304
248 32161
504 32166
418 32169
548 32711
36 32703
97 32664
517 32636
35 32399
517 32355
566 32239
593 32150
3 32663
48 32146
114 32474
148 32134
271 32128
109 32552
274 32492
308 32499
21 32498
374 32209
401 32637
50 32268
170 32665
191 32369
225 32256
390 32198
28 32397
173 32337
372 32699
304 32658
72 32369
433 32532
453 32554
491 32355
514 32318
519 32263
550 32128
112 32624
160 32349
121 32497
229 32587
511 32470
480 32728
489 32462
510 32419
590 32738
596 32189
7 32761
310 32690
57 32626
419 32564
171 32550
194 32764
222 32460
313 32428
378 32402
46 32354
422 32291
87 32340
396 32192
492 32160
499 32634
545 32159
9 32172
136 32126
600 32645
603 32126
455 32125
603 32124
609 32124
265 32739
611 32302
3 32747
70 32698
111 32548
127 32458
606 32428
620 32193
624 32181
634 32164
635 32134
637 32553
637 32123
637 32186
247 32616
290 32748
277 32575
117 32384
137 32297
302 32192
31 32716
88 32659
116 32642
321 32747
390 32689
140 32499
309 32451
92 32597
114 32635
499 32330
194 32308
577 32357
557 32128
31 32668
132 32126
131 32581
229 32702
418 32564
370 32686
26 32309
37 32123
637 32444
378 32122
4 32121
482 32311
604 32613
396 32742
140 32745
80 32249
170 32544
354 32405
159 32307
351 32404
576 32151
591 32686
290 32524
583 32733
500 32665
415 32592
578 32718
621 32586
337 32451
196 32381
58 32704
111 32674
277 32684
305 32736
491 32347
588 32162
450 32356
508 32266
428 32762
450 32664
617 32352
464 32400
637 32667
154 32644
72 32766
535 32609
608 32433
217 32406
288 32392
403 32531
421 32542
453 32364
485 32629
550 32360
593 32343
621 32321
626 32266
637 32250
275 32492
517 32274
638 32262
638 32573
639 32484
639 32332
639 32622
639 32311
639 32248
229 32609
439 32246
553 32541
639 32314
639 32536
471 32675
625 32241
60 32223
316 32212
90 32333
120 32596
509 32208
501 32430
50 32743
536 32554
85 32412
9 32683
180 32329
271 32293
376 32280
453 32276
531 32202
575 32711
453 32411
236 32494
176 32754
241 32640
293 32546
332 32530
364 32755
434 32457
454 32320
68 32279
638 32479
254 32263
639 32667
640 32733
640 32605
333 32604
58 32546
548 32396
236 32468
640 32260
640 32255
34 32245
640 32242
318 32591
640 32237
641 32227
222 32463
114 32366
641 32225
498 32209
641 32209
641 32207
642 32194
82 32193
58 32403
23 32702
597 32633
58 32474
66 32338
422 32229
46 32684
174 32362
326 32320
430 32686
454 32764
503 32479
106 32250
491 32753
514 32618
523 32561
328 32484
231 32441
210 32419
526 32215
432 32423
166 32679
580 32366
206 32687
486 32192
642 32173
85 32674
104 32170
352 32153
30 32621
44 32152
643 32121
643 32121
643 32387
592 32172
562 32121
643 32120
574 32120
175 32120
259 32294
333 32197
192 32271
444 32711
106 32134
374 32212
232 32202
340 32120
377 32118
507 32118
565 32117
442 32680
493 32550
145 32527
565 32392
633 32117
521 32381
644 32117
584 32283
644 32116
644 32595
285 32344
32 32656
332 32319
125 32116
355 32183
416 32116
644 32116
644 32116
645 32116
623 32201
522 32665
91 32570
250 32301
138 32563
205 32740
301 32495
9 32340
516 32293
573 32272
381 32259
624 32229
645 32726
2 32228
103 32712
633 32599
99 32682
251 32563
645 32430
415 32549
296 32516
111 32480
321 32697
327 32657
370 32441
115 32496
25 32730
30 32385
127 32350
321 32321
121 32300
314 32312
3 32607
358 32594
271 32285
277 32281
429 32486
537 32317
541 32277
130 32237
82 32231
560 32730
81 32567
581 32195
605 32675
368 32409
14 32716
72 32729
159 32623
207 32537
411 32682
525 32408
489 32385
22 32748
440 32578
529 32353
530 32348
607 32655
219 32661
236 32441
624 32392
287 32333
632 32517
644 32314
276 32388
610 32674
273 32612
645 32553
230 32499
500 32499
645 32492
645 32464
646 32330
379 32513
250 32730
412 32641
464 32549
118 32497
236 32395
289 32529
303 32431
13 32406
251 32391
339 32736
153 32475
80 32694
367 32666
383 32654
470 32610
342 32630
481 32645
60 32608
371 32453
409 32461
428 32594
485 32640
500 32659
379 32616
403 32475
529 32454
512 32571
522 32630
544 32562
572 32426
574 32384
22 32739
561 32310
576 32306
603 32300
515 32604
611 32299
612 32290
612 32567
104 32475
613 32558
440 32610
149 32536
174 32446
336 32403
639 32280
646 32694
29 32345
256 32252
590 32598
209 32630
297 32589
311 32605
397 32583
377 32509
436 32472
469 32362
498 32252
552 32729
555 32673
575 32556
360 32415
584 32365
220 32305
2 32250
634 32242
33 32488
284 32474
36 32625
153 32428
314 32722
58 32599
442 32327
81 32267
221 32263
125 32240
330 32240
425 32396
217 32387
458 32228
492 32325
503 32224
370 32211
261 32209
569 32205
499 32306
546 32534
576 32766
600 32439
160 32318
224 32202
146 32721
515 32664
589 32334
533 32200
59 32197
535 32690
407 32659
596 32573
444 32565
94 32562
646 32538
646 32495
292 32443
483 32689
455 32554
524 32528
593 32586
646 32454
22 32443
360 32726
92 32346
97 32423
183 32635
11 32328
406 32409
244 32317
396 32285
635 32285
465 32247
519 32197
37 32196
240 32194
440 32740
202 32746
5 32753
484 32467
259 32521
384 32637
469 32558
551 32686
77 32466
144 32452
444 32368
574 32353
263 32705
259 32299
395 32191
580 32743
587 32667
622 32485
647 32526
96 32335
170 32685
381 32292
410 32668
191 32538
581 32543
248 32321
518 32660
169 32493
345 32577
276 32557
508 32423
514 32326
45 32185
522 32233
575 32248
264 32262
406 32358
50 32374
270 32712
358 32654
270 32332
399 32393
419 32283
66 32308
510 32266
417 32257
566 32242
567 32609
273 32747
283 32753
380 32234
591 32226
128 32510
158 32764
207 32725
209 32758
231 32673
321 32399
324 32726
376 32554
386 32700
386 32419
440 32596
180 32688
93 32553
288 32374
452 32346
137 32724
82 32342
108 32298
205 32283
135 32240
258 32705
43 32411
21 32227
345 32640
402 32416
49 32716
71 32645
413 32482
278 32450
30 32545
140 32395
268 32284
29 32265
148 32676
248 32378
296 32233
292 32228
327 32218
331 32202
347 32190
123 32253
350 32186
382 32685
413 32278
333 32359
79 32596
264 32418
358 32404
200 32276
267 32749
410 32211
412 32182
285 32565
91 32672
412 32580
441 32497
470 32273
493 32178
501 32641
428 32666
342 32602
214 32491
235 32395
71 32709
220 32685
277 32302
309 32219
389 32197
12 32174
496 32548
504 32173
509 32169
166 32167
213 32219
417 32347
512 32673
27 32638
154 32449
513 32165
8 32159
520 32642
430 32325
409 32236
527 32156
375 32263
163 32731
316 32703
329 32645
415 32495
436 32318
95 32314
545 32620
256 32498
265 32354
313 32451
318 32302
412 32293
438 32226
492 32226
16 32214
179 32207
511 32198
77 32285
172 32189
152 32545
206 32317
84 32252
268 32249
171 32681
287 32629
390 32609
218 32707
401 32622
414 32538
431 32465
441 32460
478 32242
547 32204
553 32176
83 32540
431 32531
557 32168
565 32155
242 32463
181 32155
311 32219
323 32652
77 32431
204 32350
391 32269
42 32256
295 32677
508 32619
565 32514
255 32493
487 32462
377 32324
87 32276
581 32415
367 32398
321 32762
463 32426
587 32372
591 32731
592 32525
595 32318
603 32299
34 32256
101 32156
167 32154
559 32153
570 32259
593 32153
608 32152
15 32167
183 32165
10 32456
137 32307
84 32149
131 32681
186 32490
199 32556
323 32478
47 32397
143 32374
285 32645
338 32317
16 32316
136 32671
339 32461
378 32298
116 32427
285 32642
339 32232
92 32511
381 32173
347 32293
387 32635
421 32711
117 32712
488 32558
510 32499
112 32398
179 32708
203 32722
510 32385
153 32698
532 32506
118 32459
55 32201
184 32170
198 32166
369 32177
67 32154
64 32149
113 32149
244 32499
271 32266
293 32506
374 32497
427 32146
431 32690
541 32756
543 32145
556 32688
579 32626
587 32549
145 32189
80 32726
242 32142
84 32683
297 32281
158 32442
283 32337
381 32239
386 32672
437 32578
25 32533
101 32395
159 32142
441 32142
482 32522
484 32374
24 32136
505 32589
145 32733
524 32632
262 32540
334 32290
100 32697
139 32371
588 32544
201 32720
66 32710
202 32453
45 32755
190 32486
206 32427
231 32424
272 32379
283 32342
388 32397
31 32651
70 32533
420 32607
20 32652
499 32532
366 32760
425 32492
31 32728
123 32340
221 32308
330 32292
337 32277
338 32273
78 32742
482 32482
513 32270
515 32530
493 32453
484 32755
85 32244
515 32470
527 32238
70 32236
217 32211
276 32541
182 32717
306 32351
245 32435
126 32510
400 32397
459 32371
345 32236
567 32178
130 32756
254 32413
386 32242
584 32211
593 32680
614 32613
614 32163
14 32444
437 32254
330 32322
409 32511
159 32157
501 32154
164 32143
509 32138
616 32216
298 32136
130 32134
248 32561
81 32484
249 32239
393 32378
351 32631
401 32527
429 32456
486 32320
490 32706
567 32416
587 32483
604 32741
619 32760
619 32667
249 32569
37 32592
222 32531
622 32756
116 32611
208 32536
623 32429
625 32272
428 32229
526 32536
194 32648
24 32638
553 32744
629 32608
286 32605
171 32469
497 32400
431 32766
564 32563
15 32723
152 32734
136 32684
290 32716
49 32647
134 32606
11 32599
135 32572
155 32562
308 32586
325 32553
349 32546
435 32535
521 32528
459 32648
582 32633
626 32553
221 32544
94 32461
220 32432
497 32566
517 32386
585 32380
54 32354
106 32679
198 32659
319 32568
97 32533
423 32519
585 32610
259 32536
183 32515
339 32362
360 32348
405 32332
462 32419
494 32327
499 32312
27 32497
28 32286
616 32240
629 32665
630 32238
298 32563
385 32585
469 32546
488 32383
634 32377
634 32267
635 32242
638 32237
159 32223
261 32223
437 32217
121 32740
641 32707
482 32733
177 32692
341 32648
641 32690
644 32666
64 32656
7 32571
202 32539
489 32535
167 32465
20 32443
90 32652
102 32555
57 32750
307 32430
463 32403
56 32380
130 32578
302 32354
489 32334
269 32683
553 32362
549 32266
248 32363
570 32245
209 32233
44 32410
255 32232
438 32215
462 32562
567 32560
509 32393
576 32606
145 32709
561 32325
256 32680
587 32687
101 32714
158 32441
49 32400
228 32391
244 32295
288 32267
343 32610
367 32552
405 32491
25 32430
393 32359
409 32607
413 32565
351 32505
455 32393
125 32621
40 32516
163 32423
221 32641
222 32696
342 32500
461 32305
187 32628
42 32657
508 32532
273 32525
562 32450
237 32265
581 32557
596 32508
612 32268
620 32229
624 32563
631 32225
638 32388
420 32220
97 32659
337 32335
638 32254
640 32210
185 32208
225 32585
647 32725
442 32724
613 32424
118 32353
46 32342
388 32647
61 32583
452 32338
623 32316
626 32314
519 32241
58 32733
131 32494
57 32410
178 32270
297 32287
103 32231
647 32206
638 32202
647 32608
66 32597
602 32426
611 32381
61 32489
22 32627
421 32760
301 32598
424 32526
73 32321
479 32737
644 32547
507 32465
575 32458
426 32421
445 32486
471 32584
546 32761
589 32418
268 32425
43 32587
72 32552
218 32557
298 32507
9 32761
120 32734
247 32672
386 32581
7 32464
37 32601
108 32737
121 32555
17 32568
131 32546
139 32548
140 32435
178 32341
250 32300
345 32394
300 32334
371 32299
390 32519
397 32276
407 32337
422 32746
311 32451
447 32257
474 32254
409 32339
534 32759
430 32459
404 32709
118 32404
313 32618
440 32514
156 32426
504 32383
24 32358
196 32384
406 32325
543 32327
548 32684
568 32745
570 32524
592 32758
259 32315
302 32541
596 32711
298 32303
539 32699
498 32246
20 32758
540 32285
582 32234
263 32553
227 32504
505 32478
597 32548
525 32477
67 32572
210 32425
599 32406
601 32371
238 32217
605 32211
620 32210
621 32210
636 32275
647 32209
75 32560
518 32583
648 32445
648 32623
253 32461
435 32449
568 32235
125 32736
2 32560
328 32506
384 32452
443 32352
62 32629
330 32597
6 32308
162 32374
331 32262
342 32690
394 32207
239 32659
528 32206
532 32394
306 32578
586 32442
620 32337
648 32202
648 32201
649 32706
12 32607
88 32393
296 32266
428 32195
430 32194
456 32673
465 32648
525 32354
642 32588
649 32679
649 32450
650 32328
323 32639
420 32431
505 32668
220 32627
561 32406
333 32734
629 32540
17 32330
148 32318
345 32681
307 32466
49 32415
257 32531
472 32476
482 32354
602 32721
95 32610
324 32344
650 32639
650 32733
217 32647
239 32624
94 32557
357 32467
25 32419
361 32370
229 32671
372 32286
478 32521
508 32472
541 32654
566 32625
570 32433
497 32390
85 32620
609 32381
411 32744
61 32698
59 32690
35 32392
331 32381
344 32373
375 32356
462 32355
650 32352
502 32546
383 32504
435 32326
417 32757
556 32366
391 32322
143 32279
254 32378
299 32709
336 32240
368 32516
564 32228
273 32220
0 32469
359 32642
490 32343
493 32223
41 32737
356 32326
600 32288
616 32206
201 32658
393 32655
50 32337
121 32488
275 32317
309 32498
142 32297
387 32229
419 32202
75 32738
113 32656
183 32699
298 32634
366 32274
172 32415
438 32263
460 32248
255 32197
116 32194
397 32193
526 32749
568 32545
421 32506
596 32475
600 32369
118 32328
308 32427
394 32242
34 32224
228 32191
455 32190
280 32227
41 32187
310 32584
318 32187
533 32392
169 32258
409 32676
32 32248
172 32284
228 32208
365 32186
73 32186
436 32186
33 32184
485 32182
489 32363
8 32522
113 32562
225 32557
61 32622
236 32249
392 32210
530 32694
40 32462
613 32213
620 32520
64 32445
30 32360
312 32408
316 32583
503 32736
566 32507
110 32399
124 32254
147 32691
22 32684
66 32281
293 32277
491 32205
491 32180
212 32544
420 32594
623 32714
350 32617
481 32451
629 32420
15 32352
515 32551
69 32271
521 32177
629 32174
631 32498
633 32171
524 32170
650 32169
650 32169
650 32168
650 32227
115 32168
47 32168
7 32724
316 32636
400 32168
449 32426
379 32523
74 32381
284 32262
471 32167
637 32308
182 32166
251 32675
115 32162
290 32160
95 32160
316 32523
338 32491
650 32158
650 32571
650 32474
54 32591
292 32707
74 32377
95 32303
374 32293
415 32280
50 32764
206 32703
426 32697
30 32556
330 32528
10 32742
441 32223
468 32192
36 32206
69 32215
324 32624
141 32639
359 32494
43 32156
204 32558
145 32706
458 32470
513 32484
517 32323
5 32465
518 32309
64 32286
98 32469
32 32548
93 32752
13 32740
65 32374
270 32311
393 32307
21 32764
446 32285
455 32417
467 32254
402 32589
563 32306
374 32719
565 32656
573 32502
88 32579
333 32651
354 32604
58 32464
397 32445
538 32307
44 32238
530 32155
549 32183
550 32715
582 32742
11 32572
274 32555
479 32504
330 32249
590 32471
594 32154
599 32429
601 32154
143 32619
255 32406
65 32356
407 32251
476 32154
125 32234
606 32532
586 32709
634 32347
640 32153
141 32152
206 32746
18 32642
68 32273
226 32739
129 32766
8 32591
60 32582
98 32767
83 32613
9 32515
227 32484
92 32471
256 32553
313 32563
327 32652
362 32491
342 32466
396 32449
48 32420
119 32416
42 32382
214 32367
420 32758
423 32754
441 32708
85 32592
447 32361
447 32339
443 32324
46 32305
481 32359
486 32293
201 32731
90 32709
299 32761
333 32659
358 32411
377 32395
404 32293
474 32619
489 32429
452 32492
344 32390
415 32297
39 32289
306 32280
223 32639
462 32752
500 32753
507 32722
169 32664
226 32528
486 32588
507 32397
124 32448
80 32473
186 32415
562 32374
571 32310
573 32645
582 32401
607 32307
611 32266
613 32254
296 32238
249 32743
396 32277
615 32236
61 32226
405 32555
634 32452
402 32224
641 32220
464 32451
603 32211
643 32197
651 32182
54 32531
651 32173
229 32718
544 32159
49 32667
81 32155
649 32154
651 32289
466 32676
651 32563
651 32151
36 32467
480 32581
474 32604
512 32581
561 32433
627 32326
489 32379
381 32149
651 32149
651 32148
256 32167
211 32758
583 32600
651 32592
652 32146
25 32246
266 32355
77 32704
481 32214
50 32762
506 32731
552 32746
606 32640
332 32714
499 32640
652 32583
64 32661
168 32687
32 32748
41 32701
173 32687
354 32593
373 32547
435 32539
507 32530
123 32525
530 32564
572 32470
82 32461
592 32467
397 32459
619 32449
301 32434
622 32429
309 32481
490 32521
342 32645
472 32498
202 32538
515 32413
444 32541
495 32514
544 32692
235 32435
330 32720
568 32713
631 32423
641 32403
197 32713
167 32719
156 32455
102 32452
262 32717
568 32594
81 32709
627 32517
652 32471
580 32700
652 32674
652 32646
244 32580
280 32551
417 32442
422 32423
319 32505
329 32396
424 32692
448 32750
652 32716
652 32611
75 32749
187 32699
255 32532
436 32513
10 32510
652 32522
652 32449
652 32399
652 32393
382 32707
323 32666
347 32689
477 32622
366 32592
495 32504
378 32631
38 32489
137 32456
93 32750
652 32386
201 32489
391 32584
435 32378
439 32375
586 32357
274 32653
459 32346
523 32339
3 32580
43 32335
652 32334
470 32763
653 32327
365 32324
5 32314
539 32618
653 32390
192 32675
256 32554
309 32313
127 32304
383 32300
621 32619
653 32584
653 32334
653 32642
653 32313
653 32300
322 32296
426 32367
500 32291
654 32283
654 32381
113 32676
368 32699
329 32472
654 32633
405 32736
654 32456
183 32385
188 32587
110 32479
170 32467
77 32641
115 32706
171 32438
162 32373
193 32453
3 32708
85 32695
177 32545
213 32405
327 32357
528 32428
55 32749
335 32662
378 32388
437 32338
489 32662
401 32698
457 32695
492 32324
550 32600
120 32477
322 32502
246 32695
654 32472
3 32312
564 32574
654 32511
654 32292
474 32707
357 32290
452 32680
476 32286
534 32610
313 32521
445 32279
247 32272
177 32267
469 32670
472 32434
347 32614
166 32610
340 32461
470 32357
654 32286
655 32258
655 32260
468 32465
655 32239
119 32290
238 32470
387 32348
432 32313
642 32238
655 32224
655 32222
453 32680
292 32574
404 32579
157 32517
591 32460
655 32549
655 32220
295 32746
343 32439
134 32217
34 32374
219 32572
348 32448
362 32617
414 32302
517 32289
652 32611
655 32342
532 32241
655 32294
515 32214
655 32208
4 32506
498 32357
655 32207
229 32589
334 32757
346 32747
224 32738
421 32683
609 32605
318 32600
255 32512
274 32455
315 32529
2 32575
273 32552
126 32570
3 32412
105 32639
360 32410
390 32721
215 32615
394 32365
140 32349
122 32531
484 32423
485 32601
259 32349
415 32685
187 32339
13 32320
451 32317
134 32571
112 32696
135 32512
182 32387
188 32662
280 32318
279 32295
439 32267
461 32243
486 32235
232 32216
297 32561
18 32625
476 32521
409 32520
513 32487
536 32582
547 32465
298 32709
558 32494
189 32450
572 32389
431 32318
452 32545
572 32275
574 32238
574 32737
94 32759
579 32664
611 32647
615 32641
77 32445
37 32383
79 32649
112 32524
144 32729
173 32493
330 32474
343 32724
630 32362
293 32359
465 32700
110 32527
527 32490
586 32356
76 32687
121 32505
141 32312
177 32303
12 32468
437 32510
21 32716
220 32493
435 32448
443 32412
326 32574
539 32398
552 32293
570 32283
576 32283
14 32667
47 32702
77 32283
153 32277
161 32253
358 32237
557 32426
47 32616
9 32688
578 32384
629 32366
86 32308
451 32231
636 32211
352 32510
608 32586
641 32263
642 32414
594 32453
643 32737
478 32530
644 32597
235 32394
405 32209
452 32587
378 32399
475 32207
426 32206
49 32717
302 32468
586 32404
426 32318
229 32255
653 32213
654 32206
240 32202
103 32199
656 32199
50 32250
51 32329
37 32639
153 32760
314 32223
344 32400
417 32345
656 32215
66 32412
72 32753
50 32671
194 32571
226 32508
342 32537
102 32331
371 32196
38 32194
283 32540
360 32345
485 32678
492 32480
557 32437
559 32380
588 32325
645 32652
47 32614
271 32570
457 32616
656 32455
402 32668
657 32462
263 32730
364 32367
13 32360
480 32702
530 32732
249 32431
270 32330
76 32508
278 32749
33 32449
130 32431
285 32295
213 32708
363 32293
52 32281
106 32541
125 32271
7 32385
105 32231
322 32222
67 32695
112 32405
139 32367
21 32272
281 32680
50 32406
232 32213
291 32206
313 32201
82 32371
466 32541
527 32681
547 32460
612 32228
13 32204
68 32200
72 32375
93 32591
129 32273
169 32211
321 32198
208 32193
260 32392
283 32192
339 32361
381 32734
283 32732
389 32432
394 32672
424 32621
449 32434
306 32426
31 32333
110 32419
436 32321
612 32696
116 32663
613 32393
614 32330
640 32438
126 32259
599 32192
641 32190
236 32649
657 32188
657 32625
237 32726
253 32212
417 32554
657 32202
385 32505
657 32680
657 32449
657 32418
657 32356
444 32455
626 32350
626 32259
303 32370
78 32187
222 32186
582 32185
12 32183
223 32546
495 32507
479 32581
639 32324
353 32183
381 32539
388 32685
485 32735
509 32612
534 32474
205 32351
30 32295
302 32259
339 32182
539 32537
550 32182
263 32619
197 32501
336 32205
451 32181
657 32180
230 32180
111 32468
335 32180
12 32177
56 32177
149 32173
355 32665
393 32584
166 32385
441 32421
491 32400
614 32303
657 32245
452 32190
76 32196
83 32707
230 32636
72 32474
131 32336
226 32172
362 32172
24 32767
68 32613
154 32290
9 32226
210 32309
254 32414
75 32170
373 32432
423 32757
543 32170
111 32270
9 32170
430 32170
546 32353
47 32702
78 32216
3 32730
142 32435
260 32524
122 32488
231 32412
353 32375
365 32537
223 32697
51 32299
150 32230
6 32309
100 32762
179 32238
281 32222
305 32495
317 32217
83 32206
256 32749
304 32201
327 32500
334 32302
106 32486
341 32481
129 32302
346 32682
373 32365
390 32348
394 32259
403 32184
436 32169
20 32169
439 32292
440 32684
510 32164
346 32162
216 32480
27 32462
371 32684
89 32437
368 32730
176 32331
542 32472
547 32735
552 32369
167 32679
251 32401
320 32297
268 32262
390 32224
84 32764
472 32558
557 32217
172 32279
472 32414
553 32742
560 32267
563 32181
569 32177
416 32160
34 32361
216 32682
369 32674
410 32603
447 32526
575 32665
85 32452
38 32733
133 32681
196 32562
20 32300
38 32187
322 32755
382 32512
116 32680
19 32741
343 32498
521 32611
523 32306
537 32620
63 32734
71 32545
483 32501
203 32765
75 32436
106 32421
235 32553
282 32416
240 32381
555 32289
471 32251
578 32247
585 32181
591 32502
415 32375
101 32706
300 32269
323 32158
507 32741
136 32157
279 32575
427 32215
454 32154
544 32152
161 32494
556 32556
593 32152
597 32150
150 32421
428 32150
488 32482
597 32148
602 32577
38 32432
470 32487
478 32409
193 32401
396 32499
574 32469
612 32360
623 32213
624 32148
532 32148
312 32734
92 32607
632 32564
287 32376
280 32707
327 32603
338 32354
149 32719
244 32656
46 32595
208 32427
632 32422
644 32379
646 32365
647 32684
268 32339
647 32290
147 32621
300 32652
650 32441
349 32259
631 32344
99 32231
72 32427
211 32458
239 32227
444 32286
528 32216
543 32168
58 32147
157 32512
278 32441
195 32593
363 32146
541 32606
545 32368
605 32146
228 32637
85 32146
22 32508
415 32145
593 32144
632 32143
14 32486
131 32552
264 32312
288 32284
415 32143
432 32409
101 32237
610 32142
190 32697
21 32489
51 32691
155 32219
284 32217
444 32732
567 32694
627 32683
490 32189
658 32168
259 32390
304 32374
18 32685
510 32291
77 32739
123 32249
126 32221
31 32665
102 32576
160 32162
232 32148
238 32169
165 32529
300 32462
345 32441
376 32484
161 32721
382 32727
441 32461
400 32568
445 32380
186 32618
300 32420
180 32329
92 32451
356 32559
52 32487
469 32342
108 32734
230 32294
204 32258
198 32253
484 32244
350 32703
452 32677
521 32627
492 32449
364 32428
539 32732
551 32626
571 32608
598 32523
615 32418
374 32657
625 32404
642 32531
338 32403
654 32402
309 32387
35 32276
204 32716
306 32620
209 32489
288 32680
349 32620
356 32448
103 32385
278 32374
422 32361
118 32328
351 32413
516 32241
529 32230
176 32220
259 32213
73 32184
339 32256
372 32178
9 32725
469 32578
533 32484
493 32197
260 32692
306 32172
43 32734
53 32494
144 32179
147 32612
310 32618
500 32528
543 32730
557 32745
566 32711
567 32696
606 32618
616 32554
630 32596
624 32609
636 32525
641 32510
600 32698
250 32655
46 32634
80 32466
90 32446
18 32309
148 32401
75 32219
182 32216
233 32586
283 32207
223 32171
43 32147
303 32142
347 32766
251 32469
371 32538
373 32310
256 32595
143 32422
391 32142
403 32142
428 32141
432 32141
487 32140
501 32620
169 32645
208 32700
170 32494
314 32660
388 32467
417 32413
263 32645
410 32462
418 32611
336 32678
476 32462
26 32702
165 32592
490 32328
157 32518
262 32406
389 32287
2 32272
98 32280
49 32669
197 32655
393 32309
507 32270
514 32245
12 32239
516 32506
2 32645
197 32518
9 32420
87 32389
54 32609
211 32681
262 32354
276 32331
290 32319
313 32315
325 32559
343 32363
30 32273
102 32229
421 32223
450 32216
68 32710
453 32228
76 32187
484 32178
520 32178
525 32174
571 32734
601 32449
605 32674
607 32611
107 32693
554 32398
349 32683
436 32595
476 32571
526 32547
618 32535
568 32450
15 32719
130 32623
338 32587
434 32474
515 32420
444 32404
538 32361
572 32304
331 32239
615 32165
624 32165
581 32628
542 32306
121 32162
305 32647
376 32472
475 32264
626 32258
639 32160
23 32270
641 32245
643 32150
644 32609
648 32146
122 32146
389 32460
464 32693
183 32507
298 32406
495 32139
511 32139
529 32139
130 32137
221 32136
616 32135
217 32705
365 32134
505 32134
622 32133
649 32564
226 32182
280 32133
381 32744
478 32598
478 32211
321 32514
64 32501
282 32428
70 32274
504 32421
524 32167
553 32362
654 32319
180 32231
110 32615
304 32583
365 32508
70 32760
503 32590
121 32502
174 32346
290 32434
392 32509
508 32319
70 32601
161 32545
209 32290
272 32283
128 32223
149 32401
170 32362
181 32347
140 32629
516 32763
82 32749
151 32614
125 32553
247 32416
550 32613
22 32391
385 32350
444 32308
518 32271
188 32741
349 32629
361 32598
468 32508
485 32340
528 32735
278 32337
376 32274
557 32262
66 32591
122 32565
155 32487
196 32429
232 32336
366 32256
214 32687
1 32666
4 32390
70 32764
232 32660
445 32744
54 32462
128 32321
141 32312
115 32731
278 32663
426 32529
460 32399
473 32287
174 32252
147 32252
356 32763
434 32252
380 32238
374 32687
76 32599
69 32529
51 32436
223 32324
481 32291
534 32679
107 32237
538 32525
539 32582
106 32687
266 32328
340 32601
266 32555
117 32214
465 32209
548 32204
560 32198
16 32181
538 32271
572 32179
573 32668
134 32697
310 32504
2 32555
370 32479
547 32461
579 32329
582 32291
583 32166
191 32160
596 32158
31 32589
307 32594
386 32397
475 32562
14 32156
597 32603
613 32155
83 32402
132 32525
275 32539
538 32487
547 32622
562 32611
573 32446
578 32547
92 32408
281 32569
585 32287
65 32694
597 32610
615 32651
620 32562
247 32406
113 32336
133 32445
276 32320
12 32576
273 32270
263 32339
304 32669
367 32251
393 32244
249 32214
225 32273
32 32212
99 32586
78 32545
140 32503
351 32481
110 32282
395 32233
439 32559
526 32377
595 32510
253 32348
479 32284
506 32274
589 32597
622 32624
630 32425
581 32210
311 32207
632 32665
569 32204
586 32754
132 32197
140 32170
241 32694
82 32167
437 32151
503 32415
55 32378
236 32663
631 32316
577 32741
611 32607
72 32571
117 32479
107 32530
207 32321
295 32303
65 32522
317 32303
336 32296
449 32241
504 32742
604 32427
638 32390
639 32338
639 32524
343 32675
642 32222
226 32744
442 32218
325 32540
652 32401
90 32376
130 32548
155 32326
4 32650
186 32707
209 32497
347 32288
39 32512
368 32566
169 32331
178 32618
319 32257
334 32257
193 32212
165 32752
406 32204
112 32432
189 32197
255 32153
415 32707
443 32149
455 32323
471 32149
170 32149
515 32463
528 32149
537 32147
25 32614
0 32660
42 32566
174 32509
7 32442
176 32524
377 32342
130 32598
156 32408
223 32325
293 32240
350 32200
357 32550
279 32387
390 32505
72 32605
346 32459
128 32744
358 32720
435 32336
449 32214
451 32153
467 32443
80 32736
532 32321
546 32705
130 32221
80 32754
39 32147
126 32201
318 32136
85 32247
256 32677
358 32135
243 32755
235 32666
272 32489
272 32387
28 32475
233 32380
289 32328
4 32214
352 32192
103 32647
379 32581
399 32555
219 32476
423 32760
387 32730
290 32650
438 32551
523 32690
30 32633
157 32528
508 32491
295 32468
556 32436
79 32497
399 32428
410 32423
480 32375
558 32306
559 32289
11 32692
565 32672
34 32619
569 32577
578 32516
583 32501
513 32439
35 32379
489 32348
586 32320
600 32267
608 32527
615 32754
133 32618
200 32616
267 32727
221 32417
384 32381
131 32679
258 32336
380 32302
398 32281
113 32657
140 32514
407 32238
416 32228
471 32208
492 32669
381 32559
514 32549
579 32476
616 32445
403 32755
99 32643
131 32497
532 32461
393 32400
316 32384
204 32377
308 32370
363 32545
482 32336
563 32333
618 32224
549 32208
620 32683
627 32635
630 32603
138 32661
596 32353
141 32551
392 32738
422 32419
495 32754
602 32311
633 32301
102 32195
640 32188
419 32312
139 32725
464 32293
276 32180
219 32209
127 32759
279 32248
523 32424
304 32480
459 32630
509 32441
318 32570
382 32558
461 32442
533 32429
577 32301
638 32176
170 32357
299 32173
9 32172
80 32168
102 32165
324 32763
339 32543
266 32721
585 32492
461 32746
481 32601
340 32374
489 32370
641 32164
644 32164
286 32726
388 32601
147 32518
118 32319
557 32319
177 32526
9 32660
470 32254
582 32163
644 32152
171 32146
465 32328
644 32139
648 32137
654 32133
657 32420
658 32308
390 32695
511 32598
94 32489
278 32410
288 32315
92 32303
305 32394
91 32267
318 32265
335 32157
119 32730
70 32686
175 32482
45 32452
61 32468
186 32726
163 32707
123 32646
222 32447
269 32405
333 32149
107 32202
378 32198
385 32143
403 32133
64 32163
207 32133
321 32729
329 32365
179 32133
445 32132
201 32458
452 32670
484 32218
486 32132
70 32132
97 32296
55 32401
185 32444
410 32540
514 32406
524 32291
329 32765
534 32623
546 32502
559 32633
55 32595
274 32500
568 32396
202 32644
459 32617
569 32566
214 32488
189 32624
349 32502
125 32435
407 32689
410 32734
311 32764
305 32634
90 32485
458 32405
287 32396
379 32385
515 32385
21 32353
45 32735
174 32524
178 32517
230 32397
350 32347
510 32334
530 32678
56 32567
321 32448
514 32658
505 32764
533 32447
547 32326
92 32523
106 32466
116 32319
537 32278
67 32515
429 32277
262 32387
129 32324
507 32327
505 32665
66 32642
93 32305
247 32394
530 32300
575 32276
122 32310
491 32251
582 32245
582 32244
585 32613
463 32591
560 32237
605 32682
317 32359
425 32320
367 32185
615 32452
571 32502
617 32455
646 32364
652 32188
658 32588
105 32330
187 32177
311 32143
420 32689
584 32509
368 32454
627 32269
18 32132
288 32516
80 32411
443 32131
658 32214
658 32355
79 32617
10 32607
151 32553
270 32490
424 32510
326 32469
415 32290
189 32277
440 32530
465 32173
398 32170
15 32131
77 32130
17 32678
158 32690
184 32130
231 32130
165 32130
330 32130
361 32129
272 32272
266 32129
486 32129
487 32129
121 32644
291 32295
189 32630
347 32128
510 32128
526 32128
537 32392
554 32718
557 32693
274 32573
147 32378
215 32562
562 32498
564 32614
542 32663
143 32147
229 32162
575 32393
599 32479
13 32510
110 32336
147 32127
161 32519
349 32127
53 32634
104 32608
220 32720
222 32507
263 32318
128 32583
282 32129
351 32617
219 32749
310 32523
362 32433
364 32334
144 32465
364 32566
408 32716
441 32701
124 32327
472 32444
477 32575
84 32567
331 32538
478 32476
520 32763
538 32735
315 32698
385 32411
555 32402
560 32630
580 32547
346 32370
364 32305
154 32706
112 32607
142 32623
405 32678
78 32648
415 32616
166 32550
131 32522
316 32520
44 32399
161 32311
322 32716
142 32673
94 32305
393 32263
3 32217
9 32718
23 32450
157 32366
170 32342
443 32555
450 32655
561 32737
567 32202
599 32195
603 32190
478 32183
185 32175
273 32165
396 32233
571 32161
130 32628
351 32339
104 32186
156 32665
88 32623
130 32388
184 32159
222 32404
223 32141
143 32131
236 32680
60 32506
358 32503
199 32390
331 32589
321 32358
395 32597
133 32322
157 32340
152 32571
29 32497
302 32468
71 32691
346 32461
416 32542
205 32763
439 32403
485 32381
69 32365
270 32238
290 32716
489 32701
379 32515
470 32376
398 32374
60 32408
122 32743
496 32609
365 32320
37 32278
139 32307
500 32762
518 32648
60 32662
430 32499
525 32282
40 32272
408 32240
463 32450
490 32401
541 32737
366 32394
88 32754
207 32387
340 32647
359 32679
185 32535
242 32609
423 32229
458 32220
35 32453
228 32413
39 32594
49 32553
113 32404
118 32280
22 32392
250 32279
258 32230
295 32215
315 32209
324 32207
380 32664
461 32624
51 32570
512 32461
542 32410
543 32451
17 32445
544 32404
550 32710
552 32691
559 32526
212 32633
491 32560
560 32708
129 32438
45 32443
550 32678
562 32436
286 32626
243 32391
273 32368
314 32298
487 32272
583 32236
203 32203
588 32519
589 32198
170 32530
196 32199
217 32192
565 32192
592 32602
532 32180
596 32167
109 32163
605 32159
607 32565
608 32152
287 32138
317 32609
351 32579
515 32446
81 32346
573 32252
614 32490
239 32706
617 32303
340 32135
597 32519
618 32492
109 32339
224 32292
615 32282
258 32702
43 32451
271 32438
622 32385
