sakpfdlydi 57867840
yzmpvhukwg 60714108
ojwdxkzjfx 57280060
uafkaiswjd 47803562
aszfizkdvy 44380072
yymzpomimj 37152544
hakxkugqrx 79630976
nmvycyarkn 81524400
rswpqkoxsk 91580545
aathhuzjjy 66244423
isdzpxuala 78374720
rhmhcvwizu 81011308
qrbvlbbcxf 95135855
wytwanezbp 72225702
xcsagusjkb 68897661
mrwiymffhx 63385125
ipkfvqesde 60300128
gumlfhzvzs 84169764
dbwgvurrec 78061206
yflxtzhhgr 73322781
mmqhdftidv 68085765
gycsvnkubq 65204378
qbzptrkovl 63534081
dyovrhyzbe 71789580
vowuvwsqrt 88240670
jwrwwtglps 78390099
yqwglfwhwg 65643552
wkykiohhnk 63304578
bhutgdyxjc 69397696
tjwfhkbdhl 62461560
oascovdelu 60244275
ypbxvsxgjw 93176424
dpwqqitrqn 83436010
qfonhiszfp 80446918
adoivsmrsl 90340958
wiwpnrrqad 78050176
zojkamztzh 73501404
xtljtgybbp 72235050
jqdrspnbdm 71850330
jgtypokhpr 98414514
tfxsalbgmy 75807510
iegqfaqkok 76901880
bppbbkysqq 87513669
jnmbeskqup 91421862
xueyuyxazf 77569674
lusnjbgfrb 79763712
cqwbhncziw 78881275
vpeeicuyqy 89387224
qbnhqjaxzr 85670208
yldvspjwhn 82778832
gdejhnuwod 81285420
trnkemxxma 77197304
acetegcejr 76337414
mvqnqbnzok 85830580
idtgdwnabj 74985300
lvsqixoajl 73440220
hscwtyskag 72901042
jepuuybwmr 71937044
igerpkjezp 93069400
gwoiilrlie 95368146
zzpjqpntyt 78967113
fdjdfrcrnl 71900808
oiuzykrheb 81557118
rdbajgvfgr 71010861
ztdejqfbvn 70316586
zlnmjcmllw 69890170
sntfrxnocp 87225656
njlaegyrza 69869072
khckbjfbln 69651092
hjwalsvvjb 68898845
wpdonsrmkx 67575240
qhildcnfem 77340074
jbzaanetkd 70012250
chreytzmqy 89964360
cajmyktdpo 84233083
ipjcjnqtlz 76261812
ceajfysmrm 75802160
skddhezeyl 75765506
muvzpizihb 74889165
gxvbyqphsx 78784532
jhyjszvjaj 90658484
xuqhsglvtj 88237822
jvbohvhrtt 80277070
mkqexnjfie 74335680
mkvxhpdhip 84224270
fftjeumqjr 83741320
ectepjlzmh 80903720
aqahbzdprx 82970446
amosakufbj 82343052
zqreicrdqt 82140648
tqvawiypja 81647346
rymphauldj 91840350
bxexhlcoul 79625232
izwejwnixx 77882496
ryafuztszo 77009042
kzvakjhrlz 79660260
ixotuoimiq 91010640
sihlmnyaym 77765940
szoxaklhat 76078375
gtvpgymjzv 78022440
lwbjfivqaa 75421962
lvjhwcewbu 75336960
mtskocoous 75008472
lyirbktomr 74982856
cpyagflvhy 74270368
asopxnyepr 79403775
tyzmrwapbp 79758560
wapfcsedmz 74270350
vgzwimgsks 87234117
crcmfexhmh 98851666
vfdiukynzb 86430925
vhfaktqels 73495644
bihwpuhgxb 81192937
fgzvdlixcj 79889126
ezmhdiztaq 79486060
krkdbciosy 77817730
rylszyplxp 74172176
jykxwibzhe 72903684
kmzvgtqolz 72548525
slvkiisdhr 72533260
nbdfczjgky 72251718
bstlujfyyx 72244403
yktdmiuwpt 72106056
jzasrmdxfo 84125535
ykdqomtbll 81794414
endweqicrq 71926818
czovvdlesv 90617340
ixviclxcle 78456750
etvdvqzgsk 71867272
ekuxuqeerj 71779980
dzzjygzykn 71783334
erhdminkcm 87981153
zqodsfuiyi 71376374
khofxoajhi 70652197
wncsglmvqy 69844032
uitfskjtby 69680250
lltobxlbun 95734370
nqddzfxrkr 90542602
nigwzdisxp 84997540
rsbauhabyj 84563336
gbpockdotq 77322553
nxjrejeypj 75408516
mpndrmxylw 95458284
fsrzmeslkb 93249192
opjnzxkrcu 81446529
qmszxzbayj 84716408
dnflxkryzx 81846950
bzkkulkiuy 79272048
chqasltumo 75103184
zfxruhjohb 84761286
xmbwbaikwa 80832168
siyntmbquc 73787760
pfyoevsflq 77995181
venzpxuwsp 75874450
lgmrejbmas 73212853
kzosjbryym 80482865
mnzudumbvv 73094310
kscrwtgbeb 72848232
wkidlchdfq 86711580
hhdzsdhbst 84563224
owodxvebpv 79064844
ghrzsyrakg 94251080
splbzgegis 76488380
npsalqxkvd 75289110
siqfbvpand 72526896
vlcnkucayt 72316712
hmscgsqdmt 71031272
pfkkkxxgqi 69602220
ozihadlbos 79777599
rfqhnwfghi 89198398
epiaqkoyrg 69492291
zefaorsifn 69376945
dzpgfkuxdh 69185597
ocjdpepdld 69056512
vzbffmolrs 68966655
bftjpelftb 68948434
cjjqktmdwc 93646704
cxkevxgwem 80873265
sofahqaope 79583220
tjikvxalvm 72912960
jjesxqykok 77735400
hbbfpykhtf 78659288
vpfgmwiffh 93236333
dhmmobphgf 80683008
soncdnlunb 75983772
blnqquenqr 85979460
hdmfydunau 72218608
rndxgsrqpn 80469714
lbugfiuzxv 79064720
qlsvwkmsua 77882976
vsddzzemxg 71288666
wnzxdjhdjv 71270023
ncbeegcmmd 70712160
uxwjeydmdw 69088365
cmmdeilaut 68879940
dohtkdsxwn 68651960
jieghwhyhe 68621000
rzbdraumac 78087258
hbewpnfmrs 68583283
ngjbjxznhg 92299848
uvqzznqpkm 68378816
hwgtajxoef 68344192
hboivtaxns 75753430
opzopxuybf 68332220
vbkvhklbkh 70749240
uyrffxiwwb 69299512
nruypngofk 77438064
rafoxdihut 73757376
cfihlsstwd 68992898
uaqurkavni 93489272
kalsjeynui 89204814
jebuywqaty 83364342
jwjkmzlmks 68232240
fyhxplbnlf 68224887
omubbsshju 88170865
fmrhclxtsv 91631474
tevustpvuo 84108375
glnvcghtvy 79629376
vbypypklpk 68153472
qjaijvvfan 68006980
cmvpognidg 75206018
lcuseygvoh 74480931
bdewbfhbrp 79895864
cnegdwwqlz 69934858
rhmyviyrdr 76367340
cqbknkwifg 67826245
mhwjmwxyhb 67749354
icjthsvojq 67627272
tlkvitojql 67597868
mweunonodz 67480134
znstsaedyz 79387280
kcqunvyqvs 72562050
ensrpjgxmx 67458465
tuihpcfiqe 78489768
arjmqbkzxc 75834571
jkfxfqxvvz 72917578
xbcbbkikzr 84437500
uadsbryrkj 82642280
hnlwicqmgb 85338858
fogynxummj 84427040
dwsxdfjuit 75198656
rbkhunkwxf 82301712
mxvvvkdulu 89575500
qplsncymqa 77691228
bbkufbgrjs 75045436
dtvghtzsjh 79654042
tayglfptnt 83119104
jiaqasoeia 82408775
phhfmxccaj 82502280
asiffqkzmt 81297428
rosyofiqvh 79039142
daywypvhny 73368165
vfpfcsoyqf 80662980
nlcvetqjzo 75399012
vrpewfyyht 71413680
minraoerss 70896228
hrdgqxktrr 69711920
acdwnuzisj 86364083
eqilctewid 85080480
ekrnfganfe 96112104
agwdruznnl 93527665
wvymqmbifh 79281528
evttcvgrno 79412282
juxnffvesb 85972060
edbkuzsaln 95579712
ggkhaqecck 77951177
vkgzfvlejc 83464876
owvjsuwise 73994968
zhjetyszca 89723564
fqyvryfyki 87706080
pjqjncpqyl 86070900
djeooizqwj 87229824
eutcplogvj 86061086
mkizxdftbc 86160627
kuacffoqkn 85720080
dlrmowthtz 93495105
qwzgyupbaj 86575005
faltwdzmlu 85356370
uabavkwcwb 85155312
hybwacmjjv 79579840
uownsqwsgp 79548383
laoqcmovot 79236052
uqvkxktfad 78895665
xoaxgaftls 78214080
xdzptpdjzd 77975605
zfmupuremj 77892520
ukqaxchdqa 77351856
pfdtrlxbzq 78595608
ydmqqetjzk 76977890
xodibqxavi 74929272
lyfhcqingq 78391530
sefeuqpvkt 74775382
ytuvioffyi 73948303
tbvsotrife 90700988
eyqruclogs 92196720
lffadafqrj 86324412
iaatuxowke 86186100
sqjkameyaq 85479258
eqtjridjyd 76501087
fmgcuirixt 73757050
huuuqetlub 73347120
kuhbpkmyqm 73221753
obxnypjwju 72995103
rustcmnute 82941360
vucsgzpprw 72557252
otqzkgatba 72230438
gfcegyiife 80299485
ffungjjisk 79907760
vychqpuuff 72204048
gehfvyfaag 71247085
qvhcdgnvvs 88617705
awzmgxmsop 71216600
xvqyskxjfj 70809410
rnhscugbhb 92023278
lcvjxzielx 82348431
cqtahrfrwn 97190020
fsdhdhhosz 84565656
spqvkrjmkt 80839778
wyjaiwfhvf 87966711
yshrlllpat 82082208
upfgpqeflh 78254898
bxmwsnkqdr 80271555
sxwrnjduzc 81359970
zcsxiwotfm 77859375
aveurtqpom 77646690
aisrtjrhbz 76579992
jqvmjoqknx 76416758
bhqmahbvnd 78377472
rysehzegxk 85333950
juglwnjpxg 78794375
vfzpmjwkvd 87192003
hmprcctiqr 76342068
hzwxfbpzka 75757560
rtvpocvzlf 93370544
vovqvokbzu 83967778
xzdzaxyfqk 74860038
agqiznhfyo 74537787
spcnoeyjuj 94079214
xvzvcsjmtc 72545637
imjbanvqwr 71485920
xtdkijuiyz 71124138
yfkmfadlkx 70072152
jmdynqpwgp 70037029
uxunrkvsvj 69860133
kraxhhkvih 69819960
uumxgffkws 77944486
qcowiqldvq 69756102
prtvkssiot 72314215
tssbdpqjfs 74719984
emvacukgxn 69737920
tmkjescfoa 80466627
lllsoxgwcn 77790636
rouutaqesm 72155445
bmskeclzwu 73785257
kwiickndtr 80408040
ynkwtccvbi 78467572
xtxufscins 71495776
qpogqrkwkr 82927860
jsfsofgujy 81082571
izaczlglwo 80794854
bukhyfhjin 82805946
ctzqpuzsuf 72950162
gqbhkblwsm 72055021
jfiwuviszk 69666062
kurmyxdogp 81919950
kzqrqaiwzq 72510935
zrgggugrll 71115936
mrwlnridgl 70966818
knvbmuhzhu 69493068
wmzksoxgxu 87445488
zbzkudltps 81501336
obpcrjlfpg 78448314
kcwydgwnkf 77415148
kfdqjzfcpa 87014200
tyxyfhncaj 93259026
hbzxtiibfu 82121304
mqylzwtvmy 86775276
dzvszstizu 73547890
saenxxcgps 81243570
bgliumwxsz 74046250
ssjryswdao 70644780
mrnojachxa 69441949
bzacwgazra 69394793
qirewlbqib 80637348
mxrgdtzreh 69326082
iotxxbahlw 69256453
ikvvgctmnd 76223044
oqwmtkcenp 83486596
hwbtszongz 81524718
uitdyagwjk 94786619
pupaxkcjyb 80199810
rifhghqfhx 74685163
egyuytszoi 87805890
pwrpzlueag 69728920
sgsvixajih 69254562
seusumiwnk 86377811
vxzgeapcac 75634950
zgigxujqpz 76917359
rwdnacylmu 69118920
vtzwgwodar 68837850
vzdipiwhpe 85415360
lavvkenjrg 80606656
tjfxwojnrd 73795488
zzdadokaam 68737585
gvwrovmgii 68704710
dqyjudpzzl 83081242
eqpupelivn 89624922
sivtqxepcc 79933632
lathluzznp 95292990
yhfcozuskd 79312692
upimobcfnj 88131823
qupwtqsnzu 85395640
ioyvzupbgd 90660380
rodsrvdmhp 78673074
hssjwvoryk 83821016
bhwiyguvig 82059956
aesdesxygc 77975430
ncdsicfkpl 76491449
kmhdgxropu 74497088
lavmtmzlqe 73858400
srldvvxcnb 73746848
ajzcuvzdlg 73512320
kdpzjvuteg 71465142
hkzakpkijy 91183248
fybyflbjjb 78576030
qnmlslcjea 81626827
nzjlbwzspa 80935104
hspvodvujo 92010600
kmdymvlged 86123175
hrycxnjxks 70353644
wushfnopnr 70044936
lapweimwvx 68635764
isvkakkjjg 68608908
jjkzvnijru 68424202
bstzyybyre 68415308
mmscmnxuwk 88339601
bfhdvwlrgk 83105392
wmqpnugnwy 87526170
pbxiyjsmrm 74301144
rbmkocntbm 72923328
gilerpfbve 72374117
rtxqxkcund 71368290
ifqnpwdgyg 78810500
konmkliklu 78684714
bklazheehq 77802360
amckzktgdc 74639682
ccjnovnxmb 76798248
xdieywpawe 74548660
gsigxoccsn 86610895
apdsugjzjt 88777584
otflbbpuct 84499658
zptgumsvkr 82502550
munvbcceue 80427270
ldcwqtfsek 70573811
wtwnuvubgy 68398750
qavshwfjlu 68201440
tntanmugyj 79951820
dwtxbhvjya 75377604
blxopolarm 72595940
sidnamjemu 68190528
efcsvhmhmf 68168386
kghzvhpoqc 68133450
rpbvlijsjw 85865593
ebkecelizm 76009050
itzndqznfz 70368628
lvkcgwvnex 68337750
auhlzbzjha 68060888
asjeffwksv 80309520
pwdoczljhb 75052512
adtetgvbxl 68016270
yybzwlszqq 93098322
urnecfznbq 82042848
qxlyrterwz 77062901
eqgcrvlpvr 73974295
jpaeroofbp 70597760
pxgifqpvwy 69656211
mvvgctspvb 77074720
wkpjuodyav 68130110
ysehpiloel 68015996
uzmruehbuw 70400261
xwpyclhpdv 67995018
saekwtoomx 68637294
bhamultros 67993152
bqvwtfqalg 69809069
sqeebotwww 67988030
jwfeubqwqa 68559090
igdhcyighr 67922316
cykgylvmbd 98210178
qfvvhjvpjp 80334090
parygqpupl 79280162
rrrbsglqpl 88545984
gejkblqfuh 74489788
dlvccjxzng 77869782
iawedkpgnh 85808870
tvndqrlhmh 78249580
shoyftxufq 76353720
kojwqnvxsi 74847240
gwehnsnbqi 73104745
xgdyqwcjkh 72738090
wrmjwgceey 75889696
rvvwtmfmet 71541400
efzekdoaxy 91577700
yjfxlbwuvi 70399947
jtkxhhnevi 78903409
fxowpxmqrc 73724124
jvvylilkeh 70145940
wljwjvozor 76202396
rsxmstdtlq 80229618
nctsrkorwi 82440591
onssppxtai 80203200
nlqhpmfmri 92579928
pbgdforsmv 75727350
jdrmwtxxkp 79114808
cmvzqzpumm 75521466
nwbwafwpia 73806975
zqvkdwqbtl 71052738
edlvmedmfh 69105680
ezwevxphyw 84324121
xqcvedvunj 68651704
mpfnqxqhio 78585640
ahvmhvzcuh 95293352
yrsrmbwgjg 91130744
zultyfsief 93092646
lshhgxxptn 83825178
mwxsafqgdl 83280171
ujvsdfkzkw 83253214
mvdcfiyzqg 81552448
xzuzbewvit 80307866
tsigpkebcw 77031056
paicfwrjxi 74086138
jbuvbursdc 72595175
qswcesaame 72412464
jxzmzugbtq 75491440
itunmqlvff 79133898
qieyfbynve 70487340
ooqcyklrvk 70228712
bfosozxkfg 70173586
kbkxwtlqam 69247800
fjsfnbjwfl 69141935
ftzchribqi 68338508
hswsnhxksb 68291262
ynzdnweaxb 67912232
mrvbmzixzu 70012545
kboasbxlwa 67875270
ixzjmvxbep 67873626
abufbwzypl 73539807
dxwjphlpde 67842291
pktleueizn 86868640
ttoppnmqvf 71425937
qwmauhhrwx 69234024
weeyosskgf 79486759
zxlhrjrwog 68901744
hpcynrnpgz 78011484
gdjbewxrhz 68086640
qkezzkllek 67818238
cxkcyerpik 93516608
ozscwahyph 75303459
xrmdmiywox 91490616
dsbrgybrpa 79250105
nfrttbkgzs 86234412
uebrqouuzx 77060786
ekstoezpwn 72212920
lxtjfucgcm 70859988
cvqlryrtrn 69320068
eheoygafpy 67929723
xhcfkbuzme 75403926
rhlqzgvxjw 72147920
knqpzloqvf 67802700
uwnmwlcpgk 67783488
tiyptucbrw 76621911
xooxbdinzf 89193270
wossqqbjwu 75121304
saszcabpwy 67759460
wyadklwdsg 67690404
lefzrqrgvp 75070615
wauftqaivi 87091896
ezeougxwda 76560720
klkexqyvlu 73710972
eykiskmzwo 67568490
qjddnoxjop 67500768
doawmqfsyb 82850260
kfzkgthgqz 75485625
wbkbvwjjdy 67452480
ughhhowbkq 73534650
azibrsrgfw 80664408
uwxnsddaqd 93276339
zpqxpegyym 72385632
dnvlzgjvmn 71927360
klhvrnlmgx 95462245
hgykyyzika 86735225
nhsnzrgumw 85451604
bsjcdmpxtk 79973946
mfqjmtfrnn 83764806
nwipblpsjl 71924443
wvilyztsrg 71030512
yjjvppnkdz 70438676
itwcjybjdn 78506424
wemkxnwusi 69401385
lejvodtdqc 92489817
yxehpcmrkf 69245280
dooacrjzza 67777925
nuvcekvbmo 67419296
ejwwyiievj 90515620
txldwmttzi 72677472
qgucwqdddm 67528710
scbpkrjdxu 67409115
qyvioxokvx 67408384
cshvrlcduz 67401532
mjcwkuynlf 90613820
jsllqrfzmt 87317020
ocvzctltkk 73066752
aysxanvcpx 74268250
epociwtdnf 73595040
jcpyqgqevg 73789176
vplflkjgqs 67370016
olbxbextlc 80957772
japbbfuphd 75683400
atmqoffgqs 92700480
rduyjdhctg 90260784
dbhpfvoeol 89037035
rxmpzboqjx 99121152
ufdkwztisz 71387003
klrsnrlkbb 74967840
wiiwwoqeeq 68280237
msmedfmlpd 75737277
ddumiwhdde 94354040
vqhpttmdif 71288132
wgfzzeglpq 82113198
cfzcnzaoyr 72670191
ajoifhfbqc 67575134
hulkfxkmfv 67358925
uulgpqqcnq 67352706
ydajidnlvl 77631535
qvuwqykhkh 80931504
xegpoyeqbh 78568947
emarrthuwz 92412258
ieejhiadrm 77775195
egxvznteif 75981924
mhmmystcsc 74598600
mdumwcpfhh 73384728
ssfoqdktbh 73271734
nfemgaufts 72771072
neftwfxshy 72114552
bpnlitlnay 71836866
bmsqpypcfp 70876370
jqdjqwsmjd 84948560
nujsyjgdmh 78340862
yldmhdupkp 75114178
nstvrzqhmt 89366405
jzjsgzkjhz 80872914
jdnavvptuf 98134186
detqnnvqbq 77035854
ipgwkltueb 71709390
hfzteaslwc 75264188
tsnxzqygxv 92232055
lwytoezfvm 82976400
qhnnkmdiuz 79762936
dwkxxxnres 79431515
oqrhyoixyj 79424160
kgimgrpiwa 83517450
dtxvwqxcfn 77258610
bhkeskeicw 76804970
igkuhkqqbp 90955462
rdcvetskun 77166108
klnrschwvn 76313684
jcxwjznvmk 73993500
iujwttkzkv 72504600
tuhpjmcufk 71656221
iwhrpmjobd 77537925
rlyxormlsg 71078700
ukarencwop 70814668
amtfgyroid 75649852
kuyjtjuonb 84917706
uvvlwvidyf 85419800
wijnvgbxjf 95273872
ascjyfgmxe 83343735
boaoidtvjq 81879864
lrbpenurlq 77907960
zhtzldugcb 76279718
ypgfhlavtp 89377972
vlrvvcgwsa 80772111
lbrrswafuf 86197536
rncuppjiss 76043394
ftlqioyjrl 84316726
dglwtugnym 75851217
lorystjxmr 89505162
ivzgcvcnzv 74975096
grlmmmqbxk 70329688
drehivabqv 97180115
lycqiwlmxm 83086080
acnmqujczq 81145600
vfltmuiclh 76472786
jniuumtkkf 70152225
wvpfqsfvrm 84400857
jdummjngnh 79608870
azwehaghtv 84880557
uchkbbkisx 81542189
jlbesguqgq 79041780
lvousuxhdz 81401073
qkenmyqmop 79815410
bzcpaucezw 77991960
gtxbqlhmui 76143060
txwumngurl 74482780
udlefrjqpk 74108264
ginfqwbbzs 76920690
eillrddjnl 69983439
gpppjykpjc 80054275
lledxmxxby 69965678
fyiimpvvhn 89335847
geaxxhmwwo 75416555
cqgwllrvtl 89013542
avzwmtkdrm 81927615
mvosetbsgq 91862430
medspfphul 81236644
klnnwhvgcr 79676860
gyegywzpoy 81976851
rinepfsmuu 76218978
lqecqwpubg 75689768
evuwphwvsw 73794360
vxnsoeqffs 73083120
fzkekdhbmi 91523133
kaochuhama 83139210
whviophzjt 78259737
ohptkagnhj 94185045
apwqlwphql 82795072
cnhczkyvsh 80202054
cmiicjtnsd 79203257
dqphslvtuu 82746354
mrwygbswzn 76990968
puadaeqxif 86391120
rcedgblcfw 76473138
jafhzffohp 76422598
jsfryljelf 82932114
dltbiecoie 75769344
qfzwuoizez 79941134
ntlneeerra 74747562
jjlktikvgw 84089216
uvvdinwvmd 75255298
bzustralhc 76414312
oguwedfjjw 74607762
rgnlrhietj 77536056
dshgvaxhie 74013709
gwyopwerep 72932832
xxfccasyuw 89595648
alvtkvminp 72458892
dxbpccxuux 72449580
jwjjifmejw 76544726
kaqzpzqtdc 72231160
gtdhwtclcz 72193220
tvkmqovcin 75770042
whmsnlqnjc 74861100
zhhcdpykrf 73084000
dtmmxgtpks 71876895
ppcfxzjzhl 71398240
qsmukvvidp 80450650
qqwcaaypuj 70585728
grdpovrluq 76221632
buaikxffyo 75761413
kfzkhphejj 70584630
xhndxzqgwd 70436151
wvilevoyre 86873016
hdmmyqocxf 88473983
dttkhczoej 94701360
rtdrsnsfao 84091938
rtvcolqral 78930984
dsuqrbfihw 76030136
zsfcqsgpbc 70197705
nqbcrgkqkv 70141120
eqjxqcpngu 69949487
zjptujkljn 69889920
zjxxotxslb 69635721
ylztldbmfh 69622944
exertiyjim 80297936
nxugnuwuvk 79441565
selfqhvjov 83734680
vpbcvrhrmj 89288994
rnjiimdjyw 76715985
sqljpwudsc 75757140
xxvomizqql 90989634
zeomisdlqg 75503310
nlufrauxcb 71427987
zyrlasryle 78949728
avsybbirzy 69233304
jwfcqszxpr 69189828
fengdzzxqg 69088745
tmfybgbwok 86629374
kmjfvitqwq 86209781
izeagxfivf 80544470
tbruqymnos 80017125
fklrmhyqhc 76747680
jrbfvvvwqd 69013620
fpzuxdebwu 68936224
jontivgora 83130148
umtlrsvave 79892265
xulhjvpovx 68935765
izclslueyq 68890434
yfkzunmwtv 68888848
orouvaygeg 94288880
bxhgpoypbd 78622545
lcjwtyeaec 77727201
dnumdlmcpv 68667970
wbmjqehevf 68573260
njmikphfpp 68470220
qgkutmvurx 68002103
fprsmsevtm 83717838
lhhxvwvvkl 80429892
stopwajbmf 78926886
dbemdbxviz 75007360
cftfyvsnck 67967803
twgrpxiave 67842624
erufrwwgsc 67842460
xcifoovovu 67726672
frlxuonwia 70243418
drltyjccxc 98882880
ypczaavcbx 81345810
sihgromizb 77285120
aioumlksyv 76040240
orohncange 74806452
edgfvcosxq 67726260
cksvmcymmk 67689580
bnfzsdfvpf 67606456
vnnczbebaz 67582640
djjvcwxfpv 76759937
lpqqwkobyc 67557424
adofaruykf 73690264
rdqgwrbcoi 81858322
yppxkhlgha 71539920
bcmoughzvk 70288956
uuqoxniubl 70104175
prljqphwop 89407768
yosobzyugc 72469725
ogpyfgqrux 71999527
szhligqsfk 71980590
wdgzltwjkc 89287198
ekmlpsbizo 70845016
displballn 69694251
ykbidtuygf 82776382
iicgadkrmx 68031766
mswsxkuvcc 75057651
hqaaaskrcx 74397065
pltfdzjztx 72309330
lragfrhikt 83765440
xgkcvozulz 69359946
trmxdlqafs 84319884
akdjqieryr 84833641
utapiojvww 86072670
qmxgktxzch 83954160
ppwrerdkhw 77727389
hkyuqswbyg 77219772
lfubsjgiwr 72410400
nhsdtwzlch 67650045
cnpbynuoru 81060705
warbhguphn 67616640
ugcwrrjegt 67530510
ebwumwlrwh 71261680
dcjswuwvew 69994104
jcxavphdrj 67317760
nkdflwuial 67308310
qyxmdmytfx 67299606
fkumapbtwh 93639965
eggkcetokt 75344632
tynkwseooe 67297804
hucpbvrbep 77845846
azosuoitim 91192932
zuibzssavi 85506735
cotggshshd 83692502
jcolczpjic 82562160
rjcpilgnrw 76721314
puhadeeyod 73185600
deamfuolte 70245660
jopuodhmti 68991780
lyhjvvcdvc 78397407
drxbaieesd 68669910
ogzyqwrbbv 84505589
gafouubhgh 69996895
etxeywckvv 68062884
pltiixqlku 67295535
btkcijslgx 67291086
itdszjiukl 67288299
fhhglwfdim 67636200
yaijlpnbvd 77064000
tnjlmxftud 70078573
fwvmzkgiza 79819432
wydootnwep 69153161
ejihtuuxkg 67284350
btlkqvmseu 67283073
vlfwddfdkp 67279950
yhyirlqusb 67273956
hpxljsprny 67263746
utesikhwja 67234629
ymsvxtrslr 67227840
iqdtmibxsh 67226842
ghdqpqzjlz 67200000
gxcfmoshgp 72360542
ckrhruujzi 80037253
quwzjshfhb 79813485
stvinhcqcv 81896100
icchlopvyn 79039680
jtrxhvcrkg 67198208
nosivduhkf 89541045
qfaijepnhd 75305360
cjywfhwomc 75792870
szcwltcvaw 67185888
gwbrgxfguw 67178129
puzvuvdjnk 67175977
msvnbdlpji 81262116
cqqgxgqrsr 70798644
bvngcejbdy 76496028
idnrdroswv 74937230
wcdpbwleda 67172352
gpcjgxcfbq 67163184
iurrfogzli 94234626
sddgewekcq 85994444
wckszkcdeh 81537844
wxrwpopama 80627825
mhekumqifg 74076211
uswuluquei 82335370
dqqeevcnbq 86692680
fbnzkfrznl 82033020
cylxetpwwz 88828179
rkgrlmbntd 89125935
acpymjytoy 84239426
jnpzanaqpn 89310247
zbbpvixrot 84636675
yvatddkovv 82637178
nxntkrzunb 78304016
tcizhmoowm 78628200
wpjdtnlqdj 76725998
gqcaryoznd 74346032
qasryieput 73806720
rkqfwpmmdv 97572180
ngtoudubdp 88390500
mhjgkwgqth 75921720
hywjhxocnh 72882264
aebnffgbym 72810786
thklcgdyxf 72779390
izhtmhungr 71192940
jlmyebuwpd 70524510
zqwodroosk 69806710
mnultfgkfk 69363644
nwoysplpii 96943140
ltytoapljp 84405750
rmzurxqkyw 68045137
dupjnkfuit 67931622
plhizbwxjd 67429044
gzepafndbb 67321047
glkjmzaeib 69415944
ybwalyfdrc 76891745
elektulfyh 72830476
ohokwqzxqz 76791960
yqlbfiimhu 98403151
flckmhmhux 87768636
yaxhevxtwj 85349010
ufibdpgkss 87582019
ihgyoqyyus 76679409
jgumopmsbf 74933432
dorchxmgiw 74518488
ohyvlsapnv 73491412
lahwadcnmv 71392869
lquzrzyhwx 69865462
cdmeoylrrm 68979480
vujekjqipp 77516716
cesuwnqulx 67921400
rldvxurgdt 67436728
ynfcvdhmkq 67203108
fadvyplfrz 72555252
iljosxrbsd 67162056
civltqwrie 80456648
oefqqtlgrk 74472530
osxtmxxozz 70161064
gtospomirn 69135820
tbdqymdtcb 69079600
kzsdrenqrn 67141764
lgieqrnuqi 78707751
kelfydqozm 81921280
vanyochfiw 87200260
liejwurcfz 92332557
ykmwsrsuvo 91926912
dyombqurnw 85207158
skviytajhg 75960495
eowpdcyegq 80116696
pjpvwgqmye 75458044
rjqdoupbqx 83753691
lezipkvwox 82535392
kkvfalmzmo 79046392
mliplikllp 74077880
iozjkruqfg 72964841
bqvacsaovb 72178260
jdwkieekty 94265834
faidmnecrs 85548188
sthslxvfyn 89326822
nrrzoamnay 83995473
ihvgtzrfwx 80689751
lzibksnsiv 73126138
kqspkylrfb 82345381
kjmlseazbo 79348416
olqubzdprr 89465730
mgbydtrhni 81403302
pjjqluckic 77863539
gmaderoyav 74763873
vaiydodzon 88211074
titzwpgfex 72418382
jwwqqcfvds 76114818
zegwkmpcdw 71802720
jvsieykbyz 91279500
jwvbmwqexg 93148749
aanrvfovlm 89485798
gyssqhdrfm 89094065
hghilntrol 87923640
bvdbbuxtrw 83562192
jenlqotiun 82889044
cxrmdannrg 87301137
mtqtomujis 81914415
zhpdydelqu 84771715
ahqvfmuxyk 81855192
fgezhwwaxx 76105485
nojpwxvhvs 75824714
uouevjjfbm 93797568
hlhneyargw 85620470
jbjqjozhqa 76726254
brmttqlzib 76531400
xpwmdprjjz 76188378
uwqtaqujwp 75245527
yafmvvvwum 78639924
hihcysbrkq 75059000
pgwejorblf 73894402
tnncncfqdg 73123328
neawiwugte 72403540
gkntjlvzdg 74890070
akpxyljpdp 72167776
remnligcsx 71945649
zybgeqqotz 71746154
gakjaxwdud 71713130
hrzywcmwcs 74926782
wewxkvlwdh 90570094
ztajshqkpy 87423192
desivqrrtj 83600000
rbdmfsiols 84045663
yrgxuwejpn 93046557
igargcgrqe 83094990
dezrgyywar 81788907
lvwpfsourd 80589366
qiuufvfeao 78268680
rhphhmbzid 76643952
daeurgzqjj 84558810
aqpfunjvxu 75624120
jgjwzoxahl 75046716
ogwpbnbrvv 72818070
uqmmfyxvrf 72048314
uzxamgdrhc 70766983
pjpvepzgxl 70604292
yqyugmsddn 70438160
lrawzyyzee 70371840
naxtvcqohu 70271180
pcgmyenvsf 70250720
ewzfndflik 83202740
gmqfdyvliw 69633650
hguyztunsv 87230656
gdsozujhvx 89962720
rwwnalbydw 75856616
vfmdrhpkwa 98723420
sqxnjjydya 93100960
zxzhkfbevm 92475426
qearnkzric 77669416
tjhxjldcob 76777400
mrafpkvwpx 75426208
mgpjvldkpn 78037572
rjochfzqwt 73768608
vmykssajvd 70685244
fcohcrmfwc 70221400
zbpvurmvhr 70008354
tkfajmbdny 92728251
onkgbzukpb 70088852
anxxjxaghj 69627006
djxxodhwrw 69336720
stxtsmrucn 72341040
owiitfrbhv 72060236
gdqflmrgik 69306237
lrzudsanjk 69069992
gxoboxgoey 73668015
rqqiwqfacy 68825766
hihabnnoyz 77745150
zsjqhgjtld 75884965
skltqbizez 81799599
kiuclmawao 79367575
gphbnfrona 75670200
anlxgrkldv 78356514
beujtldsng 75409083
kerevfjdfz 80911612
vlbmzmelfw 73780224
vrvyatcbxu 71271220
qcepbnxawv 70949450
duwuoworrm 69409826
kjvkxeznwz 70707800
cbwepborst 70142028
bdjubfwrfo 68736061
mlmnjvcczi 94109400
toemysggip 80229704
yljnffdahl 72285435
fwtgvkhqsm 71539468
mwffyctfkg 84156385
syqttxqyci 68718510
onzsrjbcln 72583754
bdgmebgtnk 68711994
enbtksqaau 68388656
tgmmdaghnh 68374325
vqaapsprzp 68328468
kcjzoqwtnq 68201325
ftmtixskif 72988872
umowapdgpg 69188980
crhkckbnch 90894240
pusyvyzopz 68053788
kykzqyqtii 85016430
gjqbeiygzz 81476442
aniltpvauy 71836540
dyhxgcbynm 67965335
vdbpkbuhco 67933900
lflqqripms 67926820
ceswvoxgqm 67880269
mdfqblsvus 90012139
xplnleldvm 90028728
vmseowidbl 80744118
gvwpwdtfzk 73323285
qllwzopctv 92221734
jeanqrkzke 79149256
hyamcwfdjy 77252400
aewatvvqwo 67779900
ilrxydrzfa 78083730
sxoyfycxqr 75489456
yttoketqii 92436066
sptqrskaxf 70890624
cdouxhirik 67395280
mxsxquubfd 67371480
ontbzpbpxq 67272128
cjmpkztoxf 67212198
sbhwldkrud 67128516
wzscarhoak 67111836
iwwvnkdlfn 67104753
trsrkxgpis 83525036
jnhdiyhflr 74748622
ngythfenpu 78726160
zictmngqdo 86727141
aehxkvrzfn 67087785
snoustntkl 69025845
pchhdbslim 72865996
vpexmskeij 67069842
xzjcxpxlkt 67067636
hvqyncnejx 67055024
lkonilprqo 67042976
hnlmruiyqw 68196764
xljcxenutq 87113520
tslqjruqdg 74271449
yxcxqjkfzd 67012624
xfwgqhtcqx 72419552
llqcxuxbio 69536949
dxibxxxqox 67005050
gonphbqomp 66990807
bqgpvvhawt 66982902
isitiisfpt 74745583
wmfmxpyfvd 93577044
purdrageuz 78952120
fqbnqsedkn 73831032
oagnnvabal 73101660
tgzjxsxcvy 69593589
uuylupflwa 66979380
zumyihohdc 66960950
hvojhxhlkc 66960160
xlvvvyaaxr 66950028
wruzqoeokq 91450713
yftxqbmaio 73008622
mozvtxnrnx 75039558
mpnfckrmzk 91192304
yhpflpffna 77156572
umaltcqsxx 76665528
sjumpklhwb 75558398
jrtqrtmslr 75454596
zcuzdrcier 73914200
vpclslntyd 69496478
rwjnknizbm 66943548
kmgzjnteoy 66936272
qdnvyqllpv 66980752
strfrvcayq 66926645
vwqmlclcix 91165228
regrtulkjg 70709400
krpswxiolj 72859962
juaquroiog 66902328
dzigysxaeq 70415163
jakupiluov 66877762
viviwsmuod 66870954
cydhepcikf 83178717
acilurjeqe 89038304
ygwkqkyvij 75820140
iyqlownnau 75750976
xybsvmslke 75493208
usaiavyvst 82292608
wyxrmphqgz 73275936
tuxfeyrnvg 69813440
bdpziwkllm 66865743
mhasfznsso 67906050
ycnlnlrxgr 69530589
dqfugkuhgm 79462339
oqafsnhrrg 93172160
eosxvuoluf 72443000
vlgysfabrd 92916768
mxvkcfhdbj 88956630
flltgzmvwj 89715225
ugrfoolumj 74552200
nkmyrqxfrs 80968440
vdimecrtpa 69457310
mplmntaexj 84804592
xhnarddnfw 79014306
glbevovplw 87928808
qnlxmigvqi 74775030
hmagevdnwq 71791629
ucvptavarz 71570127
hszltsmstk 82107621
nlnedrsxec 70695762
muxuqmvxhi 92115675
hcaazgfobs 83157915
zjsoikyfde 77571500
qapojzfyfa 76451418
wwvuwwwaub 70769585
hirptsrhpj 70535256
sfaetwbsms 69704064
gagqhnbfda 89207989
apenfxetjc 80302303
ufwuhwdtci 76409254
zoqfptapiq 76107138
jrilixjihh 84254716
nidlhgvgyl 82105920
hidbvtbvyn 78941200
zjcilgevvr 75602296
pwzodlhlrx 92725152
htvpwulzqn 83797670
hkqqyxnecg 75222867
asqnjijffy 88763906
dmddnwppqe 70323840
zlggyxbque 86617752
mglslpckct 82171180
msnicdtmgn 70974900
yzddycjmnl 69970692
fztcwhfims 69680726
lrzxugafhr 69316456
yzakaqpikm 80114346
sgsdgrgkor 84164773
yixlqxxmvv 77111643
gbtydhglas 93739200
qjfpnhbzah 68660280
isushhcnxw 68141412
rzecelcxxn 95628816
rzsynyggmr 77700812
sezmcemkms 73590712
mlizksgwjz 70704172
jalljboshv 67582240
ovmepglwls 67267368
ygdcewvgjo 67095512
ldxezjfvec 87029250
vtyrovlzuq 76371662
stbbibpitz 67065269
ccmwrspawm 91808112
nuqooszgxf 88881392
ioueeexinl 75780172
azgikzdluq 89330836
idulvvivtt 75283220
ybgzcxkhay 78985980
wnxzuffxdm 75410976
nrlguzdtii 75351105
vhluncydpf 72359790
zqhtwpkbvf 70756928
emllptdguu 77636460
vjidczewke 77222376
wthlycdluc 73823341
jtbjrbiwdq 74095978
isascuckmn 72341808
szfaqvrtvz 71475408
vftlftheux 71436288
pfhjyhjdtg 72013998
knfzzofchv 71379637
zanqnhvhls 90511102
shicedswgu 70826202
dquvgchyma 83764564
oplmzomifj 83214910
olcqhxvnxw 80206735
hsjxqzhjng 72253755
nxakedrrdm 87584238
zggkqcoldr 87233783
hmavftqdcc 71795880
ewyudcmovj 71385664
uvyztvnhjv 69592180
efmvjednzx 75975185
unpfmrgptl 80279164
olalhrybze 71682502
azzvzrlnkw 69557733
kgrppegetn 80224966
ntglyoofwk 90730087
ooyungrjxh 82503680
lcelgrshnj 86573916
sbgcbknvsi 81930600
oddryysbcv 79146220
syicgmqmxc 71320610
xtbfycyxoc 81830676
ghfnkngeue 78466216
jvjumpirib 75928770
fcfijkelie 74339630
gcesjrdvng 69550750
pjeoobrbqh 87706063
ramtnimhpa 80342486
bllmlcizpk 71022812
rygipinmfv 69197931
imbgmwepax 69019236
iffqcksenh 80292135
nxfjgdsqzh 78161052
ucjewyqeeo 81309968
oaqciwgbjd 74162150
lbwncghhcb 82036185
npwrrzpxoi 76751514
srtkxxuowt 73925523
wevepztizx 68980560
vajaumbjvx 75746046
twgbkvxmab 71577522
ujkqmxssqj 68914830
cviiyonzrd 69527276
ynrmyxlpwt 68090328
fuktlcfzhj 68064216
prbnuukpvb 68021460
ntsyxtzygw 94281328
bdwyavssut 67949244
kxouwiiuet 75376787
htdblupzod 67894692
uhwovarjpt 76454208
biebxrazez 73559520
fiyagyowyi 67714794
ewurxdizar 71742594
oqsvdtfxxy 78866931
tuwjkqnkdi 68166430
qvrsynkyml 67656416
csezdudqwy 67573167
hjvghbkfvb 67539528
fwexybycoc 67535880
slndqyzwyg 67478690
hlxqujkxol 74456253
dtaoqqgvpw 68369675
vcqmflvbga 67301251
tpgavmfzsj 85931874
hvvmbfcwcg 73550043
soqotkbvyd 97228704
exztzzewfr 72960684
iehjbewdgg 72798001
stakxkyaty 67300744
woiahebaij 67300254
rajzmcbhpa 67263712
oxcupqpkfg 72671242
nfatrjewtg 67101841
epbmzibsac 86721960
bvdnxzwsnw 73959282
mnqdeauqxz 96942692
dizmyrvrjf 86461920
hohtezqdcn 73448452
mbgkyylfrn 89343702
qrobfotrbr 88944912
hvkxxogfkg 82029025
urubkibqjq 86303081
ttijzjbjqo 84971907
hardfpcynz 96382515
vqoezrqfoy 81026982
oheaeyyvdj 80321094
urrmogjdbl 79458000
scfcvznaxv 79304520
trhtlquqda 78221004
lpgenvxrrp 77180103
oyhywwawxy 74869464
bqauvmgabz 74082788
mwrzsxdily 83290130
bqklmulekz 84720948
bzftylxryy 91100838
dedroavqgj 79675204
xqzsgqztto 76812190
uzrkqrbccl 75292564
ldzneipswo 81573624
ndlbfjknzx 75272775
fnwxcfruxq 73756107
lcuwbtflnd 78126594
zvikycqqql 77519925
igspbtklyj 75169388
eetruuklur 73708611
onmmplshmy 73623648
dlakpahdju 73334232
maivwsmojf 73316594
unzthfdkud 73063824
tilobwccgt 72908468
ljbyhbxeyl 84437496
cwwjrylfkb 72882793
bmvvobqlpn 70843076
qizwbuvzps 82328246
avuqavgazv 96370424
radpbbpuep 81574640
ghwdewlbjf 70315964
khwrgwxszz 69969438
frfijseinu 74722257
qjyyfklcqo 88114800
biqfvznxba 72801666
btdcyxgmwp 72631776
wilsqunzxq 69844500
cpvpjiatge 72249840
vcuquouqzn 82661824
bzxkrywvdp 71887965
mbfuxbecha 90783196
kedjxtxanz 89364264
auhnzbbddn 75768357
ineuyelrws 73190814
rzwagtdzgk 74946126
hxblanfxjm 85169952
czaejlpftc 79375500
omtdzzyfts 70304652
uhygrwriml 75807469
ppixlmlppb 72420128
uqvxvktejt 70970839
pmbanhqpap 70196420
fovmitarhf 69307194
tftdtjvihq 69298056
lwurrsojoi 94808269
qtexgmlojd 69205635
kmuhicreld 93275492
fqozxwhypm 92585872
daxjjmjerl 78744540
rkmmvkbgke 78592710
bsiczubney 77661576
sagjthbazi 76947750
zmuxugnwpv 77253430
knlhykkdqr 80885252
cyfibasnea 87654277
xdnrbiyojj 83094160
nybktrfpxd 78085420
jebjriwaum 76811775
naktasqhkb 76291410
mullopoxbe 73020584
tuovjrescq 72341836
yiujroropi 72225251
irtpalutqm 91521661
babfbbhooh 75310760
enkacwxrie 86194992
mylqlqfvxv 85518681
hmvpojciax 94119012
agxjpzwofv 89625500
zwvcjgdgrs 86901048
yzdeyvarbl 80017146
fmdwnrsavp 72916281
nnokqckbns 87180555
qrudqgquxb 81242694
nvsnidnvmv 78702496
uhdmfvnxyq 77950825
qsysbyuyfp 77842100
hgcdcdvbsx 83342472
dqzyhmqnnd 90980134
ejznkivlkt 89821914
owozomgqti 76795128
qxdnqarfzf 80837456
oufjkvdbfq 76595004
oissegaqtg 82205168
sfamnpfzuh 75423962
inmsqangmt 75052656
dutjgijyiw 83495940
mbnzakyxav 74604792
gewmdcozzo 74117316
uzsqlnerea 72129870
njmkpslpbr 71892380
nwvxhknhoc 94575450
esdvybyxua 93788670
gddamqvidg 85312064
idmcbgegbu 75731866
okulrwaoze 72752676
jvynjngfks 71841704
olzrmgwloz 70025502
anxpckbrio 75142400
lxhklhujlq 88227449
drlsgaciuf 73818328
yrqwjwynru 71779923
hhmvtouurp 69640092
wzfdtgajgo 75447484
gkjnzupcvm 75060985
qjfyafcrkj 71753792
dnwpeqdood 74559188
dembmlskhg 69403775
kebiqhwzna 99281295
voxgmwkfxy 85057599
bpmffuwguk 82273380
nnjrkvtdke 75769680
bftsusigmp 71906242
kdcrnslolp 70720900
uofzchsfau 69325086
zibrgvyghl 81508716
qarempzcmu 69264000
moozogtyno 79228512
rxtluoycsc 82067160
koaxkdccxr 79184330
urrhhfmsdm 77866075
lbekbdowxe 73864206
jlzonalbjy 70575432
nhalsnkdzl 97174080
nbsfduakkd 92576932
cdmwjdkrcl 95353016
yzevmfbjoa 89760114
slvfvatcix 86517605
pdjzuzodug 92880806
wkgwexnvbk 81804281
amlzkesabs 81559419
amofakgrzr 91002384
nqsomzryen 90284035
jonaujmokt 80618791
tqcjzbcogt 79196370
frajozxxlv 84868701
sjrvvpjdcp 78474400
qwkzdhojri 78657116
amlkmgofnk 80935776
hvkijyrkvp 82114368
cposnmzuqm 79783649
iussydnubi 83725484
xnpwomiyap 98254116
bogihhyacg 78030981
anuchsooxp 83056113
smojzjrcwl 77856158
vvcntklmhc 88879089
uihtthsvxm 77855232
khsgkudxjf 77756217
egrirpugmf 81965396
dulptmesfx 76551524
nsfqajjlmb 76378242
dyixgcziov 83718987
ftsaalnebe 75951750
phscjgofob 84438411
qyewlfjnxo 84800478
hqhxqrazdy 79195578
etcmulpese 78249780
dxhaunyrdp 81125020
tlzilbjzjd 79815544
ytsmdnxxhh 75751708
oohkdojjgn 75460274
zcccihbjlr 74904175
ukncdxugad 74966913
yvwpfcvdmm 74337426
fokrffevnd 74122346
rrjlhwqmfn 74098530
bcohlevwrw 73940742
sfyutgrclh 72895900
zongntdleh 78011280
geolfwsmlr 72625608
whxszeqvrw 85735360
nldrhjvwsx 81836388
nxlspwmxjv 73237060
lpttercrzu 72604155
qflvhxclci 72334198
yfzgxvffqh 80260128
qxdpsnodey 72938064
pnbfpjhfxk 79962800
akekfdfuqo 91788155
gjfucinyop 74297520
nrurmjeojl 72167244
mhhcmfgpff 72159549
vtxqzualxw 71861256
xwlohiqhhz 71791620
lkyzqvncle 71457486
lrshnboidy 70508700
wmlveedajz 78131230
ivxvbifbzp 87487913
ieqtjzlaar 71460400
cnvtdpoiga 70904080
pomtoaschb 70009282
nbmfzduiek 72239685
mnmsmzrghq 69212904
uhranilrfz 83320200
tvsqmrcqca 80633889
grsfqqgpcs 69058301
nwtibyghnm 68941600
etwphfazis 68922900
sadkbozdtd 68884055
anppvulnza 68841510
jxrwzzvrkc 68723412
ijpfcsueic 68715500
tovukchfhz 68686380
qwloeenwxn 77716152
lmxbotgshi 68453640
yokehzxwjz 68436900
fnantrhnal 68429605
yqobunitkr 68400930
edkndbscmt 68315436
uicrbnumxk 68290185
plaamsbxkx 68209563
sxcrwrlnsb 71741880
ferpihjxmw 68104006
knbmgmjxpy 67874748
eqkvbzsmfh 67874352
gbbvpvokyl 86275720
owtvsbcedk 91946538
bpharciymy 74445870
zkalgujdur 85937341
kckuhxfiiq 82570770
apfnmdjmce 77715508
ckpoviosgr 83645250
rrxqgcesyo 89235210
ecokjtmmrq 77141085
iausiixzli 81581500
habsvolnca 77101839
zybftoojye 76175220
jmffbtowta 74102067
wekiijupdl 72869004
sbycefhmzn 86288820
ushqsixpmx 83940084
mxsphdnwfx 72730527
jwfzkbowtk 84762820
eugimgwuub 83378880
rmfxfvlifl 80996004
wtbhyhqtwy 78596622
gwhommtgbp 91837466
bntefznfom 71699693
lypruqaabj 70607344
ultoalbipd 69777464
xgbbxcpeoc 97998208
clafsjznld 81656360
zetlcccqdr 75955968
rmgkfzuwdg 77110550
ydtshzvtdm 74964792
lupgvutrbd 74762617
ffoagdcmrq 81412320
zkzmolrsfj 74313283
mpnkkizarg 74052442
opvpgxhuzj 72456714
ogzujnnamj 71305481
qrlrurlgyb 69884304
nwtodgssjb 69639072
jcxaivdkrp 69633704
nkhegodiiy 69951090
gutivardiw 77060841
nzevxwloov 73745100
cjktwahusb 68353428
yctakqvgzj 80522100
junfeaakdc 70668221
ekxxjfiwim 78101100
awqmiflqvk 90140418
fajwzgogqz 77759262
bkpkpbkekf 90461414
twyacypzjs 76472308
hdzrtuoxgh 73819994
zaxepaaekq 70454825
xvvbqnwknx 80155725
wcmjkwzgig 67958307
bxildsqpud 67901265
griyovempl 83110664
hgukvtuwez 71525520
nqnpumujvm 80524000
qiwqanfmyq 67856724
lnfujvnahf 75645612
gejkzscuds 70911335
issxifqsbm 75423816
yhxmhxfgch 67779984
juydhbfzvc 91231248
wetgyvareb 72654668
eaiqbhefgl 67837112
hvcrwdtfdc 77865725
uotomnshmo 74983268
ydprihnptu 69707859
nvdnqvwdpj 70356815
patvturxnc 68993120
xehreezjsl 86548950
ajvbrtzbww 86549856
ptegdgxmms 83639775
dygcwzousa 76562783
anxdlwxuoc 81711028
sexvmgsted 71989050
yrvglxhrei 70307909
kmpxmkbvwh 68588480
hbezbvbekw 78688750
tvriquyckj 90346320
udfrctgvzu 67602015
rlktqwebxt 77463708
wlhizzoebf 75602631
izynamcmbv 75320280
bxohvxmcgb 71503992
jbmntkcwlq 71309400
rmnpxlmwns 70873926
jbvjtxeaez 73736427
rtixbwordx 86695904
lurgbfaoez 85672650
fpsboqldao 88087856
wjjxezkpmj 86593724
ffcyhwbevv 85374340
nmfhecfniq 77430250
jwjoodqilf 72567574
zbcbvuazgh 72190694
hclqzkzhtk 72150775
xmceyyhwwi 71112656
uirinjvkvt 74372235
sycjbhlfrt 70282200
tmdeuljtty 70775416
kghkfmjnnm 94975448
mprxjynewk 74569854
hpclsnbasy 69399575
qjjnqwfors 68157732
fccsbtmkoy 68102440
mfshumybpe 73540230
qlhjgbrdax 78088752
acmvdwofxy 75879620
rwparywajl 77412020
lmgspnzafp 75787888
zykrjibddt 75745236
ffegykgnlb 70943316
rrpeqjemvd 70303038
wfwexnjwjq 81462868
npnfwvrsut 77161722
nynamrxbwl 91663201
gggcktojco 91060090
hrbzodslzo 69963168
zinjuvcdxg 77949807
zbqnscxgiu 73520486
ogwoofaveu 75151480
obuqjiacfz 72831357
qkmmxehfif 70095465
gfwfqcxlci 69586816
hbxjllzehb 94461198
rslfvpgjtf 83169063
qrxfwbiqxx 69289636
vosiycizgn 82835150
gtlnywodxo 80811290
nuipzdgzjr 76346238
cnafavajeq 74874525
egvbdppzzn 72189108
aeekosfehg 72144294
iujvvnnccy 76589136
mzeiktdhtp 69729072
ucgdtduguv 69087375
phemnypuzw 82721250
rdnpmqsqgb 92659476
nxhryqwoor 82672480
debqpsqono 75959247
nnlxjkfxab 75189878
eyzxdsnchb 73192611
nzkkouqodv 71954728
cdxdmuqnzq 70638580
zwvsalfvfq 68954384
zxcphzzcbl 68764434
eagssdiybb 68032080
vwecbaoihg 67547664
difgglnxms 67541749
trqwjmlpou 67526068
xeyrrvkyve 74570500
xwaqzjecbx 81572003
vycwozixru 87872778
warahiltxf 83142328
kxuztjzybk 73361169
mbxxxdkwek 73316672
kybchltxhn 93274632
nxmvqdhpat 73108966
xhmwmfyhtx 69121920
fwignrlnnd 68957836
vvxctlutex 69876818
dnlhtcazad 76823484
bluuwrkkys 70457736
cvchmeornz 67427910
fvziycxkyj 67405990
ebewzhnulp 82527178
sunvyvklmg 76486176
cavzflbsdt 68199099
stspjeivju 68155360
xwjpdgmtzw 80742376
txljfaepqu 67383261
rpkqajhoij 67357339
fmcmgigpcb 79417716
edyanuwyag 67329918
dwsweggsvh 67253472
gmrcocffpl 67143989
alocjhskki 78423384
dnngifksbd 74410290
nxiowoebpk 84887526
gbmrxkamrz 85611248
gublhsawwh 76660332
adrkpeynhd 78881904
zmcgwfsgby 76561029
bpccfuyasj 73498840
kiwlxxgylo 83598180
wgtgtyipff 83391440
jzalqbbweq 77272428
stfgbjhuop 73447488
cihpfypoxb 73265679
iaxgnwqpgc 77387240
mkiipvboiz 75038634
neftaiykza 74895894
cjxnebfjfa 90917351
ijsfcplkib 87595560
hjhrhsilfv 73273536
eymsbdtiwj 73229516
tvgkagygwc 72409120
cznycznody 82446300
mvapoicxqb 72324070
efqzvfjjcm 71991121
jimlitjwvr 71587364
iwamvznecp 81331370
cxfmkuqxif 80644740
cirxixecpt 77122287
dfyerprjgn 74287818
vnvsyvgzbm 73253610
kicrhcqrxt 92764413
szgfbwxjlb 72860060
rsdyzgwqtc 81001271
bifjuyufak 70134715
qktrrovpzx 70115650
djufuiovwg 69147840
dhydxppyfz 69141362
efnoiuxpsv 69032940
gjrdntfkrb 89304222
gsbxnwjehh 75944695
fqnidgsaec 68983340
lrfbdbhwws 68529510
ddhgiloqgq 68497100
mzmvswexlu 68224548
xminydxinx 79690700
emnbryntay 68055953
uekfywbomm 67364312
lunhjkmgpz 77665350
bdhhzkflvf 73235116
cihigueioc 75601647
kzsrjqolgf 72367460
exbiqjvlqy 86016444
ppqqmwnfji 77161740
xnoujvpwyr 72890660
imdhqifynb 84078128
urpxbooidd 77389450
zxelobvwqn 80186190
tyfarmvmvj 70875296
spspqcemdc 92997840
igqclnzfyk 73059246
umcfivbhci 68687994
wdrlvprhkc 78550680
xksnlnlntt 75602992
aicdtfylmf 68418525
ffumthzirs 68415156
akvlfsqoys 77214005
auutaqoapf 68369760
hcxxgwehov 80704129
kltozdnbaf 80042479
wkhqvhxifa 74121175
zfsehpcafh 71646135
eofhmrpdpe 69061860
henbfifzcn 92926236
tzlipfduiy 68084558
shlhgthmkw 85190400
vykxriwyss 67263408
ssptrwodaq 67235364
rthmpeauzr 79912380
lslxpimdqk 79152303
vtppwrdasf 77024979
xsybrissya 70916088
rktaukgtcj 67267908
opvwocxpgz 67079490
gzczrnodca 67076802
kflhifbgok 85512405
uzicqhcrsz 67065196
iioucaritq 67063312
chnjardvku 92719584
vetluawxhd 90746546
wpeygtuipg 84064875
ldrwwgfpgd 80506776
jxjeefvypy 77565462
lhvcqhafwt 75878817
cvmnfnvuen 73684575
ahtosjdyrk 73042717
edlykguoap 80894835
ymljmnjgoo 88301008
ywvkjkzznp 77525292
zwdpwtvitd 94779240
oqqpmlvpfx 72283968
ayhjpfckne 69151416
yvvmqfhcxq 81640116
oqmnzqdimb 82699728
dplxjcxlkg 79679952
iaihrxgetw 67643125
odosevucpj 67266142
msdpyufvst 67051044
wekbgvesjp 67045158
akhvymvowi 77059344
jspjbbahjq 78008700
qmxfaumwux 79171748
qgzcjiznrd 81199292
pqktwnrpfl 77389480
rbnrynvkyx 76690866
eexqpmvuyy 91182166
danexlceqh 83849052
quaiuecjsb 79962948
msnmqjokji 85037918
htlrvncsym 76741390
bsnbnhstdd 75853145
iebvlkyyvj 75192951
grhchlzlsc 73794240
oqzpjisjzs 71297332
xeiplhhykq 69659331
igzxycvfsr 76029996
jwjeubndtx 85473300
aeoiauhuaz 89872812
wqbvdhxjbq 86771916
gqewuhgirx 81024228
ccjcrqrjgm 93545025
wkhhwtyhbg 85515704
mebfaqyqpa 76085172
falgofetzt 80462292
aydttlnmce 77315634
osxietoanr 83230212
saptamfwjk 76919008
zdxgkbvnau 74174520
tufarslfkc 73402560
zjxkpavjfz 73350108
arlwhwccwb 72448220
kpuphocryf 85450636
jubrtebtti 83066734
ovredumpdl 75047469
jzaeoatyri 74460096
ugcsmpfzwa 74387565
xoopfitmfj 78152710
jkkhpbxklk 84924595
wllvnwgevt 74237892
xfkdfyesku 81464187
omegspihdk 73888128
vsqenaenou 72006144
gzirtvdxhq 74657016
ksczgkfzva 71843744
ylsfubtmbz 79110238
hgpovadbun 79084785
blzfkotwve 71820975
juhtalmbcc 76336903
zigqvyoamj 75053044
gzfpzzgsne 71207832
zbamtmijmk 71043435
nsudfoforj 69963400
gxrtszcwpd 68988738
zmqugvbhgd 90520400
fkssulwjyf 89475552
rfidalzdyb 88252338
ftayfhguqq 84010916
dwmcdollfb 87250800
wkqpxaaxzc 83872620
cbirbaonjk 80266470
nykcaiuloz 88658148
wntpbkcngv 77626609
tbpfnvbrkx 97188856
xnstrkdqmi 77359716
vcidlgjbnw 77277460
qoejjpoeze 76890984
sekxnewern 79579500
waeugcsayu 79101100
tsnghetoam 78630201
vsdhwwupbz 81299889
bdgprdkbsn 75694320
tpyopuetzm 90936020
orviycupba 89879860
lnosyfoped 82279614
qjhxhsicvt 79307098
ewtgkhtmye 74405513
blxfgkbzds 72465408
sgmevwqfmt 86960952
rnophnoglq 70981600
hnjruzydeh 70422064
xfcfcyvehw 78372372
jzslhjtpph 69936520
xguzvlxtml 69792870
lbciurmcoz 69095544
mgpzqalakr 68892285
zhmvqwufse 68779266
ieowoonpfe 68714932
lxugtjkawn 68582900
rkfwfmhvor 82334772
zselzieigx 76518989
bnilhyvcee 68501940
kmyfrjfzvj 68023232
kzhzwjyhqz 83141276
cipanocoyw 77315457
qlcvbalpun 77172929
adlfdradrt 70867622
yqviduiwpe 81325298
jxdxognhiv 80672533
dlvzodsyhy 78775030
dliwnwawwy 67811825
itsjywhrwi 67738160
wyxtqbdwrv 67715476
xqwxyviosu 86312759
sbendlmifw 70504704
steahvdrwm 67694080
zyzldmwkpu 67652928
uknrbjivuc 79598295
sjcsgkqpyx 76045081
gczbalhldd 89643374
dcnhrafeat 86518538
fjzrfqmswd 81855618
bndcuogemr 78260212
iamtjuppyg 74439040
wyedmfdmog 74149278
irhpfccyvg 82055430
riydsafcms 72098262
urzomeyfbc 70660225
lkeqhdzrwj 72220720
gqwvwuuecy 67573827
uohuwzqvev 69375276
krdvwmkwei 67429056
dwwzndqptl 68154324
gtkcedziay 67393576
yuehdnqlza 74846772
eofpfgynte 88745118
jrpzgfbhjr 90131664
lldiselhxg 81708324
yqhigledbi 79567355
fjggvkqgvl 79531065
ichciollwi 90357360
hjetmbgtod 71534630
xqlemedcok 79429620
jvmswxaxeg 81701244
tvvzrvnwdo 71595643
jiaoyykgzj 83199824
zwydxbprda 85953438
lhhuthazxt 79812642
yctmueqltl 73064166
ojgpygarmk 81968718
vzbedricpb 81597312
kmeaxafzxz 76684110
xrsxkwztza 69889040
krzesynagh 67370688
lswfwmqult 86792622
hqpafxdglp 76235310
rizsljsxgj 74302679
dxgxbanohi 72378414
twlgbnzapi 97741476
tchzmnibqg 80530416
htgygfljhq 73157838
pkolstzoxb 88345212
qhqwyycdmu 70999896
xuoetzwiqb 94667716
ytmwnelpyl 79122340
ltmacxawsx 94417884
bxitxftimv 70006391
zfonkizpse 86757502
dcxsutllno 80696896
gmrnygqrbc 74466672
jqsydquqvz 88114663
jklbsbvxio 93757680
agsiymlkqc 75528042
pspnsageze 83393360
yxtysjtqyd 73896030
noiouwirkf 83981651
qjgcuqpxsj 88478288
adcnopwqfg 78242112
koxhziufhg 77539632
jvuxwtufia 77053259
masjwvrxay 76796770
bnfcoffrzs 76765076
mlmicevtqt 75550080
ypnzleksxr 73019427
zadbzapgeg 72827931
kuldkhqdmx 75511280
xjykrdtecr 90931419
enxnlpiitp 86904252
xxakohyidn 82790956
yxpzljapwb 82055925
knemaevjib 73964394
zpumacfaey 73741026
lvxvakyboc 72711009
cninbifpwf 71701412
rgrxwbrvyc 70652221
cxxucanapi 81304884
jxvqcdmkya 77774320
cfqbpqbypu 77930601
uqzohywdmy 81377163
kxzxbndyom 74816701
wtjsgtecvd 69636897
kfwiqfapee 69524993
lmuglxsswz 90145374
bhfvkfnfsf 92466972
ifxmxakqyq 88502364
gyvhovndkh 81222720
kwbcvnvdir 77206584
ihgjogxyrw 69344742
ogsosmodus 83971194
xczlrcfomc 94576230
jbdvhcjxcq 72848925
qpizlrvwmn 82157544
bimjfhxjli 69159168
dyserupgne 93317034
fegwmbclvb 82923954
vvvyyaxwzy 99140405
tymwbnxnas 96286692
gqgegbpqlg 84888480
tobzwlsvqw 87571575
rzfdcshakx 84200265
shqybibwis 83016082
mwwlnxkpet 98003600
vmgcyvadbp 84852672
rkytylbdct 82171924
vavyvfabpo 81323667
ydareizpeh 80509164
qomwqqamri 80150785
yxgvxbxedq 79657872
hgdhshhkrp 78465375
alsxnjolym 77356860
hnmpcmkcrs 76771426
gyomzdyume 76511526
ggcsnfuczy 73876752
riofgswwtv 72672816
gfyycisjpz 72090420
amaelynidt 78302208
bxkdhqiwcv 71809901
ylxcleqaeb 71780727
cgydabgpwc 71575713
inoaaprawt 69367244
lqljjwhwfv 69088020
jmwaubrxmq 69966664
ubwnfhaokf 68822320
twpwihrewu 68790751
wxuqbydcti 68611260
lujygltdhc 68286528
gwpmwnywnk 76325112
wjnlprlncj 68179928
qxvlmqahrp 67882390
thnnpoxore 85976656
vyrxkhrmqi 74426160
qbfwlepjlq 91806885
veimfhoqnt 78204669
yjsyaesoys 67736196
tltrmilubt 67479885
cptjkmlrcr 67420215
wutuflhajc 85316049
ecxonfmutt 76980540
orpqzeayqi 67317504
cpqrhliimg 67308174
xonkscvhtt 84608724
ydsfpypktf 85545060
dmnbcsbqzp 73682655
ulngbhflir 72968730
bguzhobxqv 85206240
sjjhwrfabq 68245361
wzsjtxwyhe 92550976
ldqlltwwzb 90789020
btcaajloot 97168900
krwqilrkna 86503485
etztcqqaym 81796672
tknolzaoni 79894026
arfvmlvitg 75261840
rfhhzyyjek 74602164
ooxipyoxwe 93706416
davptabjuc 74279095
bmkqdfiwkd 75826880
mfimrzbair 74561060
qwtaabcpve 81447520
lsmkvdbmcf 73862100
kkoaxldtlt 73126844
nbbxugltcw 72604836
fiywervodd 72056310
sxdfdyqzjj 80414556
ozbmxmkzlw 79785396
qhgjpawfqi 73450696
nbmjllzodk 71327088
dkisrayqgq 70318206
nhnlvgdckm 70215082
lbkqxvkuhj 70204832
thfxvrclrw 87549252
fzggxvobiw 69558696
skxqmqlevw 68844178
ioehrmmkxc 86467409
kdywuhvpfu 84343952
qdzxrjxmct 67860528
yxrfvtojup 67514539
tzoxfllojm 67243275
sqllwyudxv 70011648
lhvqiuypbs 84506391
vpuuvlwkeb 91880948
zlfbrvaduv 94395396
qtabxneleq 74924250
wlyevzzolt 91144782
nfzijsahly 90406170
pzbicdczcl 95244648
avcdmcmbkj 89854800
xagjwbamim 85887612
hctzhqanhm 81220544
vyaylrlore 85395852
edpqglicei 77518116
esnzebihdw 81492830
ydcezcngxb 91777720
mqwgqavsxo 81052580
iqvklczdtc 76193976
hrxyaszulk 75867225
yaddchuebn 79781677
cebhwwlijs 81136375
ipkpxudyzu 76010946
gbmubxnreg 75317166
zhogxxruio 74314288
mbnramnaik 78741612
bpmvajdlsc 85061850
vcrwnbmhmj 73769672
sfxxawdxwx 73554624
mcexdkpasn 73473379
zfwmgzqpfg 72939376
vnkddimxfb 72627000
kyiifqmylg 75259595
aaesyvanxh 72596007
rbzedfhnqg 72464030
fbitjaxjmb 75090968
tvraarxjfa 72129449
zvfmjxygfz 72106272
zrrweohlfr 71684984
gnxjyjjppv 71408520
snwiamcpnm 70885530
xnutlyctgi 70832430
xplanznirf 91193144
btzcanizni 73602572
ehmmoisgcf 79985136
hibzixrevj 71848868
nwvpypmflb 92186560
hfrbvnrrnp 78287634
zezivqfgzw 85557582
gggrcdrajz 83287974
szrkwoyihr 78990296
opyeakhoce 92010750
aaczzqgura 82595576
pfnkxhloqn 75018636
lyuijsdfft 73684520
iyjvrcevzo 71226471
rwgbrpnzbz 76714421
iiegbzfosd 70764408
psgggingja 79252470
uoikphxghd 79188635
gchgeqaljc 81276825
ybeuqgtmme 80140348
ymelgvdenb 70735860
hukbywbgtt 71118219
owhvmttdvk 70568805
chkanlvyfq 74756028
ztobvzncbx 70135836
pmzlrqqdca 81509758
kzypnqoftz 88971300
cqyllvgzte 81411613
hriyaqvmfp 86629550
jdgwjavwcl 84069425
bqmwicfduw 83668067
hyvpogcmtd 92939472
rtzwpplcma 81972324
kaoigrlbzu 81515868
vxlmvbstlc 81223736
tpcnuqkepq 81165609
qtvrpwqtue 85578696
msersefdgu 93643968
fddhgvcyyh 89506676
krdrhcevyg 87447235
seyzoorooz 79611616
iwiegistwi 79606264
dtczdpzfeh 84668976
mlabgfiutg 82816992
zeolgqffwi 77354955
lpesplifeh 79296780
enqjhzlooj 76841248
jbbyezvyln 73550950
xlppkixxdt 73209888
zxztsrglsf 91525392
fkiplntfgc 88247952
zhdhqvfwie 79882726
gadzuwharo 86081754
oylswohlrn 95006604
rjrwmoveej 77405516
qnyrfxxrbr 73727280
nzzxrgtgjw 73530250
liwbpwnzvs 83200532
qrlimihbkp 74829408
keqlbdzkzc 73079107
oysapazgis 93243840
mvlrhijbyz 85269268
orreqvcwsr 77809367
adrqxciekq 76212019
ruovjuinuc 75217124
jadgpkuvkj 75004800
qckremawrx 72705633
ghcrpdbweg 72618906
adgiizzodu 72541164
fwlhmrevqv 72015996
lpkmdufzqo 73855330
lzyagvwjph 71718920
apbyfmgfkw 71695025
aurwqadzdv 77902704
sepzrwloxv 78283776
hdyxpgxnfy 71255472
lwihipzvhx 71254872
xnzzvmobpi 95360960
sqemnxiiri 71184555
dcwoyelgsf 81946402
uynpqqatge 96159825
ktntcdkxgr 71843926
ziqqjzrfir 72954328
doozkymgsg 71064210
fjnyumodbd 98533842
ufyvormbrn 70597252
sdsecehzqw 70586490
xzmcqqfuao 70435783
izxwmhghkl 70357689
yfezcbupvm 70130582
zujlwspgkh 82630656
ngmfyavuib 70064960
cxjdhkoesy 70062813
zfrweuhrid 70047794
nxshcxzxhx 85385574
zapzhxyfrr 73938375
oruhwffnff 80708562
bvwxuudnid 81886464
ulmwrqozmw 89561212
iujckbtxhp 84071453
rteijozqsa 80229380
cmombctqbu 80088750
sixarusnrz 84660627
dtnrsoqkmd 84569420
ntfdjwzpxx 91521738
qrzlfhxiba 81314436
vlvqkxhvkj 80384782
jftgkqziib 79594488
brwpeciimq 77780813
ddbjifhwqk 76685751
hvtnweynto 90282840
bxhcmringg 76680149
ovpggwwhgv 90415116
xmwvmivmei 85095000
jrhlvqkdgb 88561610
ejthrnhnlc 82206000
jtkxkwzgvc 81477733
cyzcblawoy 79550448
qllaxcbtok 76241740
xkspipfmmw 87440717
vvivezwtjg 75270580
neylhpwdcz 75103686
rpdroaacyi 90844994
svjdczqvmc 76293595
nlstfjzghi 74950630
czvtcgrqyw 74791749
dvnkomziad 74127120
ycdegoscfg 73905377
srcdjooegg 73866793
cklfxbooar 89544605
yuxyhbujdl 84522328
kdgzfomehc 88881588
xjuskntpop 83393565
ntuifbhvxy 81443880
avlwvjukzr 81299672
itmrppbfkr 85973587
xyahfcndsn 80517640
mdcekenrmg 79586280
quootyliqo 76784391
bjvsqwtndl 86576080
ghirwukfgd 85205340
xacqeywgmc 84779204
wnymzydqkm 74852400
cxbayhizcz 73710152
vzepsylgbz 97634017
ligizkhwwn 94548396
cetyfszdzr 85829904
ydnundwzdy 85656330
hjpgmocvzo 83619375
iuptunvmed 81641472
wkasbcswee 92085113
sfkvzzfiop 77182963
ewrexbitld 75683262
eqlwaxerqq 74696325
caqvvyfxgd 82781595
njqlbmodys 74343177
yttdpyqflb 73613606
dynwpwgavu 80009598
zuwxhdqdcd 78758859
dtkrxpmjgy 73310208
xsckukirdq 72876460
owjvsicujn 85381440
tjibpgusfi 73943094
geyvlanptf 82336800
moamtdwmwi 75432456
pxlbdhotdb 83837198
xxdrgiunxr 72661768
clhyanrivi 71998304
pexuoybmxj 71837816
qnkrlnzdeb 70496370
srpcompady 84649086
zberclalrp 72627174
kikghzynwl 71939400
ygyqjxtzem 87714685
isgzyzcwvu 76239020
evxmgluqbf 80946289
imsbhajvdc 80824398
boaoiuvxzj 78059280
ydmgivyaic 93311688
lbbqdyjvmo 84830850
phanwgjtne 77841336
whqevkfwsa 88435328
uujgegxnvu 73783442
zzzeexphfg 90830316
htsykainoa 86568300
qafzmvvhha 78585752
aqjqmlzgej 77556518
hipyitkodj 74056976
yadhhmzofs 73472802
uuhidvwvss 72758238
ifnkklwosq 71326000
hywvliylyq 71045608
luvtuoikzv 83266248
ojggwfucnw 73450410
oldejhqgsh 70660811
yclfwbikqd 70398524
awzycbodyy 83141685
lzrsvlgsxp 79174315
eibuceagsa 89624064
msucohunal 85999140
jicxjftrdg 80223423
wgpociweln 76402392
ibmuolmmxj 84757840
dnycustwvy 91557406
xhmjuadslo 89461662
gmdsgenxeg 78001164
numgmwlufa 92180792
rxwtmicjvr 75415260
toruttckwo 87104313
bjdisafkpj 77611446
lnybobjbwf 83311920
punzbqcgzr 79423383
usbvgfaoek 86443968
xyalmdiwcx 83139735
pnhggphxep 72275940
bjrmjjjbnw 91232691
rmqtmprggw 78707785
yacehyobtg 84011340
vebwyyqoqq 85806266
griulfoixn 93841910
vkzbgvrlmn 92540537
twtrykdzjo 90964350
feuipctctj 90232542
ukqdtzaqkh 77809667
pzbtdyoyeb 83792606
flzoqdiaiv 84201255
fqlhjpaice 81495375
lbgqmtycbw 81842588
exgunpyjlw 92313536
lcgzkarzgl 84516180
fybxyafovd 75949578
pbfnuinmbe 74648093
pkjabjwxtg 97212544
piufygwkhl 91725084
kouciexsnl 88617368
llosplqtjh 77694837
xbriefalnx 90435072
zhapmqwtam 75784027
hurdufnutv 82365381
gxssxcfjdg 75138030
shlaypvctq 78369946
myowemqpfw 74141658
wnwqfhdkzo 73067215
