wswpfxlnro 3459602
uukfcgsbbo 24934910
none
uleouchipg 2508792
udgehkvsoi 6626334
jhucaoiebm 279531
aiopynoyna 15192896
grumuuglaa 5341685
jlfyxazwpl 14436200
svfjqhxeng 13546246
nebkcmator 5137440
nzmaemngin 73803996
hmdzmzuhvn 14069832
lqggciyzip 2066776
yftrgkcsry 1963862
mzadsboraz 1562346
uqcizemsqi 15903815
xbtwxilvhd 21310802
ktflrsldsy 70871724
acsmfdzwsi 86252628
zduucoaeod 66012392
eymrqzixxw 42835581
ysjtvfachy 74783358
srqcsxilgl 36121860
arqpqjzkea 23320710
wuxffhhkjf 43238140
gjprgmssjr 22655600
uexxhuegdg 21853381
mazpcbspjq 18807100
kdsndsywdu 17328092
egpbsececs 13047794
esghbbybwj 10850288
iupubmgzzu 10515410
qkkqhlxtwx 76646350
vpghepwbzt 65491860
qomxbhhkge 8806878
nnbispvwvr 8475816
iauizfkfyk 58074639
vgoenxomqi 57931381
pycchqtbbk 33441216
jldgjieccc 26505826
gfjopshflh 17226175
hrpcsfgohx 82460500
skimhthfow 68991975
begedhmguy 42232474
kybfuvxzxg 21044760
nkcmldatfg 17787504
uicwpxhxwx 45744489
mkcarsydwa 45683724
wjzuwoeiol 15956064
smgiztyceg 65102994
fogcoqnfwu 11813256
qfhmxjnqfl 11290045
qenlvjsdep 28213268
hlptlmoiif 11143956
dtsezbqbca 70863914
fhqxzbvvsp 10528385
lwunznkskn 8473765
ekfxpyxoyy 8022834
pjyvwnlpms 7520080
hksmfksmnu 12088692
uycymofsmc 26755569
fplfrjrrsv 87382071
wsybpacxjc 74027424
odlhirzpvt 15291500
ttecjeimqs 14311008
nsakgsluyp 11188044
rkgnqzkumh 6927064
aiggusholw 5694032
bgomuzqyfa 5211524
cnkgksfjhf 17066368
ikozklllpk 56591500
bxlyxkoobp 4922016
yfpnqhxiey 43347241
wrukhgcwlk 36263024
onybwsblaj 4570506
nkdnrvayrd 4450545
txmyrqvypo 4356308
agddjpxatg 10101536
vcyxhtsnog 5312592
zjnzyinzsq 17232750
xbanroxdys 62270821
khzrszixky 24306260
uiiortqhjc 38958750
ncfoocfeuh 4500939
nmniiqjubj 83299410
btauvzrhmy 7449396
mktnbvpatm 6939324
mvdivrswcp 51800340
lbpxcekwxy 80850231
pdjtqnhnjq 76672908
xkqduqgodw 53748240
bvvppbbvgd 51470748
youjjzzbpo 37008110
ovbaaadkkn 36153390
gfxstwbmhi 31126376
hcrzwzdhdr 29115371
rwvjoovnsp 16000560
spjcndkcyx 62294188
xuanxxvhfe 49455105
erqtdvzflv 42336018
edhuybjybf 33633840
dcaculuaix 58953900
lgijoslavy 37887661
jazxjnplsr 27024235
uftcgrimoc 26465080
tgknxcxhiy 36832830
bybvaioboj 25126920
jfaprdwedy 80079621
yzlifakeab 77765685
oqdathjqec 70595972
zfksglvxtd 34115880
agurxrnroa 24164760
tkzwtlghbn 20985272
bjpabcddmi 75149748
wqmscumrdg 41631408
gthqjoaxkv 49339605
zvwgfurbto 32394608
saxglgcgxv 41585280
dsryphukuc 65483624
bozvbduzjc 38655386
oqmmfdgioj 29459910
uqmdllgvqb 27021955
sbvzehiviu 41459418
fcchmjogca 56486848
jmwtuuyavk 37267737
besahoakpw 36125194
nhpfymwtcf 27755420
reeajsvuhm 26300352
flnwakyzfh 39288970
clvxqxifux 25172856
ebrwgsymxh 24192095
khkxlcdzrr 71339238
kxjuucavqv 68329602
lqbsvmbkii 52185572
oeidgxyiqg 50250195
atwvkcpenb 46330232
wwzllkawhm 43988912
rjrxkjuazu 63534632
qmdttamojh 49259847
lrbxuaoice 63718753
emmillevoc 51383185
msfugctlrd 43123745
rvjdhridcm 66049968
jbcvzftklx 41502120
upqgwccfcj 79417800
imnwtipakx 39224304
zcjltnblud 35021896
ifkwhbqtue 33838530
iybdqnwoov 29177483
ageqpyajxg 43331001
xwfqwyefuo 40085730
nevhylizti 75828375
epzpcjxqbg 29064256
owthgftxly 26765625
xlbuxtbckl 29056225
salfaeqysa 25765912
owtovawoal 26466880
cbkoffixro 25706568
jmgmdmkmdb 49690320
uzbgzfabcu 49037534
sxflxhnjbp 47880196
ugjawwkqdx 25546410
fhtegenwls 52045566
skfqxanpkh 61293620
ddvsmvikgu 37499925
fqfsgrbyuj 62257716
wkomcieljz 41025672
xuqutsmlpo 32005395
nxtbdhilwr 33753731
bfscgxhple 50754928
jbyxqposmf 24182568
pumlpqzjzq 24907176
aoejcecwij 27225840
cctrzhgngs 23349480
uipzrtfrsi 22260000
iihnpusfvv 21801450
lbnbyepgso 21788208
hshvkhxcmi 21006084
sqpwniaksy 34315983
vrxvjmeldd 21002500
shykomeaib 20671202
obooeebkwa 19512567
ekjmpzfgij 19352202
quhbiofckn 19319249
ftdxkrotof 19166343
rdckyflvcx 19072368
hnlwnjntol 47598243
ejqqasmbqb 30667630
xrhmubojao 18861220
jqzkqouytw 18773800
hawxawdtsh 18548352
pcotndouic 83633326
lmnnwbsctk 64407918
eawjcsatlv 60933460
uhxojvlulr 36649365
qyqitvulgg 26014735
otwszhkrwq 56563110
nwerpacyik 49274058
iznbpbkskm 24584048
twohcdsldt 18505437
saiqqlybwi 60845190
agpcikgcmq 37065548
opqxtsqzvv 52287900
fgkbdewubj 73539189
ihjdusjomp 53619824
zuzsfjwbtb 50460148
tmxvskiekj 57911810
roeevvodjj 46850160
tmlqbsaega 36762375
owsjiiyzsk 33657390
eedudlacmt 28640556
rjsmkxwsnr 27037343
tlrnspogsj 24392388
frqstwnezd 21116149
urrhubkjcc 20238897
hiymlplzbs 19269906
zgfxgaypsq 57612750
xplzmrfdjo 51313990
kxuranqzcq 46163250
parjrdhsxf 42359053
tpuqcqcram 80080168
qmzxjiifbb 39970642
ajipzrehzt 43188580
xxmuqowzhp 38420700
uchvuejsyk 32115192
nwytzncjcm 31903102
fsojqltobf 28368900
ydojyfouyh 86227771
hnfxivmbsq 50375556
jtpffbaeck 68953916
sybpbdeoni 79137114
ebsefjzujk 59254020
cslsehrtll 56145330
sqpskbufev 85550886
frrrhugimq 49513280
amxertrahg 38159073
evxdjxuznm 35488808
ibsnegbrdy 27614538
puymrsojnp 46116063
vgrbifngwh 39240725
ombbawniht 52683630
uxdtibkcjj 39069225
aaptxhdget 28594636
oldlpyyoea 23415150
ifwleibssr 22109780
sffnbwifgv 56761210
uqeylmjevy 35672598
wxsamgbjfv 66846876
inzhzynmuz 19876284
gqqamvcncj 50235008
qfvyvfsgll 69914496
fyeonsyxys 43967928
kawqfcsbba 30540947
teklnpoxvj 26882492
wamjapawoe 26093510
inghvflvfs 19678820
eiluanzurz 19162890
pdpxbpehdx 18272512
piagdmqhmm 18130000
lszaboefeo 43730610
jsbkimmouv 39666331
akglzgwygm 54629685
rnekpucupy 31403232
pwehppdmiu 35958450
ypztyxpowi 31327308
zxypnibuts 23167056
wolevgdlfs 32419696
oplklruzyq 26347470
yzguwwqeru 19097108
czlxvzmwmh 29627334
chzztbcnwv 18939704
ykyrqjpzut 18119101
sqlmhnzfui 18095790
wrzgzhdzdf 26603590
jmkkujneyi 17798022
cuxpscpfaa 17658086
ibtrwbwkan 17474227
imenmzwzpn 22991073
nylwjmobiz 17057895
lvhojkuopw 17357136
ufybohyskr 17052014
boghbcenae 29466836
bodieynaic 68765554
toocsrpbda 56545223
zbgsozloep 64184112
sfatcehgsk 52152878
ajkxyyngfe 40481202
wriqzalrou 60165420
qgqcojyadu 33576324
hbquenfyti 32592288
vxghtlulsv 44674947
yeaesmmcnz 51981620
zareczzjvr 47822259
uwmwnwhahk 29625945
mchlvvbpko 28175222
rycuuxxwyr 26827639
shjvblhcgu 25666230
zhknkhlumn 25507652
aaodjokbry 62562744
aicivhlnul 24519583
flxdusszee 23865645
ypqqkvvazy 21895944
rcpenrmhah 21755501
yrdgmntubn 37148111
askskgmorb 46793944
nmwnimjzfy 21730170
srmdgktorb 21620055
fqoodubdzs 51972393
ofoyfroytf 75064080
oshetrrtmx 41245190
brkcsymply 21793964
ywrpaxazie 21529233
ihwulcuxym 22197240
qlvicowull 89541830
nfwssuoijc 49970652
cqncdarqmm 31265000
roldpwskvl 30849767
wjetwrnhpj 20059680
plcmooknvk 19868784
ujjabizlua 35980852
ncjtrwvtxv 32447250
outlrbsbev 72107024
edpdtxqxzt 30174240
lfwutvngvm 25791150
nqcwxbtvdb 35908164
aqojdpkiqv 19442384
mcwmopdbxj 63022230
yjoulnsrzs 56432376
txwwwrwuge 40103680
brejvsnkki 24552256
obexdurvpk 81321352
jwojvxmwel 53227650
pkwbjzgbki 62879105
jpbwrvfedd 34725028
qkvndpoqoe 18074853
prwcbfsmny 17820285
ixdynycrpj 16995130
mkmrprztkv 16840053
brikvuqkts 16791038
bheaprjlrv 39087795
vrbxaiwolg 37204568
mjehgeesjm 16780218
nwasfktgeo 32205465
cvihiymkuy 20135082
xykzrigtkm 17257518
gaccgwzhhj 63661256
opmsjgvnbv 49579880
nubwokzjie 16703017
willpfayac 16690878
onzdhfqqxm 79324155
werosjpars 20745503
regndjbzlp 16607780
sypkrhaalp 24908100
zxsntsbbtf 17023500
rvsfaixmad 16504938
npephfjflb 19909827
mjmbhbrkma 18526729
ctuidyaicl 38397586
biobteqboi 48609638
oeztldwmpz 40822905
bmdwempels 47174325
eayirrbrik 36868244
zpyjkyvecq 28259046
kypgaancju 42361389
bhxrnfrndu 24086703
ykdieaebnc 31039008
bpcgwgziue 38733028
djhnaevhkr 32778980
imxwsnlmka 22867520
djnjxmkvzu 17818972
xecqjtcgua 16483104
imdxccyhyi 16454200
xghqjicnwv 47406856
tuihqymokn 33447318
zjvijdolzi 20087088
rgdwrutldj 16409375
vhzkrfczhs 16194532
nsfuqtgliq 43723629
zeqbbpjgbe 16133064
eydmcruura 15916547
dmpikabyvx 15907888
dhufhbnpwh 15811089
xhtmkapxqd 15796890
omwgsfjwfo 15742482
sfwfvzzcxk 15726370
sfjrgzwyxp 15640443
nvgirtfnys 71145690
hbtkvlwlfw 30431823
ubfhawxyiw 19112160
ngsmklgzta 64910653
ikqcnbmspe 15619356
okerzrinri 15507450
ioybukpcpn 65111200
wwggfhsoyu 44454592
tewhvuryxx 15459681
bueghpvwgi 15420879
kxcbggymmo 46468400
tlmfizgtas 49687335
itwlhzxige 38262000
cltgthjram 57973938
jomyfklodq 51946095
cqjbtginoz 82072900
vmdpjnmbgg 38790910
vhvhwetpuz 85956698
uezqzlekyt 91907358
dnlypahyhs 77746104
bhloooltko 60042996
eggwdhtgqj 41334845
gwtzaoohxd 35039731
azvsvluyql 33728212
gnsnhnuldm 80764238
ocmwvmpkrc 29339550
awmfbucbdd 44257220
trbgttdyvz 32861070
lkqhpgtgtf 28196240
lvnweuuvgp 28973675
olerhytkqr 28059390
nxlhzsorpe 27850648
gfyufbujhp 58811445
worsqqydbe 26857297
lcljmvglsw 24956216
nseguaijiy 21867432
djcczcgucl 78572467
nuqvicxzsl 71545077
zwbtymnobb 55696820
lxyezmgfzu 43086576
ojrmjxxycq 37165770
lqkrnvctmf 28221078
svvvavbylb 26285094
rzooqhtlzw 19214039
yocdomezxq 18830448
stbrjwcxhd 18287694
ashesnzvyd 59320800
ueptwcytuf 35913753
yepozqgfpo 33331706
emvqazjytm 29771650
ssiwvcjnmr 18139428
kddqzgiuhy 17226522
qpiqkyfvwt 16641824
ccvekwetge 15414384
vorgodrghn 15298398
fwrcvadxmy 64485900
julytpvoup 38514448
sdagcrvtuy 15992196
nhgtrqngaz 61016282
zyiblbvxnl 37233384
obezvlobva 23087746
ofqrvnmiyg 15210405
oozxiijimz 15201912
ejxfhxfafu 15151894
uuwqydpkqv 50238426
pfnbjfetgz 17737256
aonmqnbxjn 15146604
imvgmcxezm 15082524
bfkuvpcnhe 15078765
aloxlfbhvv 15060776
owwnyljetz 15029168
smgkkzfxyp 32633612
svxhmqjvmt 18445623
geswkjydpo 14785324
yzmknlnzew 73405780
hwrvkvjnch 19963727
mrlzmtgcbj 25131468
zwplrapcei 14758535
zxaxdpptts 14752500
jjhwlkbtrq 21887746
tobkzymsot 14752320
rnmliciwgv 14740938
wahugevjmt 38899585
dzesjvtsow 27698070
mmomkzribi 37002492
fzregzvlxl 27639945
pdcvogszds 61684641
dwulxkfohl 58486100
gdyvtypnam 41655168
wuddozugfe 40175460
lgpyfmxffm 30904720
wkpcbpdiqf 28800400
vdvzhsikjv 26316863
wasstcdlwz 26164647
jqtikcbypi 28927437
rnzndlrevt 22513070
oaphwocnev 20309445
kbilbndeeu 82565756
ewbwqevsat 40675330
ihprzonjzo 30596430
jbanuvucqx 30067680
uaznzqclnr 20071168
kyuqvzqioy 19563037
gloekiosfp 19025370
stuuxtapvy 21255150
azqvfiykth 62001537
gjoyopitdm 29846514
daiweweklq 21423220
qpfrvxrhgf 19106100
mpnremilwx 18788818
wghjhzmoab 18349077
ldosrkcaoz 17886011
vkrlndpfzr 25589952
gmcndrdsik 17756432
jctyhdqwwv 30543040
ljzvioqcaf 65515016
inddijhkbi 54743606
bygqilshht 18673842
bqdynhqmqz 17221110
noqtjwmxly 17051424
ikvetcknjy 16903752
obcrscdlgu 22165275
qhcthggreb 41899200
zcbrhpxfiy 29427561
imideqntxy 19085976
buejamrkrl 73521400
grhwgviizn 60087625
ihetmbtzyf 33688738
ngeefyaecy 19833986
xxwlpetunv 17871568
fqlzgraafx 17433938
vldwdcgoqj 15120402
hliohwijse 23568170
ywgdxcsxjz 37457959
bweidcgpti 62212860
ntbpaazyre 21722580
htckvwizhx 16207971
jowmzizavy 15683112
lqaciuogtv 15116297
dokjsrgosh 14820883
eieqncnqof 14624302
datefwzkrr 14565022
uwourijpbf 23104926
ixpuadtibw 31557224
hudneqhozt 59531388
shbiuqnibu 45360876
nirlfrbvmu 42271153
vctgxucwal 39710696
vnosxzurrf 33245156
kpfrpyuhjx 49137165
bplvxadhba 57361524
bzzfsdfevx 36081638
izhrcicavu 78956300
ikxnvzwpmi 67920250
zzkowmiydg 30715818
uagfcmmidr 29615520
krkqfhhbuo 83756832
atswpnrdol 70811719
aczvgimpyr 29128682
rxwogdexzj 24182116
sbsskymwqg 20812578
ymjqhleklc 17817494
gtwqqbluif 17142966
nzeixyuzoc 37839272
ulomxuaxja 57313164
cnfihjuoln 27402625
yonjlmwawg 16422560
mplmwmozhg 31728996
xzhsyrgwwz 16085844
rnhegavxac 15997592
nuwdfwgyvz 30463290
evdtzdnahw 15609426
twfigrkutm 34380760
wkuzmsjbye 22885281
zenqgyscfy 51785430
azeozvxmxi 14506310
dblvirieub 32159888
gcmtbrishl 53021875
ypswkdipft 14490996
tcnufypehh 20558928
hnfoepiefx 81017838
jrjukorlop 69608528
sjtpinwedq 32536425
wwpdlxyfvl 24454928
rnwlfshshc 39421940
dqasxtdyne 15058685
orjhstgppo 14473476
oqcimbkldd 14447355
lepzuouqty 14219240
dzzqrdjxnh 56910579
lvbiaitaxx 16228956
wzbxftdhuh 63371040
liovrewutk 14212896
xwfreixybt 14165151
bjwaozzgqe 14149459
vsiqqeungo 15328170
pcnoauxsey 25241442
gfakvyecyf 24666824
rkjzcepqvs 17692512
xnrzqkrphm 34388496
yxaqdpkpds 14087780
gkhbhzsixl 14060618
jkzlxauzmj 72793864
sedkrwnkky 23769873
ywrrfnpvtd 22137141
gpgbmctssv 58932828
pvdlnwpaeu 14037594
atrirmjhbp 14014350
kvcodmhacx 19892145
oxrwknrjuf 20808040
fevbhjdssb 13994400
tutbjnkytj 14122548
zjxeuoetpu 71577056
rgjpxnmaku 57940750
xdpvkiqsyk 57659020
uhspdolrcd 51811488
witfpownqs 34319766
keircymnwv 33027022
encvrgemmo 20030454
toniszrksv 25567360
tdcedgdxag 19826505
ilwuzgvtoo 15580152
ehdfvqrhmv 13975056
ehhwcqragu 22976482
iuqjwiakdb 44593452
lklufkodgr 41567276
bsjihscrrg 34316628
mbbcwpizzn 73303314
obvyttjtbr 36873333
sunynvojtm 31103865
pjadniveni 25982817
pzfvnggnss 19901628
nhxmixutpk 34581560
sskbqgzwqe 19632036
dqtkxihysx 43393176
rrwylvfbka 25659045
fanvonmrvg 18812850
mpvnakbahw 74814112
rdnzomabak 59422880
bzvmckrfrb 48639204
bqpkipwhjr 47932010
suzogklkna 23209326
wlzyvpmykx 17713355
ywprmnvdcn 16961770
bkwwbwldpz 71371279
rhybmmuqur 55211661
zbvwjkumgt 37468544
raauapbkic 74416746
uliwagrzup 29022741
gvwllhxdzi 58557310
rhxbpcnlhf 24833604
ijwjkncpng 21663408
vjbiwkqzfr 84440235
jaktibagwd 20489245
fclwdczjtx 24130657
gltocjhkkw 20697567
zawbqvctrc 18597150
sqmhxgozqq 16904195
kjwpqnwgor 15175523
vbvhhqicfo 19988694
ktbghgwvhx 14586315
juaeifrmrj 48719974
itamfybffm 14295780
qekizqukzf 13905802
ucgazedyfd 52813398
ostmeymkri 94869700
aptrhodztf 18421200
gpdygxpfdt 15727452
edhvdwnckf 28703528
vefnjufvfl 23412655
cggrjiampd 41879174
rhhmordwql 22866564
zvzomrdaec 80103072
ynyklmvmfy 70975560
hrfzjzkybu 13840740
cithfarfhr 13840228
hxmiumjcvm 68716410
zqigoyhgoo 16713284
sgxyisjdik 47067978
yhpowgrnmk 13812652
wjvmzetwyi 13733447
ctvfeqfmrg 13704760
cqtgiitzdj 68452238
yawqsidzmu 58683240
emtrvsvloy 40507110
moryfqdxec 74022038
mgdtithkjk 70019703
vuiadwagqs 19803525
xmgodzsiut 20001600
udzilkkent 13645083
cwkglwphpd 13633428
reimcdccgp 13624336
hlsjceejqz 13513420
bvmpsijesb 39922120
yjnzagnqwc 30213222
itaoqwvsrj 24915657
rpxfrrflrl 37384362
dxqwypecpc 34149447
dmoxncyvmc 26143012
fvadvldehk 25995566
dbuciainhg 18105821
aqslafnshn 80880438
tgbxstjxqr 14756000
aiecwtllae 33988050
dqnkjgciwj 59290528
ltnqjmicno 13444704
tgcxpsrsvn 17549812
urliksurnu 16700810
swsgwzwdyz 17853990
aimqttxzxk 14924518
akbetftjpo 13439800
xxeibulkri 52766681
jzzvkstggo 42333060
iyexhnimfs 30213447
ibcvqlsdif 28693749
aeckrrldbg 13422240
batsaadgio 13294224
bdnnzogpxf 19581234
gmsppzlykp 15685734
bumauqlxom 36687944
wkwvsvockv 31781484
hxaowsrovf 55826129
bpjotscxek 59258976
ueotxnctfw 93091296
xxfofemmzw 76269802
lqyqvjvpgp 72447264
omunqhcpss 51515352
wmhazppreu 47970335
ioxzffjkaz 32273325
gxozxxqvjv 29449936
vepuwqxqpr 29261106
pvkpjnafnc 63596787
jrmfydjtjm 53828577
xkcrfmrrjo 39218904
qwlnmkvmuo 31926912
ezwovtuhtj 63474006
aetcbiodmh 59343872
iogtdskmpf 48858814
umntqrmirn 72642129
qzgfnyfsup 42351687
ajuysxwcug 73417300
oogcnlzltv 65906496
ltcgssguxr 47017259
wkvkapplfz 39562506
rzanputvkh 33004160
orlrdoitln 28537250
fudigspgwh 56966598
jwuanuwpec 83254160
exjfbcbxxp 52912290
wbusfflyrk 50817305
hdlbizrxiv 81287080
lfknanzkyl 67853526
gutfmyxwzq 65367809
kvpittafhy 82423830
ggzirkcgzk 48954712
whmsfjmrde 39655056
tuxtbrgayw 38776920
bdwwcsjphq 38494800
ocqigfwuwh 35237832
rgrrpuyyte 33676417
zsysdtninz 32247490
ovmcezcfrl 32216112
uuoggotpjk 50687280
hqzeocgbis 42479266
mwroddlmto 53100333
uicsqaeauy 39415900
wbbeukynzx 86497310
taqjsyanzq 52397936
balmcxhzqk 46507109
iaabsofnks 38658046
dotwbdlehg 38596320
amirlcbtma 37956976
ordawykcma 40497548
agrhpgmnnm 37554100
aybnfinlcz 73525200
khyvjcljuc 39389850
enuhxouris 55573700
uxobsfsgpf 36703800
utjeartuvp 67324068
kvyuypaayh 30972352
luggplnakr 57111765
uobzwzibsk 55331232
soajvhdeod 29770580
jnviaajbbx 54697952
oxhumoqlpr 32324328
skfbhsonhl 28683028
dpdpltiaky 27998613
yakzlzqwuu 84203554
ilxwmzfwje 49934430
voczsikjrm 58434926
praxofhohe 50073320
afckjsxquo 47184640
uyrarvqext 45462352
kmakwwnagc 27904142
oemcgskwln 27713524
nkbaimrubf 46313484
grptrmthje 31477680
xwnbqctcjq 58733610
vpktipjgix 34658712
bptrxovmwi 66382528
qjrjczsidi 28740100
gdhvhmtjox 27375015
mvtvuusozz 26974455
staaembpvz 26938200
ejnaxnfrjn 80710539
waxcdolgbu 26435852
bunvsvyhwu 26004381
gpnvakqtlb 25765940
ugoxkwwwni 25585762
nvqdpqbdou 68798728
zwywhkjlpu 25413876
bozbffobbp 25384680
kjkfrpqkov 24439338
hxbshgdbpk 44156325
ncxlzwudvj 34745364
pcgfvkdffc 30992949
drxtrdknzs 29994714
uwaburecdu 24242073
qntaqqccga 43400615
nchavjcadk 37554909
lqbwtiwnau 24238844
xkatwmrkep 55140237
qvnpueluwf 85016025
oamqgbwbln 43656948
fpbobhpisu 25050480
iingtamcpt 23395764
bkmmhpjvbn 23293233
qmqixcnbkj 22893416
ktqcijohpo 59410257
ntdygqekdt 22801504
ljpreuntzs 22712943
oirdlgmqct 22639812
nqrgeosfkk 22611297
aqmrdxenka 22307482
aoxtqrpgcu 22050906
pibqfkmaik 29004244
suodxirehz 21808705
bcdwttvgjk 30117438
ufsqqpdcyr 37551640
czkbxpesei 32798304
dilsxwcczi 70261458
wodhhkfrcv 87185052
lftkytkjpv 21601042
twoqidfshx 21459804
uszmuwhlga 58814917
gxhhqnphsu 52985161
mxmeedvsvz 39521520
hivupvvtsl 20803530
xahthhxxni 20746398
kzgrgbyxgh 20470752
hkfxdjxhjr 20438072
pghbuckjfa 20237485
ymmngkqhpk 19076190
sczukednjc 18935442
xgropnttso 18618234
cjqimnszim 18270692
pskzmqxvfk 88265264
eflvpanrcv 30990002
xlbunewtau 32948768
loiiegxhcb 53970336
lmacbiqeql 20398170
knzuruhuql 18072570
brqrhlkgri 17770208
lztshaobew 17239982
pjxztuvaaa 17176584
frqfuvyydm 52184512
dnccwvpqvq 36552924
fuaoacxxjv 27033632
wvwuzrxbjo 23167300
ahsuneuusx 18647930
iqmtuichki 51403120
cckdeaaavp 71528928
fbdqyshqwf 41327968
dsgbnjlaji 38937470
zazhuriald 25410351
cbqenoltfz 56276400
zvxqfnwyao 34806538
qvnirckmhq 80286756
qjbdtjudjj 35514540
ncvisumyan 81986648
phffktpqui 41163040
mslimmkfgo 34494576
pioglbgsva 47236156
jcmfwgvkwq 25995249
miymnicnge 24220350
cmpodkdcyi 87629800
ulxeqlkyln 22861800
twjxziweag 17509220
fpogriwlro 17447850
yruajtqvdw 16828154
iprvntnyoy 16824928
nitzqioxfs 16721520
eyplzzmddn 27106997
itgktlwamu 35062574
hsqjjphuke 51437826
rqimkmmwrf 35986551
uqhxrnnvtl 34990878
ilfrqazevs 25116138
kssgffihhg 71666064
aabhmzihba 24653538
jqyyykwosc 23630472
kayfiduvbn 20478521
hfdtcckboi 25216134
vcfwtdktpy 16829100
htvvpqjkpg 20378189
hpoaxjttpn 55337040
koegctjmbg 42148194
osvhecwhgs 32393385
tbjznpyixe 16599296
rdeyuzdonp 16530984
yrcirpqohh 87988167
icugcpqotc 16226925
zhrpzrtoma 16173332
pvhzldbvyf 25149864
wefeohvtym 46594631
oqkyqxvani 38589705
bhkcdegoea 23123342
hnbdtwopno 16172316
iwhranvolz 15939672
wtdbumcnqz 15936588
bukbyoihyk 45414792
rjtiwodnzk 26481117
nheyctdpht 21383610
eycyzbohxf 15934299
stpdlxctmg 15711482
qmvswzwfxq 15568458
qkzwlkmvcx 15533672
rigvrwbjil 87614240
fdhvaukcft 15340677
ujjsyoobrw 21981604
kxkcnzlrov 15311250
jbykxkrymi 15235700
ikgipgvxpz 15144255
ceohmcikiq 15029532
jgrapvkzko 14926448
wbdvyppfby 50323856
tbqjezerdw 49506054
arcppwybdk 62989696
iwignicdmd 30478176
bivozyimie 24408510
cikyvqigdd 33505740
dxbqgihinv 24261650
oigieiiyec 21016320
cqkxkwnzpf 20591040
qslmoilsxc 17002062
haocrpmwsm 15591924
fjiifqxqha 48415466
oiphjstnre 71707216
vxgyqlxwkv 58531473
hlulovgwrq 22540365
xhtsfcfzxk 27416763
fbgoggyjay 17780840
zvtkuvkbjj 17220220
srgdjpiolg 17048484
kbgoadxcbl 25131466
tgpvapxylv 14599017
ftnysugafn 14538924
jivadrrsay 48792157
cwjtglpebg 78847468
lywbafwwhq 48054888
hltawdtohc 39919152
imfvkoumlr 39579456
atjekqenwc 38503133
wndigoayvw 36721464
qgbtvmglte 26594148
rifdotfxij 50382682
ejohccxfon 32453300
kcczdusidi 31434000
vqpybuhyfm 60782722
kavogjsmbk 25728531
ibsoaobnae 24896016
amqdipvbnh 22560230
kucfogefwu 65123552
rlfyyygivf 17388672
vdhcvyigcr 81395302
opdfvbmivp 71528574
wqyebtltcz 66502410
sssweeqthm 66120854
wzzgjlkzkv 52311344
hffimaagda 52847208
mpbfadhkfs 50905440
ghtevxojem 49807084
cfpwgoaxro 61192800
cxzlflczcs 65963376
ogzydrcxxf 55820104
lqiptyiikd 36050584
hyslcncfbp 35713404
qcqgiatbme 38581520
zesqqwaphr 35133354
jeseqfyqyx 60285820
dagmvxlwow 39270006
hnuzunmoij 36571170
ctneneyjxv 35600343
hlmscmmonm 32672481
cezrnlgtgi 61704027
ckkhnscisj 86429250
pvssjqbksv 41567136
xuvduttjwa 78730656
truurcmqiz 69739185
xlnsxvriam 64988280
nodssawleh 55291284
bbrvqzvzsf 45746558
zjczpuuulf 45066507
wytsvvcodm 40722840
alyektcltk 37344765
avqfqdvlec 31423983
gpwkixsvwt 64506729
sltmdffoel 30959544
ysrcrjsydq 61425120
akewnnxwqb 61831392
ituxnknzwn 61685793
ktoyyapduf 52120770
ngfkmhtiot 47391510
yrzedrnqqn 43722459
sgvhtwyeui 43473640
vgkwijwyez 59429268
pjtdjdlapb 29847460
batwplfbbc 65084814
arohojousf 29323310
bzltrugbpz 54456508
qtpqqwkuqg 28857180
kamlihwqwh 28848830
qupdesadvx 29526090
uynedfalyi 27079120
tcqqpjkhwi 26971392
wcvbaeesvu 71271382
pdyrbojtoz 45716511
gomulpbsgx 63542208
viprpswunk 36947172
idgugcapfh 26574910
zfuhkcwmdo 25746056
glrbgiuiee 25505007
xzcqzdcshi 83373549
ewoepktxsk 34257520
mwtbcggmof 25260846
ujewwmfdhs 25240664
dunxkzoiut 24633850
zfegnweyys 24348714
ntthkfcbcj 63957544
rwiuoeevfe 57221240
doakjnfwon 30574038
ijzbiloamb 28448217
hatdwfrunz 49637500
ihkpbgiwps 42678464
iattyiydcd 45133156
frvobzjfkq 36832825
uxczikgjly 24793536
yqzfmwuerl 24155593
eawygeuzzw 23175000
ktevknzwhd 23142700
mhfzvgyqlg 68995504
kowakebimm 66949983
xkocomckqp 23040488
xcborejgwb 22770000
dxpazyhhcj 22579915
ufcejmkegp 21028735
yfckjfzvoc 52633129
iiebyyqbxs 19921110
qehppimhdg 18855980
cvmmdegegh 24250600
azexqmflnr 35399408
zuujqfrqew 84077082
fgmpoiargy 78784685
ptxefujfsh 63228032
gfdvcpwamk 54367774
utcveymvib 97880586
yfsfddfcpj 66690000
iygxdqtzxq 48971328
mfcnpmitnc 85793560
lamnmveyeu 77145973
xckooiktwb 53206608
ouktuluisc 45768822
azeuwotkrr 41364114
oujywtdakj 38890476
btmvmbrhyy 48514410
dnuwdldlpy 32786880
qgurhvadaf 31138877
gvlsodknul 27395576
ohnhemoysr 27296633
sagnvjqydt 20496630
pzzuagchek 48906702
dltetbqxrn 18693990
vlqozzbgbg 18224909
stvmzavuei 17977950
aorhklpgur 79657155
ftbxiwcshf 74520809
yyihaqhaaw 61079040
tkqihrqcme 35212734
vkiztjaaat 17763321
galtlwtcnv 17451270
bywfwxcsno 17374890
rzkrgduhff 74051250
encubtdmjx 44954221
ybvgsfrtie 41344347
tbpdbofuzz 23098095
jtsxuhtdsx 39195752
noiptybvlz 34903025
kowgqunvhk 42005680
gwjkwfuhiq 68349578
uywstzwsef 50263101
wdydebbgvq 49068697
mautaprkqp 31350196
zhqcisrfxf 29822676
iwugzioorw 27008982
rajeugbkhn 22795336
htsdfqvilu 22772632
uroezmrbfc 25179136
hhnmtxsudo 37737310
dwuajirgoh 22315546
lgyxiprnug 25306762
nshkszpcri 20905920
mudbwoinde 53582925
yvjfualxje 20275424
zoyrxhtmba 50614200
leaeawnona 63914796
yvbfheucqh 47219802
hqummfieup 41093352
vrlfqtjafv 22382860
wxgwwulijz 20171008
udqjamsqec 31045144
yegfyrnbdb 21118278
sblzrjhdkk 20080188
gyvxfhlwiq 18370358
twwzzgvqvt 26157824
fpxyqtpovh 21776576
konpytofuf 17395505
rnxzfbsfdy 62453536
fnzslvsukn 28408980
qbrhpedqye 35718280
rxdrhxwcsj 21484596
witejbvejt 19011867
ddacqwdoac 27515460
kqpuvxbgbn 46724214
abwgpjxtek 50860885
iltdokxgea 61736871
zcaupddgbp 25288044
ssmnbwltag 75743864
jpnyyozjbg 66073836
kitlhqlljk 23571672
iprcqczzac 28998090
tbzukjwjtq 54200787
cjzhaklfrh 18541336
rmlqheifja 17664808
shjjcrglvb 17354766
uabtpgwqtl 25709268
jlfmcldehp 17120730
bdeantuqlr 17110431
btbqzdajps 41086500
vagjoycqxf 62443496
xdsnyaunqh 43821024
rrleizrugb 24130854
oftvketutu 71325768
gkcrnwsbvt 20681704
wcizgjeivz 43066100
iixleweuyi 95379648
hvzixcvlke 76137792
jlbsiewqwi 50622572
jabjkpczib 26379210
hvnskveekl 90481401
omnppwkjla 38753910
xvsodysrjk 20496456
vcvqoarteb 78603532
eabpkvsxfo 48178605
lgcyqzmbyq 62658879
upuswplzzp 42689320
mgsbjsaice 37542290
xeqvfchznn 44622072
ssvflswdjn 42082131
wnipwuhspp 40013457
oscmdxzajb 40701434
cljttgbrqk 80433475
ceomhbqnsn 43440930
izadzpfjse 30675680
vmhtjlamwl 29350035
rxycfaderm 24689808
etgjplvhov 48820464
smcqojxpmb 63722295
vnrofzohcf 45164925
afsdyiefem 22981901
twxhhgpiys 21247620
ufadrntzex 19634648
ngrxqapvpw 16991987
htragumwdh 16872957
xpkttrzzct 16594740
tcxmrfguby 54369198
nmqyfdikfs 16508240
kayalyckao 49117320
xnjzvjpwmt 31252370
kcnedkjwru 76490008
ovkrqdekxc 39934433
lejuwriphx 30050412
cyihffhnym 19618600
wovbkbucoy 17462722
ubetjlubze 64602174
srmmghgexa 56680296
eptnqvldty 63350352
hsruitnery 36602678
oothezoqlw 27419405
pdlwauulvq 64499567
rngucpovmz 26373594
trdnxdbima 34051017
wsghsszwci 61316984
wlqedyvikl 27130914
ggmghegtab 23231758
znbcryzzsa 17207370
qpevotudjk 70850219
bjibxbnyvo 40086462
cqhgtzvjcx 52293088
ckvtqzfbvr 46794264
pdiupvakwg 42358710
ngcksjwfys 35138136
tebpfjlbrt 65378880
sjbykaskge 42757752
rimhumxlwv 58706429
vcejozjcyc 53801700
byylbxprcd 53370180
xnfbbfrxho 37190153
wtopixauru 31797777
dbhsluemmu 29440460
mnfosauutn 28988092
zspzkygwrw 28019466
djiftyeecz 53984094
ibycmsapnt 32525464
szpgierkcn 28528449
lcfwwhowko 25444659
pcubrxjssg 24624114
ghfknrnmpn 73482500
ylfevbelqf 50312442
wuowkyuton 76692720
dowaguvtru 35877814
tbomcbhubs 23847975
foaaoohwex 44312378
bxzkxwagon 23454606
qfzbpvbxew 21258720
grubtyraij 75796584
bwutgfnvsi 48795369
nabikjgqix 40921839
hyotncdftn 20098540
igrnoytkap 19430400
wyonkhgkgg 30834770
fuiofwtyvc 46687632
itnyfirneu 46627291
gtlkzvzdrd 39695260
tambdxpzff 62355904
qgqacbqlln 34909264
qnlqawnpyd 29900730
mcjhbaxkxp 27072760
xjvqkuzoir 70433594
yqcsgnlgar 40311742
gneixanptn 75231996
qzbvilatdp 74333690
tkcukcjibx 53255317
qbnmrgwtfy 46397120
rqflvocaic 44972961
pzecpilskt 34356165
kecdfotsxe 27116008
kpykolxmwa 24682003
qlmzailneb 26271995
qayntvnuvc 45347440
codjuhvtuv 23740990
itpslymnvh 43211112
hgosryxguq 47073992
vxjejexstc 24016828
urttybyqyp 22778071
rkiavbduxj 50431875
hvmqjpuonf 21808768
ppudrnqyea 21127182
pdsuybqqtx 21006353
loieffvdeo 56568945
hmsmyuurpu 32207925
vyiwukuacz 28729272
otkehdkvfp 66011430
zuaxrxoila 66236234
qipdishidj 63188832
nemmjwutue 77547596
nfbsmrwtbg 58541925
cebcwmhsux 57829261
fjuhtdjchi 40848810
uzsppbfgra 60092649
rjtblkjiip 38530863
yymdwhycam 36064016
rexbjwmifk 28956096
uguwmwpqyv 36572780
rinzshlouw 24135101
dfeyegxxcx 50962488
ghxapfhaiw 49072744
vjffegylla 45846216
kurhaeloea 38133570
aaemijzcxr 21321200
whwypxtwcm 82530810
bicteqjklo 61594240
nfdmisioxc 59364000
uxaxznviam 55982075
exvgrrzbmo 48150936
tljuveskua 42159348
ooudwgjxwo 47887700
ocofblhypc 33738627
jmtpihichu 25608478
rggxkrxixw 88129644
dwahrleymu 88075769
mrsvuslxbk 62791596
uhbidwxfjd 53143828
ttyvtimdgc 38464052
qypmoysmcy 34678600
eezpdibrit 42699000
dccewdvoss 36040095
infwvecwmt 32045222
mhapenaqnj 31614846
ubqmeoxyed 28717416
wbneahymzl 57588597
wmkanhyffs 36701648
ozeyqupdkt 30622896
sdungmszzx 61346880
gxxjwmyfig 22555140
cmzsydyxsh 22114638
rhulhtegwn 22075830
pqqmlmundh 20919440
pcyfgdexqw 20324044
wrhdeoyevo 19805760
glkzdzfbed 19704721
otzqamybgh 37315446
znjwlrgjsk 19364960
uvugremkyt 25072490
vgtoudvlul 19316130
jrbppubfcb 19176765
ytyrfzngie 31573344
ajyemaxtdb 19171320
azyppanfda 19028184
jmoxfrhatv 45064360
tbvkyieyfu 39742323
cevqhtnmsd 19034556
getbpousuh 18802160
pmlmdzvsaz 84677620
kqillcwyfi 18784640
ccitrewniy 90811214
gbdkwvyqgn 85720404
pevefocxyp 36438864
dmjnadwqvp 18638562
inldeeugcm 18478821
sqhmzlplfa 18456030
dnexgghbzp 59105085
giioaxdijf 28390268
ztwvhzqvjn 29433280
tedqugqhwk 18218844
xdtllpaqiu 47550434
nvrvshksfq 30382880
nhkmnvfjbs 42078355
sgbdioilzn 55074692
uguexlvugl 39219200
uzogtyvzkw 68580023
wzetmxvjqc 71512794
qbxmxmaozx 67302666
ulymvfepkt 37396162
rahzqqtolo 28787616
yoqkzdjopy 23859328
mugcgguuez 18956626
rfobwsexld 27093790
yzleyhjvil 18034800
lwsjoqqvus 40905060
qrymslpiyg 17974245
mxjsauruwn 52825250
ythiqyfciw 17865000
dxjqeydctn 17715362
hiubzpabvt 37846413
ynmwmfcois 44657691
qgneibdgyv 17467890
wodyydvizc 17344520
eqquncziwq 49536930
tpjsncwxch 43009043
ujdjirjcau 26389083
tdzmifabig 21040544
nrcterpoqz 32352300
ipgpmgysmc 23004520
xxnvesxmfu 57915360
oijarwjavh 76709674
tmjtzxzjst 28633574
fnpxdpaycq 19145600
vzcbjxbbcn 36941476
zggiyqvelv 41212067
ntitceakax 27209728
csqszpidba 25343426
jarhoarucw 64586165
dwjupnxuqi 44777538
hmatvhudkj 63418862
rnsfzvkqik 57475600
luywryocdy 44006096
vwxlzorbpp 41051988
vshevhpewc 38960824
vzkzakaexn 86372076
iapkkltwdq 57602664
cguhrpyznl 54008802
uekpeglixi 51973778
dnxjohvnch 58803450
kzjbwxipgx 50430142
cwtihnckhi 49625388
rynilacbxc 41631616
lptogpzvlw 37473072
cwktyppwsh 34459243
jittngwwrr 39329004
quwxugcymn 33945115
koxnondzam 73167835
rodlzcbesy 59598828
vgbjnmokon 50217872
hhrvmzmetk 29534760
pnxcafatqn 28202592
qqthmkualm 26447020
vqovfjgeap 25271117
kmhkjsqbtz 71398198
yimfgujjdg 58998912
cytazbgfxt 57581728
dqdclqoils 54966568
pyjynbrkdf 43581133
wflvhazieb 39662476
kxumyvdnmx 24645920
sczacekbon 22581814
jvlajyrdfv 21438918
eveurhobth 21434875
vkwoyeqgaq 21047140
nyrvpiqsey 33368816
ojkismmwhi 45165651
upraauosde 42880136
swvxuvwevw 26009847
slhnmafndz 68914200
fpoqgducjh 67858560
oomadwmqtm 43005094
swlhzgxyxq 29526894
upwuplceye 24766604
udtiirskmt 50689974
evnuzidcfg 76467048
tohnddaguu 34184325
mhxzcrlcbp 21787584
plnpqtsxay 50035827
edlujixecu 48336176
uxuaubsggd 34080060
ecpzcxxkbr 64027710
lkvpuorljs 52642576
bgkwmozyhu 33620539
cjbtonxwwv 28818912
idsjyrsaif 74103784
iuprbsffef 25433863
retzqzkduh 24491800
kwfuzqltxr 21488131
cgrjsxbvqe 64565760
sglcosmizq 21300774
fxshfckoim 20963580
ehxwrayyke 61278648
yiuhsfwhta 45748136
zmcnipxxjz 27722904
gxhoxipxum 20064484
eitemaivza 21844908
yhecgboarp 72649942
lxshhprpvt 48662766
ecvejtwrdu 40874891
lptubfvirk 39313470
ktaissptkc 66260460
elolwvdfvv 53715259
zsvyrawblg 42881157
swpxgdwryy 40971177
lccvaoetqd 34044065
oaerkyrcdy 33377562
zhhcmxuhdt 67792121
oyfcolvapn 34883794
uhvlbomscb 52721337
xdmmxdfqgk 82965564
zrdsdsioev 80656978
iqzdkbgamk 58470695
yfmhmkpmpv 41938757
hxemvpdwlu 31661315
zhbyudovkf 31280068
fptsjliglh 27940061
vouxcxiofp 27717208
lelkmbkixd 25044510
jpdcsxumqi 21017136
eyyvmrwsbz 37745955
kfucmphwnt 23353384
mlfwdtlupo 58053996
dgvcuzlooq 20473719
gdllhkavlh 19972134
psfyhipobt 19781862
kzdblgcyaq 19432276
csmavhjelm 19383360
onmhcqzrve 19298520
lswwbuwmst 20739495
dugsuugedw 18905340
dvkgjbwdda 74571728
owgufcwfcu 49689549
fvhphuubdw 47438780
unmaiucfuo 35016300
ktvhijhvbr 43561740
htgouirgip 27004431
efihbybvpc 97554873
prxlgjiplm 55659692
yckemjfwrv 54077159
wfffeneyql 45766575
gvuzciiteg 40349895
lbsrrikxfl 35856304
wezosdbyzv 71853244
klrfjoxqxo 22774068
eyrtrdsqam 22657700
iotfacdigk 22389258
dsziknecul 62311987
xivyhandmo 39107358
bunoftwhmd 36879108
raxuprkebv 20272936
dwgcqttdnk 18830560
hqnhvoqpqx 18789725
didrmgifyi 18745402
ggusubdipm 18660432
uzlvqdrbby 18596336
gdlvmsitsd 18535608
ofoqkctxak 28031574
cawgcoabtn 18495246
kwciwgaloi 71380330
tmvubkpcjw 56491910
itundulzbp 54074362
uxuzdfyeok 45566928
lsswubtfaf 44124807
gqtbbhkwfi 40000530
fqowkvyatu 61874165
cdbpuwnsfd 38731560
ktcopxabsu 25936246
qildonakoq 23755424
efxifofuzl 20921835
jemotkivxt 65920530
ospvbpujcw 47593152
dvshcqdubo 20398248
wtbjojqhjf 19669130
mlgjxtmdlg 17953430
egffgyager 17595285
fbpmjbejjq 17165811
zohrzpzupt 17135226
dmvmjzfmfa 17120376
ebqvkgduiv 17106706
ipqhitlfgp 16920810
rkfmdrpqiw 48499290
xcpmvruxhj 23748912
ggutgprhmd 16879440
mpmaildrds 62256544
dkyvbsjjad 78193620
lcyepvblxh 46727640
sylunruvqn 43703800
ppcgbyivev 40509504
qhvdefdnrq 37888911
odtwndobfw 89779074
favfcbusip 60637725
rhtazgdlfa 56286945
dcvjmlnrhr 50477607
coqriyyzbc 48491264
irmpqwszkk 44520156
otjnmhsism 41176511
hvljfhljlh 38217831
ymzqmzisvn 35766410
itcqeifwog 39303861
oleyatjoya 35173250
shjxtrgqbg 33598177
kqqwdmofdb 79247617
psebkgrkig 50861736
uirgrongpj 45603852
scgakiryku 71774291
pxrztbvqyg 90448148
hppykevlut 41481720
jfiacbuobv 39302944
otgpbliguz 37194716
zpcdieexbb 33748176
jdasvmwnvf 32294205
gkhcgmnljc 55436964
fkoiqulfou 50793556
nyebwaleas 44979488
rmvjtxvzpt 31772481
bbidjrhval 31414136
qvhkfdiunq 81610725
ityiuwwaru 47800140
olmtjcrcsw 35466276
jawlhntehf 31097556
crtjxcmqjh 45406260
pvrnjbcchz 56254800
vzrvkrwvdh 29685357
vobgmzgwet 31852962
mjmzewnzkz 29028732
oyiffqdtxi 48656250
noppfvqzwu 28997542
bhxwvxzzay 26009775
sqqpevoypd 24231905
zqcsiejxwn 56579130
vgzebhsosz 44647251
tqxzsdzcmb 76854960
szbodhdaap 48444984
wcxihmcgfz 37955904
uyvpkecydd 24391120
tzafoekexe 24226875
hsvgdpkiso 56267046
qlndbslolo 44782080
nwsxqcwgxw 39573840
uodyaeaicu 82335179
wqwjxomqpk 27282816
jgeqxjhhqw 25990272
beylpotrzr 56137400
qkzidsiate 73669384
dfefeqpksx 60988048
bvykueyufb 71842000
iwlbznuaqa 76221150
kdvigbtayz 53526228
knnjyeaqwd 43239475
whayxrnktv 79450806
vioafjcqbg 37554840
mkahvphznz 32446775
wqolkzrwmn 30204602
stbtrujiqw 64823402
ycmgycmuda 33584826
mmspzzzgpu 24181328
listufphsf 71669312
agqjorrazq 54926079
zglzyxmhlh 23850944
yhwfupqnen 23117680
kuduosswbm 63313250
pooheyrwrh 36464781
ajxkfxrdqt 22516312
xyvtvodfnq 22442560
ryzgpmunow 21905832
dihrgpvsgo 50357891
oaylifkzeq 45377609
wkyvwbemyg 43863699
pvvrcpkypo 38889072
jearefbxpt 29633912
bhqgrptpem 67311824
ieqajvmelz 62700390
tpysbfxtbw 49407435
hyuccofqpw 27718908
aijgkxkgez 22414620
svzlplfpga 21351127
dkzyxhjkbl 20828340
xaniskgzrn 34530244
gajzszwrms 20777400
xxlxzovwvi 70205184
xetyfllxkq 64590515
zkxnwepxvi 75033461
uqepnofwys 64303239
ntmtkpwkro 25282855
qbbzuomlfq 22968280
bliccwwkpa 21229650
ebgwpkxefr 20721252
kjcwdpeysa 34901537
getxmsrjdc 32292005
yfqccfwyth 21992437
ywkmmqmoah 65868615
gnegvhwsoo 32386779
dwzyreiosc 26354314
hmlialvapz 33117368
nvleokqupz 44267220
mghtcjcsvo 34206934
fhlydmieoc 25647727
fwcqcrwehy 19769424
sxtdxcwgik 19440540
wdjyqfqnvl 18924260
ufyqdurrpb 18594416
ovqslyxdcl 18534480
kjdhgcssny 57094016
lakkpdbdyx 46721740
jpettoqtvr 39071712
gukzladuki 71080184
uiveawkcqy 36022077
rbgxoiubjl 35317204
asatetvsqq 18344360
hntuzixxdz 18136776
kumoryweps 17860749
icigxuczbt 70825257
kxaioeblrx 53335296
zhjvvkreuk 35960262
yppkzixvfi 73771710
tgdpecamwq 59366667
mfvjxxvbjz 55155503
pwvznyzfay 44738568
ihsgknkfky 42481772
bzszwmqafa 54813069
ugcmsiuvcp 42011134
pbhebkknvc 32743500
byegydbuoo 31460066
cdujidtxwo 29329532
kslfyxxrzz 69715945
dwpmruwjcl 27590850
rotuqgbiba 47399013
kasbbbqhbf 36757713
zjtkmcblmg 22605060
tdxokpljop 22347276
ravnxztxha 22319216
ghnslxthmo 21994872
awgyytfqlv 61847964
tfjfpojtag 42860870
jqwelssjhg 79243395
wibjmkptmd 82417860
doggkwvryp 59335312
hueebzkaqu 33512454
ojzvckotis 25308019
qtcxkalpik 22693776
ukwfsmtyug 20178911
maqffnnitx 17746001
kvtufqcrtr 17533584
wuynslvjgb 32453560
lcjhfdbbih 17393940
ugoomzukxy 17377250
veoupogybl 56042034
rakzismpnx 35110701
qlhwysfmpo 27420870
lyvknnwelt 20159040
wwmjoznarf 70143215
xiynyljjmh 48240732
dcbarllfkv 47355021
qgjlcpcypy 62863235
dczvosyxei 54391500
mgkpprcpej 37046400
gngfhkkkmz 34989678
sphcxcwfgt 34834020
ufrssgwnas 33858968
lnlssaxbdz 28254540
jfhtoocmfm 70409250
hkaumcshtg 36998080
lsmqkwwkxp 27291940
midqhqdyic 22448844
pewaffyhwr 20160480
ojuetkdeze 20129401
ottgrxpjyn 19245625
nzpasxarxt 17774728
costqvmexw 17534786
wavgygcmls 17297679
ncdqeoohwc 17218458
uxzvqrsifq 34694247
hplceijqsh 88272806
gbosheihgk 54412421
vjlxdbanox 49111704
uwtixqpczu 36251328
jarjbbepil 35961642
kkgxzzfiqj 51429504
efbntntryv 36033860
jmavzjizyr 35843750
lhqxyjnhax 46048275
epztjpnkxw 61143016
tvkvqwbxib 45139230
xlwybrerkl 33940350
hguskvoceo 30948771
dmwjpinbom 25229156
szbincxelu 24405452
xenaaoixnz 24289940
gbtwglvcgy 23839462
ekkhshkehq 19508094
oijsucqesx 17111760
rfxnajbikh 28338387
ingfbvwuge 35326135
lihqzimdfi 16961228
dtzoqwakbl 62613915
kaxdfzrkvk 21486870
porqduwqri 16867266
fvoorgqbtx 16790536
wrxmukluvu 16732644
nxjvqductd 41078653
rlayojsjmo 16705312
ifjhvbmtzj 16688520
xoscsbjbnq 16637904
wztanefhko 71600112
rteqhrnzfo 46258720
yrpsywndpy 35117541
hcckkzhkvp 17561220
abkzfrsvki 81978831
hkcbvfgjsb 24056361
thexnwnjwt 72563094
vaupwqbkrc 68858286
bmsbombpwe 51645438
qmcxyanvab 48660604
ndgfrprqvl 25660250
ntldzicils 17380440
jsbjbumwsm 74369415
xqygogghiv 38241714
yqgqhyyick 74781266
vhgrgsfqlo 82338158
pahcxrvnfr 73460480
dqpwzrcrdb 66751680
hmbzvvcdtl 57083236
znozsnvmtc 47380312
iocqawodbd 76129669
dyqmnuerdo 38286225
lnyiykygpo 34958902
ybhxnvqpns 32556132
stogydmyxi 31292064
gffngdncmp 52192344
rqtpwrutct 26296980
vjipmvapnx 33646320
fzpgqbgeqk 49806771
yzjqhbvwfs 22453005
abmhtbuczn 21743400
xvsmuizczp 20628372
bnrtkcwnwp 22566516
iudqwhcxup 30887648
bylmwcngui 25258765
fkmdsagqpa 66997209
suqfeepinh 20571144
pvmegkztkj 54914344
ylscorfqhn 31392702
ikhcorjnfa 24667640
mxtdnrzjiu 20211327
ufpwtjmpuk 89786502
iitjssfkjf 27697800
bdncfksieo 19126080
rfbirlnrqq 19527254
juwjnosmkn 18875106
pbedimsvam 40078900
dceokacbli 22499460
rkwcfaeaez 18833772
oiwqvmhyws 47833552
yxdtabrbwj 27208548
aezrcyaxkr 22926171
bpqoeqtutw 23979081
womtxsicah 16593694
ieufqdeqkb 16585179
buyuzmfuxk 69433947
wqrhkomqcb 33533263
zzdrdqdmru 28159950
gakvyctzrq 28276991
wcvwfybnrx 19034373
wpvudikivn 27239325
bjjjiqzfgv 21126350
hqldfrvyap 32521542
axlpcxukvz 16578182
irrucvnjyp 16487446
uonhokyruv 77869458
otntatzglx 19154745
jpnxlajyka 16302886
wbifvqvefh 43065744
jvgplarubr 16271358
uglpbfeecq 16246602
zkvvphpehe 16167100
olbdftkaes 16080191
rfzzdoifah 16074732
rpmbiffacm 27505116
jtqpihiotb 17305867
ojfqumirnd 49028037
zcuzqmmqgn 55059937
jifqmkzizl 66648400
qkjqrcxfyl 48037650
zanwokvorz 28017666
claleriial 27227625
ezdrlgukxy 24949132
fylwvsrdef 24672336
wzetzdzkqf 56260230
ziiehujtlr 38093100
ljsogubowa 55078644
mihjxhxrqa 41155378
rivergnncn 28783188
ykouqrgadi 27159915
cpkvbvfvwq 23494584
kbmlisuhwb 21567240
ixqiuoviyq 20323632
nufvscgolp 19964147
xpvahkjuzo 19638320
vddmmiajun 21539840
uresmdyeix 18943200
chwakxxsqs 18244864
oomnyeprle 17503526
csnwkbilhw 16061392
htxgayjbou 16057943
uypmiatdbh 27199116
hjvtskhmap 65808654
ytlcdvwmrf 73350485
oggqtqufjm 49330372
etwtqjthry 49235570
qnuxnurkoa 20142250
zsjwywzamz 16005088
xtwfhlaqzt 62142685
uqnjeigfdu 44032630
omvvxajwoa 58952770
dgkwxoagme 19693492
oiaoniigbr 31337796
btldkuvtiw 15996977
olpmuaepmm 89491675
mmyufheezy 39182675
rhlwbimfxw 34248656
bxekrdlvhx 28547106
zzimityool 60482685
isqjtagbgw 60481693
spfuljpyia 76123072
ewgrwnpmix 35645344
lrslsggdjp 51119921
fgiaurhuzq 37055328
ctappgktyx 32855900
qanszgjgkh 32175569
dwipzcxspq 31901408
xmryqctchx 28368540
jwfporqhxj 24108036
btwgnswcid 22873258
lmooxkwvhq 21849824
urdzgzaemb 15969219
dvamicrzky 15933879
ubxdlcdtnl 15919187
lquvrikegn 16505367
ythmizblry 37192932
hfpyvknnhe 15898059
vjqizkofll 15849270
slkiaostzl 44891847
ezkglxahyx 79150254
yzndmcspsf 72740304
kvnvyvavvu 18270952
aucdmuuywx 15737058
ucxghysegx 15724800
xyfbttbbeo 15709264
iuzfgzzhoh 62486068
mqulyyscgb 54809658
dbpmtgkkpe 53554996
bprlhopboo 46923404
dzmubhwtff 45733928
uecktdkcor 45446882
wpgnirrdxy 44219225
frbqxluolr 41000414
ofqtcaeusb 33398420
bpzygvpuvp 69263446
kdmboseune 35867838
qryucxgjzx 55403964
mdgdprxtwr 29066347
owrtvkksoy 28539716
fjnhagxvdb 54461940
zsgyurvula 36042650
dexltqpavk 79173963
mpjscxzfdm 56778423
rsdmzosfxi 68932992
yfobibjsyj 27814402
mpkzzytmgc 27038904
qotsaryqyq 25848042
qrotxfavpy 36799957
lqhparivix 53082940
csvdbqigmh 76544874
wvaiheceuv 42028608
jehqtppnoo 40191172
pjsvuixktm 64551564
gfdujprggh 50336286
yotcbmvpoe 35703655
ggbuhhlxlx 27498237
bzemnltkdm 26677134
uqaftvndjq 25675770
xnhialxmaw 24136704
ovxuslmyqe 23465844
xgvowurufv 52589520
scmdwuoefc 74968300
qhkdszqqed 40137240
bhtojclhiz 22386180
rlkekvgfxu 34695838
uoefmipklv 48945741
pgwmkdtdjj 40540965
zgnuyhkkus 62198800
lraclkzlfc 32407808
ouewhtqegz 23343040
vvaifndumn 28357024
ucwkuduoim 46818650
nhzyvchvkp 23184055
zjyilrwjkt 46565493
auftdpeyea 49135262
hplqgzhbaz 26002053
jbxpacbfaa 21421606
pfcsaeobsl 20528820
cmqmibwcgn 76980288
qdhpguxogu 58125894
klcfciupqq 51544800
ebqggubirl 38192894
xnjjvlvsat 35827784
jvxdahneqk 28847504
mpjgsaulhm 23805306
fountynpuj 24074901
xdrcpntdlw 18970256
imiwwbgqyj 41377969
oifyfzemdp 70680492
umtuhsphwe 52382202
ibtnswrktc 39187555
xfvoxpzcoj 56841609
kygfaiihjb 48979512
jejnqdwctc 35808835
ywwbpeimeu 31135272
xuqqzpzlfb 61601232
klqouulonw 43176618
uwhretazbv 47333930
jnugmaxewk 24400596
xygeusoejv 24398825
xmvynhgzgt 20873736
anutmihfqa 20660762
uwbfuzskwi 20428300
xejulpcnsm 19336695
ajzmhxzxzt 39625740
gowiyzzfim 61288564
awcriilkgy 34872064
cyrulqjqpa 50387840
ypliaqltqf 91446768
ptjvebxyur 26542035
otvlwvjskc 29900372
vsrapseups 74387829
olfnbfxxep 24240720
sremscquul 21533256
vfoypmyipr 20350337
tpnsdxjclz 18831582
kyyeyhoigf 22423347
xnluusapuw 33218892
anjuqybdrk 33493804
ihlitbtkha 29477524
ertpwhugwj 31730725
lkskuuwcfp 17924445
oictlllxet 73084632
sjulwjmems 40782690
dnqgnicanu 41937845
oodqamxssa 17291350
vpjsjuydyj 45018885
jempnlvhpr 56296806
dryvfzmhdq 32612398
oruwvnnjsg 18899928
wxduydgixe 66192661
ftlgvwovcn 17281262
bqkoltqnug 17255316
wwwbcalomg 67952628
fcvpnwksgs 42019173
rnsxbddesc 41038995
omkfraumql 16979175
poyttxrjzz 88674593
nhkmndudtn 91130960
dmxjkuvelj 85704336
ceeadfdize 68092479
vlmgvqxqqm 45873274
qydqkmmink 65571106
bikuppwfow 54933660
vohmjvqouo 51624918
itprsdihub 40838840
ivpowxqijw 55133142
ihprgcmdxc 41943850
vlwredsdub 37525742
flcrlscwuq 29672976
wqxwetfoku 66476312
tkovwfsytk 30341574
yilisavvld 27272545
cuetquunuv 40000422
xafuowsyjc 39172140
csziydrkkg 50575434
qkprtovboy 50094817
ctdbpclhns 61490526
vcutdvrqtc 31325390
atvmuywszn 89612808
xsmhyhnvky 30237712
frexfsvzqd 65514516
vbfuwlelad 34482483
taqrsoqwwk 23243392
ossjawqdal 22379005
luhyrmabej 51432488
ardqrxmpbx 64694040
rwfrngofdg 22341723
wbednexvdt 21860111
sttejjbpgf 24480680
znaghwccnd 58123815
xtygvyqbiv 57697494
wncldejwvq 57228666
wmqswzjkrg 50371404
itowxeppgn 42033080
cpvnsnxnbf 30438447
tkqvsfjxds 28729410
sqrnaxhlvy 21153099
ydwpbpgqwd 20719260
fabbohcqzt 19766407
mwjfqsfaxq 34593588
hdcsckivhd 19645188
jrfgtlusar 19572290
lrloromohx 34245264
qbpiyxivya 18403425
wfsbajpkjq 65100123
mhrvtjllgm 18381968
pcjtmujnne 16806636
bskshrydfw 16461967
ertdijiulq 78109845
lzqgawzchs 16208024
blgzfszxuj 16146060
ngpelosurw 89103012
flddfpieyd 65248061
bkfcjsuacr 38104000
rwnuajysyf 37480163
pkyvkoxtry 22439760
vyrzprsbnf 19007670
nbeenproep 67495431
btcoezzxib 51318190
dgylgztxmm 16086861
dfqvfgdjsg 15797322
lblxpghmzc 43074253
ifbfnsyidy 37973286
abrspsbqan 41998032
dquazalyyb 55868800
jmtrfzgzlx 52173550
xvtlsronkb 49469472
gunwelvcaw 43036820
wvnuduofwn 32054148
cqeqbpxmmy 29520463
aazpdacktc 57135672
oddjwgykjv 39909345
jyzwqouhht 28996342
jdxytgpgsp 28410672
pzfzxoajuf 87974780
slinaztpzx 63341934
alhgboomqr 55281005
gxjeiajoeb 36721680
ygxcqhnaym 42861585
hxkxxqqvpx 29247229
toivoerjhl 28068795
ehsncqjjwi 24123342
ssqfzxwygl 25844419
jaicumqfnz 23202900
mjfkycoieb 22214724
ggmumtxbft 92117862
chixtyaesu 20938295
ddedkynogq 54160170
yjxpjfxglh 40710784
nnsscncuzt 25890096
owmudaltwj 15703420
bhmekezhws 39066537
joanzquinc 15673371
xnsozkzscj 15666150
ygrorebmyn 24209390
dzmphyptkq 15624289
ubfacoznvz 15611852
diqyewmvrq 17349003
lwisozfzbl 76579363
frvdvimbet 57232680
stkputjxxz 40948411
nssytnhvun 67758708
asivjyypux 15601044
omrfxknlry 15596106
essxozcijz 15577990
ibgtusicor 20976456
ofrnecjqbe 18758682
numgwedcai 59292479
vycenpxief 52731318
jzhtxsulxq 74520396
jujtgpeiao 24681162
rcwglltifl 42733847
uhhwuzudgt 30282480
ebcopodfgz 24613936
coqvelppag 21368673
xjxrkimauj 19839078
kfaqjuwsot 17575140
fslabqvxqw 15991696
neqlbbxlvn 53303913
ktfzypbjyy 21841261
sxknqlepzy 15575428
wljonglviy 44918000
yphjjauzeq 15574680
kcqztjopbl 31101804
vvreoanwcf 38383814
rzszwxfwtg 65931342
zihnthruqf 45229980
whirzztfaf 34569153
wpiheojcho 28312464
aybfstgext 32148090
jxppgqztfi 78284880
xspbkwqbbc 26890194
rssiigvtfn 51043098
vhujxngwoc 64783738
eeojfiwvjc 35494290
rnwqrxsqqn 25603500
pvrugrymlf 22064000
fkvyqeynnf 38000935
gnqkkafajw 34337922
uxxjfdffpn 45651190
bvgjisgpbo 45335730
yhskaanibz 25192200
kksicnqxhq 22951656
ffgeudqumc 21695205
ryqqfqjlsm 20225105
nmmstxpyul 19985217
zeyshzkejn 16427205
rtqsgtmwra 16370493
hzlecayhva 32126055
pqbwpgtuzr 33133457
zruezcdblh 15553266
knyqkapzgw 83201216
gamchxnzkt 83576139
oqvdmumxzn 34728652
bhrhqyevui 22295460
cxunynrraa 65710478
mrgpfzoamt 64389745
jwnoguivpy 18283770
ywzwrydjte 43347984
xasywowhhz 41162553
zalqxxyxvj 16783032
dfwsrihrrd 63108228
kymcbnkgrs 15531120
mbiculjrie 15526282
skyokjxdhm 15465184
nzokiaetev 15463921
fafjaaqlub 39538600
ozohkrcpzt 61302420
ldihscwjur 48692815
vlwiuxkyqh 45988674
ancpzmzinz 51878202
mhukuryzai 38066856
puzmhzvcff 37013760
wiluskyqyc 32725536
ujgwxcyush 30303492
skdcjblfce 50447610
bxtwrnhqpx 69882912
brsrlpcskn 58910522
svkjuoxclq 50163568
rbqtlzyuqw 48642608
oxcjpyxgar 47208931
ujxihpwkcq 34196735
nebsscreex 33105207
ysnbqrexfe 31772000
fmqchgtwjb 90485933
komeqzevig 29817131
baepzptldx 24233344
pqttriwibn 42989738
wbmdiosbua 20642992
ebwatkzgam 42623996
gtkunioici 33436008
bllrhwyfkh 25295292
ktkyfthjtz 23434054
mnnsnmlkmc 44808612
eldvkxnrib 35998344
etznfgwgyk 23427568
yynlxitnsd 26313290
sfqlqlzccg 29464479
gyrcantuux 61780096
ckicypfbar 35776040
rwewadllag 72420221
ibavwoqcvu 49465664
zcpgmirmmz 30983448
lmzamsavfo 27154449
kdtexcgiqf 23420635
bhvbkiswbt 20601790
zxhoizpdkq 20144036
adteeluxfs 18127580
xppgwmlcue 18290118
eofqcyjcgr 65689555
nrtyemubmg 51659052
cvfwzuebew 17468610
nxvdktfwkn 31744332
ysjjqrbxcz 21167232
agvjrtdgfm 17457120
sczgkkxyxt 17416413
psbjieqngt 32523975
jmlgujcqir 20995639
xrfvhyvtvm 26160315
wprtzearvy 19708416
mmjdwfiydp 19402290
iivszhydyc 20830404
fxwceafmjv 46424092
pklbhxhhtj 37723728
fxzpctmnfr 38481122
ofnuxyjsso 17397484
kcosvxqhdy 17357832
lfnfdtaziz 16712298
dsctohkrck 16704611
okxcbyzxqy 16691796
retnwcegxg 73005600
rdhnelgdws 63733880
oehqxnleib 16353896
caemalnzpi 53908634
rlfstrmxcd 42120946
ksxgcjgxpq 39577434
czuhuldnwl 32694536
grxocuurar 24135405
cmnpgrsdnw 20212815
gzuopledlo 20095752
uqtnykldxp 20041456
urmfyydkaf 79829624
ytouzdwdwd 58267566
wgkezrfzvv 56725362
rhdxgeacdl 35283092
vwoqbwaxhi 27931200
hcuamqjrmx 47935836
djyxweeexa 25704510
uvswfvwzqg 20810790
blcnsktdda 19373675
qyytyhdwfd 36484470
wklhsgdgst 20905240
wrcxqslvkf 18540852
mbdbvdiwuf 17663000
iulrlcgbzf 51961104
sstiyduotv 16266584
upukdcotlw 42201621
ilyncnaqud 25274304
ifsjgnpjhn 16244898
zzcixwuybb 57859800
ujukrwzztw 35987130
eztwllvnpr 37242496
xyvzgtokgn 35046003
pfkdryfbpd 34515172
xgfgbzmtcj 19588924
bchslczxbk 62244000
fligzorbrl 17502936
fustyhxzmh 35110680
ntmjdjocgm 16205888
ykhpclvfla 16104270
wxxarfhctj 69457510
bxqpxdboyr 55051016
smiuphftnu 53235338
lwtnhvbdix 51631704
ipyzytuoxd 41944680
jmioeksgtn 31198746
piynyzcjwj 68753000
btfuaicchz 61663161
aryakrabvq 45981368
pedsqsdshy 48642831
vbuyzmvxjt 30133824
dencywqvpp 28269081
wjyylnckir 74259746
lqvttdouqk 34133764
jzabyawpia 31562591
rusagsjgzp 27799330
fmscwlgqgj 27704121
biqtagzxwx 27311487
coboxpretm 49626364
zfbwndocay 61462368
pjsrwlbthn 18487368
cnctphlzev 62089000
owetosauzx 59405863
rxkilxoiux 31471280
olgujwrokx 17810246
helpwqoxyt 45587740
yhxejhiqfa 51687262
rwilqoqhpl 61034460
zboqtzlsqx 80039068
daewtljzko 45103674
pznuovzobq 42340082
asapofrlbz 37660160
fripshzbtr 29881033
wjhsfzvnmn 24575356
jnftoldfvn 36988600
pnhufgexsr 24204112
kvpaghhadw 22170416
jpjydsjqcx 79258692
qftawoueru 58717254
coshobgfoe 33893959
dlvbpdplzu 38967089
bcprmfiabn 19499000
unefbftcay 33492393
ivgpgkwqbx 53318600
etfgagvosg 16030366
wlecjothct 22342640
udbpdscfcp 21678538
nzrjfkraxx 15456072
jhhwlakmco 36799972
hotjtnonmi 19867767
sjgewbqcck 15407638
sueuadqfhs 15378629
pvwboiviwb 15364440
pgdbmekmqe 36559085
ejvtisviwn 64682688
vsgawegfbn 26393328
bcoelpuxqr 54430137
dlzhaxvlpl 31327660
csclfkkyfy 29945160
nfougeqcmf 66237952
qlxjkadpqa 39979704
mvwkqzrcvy 25546000
cdinrfqvem 23590050
hqtlyhramn 21507680
dypevbjrhw 21474576
nlekcatiah 19987188
hjnzfnzxwy 33223424
vaozajjrwp 59552445
odwncisuix 48747609
ffugefpbxx 51067820
nyetdzupvi 43690812
rqunfbkieu 23051252
ttajoetews 21847602
orethwvtbq 19387144
bhtqunabok 63449145
bzyvcvfglh 37391332
bmkyitrhte 18766215
ytsecitzkq 18155797
xqmlzixaqh 87889076
czqudrzbww 68402268
wiafzjahgl 21937542
kenujfotgp 17876820
adpizkcrqd 15860320
zdfrxinwrk 15363480
zngsxifuop 15338900
wevfhcndcm 40446710
opzzbrmauu 15287250
yjxmlltukr 15284753
qbpufbcafx 15283072
ebqeinynij 15279580
ucviqyhuxc 15262898
sbvvvrnpbs 40607082
nbnrpfoeqo 15271888
lfjbhoopkq 15261075
eosubdgkxe 40748260
bncdxwzxab 15248789
bubifldgut 15485568
mvbdmzgdhx 49575240
nhnuffxzvo 32478053
emiaeukonm 15246550
xbexadzhib 28200312
tsikyvtdgy 15195908
zbhnuxcjnl 63348196
jdngflakdw 37868994
cibcdkeuom 15184743
eavfkoshai 85800675
jdqolrwxcv 56834316
smhzwuvxcr 41556333
qipstbzdkv 39693496
phtffnugxl 38242864
tvizjijupd 37345448
njlmapdock 34863532
kvqtfnuiof 34078935
wsloiduzhn 28165700
lfablfldyw 27929078
azqbxmuumg 25763936
uizhjqcbhq 24629703
jrygllwkez 42285393
rzmunklrfg 29315048
ssuunrkvdy 68034369
kbzjmqvyyh 46088100
pknfwreahv 32511500
suacnmrcpr 44748450
pllbrkyxgt 38058200
mlgqloctdh 46286422
ccxnozsiug 38200140
idodfoxjma 32394600
wvdsaiyutw 23974544
eqswbbhnzo 35025055
dyyrjejzgt 22002092
ugcaghubry 21813673
osicwmzdgg 32471446
hbndhsveup 39001985
gxuyjiicqu 32107830
slkqaxdugt 21620102
aakwyuxxzm 19474214
irrphujfpi 18200886
mxucucvqry 17647344
zuvhjigrei 17270700
qzwajqkhez 16589440
bffijpuapv 50172472
hqucfnfbpa 15307650
sobmqdfrlp 54640320
ktsyaodrnh 42764563
pkwctzsess 46389990
xylznwupgx 32915389
pxwybaxtck 20589106
beqblyyqka 28860528
wkrfgoufdy 72611105
psavqhlmbf 56839118
qczgsnjjdr 28841022
hezqiughog 26285688
oxjuhmjkll 24238080
trklrjjtup 36198498
yzyypczipn 17416978
ztreborsna 90899460
papqtxhcuk 78919698
mqqugorckn 59401052
szopapdifr 43161465
vrcvytczsu 35498618
ieyumdlbvq 27529052
dtbpigycra 88036179
qtpvgbtyry 54441177
rsoaljkser 53114871
hivuvstdzc 45105984
nglxameexk 28101984
nnjpuqqtnn 27378242
lvvygzsgsd 17540579
qwovvmaluf 59437550
osjsfixiid 23817816
fpcxbxogzi 20858680
pxybykeqsz 44299365
pqlhbwwakj 21040863
xdqcfeknmp 45276916
gziixceqle 16866816
mabsrrnbag 16844418
vhyfcvqiue 16517376
piemyqiftg 16165226
ipydwpsmxq 15150168
qlxrdmsohu 56694429
csygustngn 44099250
dipwrapdjm 40770214
dfdufceamv 15131844
pvzgirejqe 15116850
kbddlzddix 15106322
rieajnzyif 30263750
stopeyixrt 28377335
xncnztnkzr 25315920
beipbxxgwj 30439146
qginbtaglu 39007542
rfagkwlvnq 21270516
yhwsbsztmo 58554795
mynihwberz 19874077
xizusyuwco 18332457
vozipqcizr 25487748
ywvaovlgcj 21576358
bxxspsmluc 38825132
xfseqigqlj 54951930
qknhsdexyo 38488758
ehyblexudn 81521120
xhqcedgpha 18147246
daryltppot 92020811
zyugluuoyc 64111488
xamoblfxch 34213458
mwdclvclio 17341961
bgtgwokgob 17030416
ssqwdoxfle 15083607
wjoktaxwca 67427766
qyjaqhunmc 47365774
mfnrlijtos 32417272
dkpweojulf 81280974
cepbkelaxp 73942748
xjmwyipyby 73619070
dwcehgidbv 71897892
bqwdftupgt 62184626
dnntbhgtax 61042540
hvkrlvqyph 57642720
yaokwhexkv 66181650
pfeohexuhd 57109725
fxeunhvdpd 56121063
zecfhmfuxb 49673582
djchzqgieh 37747384
jrvdnxymjl 63546645
eyhpndliue 34968162
iymojcypaw 32616672
zqwkomxvxx 58293675
cdhrrawaaz 34823670
fieydtuqof 86649120
secsmyahgg 69882771
iugdujnplj 41107344
rjistjkxtb 59954808
ojckodmyic 64077368
qijbwqnyin 31275402
caiwtovlpp 36949847
ehxrjzfkeo 30852640
cneaqogcty 29505832
wnrzhphbkb 47277660
cxgrbpihno 63488880
sjfdlbswzw 54130490
rcdqbwhpzy 54682639
vivimrlkoy 34505452
pnmxjydywq 29138968
ztyenatapi 29001148
atarjqbkma 52977205
hsipopzgex 47936735
lqpkdxtkio 27255360
rzwounpnlg 26972736
pudluchbnh 26487708
winfjtulrg 63834704
vihlnwxsbw 73101544
mcqowtwwmc 42283696
etgqrnoero 91538636
mmwyxtwuei 33154960
frkvkufzuh 36839985
amllarsmon 62690499
ptsldibgdp 62134800
vymvmarvbo 59256040
vwiynwbnah 36396900
qablsddfyz 29903853
xqolbfdsnu 78329538
afysmjmgqj 47276022
avcmdnfurm 31740999
kfraacobhb 27433406
ufygtogshq 25414200
bflealnnri 24315375
sjsnfeoxpt 23836665
arjngaknop 22691447
oxsufhowhj 45144076
qxbdozxzwp 22347952
ygtfatsjaz 93624552
kkuhtdlfku 21021582
wusfrpdoav 74562700
pllronmxqt 59625250
eqvpdybffx 45062451
pjondatnru 20989375
deghhucroa 20403936
bgoaatabjv 64347060
tpvkhfryqe 41954299
ntxdyoiisj 38914590
hgyuizlpws 20226122
mvygkofnmn 19933468
tqkwerjmvm 74768300
pdluuraovo 26445330
zeetxlegmp 51961092
qwlfnvmncr 39450080
moochwqkah 19768644
ablvtjzqpp 19598334
vvhcntdguf 19359153
xtiasrcaau 19115256
yxjmsahhzc 18810924
twoffrgbwr 18755350
xtjjvvvdvg 18609610
xuzqwxnztc 18584712
ekyaxnrkmt 78766317
catpynzbfk 25072560
norzqzfixv 58721313
rzzvkxzydy 76645283
westsikrft 33515334
vldjirkcct 33456846
kfcsoirnhh 27430656
othfelcmwx 24005722
rkbhconeud 20055850
hfwdrzyjts 18305430
phiuatbpox 42742095
nqqvwoycht 28339410
aemdcxprol 22258892
qygcimdsoz 24991660
xvuwkwbmzz 18193344
yopsaxupvm 38572677
qggqfisryu 17701076
pqletonpsh 17624074
ztqubrclop 17499188
fimyhoxaag 17440456
zgmoaxnfjg 17273476
vabrkdwgms 17262102
dogevgoetq 17255112
nwoowzjfnj 63145695
dzrmptlgpb 57080522
zweuqzdpsz 17217415
iocirqkpwx 17111622
rggwqvetrw 20804140
iboigqcdjg 16933818
lyjyjlrfpc 16457124
eyoblpcrqp 17952116
yydgnhelff 49071044
ukpttxdzfn 35752160
tcrlnpzcrb 27323538
qrfxurhokv 16405816
ndgyaxslad 15293000
tkujgirxkn 15078856
ydxgbzrvdd 79659654
tiijlyjfqs 79365920
apxsjuudze 24697824
tmzdvifami 19594432
shqkpajgmb 25410875
kimpledrqx 15063926
gkcdlrorhx 15054912
qxnxflvihc 30581265
lzhydxcoxx 20275968
vriqsjokuw 17439550
bdiynizbhs 16207048
ounhqsxgnp 14988240
wpkmkmrdbz 14985432
uihpqlsnfs 28289558
frpiwrguam 27895213
xrnxsvmqtk 42072195
djgfntvygc 18199808
otpwbwxncz 47931520
rfejjatfxy 41857209
lkplvtwjuc 48000350
svkyedlghq 36856272
evrwiqiakn 26253612
yitmkvbpat 19267885
xwcnulfayw 65055826
qghrfosrkr 14978438
rnvclrmhnj 46400363
xkdaiqiopf 37999420
spotdsvulc 44805186
vbvauxzzdw 45457880
qynqtoiuuu 17102605
sznrvfggaz 14939606
xehznucoag 30268394
gstejmthmk 28953792
mtdfjbjlyg 20604842
hmiwoqawhd 20998845
lrlzzcempn 38622900
wcpoyzxzmi 27976239
ppnxfdrisv 14908968
rvcqcdnbpd 55765542
mmxesgneuj 14888836
kqxhacfrnt 58319667
zcrnwvxdiw 27009117
hxcwspkxer 46633244
dyysktvfmy 46539724
swktkubobn 75109575
hitiqbbetf 43526925
mycbcfkmpx 41285784
mxszvsloai 37393320
bytkaqfidy 42807992
wfmtihrmnz 34188448
qlikayecuo 25699716
abymisqzaa 25533606
qzrbxjgyhs 24565513
cohbqhovxt 18767560
nffgovdscw 28829910
vxwbsfsjwo 26466441
wbyqovhrsu 18066720
zefbwvdtde 14869218
fmgtmuivus 29198260
gtacnyfvuz 18758124
vvkvwljayl 42960365
qccwfmwutw 42956868
pqcagbtxwv 45654308
hmownvvyeq 40823222
dbftmbrhdv 38349778
hijghzakjz 37088424
qcdjcaxuny 36114229
edbbrdttvu 30657504
rbxqcvwsab 65041920
iukzzkyfjx 28961298
qvfuhawqlh 35397824
lsmnktfavu 26774286
auyuoziyho 25418016
soxztalfie 83103720
hqwkbtlvms 44945378
atqmjjvrzk 42753384
aevyjjtkzu 25215461
uhgxjbpxca 39207762
tztjlyrnkm 37361184
tntguojriq 53028820
nflsvvxtro 79203000
jycicruvyk 44034060
feveyddqkj 35353155
ptwvgtqarq 34243520
tjpjebqxcp 24270680
kkdfnexrci 63556834
mgjwuagncp 56768256
htbewkpfoz 19273152
cnyhyuefmq 57720114
jqtocvtloc 49761155
ikhmkinrdj 37802614
aaeisdvofl 32230919
etovnkyyph 42467299
itodhmctvf 52950886
xnqoqjpwal 21606816
qinoczrpxq 35601119
edyfpmvliw 20761683
dihhzfxfbh 18812900
ncukfmwtzz 17875200
lgzlphmxkb 16939080
vtumoqeahr 46282804
yjftrdpwwf 44850828
amqvhheqtd 27211488
iswjjvfhdp 16515824
ukttcbyysu 62867946
lgrqlesnpp 54668106
lbkmhzgtpf 31517694
mutbnxuxjl 67405527
ltqjryiwfo 26204748
gpknofehvn 16241580
xrawxreneq 15572130
vroeinfnht 15128360
kywrzsxbtc 31489920
wldarhibmo 14855508
aezmznysja 61360800
vxobsvipux 37995057
ueussasqyx 14850069
rixjtdadsm 14845080
elbxetbtef 14827533
umdwjjfcng 32308270
sdcstqzwar 14825700
oldgpmqpeq 14818410
sbumqprmuw 14815520
qlegvfvfos 63596648
jvoehtzfso 39777960
hdhnrgrrzq 23745294
vrygtzrtxj 53896050
gbvpkngeij 46304934
bkfxxufrfy 33882450
fdesdncxoq 43963848
hwhiobnvpe 22301552
dvhwwuwwck 16171779
eqaalukake 14814336
tblqdbeyuy 16845645
hotbyajros 47218840
azreshttzi 44689389
athpueleoy 65128212
ybmfuriela 28906008
manshwsxzc 14771750
oaoretgrot 64497240
egbjogbozw 38922650
isydphqhon 36089664
thikanirwn 35926400
qyadisgnnh 52020144
esglbaredl 22668596
kdngicxggs 14763323
jualqsolnu 16081932
uhebcmyffi 95803095
clqbnxcrld 22861520
fucngsqpes 14757600
wlduawkkjm 14731377
rdnyofleun 19610962
ehscogokpf 72255312
wolkkswjqw 51852000
ljsabshljg 14717775
ybsodinxyp 51168194
tfbpscysxl 56672026
zufkhyfnhq 33034928
ldjacrioxh 26051616
nmtpldfofq 20564754
hbupagqmit 23497170
zmzbzitrbn 20314400
gsqezbqabo 18083260
dinvemqtzt 70694364
inhmrfvdaz 35672810
zzkmvkhjbe 36206379
xshyyqstrw 29375696
skztzmjlmx 25527502
geugrqvbgu 23682944
ofbwyjjbfb 20716640
fwfwiremdl 47806698
asymgsxtxe 36289792
dcqdlnmhel 44493592
sezrbjmiem 23258959
icrtpcxthu 21309561
fyidfjllfi 19828833
sygtsumzdf 19516068
juohtefgpl 18238380
tgjrlsoakx 15561120
pxwighfeca 35741380
zdvzavcxoj 19456290
cstncahitz 28198005
ruflzjjxvl 80250370
pqqubpivcw 44796642
mtqbvyzdjj 51533398
pewrklyhzj 37509185
iekrgpduiw 35059530
syotoyhfqd 30922490
wmabbpicuk 57425550
ehystjkpsv 29448132
qzzcmqnrls 29344657
rtyxfvtutp 26122564
sbghsinmfs 24961024
zhfzxkbvob 23396937
zenjtqrkag 21329000
kantsfctzr 19238058
diafpmdkop 16291392
ilrpamxhzk 15372084
uunvsopzeq 14858736
tbephjcvov 56262976
slceuiwanh 20777572
vitlitcvjh 14711130
ywlvajzdsv 14970444
jkrjuxakaa 31334430
boepojpsfo 21716065
fwupplahhr 50061121
ugrjkdjvod 14706070
kwjdatpbic 14681300
mrpcwsqibj 61386705
jzsdoatfoe 14677177
mtzceabtfg 36925644
mhutihnahd 14665838
nmretejqkf 22986143
vpdvwlliyj 14657760
umppgdpgfr 59774224
gaxgdlccag 45090339
mbykshprxm 43128800
msaaduicrt 36101440
tzqacbrbmt 79468200
jquejnxcot 27042309
gvsmjkubwu 14652470
ddsfbuouub 14652368
knoxrkkkkw 14646508
kwkqxmsplp 14640020
ijuylngspi 14614798
icbsafxzde 14586160
sfleplsaox 14582832
kztohussar 31815576
afgzbruhmk 66177538
ysuhplpdjt 54770620
uwxksihyts 51445040
ihcqskejlc 31365258
ehiszeetro 38223888
aztmczdrrd 38017243
lpbpigkpbk 28303688
hlguapybqm 27707013
eeuncujeef 26238244
snymmvigeg 25622080
mevhuqhvgk 22632324
ufzvgeayro 34477520
ukaujjtrlu 14570220
rqvdrbvfch 14562854
mhdvylcddq 38818640
sesabrrmlc 34923105
huutlyltsj 32172950
vgidnngykm 14553166
fubljbqmnv 81093938
khfrvsvvvq 74198124
rjemekgivv 43325304
irzwlgirtp 70702983
uakyhnsohi 40295541
yszoduljul 63959199
xsdltcfrik 38213919
iqmijnkube 17690376
aicmyylqji 21393400
rlobaezelv 41323584
rtidyhvyoh 27771270
lcmhmsdwyf 16784568
axulcxrwvv 16362408
cimxzwvctl 16050250
apdwuwdfln 61095948
jceeuvarnt 14508650
qnbsfaigcf 44556037
ksynatyzrq 54414699
rarfqgxfns 43547812
xajjkjotxb 39492024
xawnyujkxe 41512188
rtlzbzbrhv 33835402
xliibrviwt 17232480
agpybtpcyw 16573528
shalvnaufd 14498082
mucdfipvpc 89942314
fbnuesfedw 14490480
xhbsrpzjmu 14481705
gsuyjpyssj 14460376
iulkvboswf 38482512
yohrihwvoa 41308506
vexzvqivhh 31944428
mdqlbpbrbh 71769512
vhjnghzlbx 32993280
ygkwthfann 56878680
natkvtwrre 55916250
ksgosppnii 55735680
ehvxxpydez 31973370
uhqaswzgsc 34052256
fiwjsnqzal 32124215
txeudxkqet 29738436
lqnoglhtsb 24198981
tnyqsbpwhv 22177680
gnxbtmklmu 55334292
bppyolvjch 33871072
azwqangapl 30506230
ttcbbbzedd 43359352
jntungjxia 24287310
iqeigsqehf 50477859
eseorrjjmr 48636480
jeblhkpmpa 46747452
axjjlslwmr 82670368
gptludckhw 68700345
orisssqrlc 42872198
yexbwqngkq 21049984
ywhriojdyn 20426480
psluxvumir 22403392
lkmkmaqdxg 75626360
jrpgzbsabx 67071676
nmyyxiskxq 88568158
xitcbxxzjq 65783680
pkqcgweohb 70035225
ivcmhzcksc 60605475
jvfjqypyqx 26010072
polseflvgz 24149679
oppzlvuwdr 25892076
xqibtxhneh 57598446
srnttpdmfp 25056436
dlfnbvmfeq 32732637
vnmxwnzcrq 22972560
pfaimpjqlf 40899168
bpqcmxsswp 35109776
uallaluinz 25058836
utkjwhanwr 27139152
ndkjiqdsca 22283976
vlbqsirnmo 59464040
pvgekxhayq 29927296
bazkwxfhwn 30777712
wnkjlnkvgv 25998804
amochkwevk 23498364
oxqvikmbmn 78181830
dzbyhxbcnj 22020768
zitwcqmxkf 42496255
auismhjmly 21999684
hmyhmbtckk 45790660
rvlvmysfjg 21471621
tysfhwsujb 66574272
hrksjbfhos 20461021
xgccshlocl 19910591
ygocaitdij 19783134
urwdcjhkpm 19449486
zaefxcdosn 24306256
mzqqgpvalh 19291308
mkybjciudt 67933566
drxoehsppw 66394521
fgbjayjvoo 24233350
khbjsfayte 43950864
obczziparh 37321830
lopmqyhmbx 31119574
ejbxscvcds 78057688
ptwcedfqxv 44024901
sdakfvpqzb 28659962
rxoohloykw 64943310
ljdjnsaogq 32578336
udtairicxm 30858622
bgunkltgpd 33281655
gmkbhsyfha 27847478
ewhwcsxqsx 47990976
zsbaqjcckj 25270788
gfuwzgtbqq 23577372
oosiivexft 22103676
opffyqjpyv 20642160
cgmchdrnsz 20430918
walsrtfyry 47094908
uqjqezbbhi 49353040
ekiatdueok 24568986
ijypywktim 20850610
zmkoddyskm 19673290
sxktefuhwk 19156400
cwsnkqipjy 18704778
vvbukpmnys 54420072
vfscgzofig 32427249
rbhoyyzfla 31532424
ccmqwmiwrd 82320576
zvmzmcidgd 45387771
hwvnzpbuzv 18664557
oioigoyupj 18577719
ctkilrlzxj 18154679
vpauifwscx 17488819
ehxejyraek 24500944
dldcjrmbgx 17147880
fdeuzhrswy 17057256
fkfujpzoyp 17040720
dkiiglkoyo 16978917
swsbtmgxrw 16893357
ssukhtpucu 69921900
aeapoqwrqb 50382972
blxacjjgyt 37125114
ubuqaflpmi 28339614
mlnqupsdgr 16440452
cfwwonautd 16817460
yveodlwoil 42496452
tocnhvfakq 70490000
ckydykjmvz 78165088
ncodprenta 59397274
ezigvrmbdu 49807992
sfcozslloy 70184116
tonyfhaexz 26806728
vfdprkvvky 24823974
gtlkhohluz 19372532
lsnunajvqr 16360443
zsctpildcd 88961500
afoeeadpdj 35104167
qyvsddmiyq 16130378
dpdwjwnczh 44865536
hjmifngoip 20321210
iimyzfabrj 53948174
lvubgfitdk 48126280
mxadjysvqu 74748080
vszxnjzjeq 42988936
dwopbvfcqx 33014052
envdlifwzt 31379268
yrymiaqqdy 77397110
xhmxrigiws 23804607
tygedtrffn 79467650
sbbvgtcavw 23282532
tzenwqlhnq 22442365
bcrwlqdbzt 19910656
xjplaminzb 19645498
jywauofcqs 43136366
imimvoynyc 33757620
nyatxvupum 19546700
dxttjvddyc 53668752
ddasodarxu 45658500
omsmaawvyp 28364211
bzzofuyfls 20133204
ndyqhxbgzy 18969417
rtyzpskmys 18064332
obhdstlvpq 17778376
aaaelchhaq 32186456
yraplbclzg 17663400
etxnkscfgl 15943752
esxxyhviyv 55902672
sjtqfchuaq 15866341
etxsxxcpfx 92333040
vfinmjjivj 59514612
hngqseuavb 51223968
okfijdmghn 77812728
rombwodnmu 48371052
dbfakrxsyr 40357548
ghzqwnzvno 24355956
jbvrxhmqrk 60803160
mqupcdnxtc 57903048
jqrglvyxto 44365875
izflrcsroj 57951790
fnosyaehwn 31515309
ezhictonsp 41608794
sfdhiiqfxw 39766960
uigvdjsksj 31320500
gagoxwlpwu 28015392
dbpyhqxxzl 62685072
wnojeoqtzt 41491512
juffxywkqb 38871656
njzqzbgxjm 30418890
nwfblghvzh 73579919
cfoqrybmpx 47623520
eqwnozvqkb 22310884
weduzzvbcu 21046716
cwhaqjnosf 20899168
nwlyrchmni 20382876
ldblskmuze 20268144
pbazkpjjkd 24908400
gjbyoaejty 19848180
dpyleyvpdw 83060756
wpbendpshj 22860564
ggulpdwzkh 54574838
ojkkzyzgcw 47104218
fdtltsvhyk 37985292
bpalbzjxln 36260183
yyxktkptns 66375474
bnizunerhz 29747844
llgmjatnyk 21925684
lmoyajlcqm 20384832
lmszdqciol 25500698
umqqpecuwr 19669000
cegvznrawm 30071496
brnbuuvcyg 28993206
apcxebrsag 74076480
crysreszsw 26106422
wmccffqfae 57505701
mrhfurfsrg 44435287
zfahegqxtn 24349815
nwggqjpzpn 57211800
mzttetntsn 37656221
hdorwnswqq 23474520
lfpeyfibia 19122429
quzasnaffp 19786416
rerqfsiatx 46173232
thimgregyi 39500388
blzsqyfcxn 67671450
ehwedfvvje 31893245
qtylckdexw 39246322
ofjevgxpib 30529098
sgbmvoxpqb 33778732
lwbzmfthjv 49264857
rajnqxbkuo 30451355
xjbmnwrpnu 26254270
sqezilfgnu 24290525
lnhepjyhut 64899932
oqyqofdqhx 23104497
luleoupbnj 75777914
irqaaejjeo 46580025
xalbasejnd 60944488
wpwfogrlyq 26829901
xajursxqqk 22934703
aglypwopvc 22250736
eqduxylvgm 46876960
qophbsblji 44290055
ydyllpxtma 21727428
avqetjkjtl 20980048
utkskebuhf 69879384
bzwyvgszeo 48604673
zwtaijtuog 21097026
yygxuaxcay 20169747
hcrtzrhido 77280215
lrxgqvorpu 28570433
vocdhebkgv 86005220
ltometfxnc 24774525
bqmivsmukl 24602198
dcwqikngcu 29040522
vlkqxsyylk 19531248
nfgpcwqsov 56344480
ljhajwvoop 54172521
bnjzakqcrn 38403304
oqhqqyouor 23587944
drponhyvqz 18726622
zouuqsxcpj 18448298
amcoehiouz 35454281
todcgfgijn 34528300
arvffzlvsb 40669525
qhsoyhmjuh 18302480
mzhabodygq 53003780
elzvgkxcbc 41416784
igivfhahhu 56853152
xdyzuhgpqe 34011900
zbjrafmpnp 31150112
gandanbcfp 26564853
jkmrcrnext 18301486
ipzttpvoqp 60704660
mfsxaqgaar 30229590
txtgqhlugg 19745154
rnrzwwpdli 17761200
mejlfpvzte 17488303
uikwswxlil 17061540
leasgxytwj 86613560
skbbhrukfx 68273054
vzehsjhami 59823080
odkpcinvns 48136625
zszwlzpjsv 91864344
ouyjcywgqa 43076880
chwmsgqmhn 30346377
dlwyydmxha 20483212
bnehmckgog 22972749
sxpicktobt 47456250
koqflftlge 41280932
yrizndajmp 17289360
kjiiszsfch 17058274
rrqjlvptgu 16789798
xazbojvyzr 40270689
bcrqtdwvwb 32581847
mlhtfnpjef 79133976
hxxrbkmgrh 31287720
psnkmfbnjk 58034229
wzihceacif 80620521
fvkjdcammc 60720374
oyflnoyhol 26777752
uheqketqtk 26676305
ogvtqtoubk 26641966
ysgfuhoxxi 25312122
xxgqsaubzj 25257576
dzwkmbonqk 21142740
lhwktgklwp 19381530
cirlbmryyg 47394360
vxlhyjgwyf 16494884
sufzcmiaiw 16429700
fgnotgjjgv 81853200
qaaunvczsq 29542018
npddjskhrb 40066516
jrabxgmpoz 29076827
zioqywbxvu 42277185
dxdwkqzcmv 48208558
bzydkfleab 39048480
siyupqepql 35928760
yatqxbchvv 23268010
sxxjqgtiek 22025523
jyxkvbisus 57258702
gqiqkgbecd 51224991
jexychvibk 36045191
cyzpiovbyj 24769768
hoixvowdid 66261957
oiozrrifwc 65047968
ysnsphabpo 23775584
igliwntuey 29258420
cgogtxnppd 70794612
pmpvpmajsz 60195570
kfmdyqsmho 44731427
gnisdcpqky 87154092
fbzoqpkhmp 21610506
qaqbdpzdgh 19467950
eplqwdimpl 36314805
uqururjwhf 19461230
jekzjzuhar 44860964
wtzkypfwjo 24785179
wcqxeqwhrt 22937245
cytdhpaztu 30393914
ymgfbgepcd 71539848
lgtrdarkth 40210658
bjlxhmtobx 22797420
pttffffcck 79947701
qkdoumpian 58001496
flmhpxlirm 53116336
cyndzkhmjp 44872898
mulnzhtavn 40216590
tckbknhsmy 72608837
zjoauezofc 31071282
livvyaqinc 25249524
bseepclhfo 38474940
ctbhjsqzln 22091324
tztoqwnztf 18996276
lrsczdpelw 49629834
eqkuryccns 47057275
rvycetqliy 73153201
lmoehcjchm 56420784
lptvjcpzdg 54166464
keeilxefad 48628800
esxncestkm 76738590
fscxfwxstt 46313982
tahmlwjolo 32153733
tirfcorswz 30911999
njmpjtzgvv 34116488
gxsnltkhwk 62000960
siiqlvquzk 37572084
qslffdiwfv 33247370
sfuawszqqe 26215719
qjhtbbwsya 25793748
dplhuranff 87925462
klzkfaypsd 60678267
tvetarahwr 53585778
nqrhawhaju 51696456
xzpvuosytz 47496438
mcbysixvhs 39650302
syyordtado 36510782
olvdqyfkan 23557648
ygrojlrogw 22462578
detjhwlitv 18681981
lbmsytjoex 26693664
iqagnmvyof 18066048
bblbhntlbt 18030441
xaaarqljmz 40536386
onkfdmixbu 25082640
wqmqvxlxdi 19052614
hztxnmiyty 18030145
iqrmrkqtri 17207004
kasdqnvmou 92245608
rhbkczmqnn 49454056
pmsqejnizz 36007235
tifgtgvoyt 52347059
qdkqagfxak 27618986
nvpsvvgnlz 20262767
nuujnplxpz 20231094
oppmlbmvgt 27454830
twcsqnjunj 59635017
kndnphjexj 35311116
ealktixalf 34474935
pszxmcotzk 27834170
koflbguttw 27467616
ryvleqptuu 17868900
aiknsunrej 29970725
dbwpxfkdqa 69855552
gphemupmcg 47551086
hdrzsyxyhw 37573668
dtfmyegipn 35772840
pcewpuofbw 21144256
dvkqvfzpua 18901649
ayrjbbwads 17122224
ahosxgnlps 43116264
kqgrxeynws 17099986
vvaqurocxw 16845026
badfvgaiyn 16386210
iygbbahiih 16335326
luaqnoyusg 51897759
ccizhuoxsw 37842477
inwfjrhkws 56693576
zypyqgvwql 55002246
xztlpjbapc 38563485
bguqmxxolp 24438180
zozkdlornj 19219200
aewdwkqbwr 17167410
lieypucuup 63654140
zukfjpugwg 20093346
qwfpkwhsds 18991680
pzrvjhvhtp 63734935
cypsfocrwb 48895235
grnlckszud 39570755
bguraadeai 70504811
cyqtdxjcyu 30558876
osvxlvyqsr 23859354
uoxbbqyoyx 19344508
bqrsiovbvp 16804059
ewmgplawfb 16307454
miibbepfqz 15966791
uenwmsqqum 15925987
blibayotlm 15855120
rzikqlgpuz 25754407
fhkbsrafql 21366936
tefohlwxkt 59346000
yeamrvvujd 41841279
tuiczbcujo 34942404
rluythukdq 34365500
aousfavgdi 46031748
vjmevtxsnl 55987620
tazmrzmwsj 37646517
qqzztuncms 28380114
anhrivnbjb 24269255
iqbhftfpbf 45995234
uriebmbiuh 22996710
rerctlkmnq 21531631
xfpmvxsfjm 91516920
idnbadxczf 59458149
zlakblatrq 42335250
wnzbjogzfd 34856849
qmrqlqhurh 34356784
twjzkyzgvs 31076500
zhmahtqhpr 29656002
lwdvfsdvlt 37504192
euscbaygoz 29325460
misootuoij 19956384
ylkcesruna 19491741
useqzkjlcc 44167560
fjnhpzyqfo 44102256
ggptngyqsf 38889500
mibogylnyh 22658328
vdbktngzlh 19436370
bmhnkcmxtr 18748065
argizfuyjp 18146106
gcsticlnjt 18122013
zjcyuhcexp 17750367
frnoamxclu 17090115
lmpxzpstkf 25374428
ghbwdpenfs 47505224
bhosuieewn 31701525
ogphzhixcf 23693505
ifdtjwihsz 65147172
ctgepidqke 41232280
wmmnwfbuwk 19779700
pimbxobvwi 73223059
kotnslmkcp 49367040
ksjhaheyig 44534930
yykwiojqbq 18908414
aqyopjuxed 16847840
qmhwentual 16181165
ffuywxbedi 71049440
zaltzjhnfv 53551968
ijxmotfztc 46046424
jxqqlwluqf 20985156
qnjqhfigvi 28135044
gsrqnjwjtf 20520540
rnjnfoixkq 16466925
upkfkahssu 62896164
jdzceevqiq 15682100
gwmrohjzxg 15647034
bsmrzyyywq 58749867
zidayvmxdq 37384235
sdpswlwtso 15585804
yqikydqijl 64303152
qbkhwrwerd 15483180
mltlyfggdl 15482635
chxbzgdmgp 15464308
vukjxtmjvg 15431678
ioxlvpngkr 87915672
xwyeaqauej 44738730
fdsttgyadn 19746240
gvblbfopju 15355197
jqsvaerhhk 65750938
fvubqdftsf 53819286
auqopcjkrb 26483625
yitlkrjwll 15854712
jtxryffpcn 15347095
uuddfflezz 15295750
tyfbilzqbj 44091968
oibssrpakl 47405660
motdwltyix 60080130
uvmjqsbfsm 46414330
gwvxdzfflp 48444623
zxbhspbyjy 43585830
dcmqozbris 41057874
oqaetzxcko 36066765
bcgtyuanlz 32449560
onqkkmovxo 25513850
yxgddjtbxf 20899155
